<html>
<head>
<title>TestNG:  AuthPageValidation</title>
<link href="../testng.css" rel="stylesheet" type="text/css" />
<link href="../my-testng.css" rel="stylesheet" type="text/css" />

<style type="text/css">
.log { display: none;} 
.stack-trace { display: none;} 
</style>
<script type="text/javascript">
<!--
function flip(e) {
  current = e.style.display;
  if (current == 'block') {
    e.style.display = 'none';
    return 0;
  }
  else {
    e.style.display = 'block';
    return 1;
  }
}

function toggleBox(szDivId, elem, msg1, msg2)
{
  var res = -1;  if (document.getElementById) {
    res = flip(document.getElementById(szDivId));
  }
  else if (document.all) {
    // this is the way old msie versions work
    res = flip(document.all[szDivId]);
  }
  if(elem) {
    if(res == 0) elem.innerHTML = msg1; else elem.innerHTML = msg2;
  }

}

function toggleAllBoxes() {
  if (document.getElementsByTagName) {
    d = document.getElementsByTagName('div');
    for (i = 0; i < d.length; i++) {
      if (d[i].className == 'log') {
        flip(d[i]);
      }
    }
  }
}

// -->
</script>

</head>
<body>
<h2 align='center'>AuthPageValidation</h2><table border='1' align="center">
<tr>
<td>Tests passed/Failed/Skipped:</td><td>0/1/10</td>
</tr><tr>
<td>Started on:</td><td>Sun Jun 24 15:36:30 CDT 2018</td>
</tr>
<tr><td>Total time:</td><td>45 seconds (45959 ms)</td>
</tr><tr>
<td>Included groups:</td><td></td>
</tr><tr>
<td>Excluded groups:</td><td></td>
</tr>
</table><p/>
<small><i>(Hover the method name to see the test class name)</i></small><p/>
<table width='100%' border='1' class='invocation-failed'>
<tr><td colspan='4' align='center'><b>FAILED CONFIGURATIONS</b></td></tr>
<tr><td><b>Test method</b></td>
<td width="30%"><b>Exception</b></td>
<td width="10%"><b>Time (seconds)</b></td>
<td><b>Instance</b></td>
</tr>
<tr>
<td title='com.test.automation.uiAutomation.AuthPageValidation.accountCreateionValidation.afterMethod()'><b>afterMethod</b><br>Test class: com.test.automation.uiAutomation.AuthPageValidation.accountCreateionValidation<br>Parameters: [TestResult name=successfullAccountCreationValidation status=FAILURE method=accountCreateionValidation.successfullAccountCreationValidation(java.lang.String, java.lang.String, java.lang.String, java.lang.String, java.lang.String, java.lang.String, java.lang.String, java.lang.String, java.lang.String, java.lang.String, java.lang.String, java.lang.String, java.lang.String, java.lang.String, java.lang.String, java.lang.String)[pri:0, instance:com.test.automation.uiAutomation.AuthPageValidation.accountCreateionValidation@27ae2fd0] output={null}]</td>
<td><div><pre>org.openqa.selenium.NoSuchWindowException: no such window: target window already closed
from unknown error: web view not found
  (Session info: chrome=67.0.3396.87)
  (Driver info: chromedriver=2.39.562713 (dd642283e958a93ebf6891600db055f1f1b4f3b2),platform=Mac OS X 10.13.4 x86_64) (WARNING: The server did not provide any stacktrace information)
Command duration or timeout: 0 milliseconds
Build info: version: &apos;3.12.0&apos;, revision: &apos;7c6e0b3&apos;, time: &apos;2018-05-08T14:04:26.12Z&apos;
System info: host: &apos;Saurabhs-MacBook-Pro.local&apos;, ip: &apos;fd5f:fd73:3d08:0:d992:157e:c4e5:974c&apos;, os.name: &apos;Mac OS X&apos;, os.arch: &apos;x86_64&apos;, os.version: &apos;10.13.4&apos;, java.version: &apos;1.8.0_65&apos;
Driver info: org.openqa.selenium.chrome.ChromeDriver
Capabilities {acceptInsecureCerts: false, acceptSslCerts: false, applicationCacheEnabled: false, browserConnectionEnabled: false, browserName: chrome, chrome: {chromedriverVersion: 2.39.562713 (dd642283e958a9..., userDataDir: /var/folders/4b/k0kz1pqs2b1...}, cssSelectorsEnabled: true, databaseEnabled: false, handlesAlerts: true, hasTouchScreen: false, javascriptEnabled: true, locationContextEnabled: true, mobileEmulationEnabled: false, nativeEvents: true, networkConnectionEnabled: false, pageLoadStrategy: normal, platform: MAC, platformName: MAC, rotatable: false, setWindowRect: true, takesHeapSnapshot: true, takesScreenshot: true, unexpectedAlertBehaviour: , unhandledPromptBehavior: , version: 67.0.3396.87, webStorageEnabled: true}
Session ID: 9073791836c3579ac71f8209ce895c46
	at org.openqa.selenium.remote.ErrorHandler.createThrowable(ErrorHandler.java:214)
	at org.openqa.selenium.remote.ErrorHandler.throwIfResponseFailed(ErrorHandler.java:166)
	at org.openqa.selenium.remote.http.JsonHttpResponseCodec.reconstructValue(JsonHttpResponseCodec.java:40)
	at org.openqa.selenium.remote.http.AbstractHttpResponseCodec.decode(AbstractHttpResponseCodec.java:80)
	at org.openqa.selenium.remote.http.AbstractHttpResponseCodec.decode(AbstractHttpResponseCodec.java:44)
	at org.openqa.selenium.remote.HttpCommandExecutor.execute(HttpCommandExecutor.java:158)
	at org.openqa.selenium.remote.service.DriverCommandExecutor.execute(DriverCommandExecutor.java:83)
	at org.openqa.selenium.remote.RemoteWebDriver.execute(RemoteWebDriver.java:543)
	at org.openqa.selenium.remote.RemoteWebDriver.execute(RemoteWebDriver.java:600)
	at org.openqa.selenium.remote.RemoteWebDriver.getScreenshotAs(RemoteWebDriver.java:289)
	at com.test.automation.uiAutomation.testBase.TestBase.captureScreen(TestBase.java:220)
	at com.test.automation.uiAutomation.testBase.TestBase.getResult(TestBase.java:248)
	at com.test.automation.uiAutomation.testBase.TestBase.afterMethod(TestBase.java:256)
	at java.util.concurrent.FutureTask.run(FutureTask.java:266)
	at java.util.concurrent.ThreadPoolExecutor.runWorker(ThreadPoolExecutor.java:1142)
	at java.util.concurrent.ThreadPoolExecutor$Worker.run(ThreadPoolExecutor.java:617)
	at java.lang.Thread.run(Thread.java:745)
... Removed 22 stack frames</pre></div><a href='#' onClick='toggleBox("stack-trace385482200", this, "Click to show all stack frames", "Click to hide stack frames")'>Click to show all stack frames</a>
<div class='stack-trace' id='stack-trace385482200'><pre>org.openqa.selenium.NoSuchWindowException: no such window: target window already closed
from unknown error: web view not found
  (Session info: chrome=67.0.3396.87)
  (Driver info: chromedriver=2.39.562713 (dd642283e958a93ebf6891600db055f1f1b4f3b2),platform=Mac OS X 10.13.4 x86_64) (WARNING: The server did not provide any stacktrace information)
Command duration or timeout: 0 milliseconds
Build info: version: &apos;3.12.0&apos;, revision: &apos;7c6e0b3&apos;, time: &apos;2018-05-08T14:04:26.12Z&apos;
System info: host: &apos;Saurabhs-MacBook-Pro.local&apos;, ip: &apos;fd5f:fd73:3d08:0:d992:157e:c4e5:974c&apos;, os.name: &apos;Mac OS X&apos;, os.arch: &apos;x86_64&apos;, os.version: &apos;10.13.4&apos;, java.version: &apos;1.8.0_65&apos;
Driver info: org.openqa.selenium.chrome.ChromeDriver
Capabilities {acceptInsecureCerts: false, acceptSslCerts: false, applicationCacheEnabled: false, browserConnectionEnabled: false, browserName: chrome, chrome: {chromedriverVersion: 2.39.562713 (dd642283e958a9..., userDataDir: /var/folders/4b/k0kz1pqs2b1...}, cssSelectorsEnabled: true, databaseEnabled: false, handlesAlerts: true, hasTouchScreen: false, javascriptEnabled: true, locationContextEnabled: true, mobileEmulationEnabled: false, nativeEvents: true, networkConnectionEnabled: false, pageLoadStrategy: normal, platform: MAC, platformName: MAC, rotatable: false, setWindowRect: true, takesHeapSnapshot: true, takesScreenshot: true, unexpectedAlertBehaviour: , unhandledPromptBehavior: , version: 67.0.3396.87, webStorageEnabled: true}
Session ID: 9073791836c3579ac71f8209ce895c46
	at sun.reflect.NativeConstructorAccessorImpl.newInstance0(Native Method)
	at sun.reflect.NativeConstructorAccessorImpl.newInstance(NativeConstructorAccessorImpl.java:62)
	at sun.reflect.DelegatingConstructorAccessorImpl.newInstance(DelegatingConstructorAccessorImpl.java:45)
	at java.lang.reflect.Constructor.newInstance(Constructor.java:422)
	at org.openqa.selenium.remote.ErrorHandler.createThrowable(ErrorHandler.java:214)
	at org.openqa.selenium.remote.ErrorHandler.throwIfResponseFailed(ErrorHandler.java:166)
	at org.openqa.selenium.remote.http.JsonHttpResponseCodec.reconstructValue(JsonHttpResponseCodec.java:40)
	at org.openqa.selenium.remote.http.AbstractHttpResponseCodec.decode(AbstractHttpResponseCodec.java:80)
	at org.openqa.selenium.remote.http.AbstractHttpResponseCodec.decode(AbstractHttpResponseCodec.java:44)
	at org.openqa.selenium.remote.HttpCommandExecutor.execute(HttpCommandExecutor.java:158)
	at org.openqa.selenium.remote.service.DriverCommandExecutor.execute(DriverCommandExecutor.java:83)
	at org.openqa.selenium.remote.RemoteWebDriver.execute(RemoteWebDriver.java:543)
	at org.openqa.selenium.remote.RemoteWebDriver.execute(RemoteWebDriver.java:600)
	at org.openqa.selenium.remote.RemoteWebDriver.getScreenshotAs(RemoteWebDriver.java:289)
	at com.test.automation.uiAutomation.testBase.TestBase.captureScreen(TestBase.java:220)
	at com.test.automation.uiAutomation.testBase.TestBase.getResult(TestBase.java:248)
	at com.test.automation.uiAutomation.testBase.TestBase.afterMethod(TestBase.java:256)
	at sun.reflect.NativeMethodAccessorImpl.invoke0(Native Method)
	at sun.reflect.NativeMethodAccessorImpl.invoke(NativeMethodAccessorImpl.java:62)
	at sun.reflect.DelegatingMethodAccessorImpl.invoke(DelegatingMethodAccessorImpl.java:43)
	at java.lang.reflect.Method.invoke(Method.java:497)
	at org.testng.internal.MethodInvocationHelper.invokeMethod(MethodInvocationHelper.java:86)
	at org.testng.internal.Invoker.invokeConfigurationMethod(Invoker.java:514)
	at org.testng.internal.Invoker.invokeConfigurations(Invoker.java:215)
	at org.testng.internal.Invoker.invokeMethod(Invoker.java:707)
	at org.testng.internal.Invoker.retryFailed(Invoker.java:967)
	at org.testng.internal.Invoker.invokeTestMethods(Invoker.java:1146)
	at org.testng.internal.TestMethodWorker.invokeTestMethods(TestMethodWorker.java:129)
	at org.testng.internal.TestMethodWorker.run(TestMethodWorker.java:112)
	at org.testng.TestRunner.privateRun(TestRunner.java:782)
	at org.testng.TestRunner.run(TestRunner.java:632)
	at org.testng.SuiteRunner.runTest(SuiteRunner.java:366)
	at org.testng.SuiteRunner.access$000(SuiteRunner.java:39)
	at org.testng.SuiteRunner$SuiteWorker.run(SuiteRunner.java:400)
	at org.testng.internal.thread.ThreadUtil$2.call(ThreadUtil.java:64)
	at java.util.concurrent.FutureTask.run(FutureTask.java:266)
	at java.util.concurrent.ThreadPoolExecutor.runWorker(ThreadPoolExecutor.java:1142)
	at java.util.concurrent.ThreadPoolExecutor$Worker.run(ThreadPoolExecutor.java:617)
	at java.lang.Thread.run(Thread.java:745)
</pre></div></td>
<td>0</td>
<td>com.test.automation.uiAutomation.AuthPageValidation.accountCreateionValidation@27ae2fd0</td></tr>
</table><p>
<table width='100%' border='1' class='invocation-skipped'>
<tr><td colspan='4' align='center'><b>SKIPPED CONFIGURATIONS</b></td></tr>
<tr><td><b>Test method</b></td>
<td width="30%"><b>Exception</b></td>
<td width="10%"><b>Time (seconds)</b></td>
<td><b>Instance</b></td>
</tr>
<tr>
<td title='com.test.automation.uiAutomation.AuthPageValidation.accountCreateionValidation.beforeMethod()'><b>beforeMethod</b><br>Test class: com.test.automation.uiAutomation.AuthPageValidation.accountCreateionValidation</td>
<td></td>
<td>0</td>
<td>com.test.automation.uiAutomation.AuthPageValidation.accountCreateionValidation@27ae2fd0</td></tr>
<tr>
<td title='com.test.automation.uiAutomation.AuthPageValidation.accountCreateionValidation.beforeMethod()'><b>beforeMethod</b><br>Test class: com.test.automation.uiAutomation.AuthPageValidation.accountCreateionValidation</td>
<td></td>
<td>0</td>
<td>com.test.automation.uiAutomation.AuthPageValidation.accountCreateionValidation@27ae2fd0</td></tr>
<tr>
<td title='com.test.automation.uiAutomation.AuthPageValidation.accountCreateionValidation.beforeMethod()'><b>beforeMethod</b><br>Test class: com.test.automation.uiAutomation.AuthPageValidation.accountCreateionValidation</td>
<td></td>
<td>0</td>
<td>com.test.automation.uiAutomation.AuthPageValidation.accountCreateionValidation@27ae2fd0</td></tr>
<tr>
<td title='com.test.automation.uiAutomation.AuthPageValidation.accountCreateionValidation.beforeMethod()'><b>beforeMethod</b><br>Test class: com.test.automation.uiAutomation.AuthPageValidation.accountCreateionValidation</td>
<td></td>
<td>0</td>
<td>com.test.automation.uiAutomation.AuthPageValidation.accountCreateionValidation@27ae2fd0</td></tr>
<tr>
<td title='com.test.automation.uiAutomation.AuthPageValidation.accountCreateionValidation.beforeMethod()'><b>beforeMethod</b><br>Test class: com.test.automation.uiAutomation.AuthPageValidation.accountCreateionValidation</td>
<td></td>
<td>0</td>
<td>com.test.automation.uiAutomation.AuthPageValidation.accountCreateionValidation@27ae2fd0</td></tr>
<tr>
<td title='com.test.automation.uiAutomation.AuthPageValidation.accountCreateionValidation.beforeMethod()'><b>beforeMethod</b><br>Test class: com.test.automation.uiAutomation.AuthPageValidation.accountCreateionValidation</td>
<td></td>
<td>0</td>
<td>com.test.automation.uiAutomation.AuthPageValidation.accountCreateionValidation@27ae2fd0</td></tr>
<tr>
<td title='com.test.automation.uiAutomation.AuthPageValidation.accountCreateionValidation.beforeMethod()'><b>beforeMethod</b><br>Test class: com.test.automation.uiAutomation.AuthPageValidation.accountCreateionValidation</td>
<td></td>
<td>0</td>
<td>com.test.automation.uiAutomation.AuthPageValidation.accountCreateionValidation@27ae2fd0</td></tr>
<tr>
<td title='com.test.automation.uiAutomation.AuthPageValidation.accountCreateionValidation.beforeMethod()'><b>beforeMethod</b><br>Test class: com.test.automation.uiAutomation.AuthPageValidation.accountCreateionValidation</td>
<td></td>
<td>0</td>
<td>com.test.automation.uiAutomation.AuthPageValidation.accountCreateionValidation@27ae2fd0</td></tr>
<tr>
<td title='com.test.automation.uiAutomation.AuthPageValidation.accountCreateionValidation.afterMethod()'><b>afterMethod</b><br>Test class: com.test.automation.uiAutomation.AuthPageValidation.accountCreateionValidation</td>
<td></td>
<td>0</td>
<td>com.test.automation.uiAutomation.AuthPageValidation.accountCreateionValidation@27ae2fd0</td></tr>
<tr>
<td title='com.test.automation.uiAutomation.AuthPageValidation.accountCreateionValidation.afterMethod()'><b>afterMethod</b><br>Test class: com.test.automation.uiAutomation.AuthPageValidation.accountCreateionValidation</td>
<td></td>
<td>0</td>
<td>com.test.automation.uiAutomation.AuthPageValidation.accountCreateionValidation@27ae2fd0</td></tr>
<tr>
<td title='com.test.automation.uiAutomation.AuthPageValidation.accountCreateionValidation.afterMethod()'><b>afterMethod</b><br>Test class: com.test.automation.uiAutomation.AuthPageValidation.accountCreateionValidation</td>
<td></td>
<td>0</td>
<td>com.test.automation.uiAutomation.AuthPageValidation.accountCreateionValidation@27ae2fd0</td></tr>
<tr>
<td title='com.test.automation.uiAutomation.AuthPageValidation.accountCreateionValidation.afterMethod()'><b>afterMethod</b><br>Test class: com.test.automation.uiAutomation.AuthPageValidation.accountCreateionValidation</td>
<td></td>
<td>0</td>
<td>com.test.automation.uiAutomation.AuthPageValidation.accountCreateionValidation@27ae2fd0</td></tr>
<tr>
<td title='com.test.automation.uiAutomation.AuthPageValidation.accountCreateionValidation.afterMethod()'><b>afterMethod</b><br>Test class: com.test.automation.uiAutomation.AuthPageValidation.accountCreateionValidation</td>
<td></td>
<td>0</td>
<td>com.test.automation.uiAutomation.AuthPageValidation.accountCreateionValidation@27ae2fd0</td></tr>
<tr>
<td title='com.test.automation.uiAutomation.AuthPageValidation.accountCreateionValidation.afterMethod()'><b>afterMethod</b><br>Test class: com.test.automation.uiAutomation.AuthPageValidation.accountCreateionValidation</td>
<td></td>
<td>0</td>
<td>com.test.automation.uiAutomation.AuthPageValidation.accountCreateionValidation@27ae2fd0</td></tr>
<tr>
<td title='com.test.automation.uiAutomation.AuthPageValidation.accountCreateionValidation.afterMethod()'><b>afterMethod</b><br>Test class: com.test.automation.uiAutomation.AuthPageValidation.accountCreateionValidation</td>
<td></td>
<td>0</td>
<td>com.test.automation.uiAutomation.AuthPageValidation.accountCreateionValidation@27ae2fd0</td></tr>
<tr>
<td title='com.test.automation.uiAutomation.AuthPageValidation.accountCreateionValidation.afterMethod()'><b>afterMethod</b><br>Test class: com.test.automation.uiAutomation.AuthPageValidation.accountCreateionValidation</td>
<td></td>
<td>0</td>
<td>com.test.automation.uiAutomation.AuthPageValidation.accountCreateionValidation@27ae2fd0</td></tr>
</table><p>
<table width='100%' border='1' class='invocation-failed'>
<tr><td colspan='4' align='center'><b>FAILED TESTS</b></td></tr>
<tr><td><b>Test method</b></td>
<td width="30%"><b>Exception</b></td>
<td width="10%"><b>Time (seconds)</b></td>
<td><b>Instance</b></td>
</tr>
<tr>
<td title='com.test.automation.uiAutomation.AuthPageValidation.accountCreateionValidation.successfullAccountCreationValidation()'><b>successfullAccountCreationValidation</b><br>Test class: com.test.automation.uiAutomation.AuthPageValidation.accountCreateionValidation<br>Parameters: saurabhsharma81285@gmail.com, Male, Saurabh, Sharma, Shriya1@2015, "22", December, "1985", 5630 N Sheridan, Chicago, "60661", Illinois, United States, "1112223334", Home, Y</td>
<td><div><pre>org.openqa.selenium.NoSuchWindowException: no such window: target window already closed
from unknown error: web view not found
  (Session info: chrome=67.0.3396.87)
  (Driver info: chromedriver=2.39.562713 (dd642283e958a93ebf6891600db055f1f1b4f3b2),platform=Mac OS X 10.13.4 x86_64) (WARNING: The server did not provide any stacktrace information)
Command duration or timeout: 0 milliseconds
Build info: version: &apos;3.12.0&apos;, revision: &apos;7c6e0b3&apos;, time: &apos;2018-05-08T14:04:26.12Z&apos;
System info: host: &apos;Saurabhs-MacBook-Pro.local&apos;, ip: &apos;fd5f:fd73:3d08:0:d992:157e:c4e5:974c&apos;, os.name: &apos;Mac OS X&apos;, os.arch: &apos;x86_64&apos;, os.version: &apos;10.13.4&apos;, java.version: &apos;1.8.0_65&apos;
Driver info: org.openqa.selenium.chrome.ChromeDriver
Capabilities {acceptInsecureCerts: false, acceptSslCerts: false, applicationCacheEnabled: false, browserConnectionEnabled: false, browserName: chrome, chrome: {chromedriverVersion: 2.39.562713 (dd642283e958a9..., userDataDir: /var/folders/4b/k0kz1pqs2b1...}, cssSelectorsEnabled: true, databaseEnabled: false, handlesAlerts: true, hasTouchScreen: false, javascriptEnabled: true, locationContextEnabled: true, mobileEmulationEnabled: false, nativeEvents: true, networkConnectionEnabled: false, pageLoadStrategy: normal, platform: MAC, platformName: MAC, rotatable: false, setWindowRect: true, takesHeapSnapshot: true, takesScreenshot: true, unexpectedAlertBehaviour: , unhandledPromptBehavior: , version: 67.0.3396.87, webStorageEnabled: true}
Session ID: 9073791836c3579ac71f8209ce895c46
*** Element info: {Using=xpath, value=//a[@class=&apos;login&apos;]}
	at org.openqa.selenium.remote.ErrorHandler.createThrowable(ErrorHandler.java:214)
	at org.openqa.selenium.remote.ErrorHandler.throwIfResponseFailed(ErrorHandler.java:166)
	at org.openqa.selenium.remote.http.JsonHttpResponseCodec.reconstructValue(JsonHttpResponseCodec.java:40)
	at org.openqa.selenium.remote.http.AbstractHttpResponseCodec.decode(AbstractHttpResponseCodec.java:80)
	at org.openqa.selenium.remote.http.AbstractHttpResponseCodec.decode(AbstractHttpResponseCodec.java:44)
	at org.openqa.selenium.remote.HttpCommandExecutor.execute(HttpCommandExecutor.java:158)
	at org.openqa.selenium.remote.service.DriverCommandExecutor.execute(DriverCommandExecutor.java:83)
	at org.openqa.selenium.remote.RemoteWebDriver.execute(RemoteWebDriver.java:543)
	at org.openqa.selenium.remote.RemoteWebDriver.findElement(RemoteWebDriver.java:317)
	at org.openqa.selenium.remote.RemoteWebDriver.findElementByXPath(RemoteWebDriver.java:419)
	at org.openqa.selenium.By$ByXPath.findElement(By.java:353)
	at org.openqa.selenium.remote.RemoteWebDriver.findElement(RemoteWebDriver.java:309)
	at org.openqa.selenium.support.pagefactory.DefaultElementLocator.findElement(DefaultElementLocator.java:69)
	at org.openqa.selenium.support.pagefactory.internal.LocatingElementHandler.invoke(LocatingElementHandler.java:38)
	at com.sun.proxy.$Proxy12.click(Unknown Source)
	at com.test.automation.uiAutomation.uiActions.AuthenticationPage.clickOnSignin(AuthenticationPage.java:48)
	at com.test.automation.uiAutomation.uiActions.AuthenticationPage.signUpToApp(AuthenticationPage.java:76)
	at com.test.automation.uiAutomation.AuthPageValidation.accountCreateionValidation.successfullAccountCreationValidation(accountCreateionValidation.java:41)
	at java.util.concurrent.FutureTask.run(FutureTask.java:266)
	at java.util.concurrent.ThreadPoolExecutor.runWorker(ThreadPoolExecutor.java:1142)
	at java.util.concurrent.ThreadPoolExecutor$Worker.run(ThreadPoolExecutor.java:617)
	at java.lang.Thread.run(Thread.java:745)
... Removed 20 stack frames</pre></div><a href='#' onClick='toggleBox("stack-trace899092157", this, "Click to show all stack frames", "Click to hide stack frames")'>Click to show all stack frames</a>
<div class='stack-trace' id='stack-trace899092157'><pre>org.openqa.selenium.NoSuchWindowException: no such window: target window already closed
from unknown error: web view not found
  (Session info: chrome=67.0.3396.87)
  (Driver info: chromedriver=2.39.562713 (dd642283e958a93ebf6891600db055f1f1b4f3b2),platform=Mac OS X 10.13.4 x86_64) (WARNING: The server did not provide any stacktrace information)
Command duration or timeout: 0 milliseconds
Build info: version: &apos;3.12.0&apos;, revision: &apos;7c6e0b3&apos;, time: &apos;2018-05-08T14:04:26.12Z&apos;
System info: host: &apos;Saurabhs-MacBook-Pro.local&apos;, ip: &apos;fd5f:fd73:3d08:0:d992:157e:c4e5:974c&apos;, os.name: &apos;Mac OS X&apos;, os.arch: &apos;x86_64&apos;, os.version: &apos;10.13.4&apos;, java.version: &apos;1.8.0_65&apos;
Driver info: org.openqa.selenium.chrome.ChromeDriver
Capabilities {acceptInsecureCerts: false, acceptSslCerts: false, applicationCacheEnabled: false, browserConnectionEnabled: false, browserName: chrome, chrome: {chromedriverVersion: 2.39.562713 (dd642283e958a9..., userDataDir: /var/folders/4b/k0kz1pqs2b1...}, cssSelectorsEnabled: true, databaseEnabled: false, handlesAlerts: true, hasTouchScreen: false, javascriptEnabled: true, locationContextEnabled: true, mobileEmulationEnabled: false, nativeEvents: true, networkConnectionEnabled: false, pageLoadStrategy: normal, platform: MAC, platformName: MAC, rotatable: false, setWindowRect: true, takesHeapSnapshot: true, takesScreenshot: true, unexpectedAlertBehaviour: , unhandledPromptBehavior: , version: 67.0.3396.87, webStorageEnabled: true}
Session ID: 9073791836c3579ac71f8209ce895c46
*** Element info: {Using=xpath, value=//a[@class=&apos;login&apos;]}
	at sun.reflect.NativeConstructorAccessorImpl.newInstance0(Native Method)
	at sun.reflect.NativeConstructorAccessorImpl.newInstance(NativeConstructorAccessorImpl.java:62)
	at sun.reflect.DelegatingConstructorAccessorImpl.newInstance(DelegatingConstructorAccessorImpl.java:45)
	at java.lang.reflect.Constructor.newInstance(Constructor.java:422)
	at org.openqa.selenium.remote.ErrorHandler.createThrowable(ErrorHandler.java:214)
	at org.openqa.selenium.remote.ErrorHandler.throwIfResponseFailed(ErrorHandler.java:166)
	at org.openqa.selenium.remote.http.JsonHttpResponseCodec.reconstructValue(JsonHttpResponseCodec.java:40)
	at org.openqa.selenium.remote.http.AbstractHttpResponseCodec.decode(AbstractHttpResponseCodec.java:80)
	at org.openqa.selenium.remote.http.AbstractHttpResponseCodec.decode(AbstractHttpResponseCodec.java:44)
	at org.openqa.selenium.remote.HttpCommandExecutor.execute(HttpCommandExecutor.java:158)
	at org.openqa.selenium.remote.service.DriverCommandExecutor.execute(DriverCommandExecutor.java:83)
	at org.openqa.selenium.remote.RemoteWebDriver.execute(RemoteWebDriver.java:543)
	at org.openqa.selenium.remote.RemoteWebDriver.findElement(RemoteWebDriver.java:317)
	at org.openqa.selenium.remote.RemoteWebDriver.findElementByXPath(RemoteWebDriver.java:419)
	at org.openqa.selenium.By$ByXPath.findElement(By.java:353)
	at org.openqa.selenium.remote.RemoteWebDriver.findElement(RemoteWebDriver.java:309)
	at org.openqa.selenium.support.pagefactory.DefaultElementLocator.findElement(DefaultElementLocator.java:69)
	at org.openqa.selenium.support.pagefactory.internal.LocatingElementHandler.invoke(LocatingElementHandler.java:38)
	at com.sun.proxy.$Proxy12.click(Unknown Source)
	at com.test.automation.uiAutomation.uiActions.AuthenticationPage.clickOnSignin(AuthenticationPage.java:48)
	at com.test.automation.uiAutomation.uiActions.AuthenticationPage.signUpToApp(AuthenticationPage.java:76)
	at com.test.automation.uiAutomation.AuthPageValidation.accountCreateionValidation.successfullAccountCreationValidation(accountCreateionValidation.java:41)
	at sun.reflect.NativeMethodAccessorImpl.invoke0(Native Method)
	at sun.reflect.NativeMethodAccessorImpl.invoke(NativeMethodAccessorImpl.java:62)
	at sun.reflect.DelegatingMethodAccessorImpl.invoke(DelegatingMethodAccessorImpl.java:43)
	at java.lang.reflect.Method.invoke(Method.java:497)
	at org.testng.internal.MethodInvocationHelper.invokeMethod(MethodInvocationHelper.java:86)
	at org.testng.internal.Invoker.invokeMethod(Invoker.java:643)
	at org.testng.internal.Invoker.retryFailed(Invoker.java:967)
	at org.testng.internal.Invoker.invokeTestMethods(Invoker.java:1146)
	at org.testng.internal.TestMethodWorker.invokeTestMethods(TestMethodWorker.java:129)
	at org.testng.internal.TestMethodWorker.run(TestMethodWorker.java:112)
	at org.testng.TestRunner.privateRun(TestRunner.java:782)
	at org.testng.TestRunner.run(TestRunner.java:632)
	at org.testng.SuiteRunner.runTest(SuiteRunner.java:366)
	at org.testng.SuiteRunner.access$000(SuiteRunner.java:39)
	at org.testng.SuiteRunner$SuiteWorker.run(SuiteRunner.java:400)
	at org.testng.internal.thread.ThreadUtil$2.call(ThreadUtil.java:64)
	at java.util.concurrent.FutureTask.run(FutureTask.java:266)
	at java.util.concurrent.ThreadPoolExecutor.runWorker(ThreadPoolExecutor.java:1142)
	at java.util.concurrent.ThreadPoolExecutor$Worker.run(ThreadPoolExecutor.java:617)
	at java.lang.Thread.run(Thread.java:745)
</pre></div></td>
<td>0</td>
<td>com.test.automation.uiAutomation.AuthPageValidation.accountCreateionValidation@27ae2fd0</td></tr>
</table><p>
<table width='100%' border='1' class='invocation-skipped'>
<tr><td colspan='4' align='center'><b>SKIPPED TESTS</b></td></tr>
<tr><td><b>Test method</b></td>
<td width="30%"><b>Exception</b></td>
<td width="10%"><b>Time (seconds)</b></td>
<td><b>Instance</b></td>
</tr>
<tr>
<td title='com.test.automation.uiAutomation.AuthPageValidation.accountCreateionValidation.successfullAccountCreationValidation()'><b>successfullAccountCreationValidation</b><br>Test class: com.test.automation.uiAutomation.AuthPageValidation.accountCreateionValidation<br>Parameters: saurabhsharma81285@gmail.com, Male, Saurabh, Sharma, Shriya1@2015, "22", December, "1985", 5630 N Sheridan, Chicago, "60661", Illinois, United States, "1112223334", Home, Y</td>
<td><div><pre>java.lang.NullPointerException
	at org.openqa.selenium.support.pagefactory.internal.LocatingElementHandler.invoke(LocatingElementHandler.java:51)
	at com.sun.proxy.$Proxy12.getTagName(Unknown Source)
	at org.openqa.selenium.support.ui.Select.&lt;init&gt;(Select.java:44)
	at com.test.automation.uiAutomation.uiActions.CreateAnAccountPage.yourPersonalInfo(CreateAnAccountPage.java:92)
	at com.test.automation.uiAutomation.AuthPageValidation.accountCreateionValidation.successfullAccountCreationValidation(accountCreateionValidation.java:43)
	at java.util.concurrent.FutureTask.run(FutureTask.java:266)
	at java.util.concurrent.ThreadPoolExecutor.runWorker(ThreadPoolExecutor.java:1142)
	at java.util.concurrent.ThreadPoolExecutor$Worker.run(ThreadPoolExecutor.java:617)
	at java.lang.Thread.run(Thread.java:745)
... Removed 20 stack frames</pre></div><a href='#' onClick='toggleBox("stack-trace995120046", this, "Click to show all stack frames", "Click to hide stack frames")'>Click to show all stack frames</a>
<div class='stack-trace' id='stack-trace995120046'><pre>java.lang.NullPointerException
	at sun.reflect.NativeMethodAccessorImpl.invoke0(Native Method)
	at sun.reflect.NativeMethodAccessorImpl.invoke(NativeMethodAccessorImpl.java:62)
	at sun.reflect.DelegatingMethodAccessorImpl.invoke(DelegatingMethodAccessorImpl.java:43)
	at java.lang.reflect.Method.invoke(Method.java:497)
	at org.openqa.selenium.support.pagefactory.internal.LocatingElementHandler.invoke(LocatingElementHandler.java:51)
	at com.sun.proxy.$Proxy12.getTagName(Unknown Source)
	at org.openqa.selenium.support.ui.Select.&lt;init&gt;(Select.java:44)
	at com.test.automation.uiAutomation.uiActions.CreateAnAccountPage.yourPersonalInfo(CreateAnAccountPage.java:92)
	at com.test.automation.uiAutomation.AuthPageValidation.accountCreateionValidation.successfullAccountCreationValidation(accountCreateionValidation.java:43)
	at sun.reflect.NativeMethodAccessorImpl.invoke0(Native Method)
	at sun.reflect.NativeMethodAccessorImpl.invoke(NativeMethodAccessorImpl.java:62)
	at sun.reflect.DelegatingMethodAccessorImpl.invoke(DelegatingMethodAccessorImpl.java:43)
	at java.lang.reflect.Method.invoke(Method.java:497)
	at org.testng.internal.MethodInvocationHelper.invokeMethod(MethodInvocationHelper.java:86)
	at org.testng.internal.Invoker.invokeMethod(Invoker.java:643)
	at org.testng.internal.Invoker.invokeTestMethod(Invoker.java:820)
	at org.testng.internal.Invoker.invokeTestMethods(Invoker.java:1128)
	at org.testng.internal.TestMethodWorker.invokeTestMethods(TestMethodWorker.java:129)
	at org.testng.internal.TestMethodWorker.run(TestMethodWorker.java:112)
	at org.testng.TestRunner.privateRun(TestRunner.java:782)
	at org.testng.TestRunner.run(TestRunner.java:632)
	at org.testng.SuiteRunner.runTest(SuiteRunner.java:366)
	at org.testng.SuiteRunner.access$000(SuiteRunner.java:39)
	at org.testng.SuiteRunner$SuiteWorker.run(SuiteRunner.java:400)
	at org.testng.internal.thread.ThreadUtil$2.call(ThreadUtil.java:64)
	at java.util.concurrent.FutureTask.run(FutureTask.java:266)
	at java.util.concurrent.ThreadPoolExecutor.runWorker(ThreadPoolExecutor.java:1142)
	at java.util.concurrent.ThreadPoolExecutor$Worker.run(ThreadPoolExecutor.java:617)
	at java.lang.Thread.run(Thread.java:745)
</pre></div></td>
<td>39</td>
<td>com.test.automation.uiAutomation.AuthPageValidation.accountCreateionValidation@27ae2fd0</td></tr>
<tr>
<td title='com.test.automation.uiAutomation.AuthPageValidation.accountCreateionValidation.successfullAccountCreationValidation()'><b>successfullAccountCreationValidation</b><br>Test class: com.test.automation.uiAutomation.AuthPageValidation.accountCreateionValidation<br>Parameters: saurabhsharma81285@gmail.com, Male, Saurabh, Sharma, Shriya1@2015, "22", December, "1985", 5630 N Sheridan, Chicago, "60661", Illinois, United States, "1112223334", Home, Y</td>
<td><div><pre>org.openqa.selenium.NoSuchWindowException: no such window: target window already closed
from unknown error: web view not found
  (Session info: chrome=67.0.3396.87)
  (Driver info: chromedriver=2.39.562713 (dd642283e958a93ebf6891600db055f1f1b4f3b2),platform=Mac OS X 10.13.4 x86_64) (WARNING: The server did not provide any stacktrace information)
Command duration or timeout: 0 milliseconds
Build info: version: &apos;3.12.0&apos;, revision: &apos;7c6e0b3&apos;, time: &apos;2018-05-08T14:04:26.12Z&apos;
System info: host: &apos;Saurabhs-MacBook-Pro.local&apos;, ip: &apos;fd5f:fd73:3d08:0:d992:157e:c4e5:974c&apos;, os.name: &apos;Mac OS X&apos;, os.arch: &apos;x86_64&apos;, os.version: &apos;10.13.4&apos;, java.version: &apos;1.8.0_65&apos;
Driver info: org.openqa.selenium.chrome.ChromeDriver
Capabilities {acceptInsecureCerts: false, acceptSslCerts: false, applicationCacheEnabled: false, browserConnectionEnabled: false, browserName: chrome, chrome: {chromedriverVersion: 2.39.562713 (dd642283e958a9..., userDataDir: /var/folders/4b/k0kz1pqs2b1...}, cssSelectorsEnabled: true, databaseEnabled: false, handlesAlerts: true, hasTouchScreen: false, javascriptEnabled: true, locationContextEnabled: true, mobileEmulationEnabled: false, nativeEvents: true, networkConnectionEnabled: false, pageLoadStrategy: normal, platform: MAC, platformName: MAC, rotatable: false, setWindowRect: true, takesHeapSnapshot: true, takesScreenshot: true, unexpectedAlertBehaviour: , unhandledPromptBehavior: , version: 67.0.3396.87, webStorageEnabled: true}
Session ID: 9073791836c3579ac71f8209ce895c46
*** Element info: {Using=xpath, value=//a[@class=&apos;login&apos;]}
	at org.openqa.selenium.remote.ErrorHandler.createThrowable(ErrorHandler.java:214)
	at org.openqa.selenium.remote.ErrorHandler.throwIfResponseFailed(ErrorHandler.java:166)
	at org.openqa.selenium.remote.http.JsonHttpResponseCodec.reconstructValue(JsonHttpResponseCodec.java:40)
	at org.openqa.selenium.remote.http.AbstractHttpResponseCodec.decode(AbstractHttpResponseCodec.java:80)
	at org.openqa.selenium.remote.http.AbstractHttpResponseCodec.decode(AbstractHttpResponseCodec.java:44)
	at org.openqa.selenium.remote.HttpCommandExecutor.execute(HttpCommandExecutor.java:158)
	at org.openqa.selenium.remote.service.DriverCommandExecutor.execute(DriverCommandExecutor.java:83)
	at org.openqa.selenium.remote.RemoteWebDriver.execute(RemoteWebDriver.java:543)
	at org.openqa.selenium.remote.RemoteWebDriver.findElement(RemoteWebDriver.java:317)
	at org.openqa.selenium.remote.RemoteWebDriver.findElementByXPath(RemoteWebDriver.java:419)
	at org.openqa.selenium.By$ByXPath.findElement(By.java:353)
	at org.openqa.selenium.remote.RemoteWebDriver.findElement(RemoteWebDriver.java:309)
	at org.openqa.selenium.support.pagefactory.DefaultElementLocator.findElement(DefaultElementLocator.java:69)
	at org.openqa.selenium.support.pagefactory.internal.LocatingElementHandler.invoke(LocatingElementHandler.java:38)
	at com.sun.proxy.$Proxy12.click(Unknown Source)
	at com.test.automation.uiAutomation.uiActions.AuthenticationPage.clickOnSignin(AuthenticationPage.java:48)
	at com.test.automation.uiAutomation.uiActions.AuthenticationPage.signUpToApp(AuthenticationPage.java:76)
	at com.test.automation.uiAutomation.AuthPageValidation.accountCreateionValidation.successfullAccountCreationValidation(accountCreateionValidation.java:41)
	at java.util.concurrent.FutureTask.run(FutureTask.java:266)
	at java.util.concurrent.ThreadPoolExecutor.runWorker(ThreadPoolExecutor.java:1142)
	at java.util.concurrent.ThreadPoolExecutor$Worker.run(ThreadPoolExecutor.java:617)
	at java.lang.Thread.run(Thread.java:745)
... Removed 20 stack frames</pre></div><a href='#' onClick='toggleBox("stack-trace1554335990", this, "Click to show all stack frames", "Click to hide stack frames")'>Click to show all stack frames</a>
<div class='stack-trace' id='stack-trace1554335990'><pre>org.openqa.selenium.NoSuchWindowException: no such window: target window already closed
from unknown error: web view not found
  (Session info: chrome=67.0.3396.87)
  (Driver info: chromedriver=2.39.562713 (dd642283e958a93ebf6891600db055f1f1b4f3b2),platform=Mac OS X 10.13.4 x86_64) (WARNING: The server did not provide any stacktrace information)
Command duration or timeout: 0 milliseconds
Build info: version: &apos;3.12.0&apos;, revision: &apos;7c6e0b3&apos;, time: &apos;2018-05-08T14:04:26.12Z&apos;
System info: host: &apos;Saurabhs-MacBook-Pro.local&apos;, ip: &apos;fd5f:fd73:3d08:0:d992:157e:c4e5:974c&apos;, os.name: &apos;Mac OS X&apos;, os.arch: &apos;x86_64&apos;, os.version: &apos;10.13.4&apos;, java.version: &apos;1.8.0_65&apos;
Driver info: org.openqa.selenium.chrome.ChromeDriver
Capabilities {acceptInsecureCerts: false, acceptSslCerts: false, applicationCacheEnabled: false, browserConnectionEnabled: false, browserName: chrome, chrome: {chromedriverVersion: 2.39.562713 (dd642283e958a9..., userDataDir: /var/folders/4b/k0kz1pqs2b1...}, cssSelectorsEnabled: true, databaseEnabled: false, handlesAlerts: true, hasTouchScreen: false, javascriptEnabled: true, locationContextEnabled: true, mobileEmulationEnabled: false, nativeEvents: true, networkConnectionEnabled: false, pageLoadStrategy: normal, platform: MAC, platformName: MAC, rotatable: false, setWindowRect: true, takesHeapSnapshot: true, takesScreenshot: true, unexpectedAlertBehaviour: , unhandledPromptBehavior: , version: 67.0.3396.87, webStorageEnabled: true}
Session ID: 9073791836c3579ac71f8209ce895c46
*** Element info: {Using=xpath, value=//a[@class=&apos;login&apos;]}
	at sun.reflect.NativeConstructorAccessorImpl.newInstance0(Native Method)
	at sun.reflect.NativeConstructorAccessorImpl.newInstance(NativeConstructorAccessorImpl.java:62)
	at sun.reflect.DelegatingConstructorAccessorImpl.newInstance(DelegatingConstructorAccessorImpl.java:45)
	at java.lang.reflect.Constructor.newInstance(Constructor.java:422)
	at org.openqa.selenium.remote.ErrorHandler.createThrowable(ErrorHandler.java:214)
	at org.openqa.selenium.remote.ErrorHandler.throwIfResponseFailed(ErrorHandler.java:166)
	at org.openqa.selenium.remote.http.JsonHttpResponseCodec.reconstructValue(JsonHttpResponseCodec.java:40)
	at org.openqa.selenium.remote.http.AbstractHttpResponseCodec.decode(AbstractHttpResponseCodec.java:80)
	at org.openqa.selenium.remote.http.AbstractHttpResponseCodec.decode(AbstractHttpResponseCodec.java:44)
	at org.openqa.selenium.remote.HttpCommandExecutor.execute(HttpCommandExecutor.java:158)
	at org.openqa.selenium.remote.service.DriverCommandExecutor.execute(DriverCommandExecutor.java:83)
	at org.openqa.selenium.remote.RemoteWebDriver.execute(RemoteWebDriver.java:543)
	at org.openqa.selenium.remote.RemoteWebDriver.findElement(RemoteWebDriver.java:317)
	at org.openqa.selenium.remote.RemoteWebDriver.findElementByXPath(RemoteWebDriver.java:419)
	at org.openqa.selenium.By$ByXPath.findElement(By.java:353)
	at org.openqa.selenium.remote.RemoteWebDriver.findElement(RemoteWebDriver.java:309)
	at org.openqa.selenium.support.pagefactory.DefaultElementLocator.findElement(DefaultElementLocator.java:69)
	at org.openqa.selenium.support.pagefactory.internal.LocatingElementHandler.invoke(LocatingElementHandler.java:38)
	at com.sun.proxy.$Proxy12.click(Unknown Source)
	at com.test.automation.uiAutomation.uiActions.AuthenticationPage.clickOnSignin(AuthenticationPage.java:48)
	at com.test.automation.uiAutomation.uiActions.AuthenticationPage.signUpToApp(AuthenticationPage.java:76)
	at com.test.automation.uiAutomation.AuthPageValidation.accountCreateionValidation.successfullAccountCreationValidation(accountCreateionValidation.java:41)
	at sun.reflect.NativeMethodAccessorImpl.invoke0(Native Method)
	at sun.reflect.NativeMethodAccessorImpl.invoke(NativeMethodAccessorImpl.java:62)
	at sun.reflect.DelegatingMethodAccessorImpl.invoke(DelegatingMethodAccessorImpl.java:43)
	at java.lang.reflect.Method.invoke(Method.java:497)
	at org.testng.internal.MethodInvocationHelper.invokeMethod(MethodInvocationHelper.java:86)
	at org.testng.internal.Invoker.invokeMethod(Invoker.java:643)
	at org.testng.internal.Invoker.retryFailed(Invoker.java:967)
	at org.testng.internal.Invoker.invokeTestMethods(Invoker.java:1146)
	at org.testng.internal.TestMethodWorker.invokeTestMethods(TestMethodWorker.java:129)
	at org.testng.internal.TestMethodWorker.run(TestMethodWorker.java:112)
	at org.testng.TestRunner.privateRun(TestRunner.java:782)
	at org.testng.TestRunner.run(TestRunner.java:632)
	at org.testng.SuiteRunner.runTest(SuiteRunner.java:366)
	at org.testng.SuiteRunner.access$000(SuiteRunner.java:39)
	at org.testng.SuiteRunner$SuiteWorker.run(SuiteRunner.java:400)
	at org.testng.internal.thread.ThreadUtil$2.call(ThreadUtil.java:64)
	at java.util.concurrent.FutureTask.run(FutureTask.java:266)
	at java.util.concurrent.ThreadPoolExecutor.runWorker(ThreadPoolExecutor.java:1142)
	at java.util.concurrent.ThreadPoolExecutor$Worker.run(ThreadPoolExecutor.java:617)
	at java.lang.Thread.run(Thread.java:745)
</pre></div></td>
<td>0</td>
<td>com.test.automation.uiAutomation.AuthPageValidation.accountCreateionValidation@27ae2fd0</td></tr>
<tr>
<td title='com.test.automation.uiAutomation.AuthPageValidation.accountCreateionValidation.successfullAccountCreationValidation()'><b>successfullAccountCreationValidation</b><br>Test class: com.test.automation.uiAutomation.AuthPageValidation.accountCreateionValidation<br>Parameters: Sau97601@gmail.com, Female, FNU, Bharathi, Shriya1@2015, "8", June, "1986", 5630 N Sheridan, Chicago, "60661", Illinois, United States, "1112223334", Home, N</td>
<td></td>
<td>0</td>
<td>com.test.automation.uiAutomation.AuthPageValidation.accountCreateionValidation@27ae2fd0</td></tr>
<tr>
<td title='com.test.automation.uiAutomation.AuthPageValidation.accountCreateionValidation.successfullAccountCreationValidation()'><b>successfullAccountCreationValidation</b><br>Test class: com.test.automation.uiAutomation.AuthPageValidation.accountCreateionValidation<br>Parameters: Sau97601@gmail.com, Female, FNU, Bharathi, Shriya1@2015, "8", June, "1986", 5630 N Sheridan, Chicago, "60661", Illinois, United States, "1112223334", Home, N</td>
<td></td>
<td>0</td>
<td>com.test.automation.uiAutomation.AuthPageValidation.accountCreateionValidation@27ae2fd0</td></tr>
<tr>
<td title='com.test.automation.uiAutomation.AuthPageValidation.accountCreateionValidation.successfullAccountCreationValidation()'><b>successfullAccountCreationValidation</b><br>Test class: com.test.automation.uiAutomation.AuthPageValidation.accountCreateionValidation<br>Parameters: sa@gmail.com, Female, Shriya, Sharma, Shriya1@2015, "28", August, "2015", 5630 N Sheridan, Chicago, "60661", Illinois, United States, "1112223334", Home, N</td>
<td></td>
<td>0</td>
<td>com.test.automation.uiAutomation.AuthPageValidation.accountCreateionValidation@27ae2fd0</td></tr>
<tr>
<td title='com.test.automation.uiAutomation.AuthPageValidation.accountCreateionValidation.successfullAccountCreationValidation()'><b>successfullAccountCreationValidation</b><br>Test class: com.test.automation.uiAutomation.AuthPageValidation.accountCreateionValidation<br>Parameters: sa@gmail.com, Female, Shriya, Sharma, Shriya1@2015, "28", August, "2015", 5630 N Sheridan, Chicago, "60661", Illinois, United States, "1112223334", Home, N</td>
<td></td>
<td>0</td>
<td>com.test.automation.uiAutomation.AuthPageValidation.accountCreateionValidation@27ae2fd0</td></tr>
<tr>
<td title='com.test.automation.uiAutomation.AuthPageValidation.accountCreateionValidation.successfullAccountCreationValidation()'><b>successfullAccountCreationValidation</b><br>Test class: com.test.automation.uiAutomation.AuthPageValidation.accountCreateionValidation<br>Parameters: test123@gmail.com, male, Gaurav, Sharma, Shriya1@2015, "22", July, "1985", 5630 N Sheridan, Chicago, "60661", Illinois, United States, "1112223334", Home, N</td>
<td></td>
<td>0</td>
<td>com.test.automation.uiAutomation.AuthPageValidation.accountCreateionValidation@27ae2fd0</td></tr>
<tr>
<td title='com.test.automation.uiAutomation.AuthPageValidation.accountCreateionValidation.successfullAccountCreationValidation()'><b>successfullAccountCreationValidation</b><br>Test class: com.test.automation.uiAutomation.AuthPageValidation.accountCreateionValidation<br>Parameters: test123@gmail.com, male, Gaurav, Sharma, Shriya1@2015, "22", July, "1985", 5630 N Sheridan, Chicago, "60661", Illinois, United States, "1112223334", Home, N</td>
<td></td>
<td>0</td>
<td>com.test.automation.uiAutomation.AuthPageValidation.accountCreateionValidation@27ae2fd0</td></tr>
<tr>
<td title='com.test.automation.uiAutomation.AuthPageValidation.accountCreateionValidation.successfullAccountCreationValidation()'><b>successfullAccountCreationValidation</b><br>Test class: com.test.automation.uiAutomation.AuthPageValidation.accountCreateionValidation<br>Parameters: test124@gmail.com, male, Vabhav, Sharma, Shriya1@2015, "6", March, "1985", 5630 N Sheridan, Chicago, "60661", Illinois, United States, "1112223334", Home, N</td>
<td></td>
<td>0</td>
<td>com.test.automation.uiAutomation.AuthPageValidation.accountCreateionValidation@27ae2fd0</td></tr>
<tr>
<td title='com.test.automation.uiAutomation.AuthPageValidation.accountCreateionValidation.successfullAccountCreationValidation()'><b>successfullAccountCreationValidation</b><br>Test class: com.test.automation.uiAutomation.AuthPageValidation.accountCreateionValidation<br>Parameters: test124@gmail.com, male, Vabhav, Sharma, Shriya1@2015, "6", March, "1985", 5630 N Sheridan, Chicago, "60661", Illinois, United States, "1112223334", Home, N</td>
<td></td>
<td>0</td>
<td>com.test.automation.uiAutomation.AuthPageValidation.accountCreateionValidation@27ae2fd0</td></tr>
</table><p>
</body>
</html>