<?xml version="1.0" encoding="UTF-8"?>
<!-- Generated by org.testng.reporters.JUnitXMLReporter -->
<testsuite hostname="Saurabhs-MacBook-Pro.local" name="AuthPageValidation" tests="21" failures="1" timestamp="11 Jun 2018 00:56:24 GMT" time="50.335" errors="0">
  <testcase name="verifyLoginWithInvalidCredentials" time="6.904" classname="com.test.automation.uiAutomation.AuthPageValidation.SignInValidation"/>
  <testcase name="verifyLoginWithInvalidCredentials" time="0.0" classname="com.test.automation.uiAutomation.AuthPageValidation.SignInValidation">
    <skipped/>
  </testcase> <!-- verifyLoginWithInvalidCredentials -->
  <testcase name="verifyLoginWithInvalidCredentials" time="0.0" classname="com.test.automation.uiAutomation.AuthPageValidation.SignInValidation">
    <skipped/>
  </testcase> <!-- verifyLoginWithInvalidCredentials -->
  <testcase name="verifyLoginWithInvalidCredentials" time="0.0" classname="com.test.automation.uiAutomation.AuthPageValidation.SignInValidation">
    <skipped/>
  </testcase> <!-- verifyLoginWithInvalidCredentials -->
  <testcase name="verifyLoginWithValidCredentials" time="3.173" classname="com.test.automation.uiAutomation.AuthPageValidation.SignInValidation">
    <skipped/>
  </testcase> <!-- verifyLoginWithValidCredentials -->
  <testcase name="verifyLoginWithValidCredentials" time="5.106" classname="com.test.automation.uiAutomation.AuthPageValidation.SignInValidation">
    <skipped/>
  </testcase> <!-- verifyLoginWithValidCredentials -->
  <testcase name="verifyLoginWithValidCredentials" time="5.649" classname="com.test.automation.uiAutomation.AuthPageValidation.SignInValidation">
    <failure type="java.lang.AssertionError" message="expected [Authentication passed.] but found [Authentication failed.]">
      <![CDATA[java.lang.AssertionError: expected [Authentication passed.] but found [Authentication failed.]
	at com.test.automation.uiAutomation.AuthPageValidation.SignInValidation.verifyLoginWithValidCredentials(SignInValidation.java:66)
	at java.util.concurrent.FutureTask.run(FutureTask.java:266)
	at java.util.concurrent.ThreadPoolExecutor.runWorker(ThreadPoolExecutor.java:1142)
	at java.util.concurrent.ThreadPoolExecutor$Worker.run(ThreadPoolExecutor.java:617)
	at java.lang.Thread.run(Thread.java:745)
... Removed 22 stack frames]]>
    </failure>
  </testcase> <!-- verifyLoginWithValidCredentials -->
  <testcase name="verifyLoginWithValidCredentials" time="0.0" classname="com.test.automation.uiAutomation.AuthPageValidation.SignInValidation">
    <skipped/>
  </testcase> <!-- verifyLoginWithValidCredentials -->
  <testcase name="verifyLoginWithValidCredentials" time="0.0" classname="com.test.automation.uiAutomation.AuthPageValidation.SignInValidation">
    <skipped/>
  </testcase> <!-- verifyLoginWithValidCredentials -->
  <testcase name="verifyLoginWithValidCredentials" time="0.0" classname="com.test.automation.uiAutomation.AuthPageValidation.SignInValidation">
    <skipped/>
  </testcase> <!-- verifyLoginWithValidCredentials -->
  <testcase name="verifyLoginWithValidCredentials" time="0.0" classname="com.test.automation.uiAutomation.AuthPageValidation.SignInValidation">
    <skipped/>
  </testcase> <!-- verifyLoginWithValidCredentials -->
  <testcase name="verifyLoginWithValidCredentials" time="0.0" classname="com.test.automation.uiAutomation.AuthPageValidation.SignInValidation">
    <skipped/>
  </testcase> <!-- verifyLoginWithValidCredentials -->
  <testcase name="verifyLoginWithValidCredentials" time="0.0" classname="com.test.automation.uiAutomation.AuthPageValidation.SignInValidation">
    <skipped/>
  </testcase> <!-- verifyLoginWithValidCredentials -->
  <testcase name="verifySuccessfulLandingOnAuthenticationPage" time="6.953" classname="com.test.automation.uiAutomation.AuthPageValidation.SignInValidation"/>
  <testcase name="verifySuccessfulLandingOnAuthenticationPage" time="6.15" classname="com.test.automation.uiAutomation.AuthPageValidation.SignInValidation"/>
  <testcase name="verifySuccessfulLandingOnAuthenticationPage" time="1.403" classname="com.test.automation.uiAutomation.AuthPageValidation.SignInValidation"/>
  <testcase name="verifySuccessfulLandingOnAuthenticationPage" time="1.412" classname="com.test.automation.uiAutomation.AuthPageValidation.SignInValidation"/>
  <testcase name="verifyLandingOnNewAccountCreationInfoPage" time="6.339" classname="com.test.automation.uiAutomation.AuthPageValidation.SignUpValidation"/>
  <testcase name="verifyLandingOnNewAccountCreationInfoPage" time="0.001" classname="com.test.automation.uiAutomation.AuthPageValidation.SignUpValidation">
    <skipped/>
  </testcase> <!-- verifyLandingOnNewAccountCreationInfoPage -->
  <testcase name="verifyLandingOnNewAccountCreationInfoPage" time="0.0" classname="com.test.automation.uiAutomation.AuthPageValidation.SignUpValidation">
    <skipped/>
  </testcase> <!-- verifyLandingOnNewAccountCreationInfoPage -->
  <testcase name="verifyLandingOnNewAccountCreationInfoPage" time="0.001" classname="com.test.automation.uiAutomation.AuthPageValidation.SignUpValidation">
    <skipped/>
  </testcase> <!-- verifyLandingOnNewAccountCreationInfoPage -->
</testsuite> <!-- AuthPageValidation -->
