<html>
<head>
<title>TestNG:  AuthPageValidation</title>
<link href="../testng.css" rel="stylesheet" type="text/css" />
<link href="../my-testng.css" rel="stylesheet" type="text/css" />

<style type="text/css">
.log { display: none;} 
.stack-trace { display: none;} 
</style>
<script type="text/javascript">
<!--
function flip(e) {
  current = e.style.display;
  if (current == 'block') {
    e.style.display = 'none';
    return 0;
  }
  else {
    e.style.display = 'block';
    return 1;
  }
}

function toggleBox(szDivId, elem, msg1, msg2)
{
  var res = -1;  if (document.getElementById) {
    res = flip(document.getElementById(szDivId));
  }
  else if (document.all) {
    // this is the way old msie versions work
    res = flip(document.all[szDivId]);
  }
  if(elem) {
    if(res == 0) elem.innerHTML = msg1; else elem.innerHTML = msg2;
  }

}

function toggleAllBoxes() {
  if (document.getElementsByTagName) {
    d = document.getElementsByTagName('div');
    for (i = 0; i < d.length; i++) {
      if (d[i].className == 'log') {
        flip(d[i]);
      }
    }
  }
}

// -->
</script>

</head>
<body>
<h2 align='center'>AuthPageValidation</h2><table border='1' align="center">
<tr>
<td>Tests passed/Failed/Skipped:</td><td>6/1/14</td>
</tr><tr>
<td>Started on:</td><td>Sun Jun 10 19:55:34 CDT 2018</td>
</tr>
<tr><td>Total time:</td><td>50 seconds (50335 ms)</td>
</tr><tr>
<td>Included groups:</td><td></td>
</tr><tr>
<td>Excluded groups:</td><td></td>
</tr>
</table><p/>
<small><i>(Hover the method name to see the test class name)</i></small><p/>
<table width='100%' border='1' class='invocation-failed'>
<tr><td colspan='4' align='center'><b>FAILED TESTS</b></td></tr>
<tr><td><b>Test method</b></td>
<td width="30%"><b>Exception</b></td>
<td width="10%"><b>Time (seconds)</b></td>
<td><b>Instance</b></td>
</tr>
<tr>
<td title='com.test.automation.uiAutomation.AuthPageValidation.SignInValidation.verifyLoginWithValidCredentials()'><b>verifyLoginWithValidCredentials</b><br>Test class: com.test.automation.uiAutomation.AuthPageValidation.SignInValidation<br>Parameters: saurabhsharma81285@gmail.com, Pass123, Y<br/>
<a href="#Output-1270163216" onClick='toggleBox("Output-1270163216", this, "Show output", "Hide output");'>Show output</a>

<a href="#Output-1270163216" onClick="toggleAllBoxes();">Show all outputs</a>
<div class='log' id="Output-1270163216">
<a href='/Users/saurabhsharma/Automation_Workspace/UI_Automation/uiAutomation/src/main/java/com/test/automation/uiAutomation/screenshot/LoginWithValidCredentials_saurabhsharma81285@gmail.com_10_06_2018_07_55_58.png'> <img src='/Users/saurabhsharma/Automation_Workspace/UI_Automation/uiAutomation/src/main/java/com/test/automation/uiAutomation/screenshot/LoginWithValidCredentials_saurabhsharma81285@gmail.com_10_06_2018_07_55_58.png' height='100' width='100'/> </a><br/>
</div>
</td>
<td><div><pre>java.lang.AssertionError: expected [Authentication passed.] but found [Authentication failed.]
	at com.test.automation.uiAutomation.AuthPageValidation.SignInValidation.verifyLoginWithValidCredentials(SignInValidation.java:66)
	at java.util.concurrent.FutureTask.run(FutureTask.java:266)
	at java.util.concurrent.ThreadPoolExecutor.runWorker(ThreadPoolExecutor.java:1142)
	at java.util.concurrent.ThreadPoolExecutor$Worker.run(ThreadPoolExecutor.java:617)
	at java.lang.Thread.run(Thread.java:745)
... Removed 22 stack frames</pre></div><a href='#' onClick='toggleBox("stack-trace1270163216", this, "Click to show all stack frames", "Click to hide stack frames")'>Click to show all stack frames</a>
<div class='stack-trace' id='stack-trace1270163216'><pre>java.lang.AssertionError: expected [Authentication passed.] but found [Authentication failed.]
	at org.testng.Assert.fail(Assert.java:94)
	at org.testng.Assert.failNotEquals(Assert.java:513)
	at org.testng.Assert.assertEqualsImpl(Assert.java:135)
	at org.testng.Assert.assertEquals(Assert.java:116)
	at org.testng.Assert.assertEquals(Assert.java:190)
	at org.testng.Assert.assertEquals(Assert.java:200)
	at com.test.automation.uiAutomation.AuthPageValidation.SignInValidation.verifyLoginWithValidCredentials(SignInValidation.java:66)
	at sun.reflect.NativeMethodAccessorImpl.invoke0(Native Method)
	at sun.reflect.NativeMethodAccessorImpl.invoke(NativeMethodAccessorImpl.java:62)
	at sun.reflect.DelegatingMethodAccessorImpl.invoke(DelegatingMethodAccessorImpl.java:43)
	at java.lang.reflect.Method.invoke(Method.java:497)
	at org.testng.internal.MethodInvocationHelper.invokeMethod(MethodInvocationHelper.java:86)
	at org.testng.internal.Invoker.invokeMethod(Invoker.java:643)
	at org.testng.internal.Invoker.retryFailed(Invoker.java:967)
	at org.testng.internal.Invoker.invokeTestMethods(Invoker.java:1146)
	at org.testng.internal.TestMethodWorker.invokeTestMethods(TestMethodWorker.java:129)
	at org.testng.internal.TestMethodWorker.run(TestMethodWorker.java:112)
	at org.testng.TestRunner.privateRun(TestRunner.java:782)
	at org.testng.TestRunner.run(TestRunner.java:632)
	at org.testng.SuiteRunner.runTest(SuiteRunner.java:366)
	at org.testng.SuiteRunner.access$000(SuiteRunner.java:39)
	at org.testng.SuiteRunner$SuiteWorker.run(SuiteRunner.java:400)
	at org.testng.internal.thread.ThreadUtil$2.call(ThreadUtil.java:64)
	at java.util.concurrent.FutureTask.run(FutureTask.java:266)
	at java.util.concurrent.ThreadPoolExecutor.runWorker(ThreadPoolExecutor.java:1142)
	at java.util.concurrent.ThreadPoolExecutor$Worker.run(ThreadPoolExecutor.java:617)
	at java.lang.Thread.run(Thread.java:745)
</pre></div></td>
<td>5</td>
<td>com.test.automation.uiAutomation.AuthPageValidation.SignInValidation@4c6e276e</td></tr>
</table><p>
<table width='100%' border='1' class='invocation-passed'>
<tr><td colspan='4' align='center'><b>PASSED TESTS</b></td></tr>
<tr><td><b>Test method</b></td>
<td width="30%"><b>Exception</b></td>
<td width="10%"><b>Time (seconds)</b></td>
<td><b>Instance</b></td>
</tr>
<tr>
<td title='com.test.automation.uiAutomation.AuthPageValidation.SignUpValidation.verifyLandingOnNewAccountCreationInfoPage()'><b>verifyLandingOnNewAccountCreationInfoPage</b><br>Test class: com.test.automation.uiAutomation.AuthPageValidation.SignUpValidation<br>Parameters: saurabhsharma81285@gmail.com, Pass123, Y<br/>
<a href="#Output-1940780485" onClick='toggleBox("Output-1940780485", this, "Show output", "Hide output");'>Show output</a>

<a href="#Output-1940780485" onClick="toggleAllBoxes();">Show all outputs</a>
<div class='log' id="Output-1940780485">
<a href='/Users/saurabhsharma/Automation_Workspace/UI_Automation/uiAutomation/src/main/java/com/test/automation/uiAutomation/screenshot/LoginWithValidCredentials_saurabhsharma81285@gmail.com_10_06_2018_07_56_21.png'> <img src='/Users/saurabhsharma/Automation_Workspace/UI_Automation/uiAutomation/src/main/java/com/test/automation/uiAutomation/screenshot/LoginWithValidCredentials_saurabhsharma81285@gmail.com_10_06_2018_07_56_21.png' height='100' width='100'/> </a><br/>
</div>
</td>
<td></td>
<td>6</td>
<td>com.test.automation.uiAutomation.AuthPageValidation.SignUpValidation@534df152</td></tr>
<tr>
<td title='com.test.automation.uiAutomation.AuthPageValidation.SignInValidation.verifyLoginWithInvalidCredentials()'><b>verifyLoginWithInvalidCredentials</b><br>Test class: com.test.automation.uiAutomation.AuthPageValidation.SignInValidation<br>Parameters: saurabhsharma81285@gmail.com, Pass123, Y<br/>
<a href="#Output-824518294" onClick='toggleBox("Output-824518294", this, "Show output", "Hide output");'>Show output</a>

<a href="#Output-824518294" onClick="toggleAllBoxes();">Show all outputs</a>
<div class='log' id="Output-824518294">
<a href='/Users/saurabhsharma/Automation_Workspace/UI_Automation/uiAutomation/src/main/java/com/test/automation/uiAutomation/screenshot/LoginWithValidCredentials_saurabhsharma81285@gmail.com_10_06_2018_07_55_44.png'> <img src='/Users/saurabhsharma/Automation_Workspace/UI_Automation/uiAutomation/src/main/java/com/test/automation/uiAutomation/screenshot/LoginWithValidCredentials_saurabhsharma81285@gmail.com_10_06_2018_07_55_44.png' height='100' width='100'/> </a><br/>
</div>
</td>
<td></td>
<td>6</td>
<td>com.test.automation.uiAutomation.AuthPageValidation.SignInValidation@4c6e276e</td></tr>
<tr>
<td title='com.test.automation.uiAutomation.AuthPageValidation.SignInValidation.verifySuccessfulLandingOnAuthenticationPage()'><b>verifySuccessfulLandingOnAuthenticationPage</b><br>Test class: com.test.automation.uiAutomation.AuthPageValidation.SignInValidation<br>Parameters: saurabhsharma81285@gmail.com, Pass123, Y<br/>
<a href="#Output-176191765" onClick='toggleBox("Output-176191765", this, "Show output", "Hide output");'>Show output</a>

<a href="#Output-176191765" onClick="toggleAllBoxes();">Show all outputs</a>
<div class='log' id="Output-176191765">
<a href='/Users/saurabhsharma/Automation_Workspace/UI_Automation/uiAutomation/src/main/java/com/test/automation/uiAutomation/screenshot/LoginWithValidCredentials_saurabhsharma81285@gmail.com_10_06_2018_07_55_59.png'> <img src='/Users/saurabhsharma/Automation_Workspace/UI_Automation/uiAutomation/src/main/java/com/test/automation/uiAutomation/screenshot/LoginWithValidCredentials_saurabhsharma81285@gmail.com_10_06_2018_07_55_59.png' height='100' width='100'/> </a><br/>
</div>
</td>
<td></td>
<td>6</td>
<td>com.test.automation.uiAutomation.AuthPageValidation.SignInValidation@4c6e276e</td></tr>
<tr>
<td title='com.test.automation.uiAutomation.AuthPageValidation.SignInValidation.verifySuccessfulLandingOnAuthenticationPage()'><b>verifySuccessfulLandingOnAuthenticationPage</b><br>Test class: com.test.automation.uiAutomation.AuthPageValidation.SignInValidation<br>Parameters: Sau97601@gmail.com, Pass234, N<br/>
<a href="#Output-653158228" onClick='toggleBox("Output-653158228", this, "Show output", "Hide output");'>Show output</a>

<a href="#Output-653158228" onClick="toggleAllBoxes();">Show all outputs</a>
<div class='log' id="Output-653158228">
<a href='/Users/saurabhsharma/Automation_Workspace/UI_Automation/uiAutomation/src/main/java/com/test/automation/uiAutomation/screenshot/LoginWithValidCredentials_Sau97601@gmail.com_10_06_2018_07_56_06.png'> <img src='/Users/saurabhsharma/Automation_Workspace/UI_Automation/uiAutomation/src/main/java/com/test/automation/uiAutomation/screenshot/LoginWithValidCredentials_Sau97601@gmail.com_10_06_2018_07_56_06.png' height='100' width='100'/> </a><br/>
</div>
</td>
<td></td>
<td>6</td>
<td>com.test.automation.uiAutomation.AuthPageValidation.SignInValidation@4c6e276e</td></tr>
<tr>
<td title='com.test.automation.uiAutomation.AuthPageValidation.SignInValidation.verifySuccessfulLandingOnAuthenticationPage()'><b>verifySuccessfulLandingOnAuthenticationPage</b><br>Test class: com.test.automation.uiAutomation.AuthPageValidation.SignInValidation<br>Parameters: sa@gmail.com, Pass345, N<br/>
<a href="#Output-1995486757" onClick='toggleBox("Output-1995486757", this, "Show output", "Hide output");'>Show output</a>

<a href="#Output-1995486757" onClick="toggleAllBoxes();">Show all outputs</a>
<div class='log' id="Output-1995486757">
<a href='/Users/saurabhsharma/Automation_Workspace/UI_Automation/uiAutomation/src/main/java/com/test/automation/uiAutomation/screenshot/LoginWithValidCredentials_sa@gmail.com_10_06_2018_07_56_12.png'> <img src='/Users/saurabhsharma/Automation_Workspace/UI_Automation/uiAutomation/src/main/java/com/test/automation/uiAutomation/screenshot/LoginWithValidCredentials_sa@gmail.com_10_06_2018_07_56_12.png' height='100' width='100'/> </a><br/>
</div>
</td>
<td></td>
<td>1</td>
<td>com.test.automation.uiAutomation.AuthPageValidation.SignInValidation@4c6e276e</td></tr>
<tr>
<td title='com.test.automation.uiAutomation.AuthPageValidation.SignInValidation.verifySuccessfulLandingOnAuthenticationPage()'><b>verifySuccessfulLandingOnAuthenticationPage</b><br>Test class: com.test.automation.uiAutomation.AuthPageValidation.SignInValidation<br>Parameters: test123@gmail.com, Pass456, N<br/>
<a href="#Output-1097441606" onClick='toggleBox("Output-1097441606", this, "Show output", "Hide output");'>Show output</a>

<a href="#Output-1097441606" onClick="toggleAllBoxes();">Show all outputs</a>
<div class='log' id="Output-1097441606">
<a href='/Users/saurabhsharma/Automation_Workspace/UI_Automation/uiAutomation/src/main/java/com/test/automation/uiAutomation/screenshot/LoginWithValidCredentials_test123@gmail.com_10_06_2018_07_56_13.png'> <img src='/Users/saurabhsharma/Automation_Workspace/UI_Automation/uiAutomation/src/main/java/com/test/automation/uiAutomation/screenshot/LoginWithValidCredentials_test123@gmail.com_10_06_2018_07_56_13.png' height='100' width='100'/> </a><br/>
</div>
</td>
<td></td>
<td>1</td>
<td>com.test.automation.uiAutomation.AuthPageValidation.SignInValidation@4c6e276e</td></tr>
</table><p>
<table width='100%' border='1' class='invocation-skipped'>
<tr><td colspan='4' align='center'><b>SKIPPED TESTS</b></td></tr>
<tr><td><b>Test method</b></td>
<td width="30%"><b>Exception</b></td>
<td width="10%"><b>Time (seconds)</b></td>
<td><b>Instance</b></td>
</tr>
<tr>
<td title='com.test.automation.uiAutomation.AuthPageValidation.SignUpValidation.verifyLandingOnNewAccountCreationInfoPage()'><b>verifyLandingOnNewAccountCreationInfoPage</b><br>Test class: com.test.automation.uiAutomation.AuthPageValidation.SignUpValidation<br>Parameters: Sau97601@gmail.com, Pass234, N</td>
<td><div><pre>org.testng.SkipException: User has marked this test as no run.
	at com.test.automation.uiAutomation.AuthPageValidation.SignUpValidation.verifyLandingOnNewAccountCreationInfoPage(SignUpValidation.java:32)
	at java.util.concurrent.FutureTask.run(FutureTask.java:266)
	at java.util.concurrent.ThreadPoolExecutor.runWorker(ThreadPoolExecutor.java:1142)
	at java.util.concurrent.ThreadPoolExecutor$Worker.run(ThreadPoolExecutor.java:617)
	at java.lang.Thread.run(Thread.java:745)
... Removed 16 stack frames</pre></div><a href='#' onClick='toggleBox("stack-trace1713845759", this, "Click to show all stack frames", "Click to hide stack frames")'>Click to show all stack frames</a>
<div class='stack-trace' id='stack-trace1713845759'><pre>org.testng.SkipException: User has marked this test as no run.
	at com.test.automation.uiAutomation.AuthPageValidation.SignUpValidation.verifyLandingOnNewAccountCreationInfoPage(SignUpValidation.java:32)
	at sun.reflect.NativeMethodAccessorImpl.invoke0(Native Method)
	at sun.reflect.NativeMethodAccessorImpl.invoke(NativeMethodAccessorImpl.java:62)
	at sun.reflect.DelegatingMethodAccessorImpl.invoke(DelegatingMethodAccessorImpl.java:43)
	at java.lang.reflect.Method.invoke(Method.java:497)
	at org.testng.internal.MethodInvocationHelper.invokeMethod(MethodInvocationHelper.java:86)
	at org.testng.internal.Invoker.invokeMethod(Invoker.java:643)
	at org.testng.internal.Invoker.invokeTestMethod(Invoker.java:820)
	at org.testng.internal.Invoker.invokeTestMethods(Invoker.java:1128)
	at org.testng.internal.TestMethodWorker.invokeTestMethods(TestMethodWorker.java:129)
	at org.testng.internal.TestMethodWorker.run(TestMethodWorker.java:112)
	at org.testng.TestRunner.privateRun(TestRunner.java:782)
	at org.testng.TestRunner.run(TestRunner.java:632)
	at org.testng.SuiteRunner.runTest(SuiteRunner.java:366)
	at org.testng.SuiteRunner.access$000(SuiteRunner.java:39)
	at org.testng.SuiteRunner$SuiteWorker.run(SuiteRunner.java:400)
	at org.testng.internal.thread.ThreadUtil$2.call(ThreadUtil.java:64)
	at java.util.concurrent.FutureTask.run(FutureTask.java:266)
	at java.util.concurrent.ThreadPoolExecutor.runWorker(ThreadPoolExecutor.java:1142)
	at java.util.concurrent.ThreadPoolExecutor$Worker.run(ThreadPoolExecutor.java:617)
	at java.lang.Thread.run(Thread.java:745)
</pre></div></td>
<td>0</td>
<td>com.test.automation.uiAutomation.AuthPageValidation.SignUpValidation@534df152</td></tr>
<tr>
<td title='com.test.automation.uiAutomation.AuthPageValidation.SignUpValidation.verifyLandingOnNewAccountCreationInfoPage()'><b>verifyLandingOnNewAccountCreationInfoPage</b><br>Test class: com.test.automation.uiAutomation.AuthPageValidation.SignUpValidation<br>Parameters: sa@gmail.com, Pass345, N</td>
<td><div><pre>org.testng.SkipException: User has marked this test as no run.
	at com.test.automation.uiAutomation.AuthPageValidation.SignUpValidation.verifyLandingOnNewAccountCreationInfoPage(SignUpValidation.java:32)
	at java.util.concurrent.FutureTask.run(FutureTask.java:266)
	at java.util.concurrent.ThreadPoolExecutor.runWorker(ThreadPoolExecutor.java:1142)
	at java.util.concurrent.ThreadPoolExecutor$Worker.run(ThreadPoolExecutor.java:617)
	at java.lang.Thread.run(Thread.java:745)
... Removed 16 stack frames</pre></div><a href='#' onClick='toggleBox("stack-trace1747134751", this, "Click to show all stack frames", "Click to hide stack frames")'>Click to show all stack frames</a>
<div class='stack-trace' id='stack-trace1747134751'><pre>org.testng.SkipException: User has marked this test as no run.
	at com.test.automation.uiAutomation.AuthPageValidation.SignUpValidation.verifyLandingOnNewAccountCreationInfoPage(SignUpValidation.java:32)
	at sun.reflect.NativeMethodAccessorImpl.invoke0(Native Method)
	at sun.reflect.NativeMethodAccessorImpl.invoke(NativeMethodAccessorImpl.java:62)
	at sun.reflect.DelegatingMethodAccessorImpl.invoke(DelegatingMethodAccessorImpl.java:43)
	at java.lang.reflect.Method.invoke(Method.java:497)
	at org.testng.internal.MethodInvocationHelper.invokeMethod(MethodInvocationHelper.java:86)
	at org.testng.internal.Invoker.invokeMethod(Invoker.java:643)
	at org.testng.internal.Invoker.invokeTestMethod(Invoker.java:820)
	at org.testng.internal.Invoker.invokeTestMethods(Invoker.java:1128)
	at org.testng.internal.TestMethodWorker.invokeTestMethods(TestMethodWorker.java:129)
	at org.testng.internal.TestMethodWorker.run(TestMethodWorker.java:112)
	at org.testng.TestRunner.privateRun(TestRunner.java:782)
	at org.testng.TestRunner.run(TestRunner.java:632)
	at org.testng.SuiteRunner.runTest(SuiteRunner.java:366)
	at org.testng.SuiteRunner.access$000(SuiteRunner.java:39)
	at org.testng.SuiteRunner$SuiteWorker.run(SuiteRunner.java:400)
	at org.testng.internal.thread.ThreadUtil$2.call(ThreadUtil.java:64)
	at java.util.concurrent.FutureTask.run(FutureTask.java:266)
	at java.util.concurrent.ThreadPoolExecutor.runWorker(ThreadPoolExecutor.java:1142)
	at java.util.concurrent.ThreadPoolExecutor$Worker.run(ThreadPoolExecutor.java:617)
	at java.lang.Thread.run(Thread.java:745)
</pre></div></td>
<td>0</td>
<td>com.test.automation.uiAutomation.AuthPageValidation.SignUpValidation@534df152</td></tr>
<tr>
<td title='com.test.automation.uiAutomation.AuthPageValidation.SignUpValidation.verifyLandingOnNewAccountCreationInfoPage()'><b>verifyLandingOnNewAccountCreationInfoPage</b><br>Test class: com.test.automation.uiAutomation.AuthPageValidation.SignUpValidation<br>Parameters: test123@gmail.com, Pass456, N</td>
<td><div><pre>org.testng.SkipException: User has marked this test as no run.
	at com.test.automation.uiAutomation.AuthPageValidation.SignUpValidation.verifyLandingOnNewAccountCreationInfoPage(SignUpValidation.java:32)
	at java.util.concurrent.FutureTask.run(FutureTask.java:266)
	at java.util.concurrent.ThreadPoolExecutor.runWorker(ThreadPoolExecutor.java:1142)
	at java.util.concurrent.ThreadPoolExecutor$Worker.run(ThreadPoolExecutor.java:617)
	at java.lang.Thread.run(Thread.java:745)
... Removed 16 stack frames</pre></div><a href='#' onClick='toggleBox("stack-trace1957288228", this, "Click to show all stack frames", "Click to hide stack frames")'>Click to show all stack frames</a>
<div class='stack-trace' id='stack-trace1957288228'><pre>org.testng.SkipException: User has marked this test as no run.
	at com.test.automation.uiAutomation.AuthPageValidation.SignUpValidation.verifyLandingOnNewAccountCreationInfoPage(SignUpValidation.java:32)
	at sun.reflect.NativeMethodAccessorImpl.invoke0(Native Method)
	at sun.reflect.NativeMethodAccessorImpl.invoke(NativeMethodAccessorImpl.java:62)
	at sun.reflect.DelegatingMethodAccessorImpl.invoke(DelegatingMethodAccessorImpl.java:43)
	at java.lang.reflect.Method.invoke(Method.java:497)
	at org.testng.internal.MethodInvocationHelper.invokeMethod(MethodInvocationHelper.java:86)
	at org.testng.internal.Invoker.invokeMethod(Invoker.java:643)
	at org.testng.internal.Invoker.invokeTestMethod(Invoker.java:820)
	at org.testng.internal.Invoker.invokeTestMethods(Invoker.java:1128)
	at org.testng.internal.TestMethodWorker.invokeTestMethods(TestMethodWorker.java:129)
	at org.testng.internal.TestMethodWorker.run(TestMethodWorker.java:112)
	at org.testng.TestRunner.privateRun(TestRunner.java:782)
	at org.testng.TestRunner.run(TestRunner.java:632)
	at org.testng.SuiteRunner.runTest(SuiteRunner.java:366)
	at org.testng.SuiteRunner.access$000(SuiteRunner.java:39)
	at org.testng.SuiteRunner$SuiteWorker.run(SuiteRunner.java:400)
	at org.testng.internal.thread.ThreadUtil$2.call(ThreadUtil.java:64)
	at java.util.concurrent.FutureTask.run(FutureTask.java:266)
	at java.util.concurrent.ThreadPoolExecutor.runWorker(ThreadPoolExecutor.java:1142)
	at java.util.concurrent.ThreadPoolExecutor$Worker.run(ThreadPoolExecutor.java:617)
	at java.lang.Thread.run(Thread.java:745)
</pre></div></td>
<td>0</td>
<td>com.test.automation.uiAutomation.AuthPageValidation.SignUpValidation@534df152</td></tr>
<tr>
<td title='com.test.automation.uiAutomation.AuthPageValidation.SignInValidation.verifyLoginWithInvalidCredentials()'><b>verifyLoginWithInvalidCredentials</b><br>Test class: com.test.automation.uiAutomation.AuthPageValidation.SignInValidation<br>Parameters: Sau97601@gmail.com, Pass234, N</td>
<td><div><pre>org.testng.SkipException: User has marked this test as no run.
	at com.test.automation.uiAutomation.AuthPageValidation.SignInValidation.verifyLoginWithInvalidCredentials(SignInValidation.java:44)
	at java.util.concurrent.FutureTask.run(FutureTask.java:266)
	at java.util.concurrent.ThreadPoolExecutor.runWorker(ThreadPoolExecutor.java:1142)
	at java.util.concurrent.ThreadPoolExecutor$Worker.run(ThreadPoolExecutor.java:617)
	at java.lang.Thread.run(Thread.java:745)
... Removed 16 stack frames</pre></div><a href='#' onClick='toggleBox("stack-trace2064760823", this, "Click to show all stack frames", "Click to hide stack frames")'>Click to show all stack frames</a>
<div class='stack-trace' id='stack-trace2064760823'><pre>org.testng.SkipException: User has marked this test as no run.
	at com.test.automation.uiAutomation.AuthPageValidation.SignInValidation.verifyLoginWithInvalidCredentials(SignInValidation.java:44)
	at sun.reflect.NativeMethodAccessorImpl.invoke0(Native Method)
	at sun.reflect.NativeMethodAccessorImpl.invoke(NativeMethodAccessorImpl.java:62)
	at sun.reflect.DelegatingMethodAccessorImpl.invoke(DelegatingMethodAccessorImpl.java:43)
	at java.lang.reflect.Method.invoke(Method.java:497)
	at org.testng.internal.MethodInvocationHelper.invokeMethod(MethodInvocationHelper.java:86)
	at org.testng.internal.Invoker.invokeMethod(Invoker.java:643)
	at org.testng.internal.Invoker.invokeTestMethod(Invoker.java:820)
	at org.testng.internal.Invoker.invokeTestMethods(Invoker.java:1128)
	at org.testng.internal.TestMethodWorker.invokeTestMethods(TestMethodWorker.java:129)
	at org.testng.internal.TestMethodWorker.run(TestMethodWorker.java:112)
	at org.testng.TestRunner.privateRun(TestRunner.java:782)
	at org.testng.TestRunner.run(TestRunner.java:632)
	at org.testng.SuiteRunner.runTest(SuiteRunner.java:366)
	at org.testng.SuiteRunner.access$000(SuiteRunner.java:39)
	at org.testng.SuiteRunner$SuiteWorker.run(SuiteRunner.java:400)
	at org.testng.internal.thread.ThreadUtil$2.call(ThreadUtil.java:64)
	at java.util.concurrent.FutureTask.run(FutureTask.java:266)
	at java.util.concurrent.ThreadPoolExecutor.runWorker(ThreadPoolExecutor.java:1142)
	at java.util.concurrent.ThreadPoolExecutor$Worker.run(ThreadPoolExecutor.java:617)
	at java.lang.Thread.run(Thread.java:745)
</pre></div></td>
<td>0</td>
<td>com.test.automation.uiAutomation.AuthPageValidation.SignInValidation@4c6e276e</td></tr>
<tr>
<td title='com.test.automation.uiAutomation.AuthPageValidation.SignInValidation.verifyLoginWithInvalidCredentials()'><b>verifyLoginWithInvalidCredentials</b><br>Test class: com.test.automation.uiAutomation.AuthPageValidation.SignInValidation<br>Parameters: sa@gmail.com, Pass345, N</td>
<td><div><pre>org.testng.SkipException: User has marked this test as no run.
	at com.test.automation.uiAutomation.AuthPageValidation.SignInValidation.verifyLoginWithInvalidCredentials(SignInValidation.java:44)
	at java.util.concurrent.FutureTask.run(FutureTask.java:266)
	at java.util.concurrent.ThreadPoolExecutor.runWorker(ThreadPoolExecutor.java:1142)
	at java.util.concurrent.ThreadPoolExecutor$Worker.run(ThreadPoolExecutor.java:617)
	at java.lang.Thread.run(Thread.java:745)
... Removed 16 stack frames</pre></div><a href='#' onClick='toggleBox("stack-trace891022386", this, "Click to show all stack frames", "Click to hide stack frames")'>Click to show all stack frames</a>
<div class='stack-trace' id='stack-trace891022386'><pre>org.testng.SkipException: User has marked this test as no run.
	at com.test.automation.uiAutomation.AuthPageValidation.SignInValidation.verifyLoginWithInvalidCredentials(SignInValidation.java:44)
	at sun.reflect.NativeMethodAccessorImpl.invoke0(Native Method)
	at sun.reflect.NativeMethodAccessorImpl.invoke(NativeMethodAccessorImpl.java:62)
	at sun.reflect.DelegatingMethodAccessorImpl.invoke(DelegatingMethodAccessorImpl.java:43)
	at java.lang.reflect.Method.invoke(Method.java:497)
	at org.testng.internal.MethodInvocationHelper.invokeMethod(MethodInvocationHelper.java:86)
	at org.testng.internal.Invoker.invokeMethod(Invoker.java:643)
	at org.testng.internal.Invoker.invokeTestMethod(Invoker.java:820)
	at org.testng.internal.Invoker.invokeTestMethods(Invoker.java:1128)
	at org.testng.internal.TestMethodWorker.invokeTestMethods(TestMethodWorker.java:129)
	at org.testng.internal.TestMethodWorker.run(TestMethodWorker.java:112)
	at org.testng.TestRunner.privateRun(TestRunner.java:782)
	at org.testng.TestRunner.run(TestRunner.java:632)
	at org.testng.SuiteRunner.runTest(SuiteRunner.java:366)
	at org.testng.SuiteRunner.access$000(SuiteRunner.java:39)
	at org.testng.SuiteRunner$SuiteWorker.run(SuiteRunner.java:400)
	at org.testng.internal.thread.ThreadUtil$2.call(ThreadUtil.java:64)
	at java.util.concurrent.FutureTask.run(FutureTask.java:266)
	at java.util.concurrent.ThreadPoolExecutor.runWorker(ThreadPoolExecutor.java:1142)
	at java.util.concurrent.ThreadPoolExecutor$Worker.run(ThreadPoolExecutor.java:617)
	at java.lang.Thread.run(Thread.java:745)
</pre></div></td>
<td>0</td>
<td>com.test.automation.uiAutomation.AuthPageValidation.SignInValidation@4c6e276e</td></tr>
<tr>
<td title='com.test.automation.uiAutomation.AuthPageValidation.SignInValidation.verifyLoginWithInvalidCredentials()'><b>verifyLoginWithInvalidCredentials</b><br>Test class: com.test.automation.uiAutomation.AuthPageValidation.SignInValidation<br>Parameters: test123@gmail.com, Pass456, N</td>
<td><div><pre>org.testng.SkipException: User has marked this test as no run.
	at com.test.automation.uiAutomation.AuthPageValidation.SignInValidation.verifyLoginWithInvalidCredentials(SignInValidation.java:44)
	at java.util.concurrent.FutureTask.run(FutureTask.java:266)
	at java.util.concurrent.ThreadPoolExecutor.runWorker(ThreadPoolExecutor.java:1142)
	at java.util.concurrent.ThreadPoolExecutor$Worker.run(ThreadPoolExecutor.java:617)
	at java.lang.Thread.run(Thread.java:745)
... Removed 16 stack frames</pre></div><a href='#' onClick='toggleBox("stack-trace1173572533", this, "Click to show all stack frames", "Click to hide stack frames")'>Click to show all stack frames</a>
<div class='stack-trace' id='stack-trace1173572533'><pre>org.testng.SkipException: User has marked this test as no run.
	at com.test.automation.uiAutomation.AuthPageValidation.SignInValidation.verifyLoginWithInvalidCredentials(SignInValidation.java:44)
	at sun.reflect.NativeMethodAccessorImpl.invoke0(Native Method)
	at sun.reflect.NativeMethodAccessorImpl.invoke(NativeMethodAccessorImpl.java:62)
	at sun.reflect.DelegatingMethodAccessorImpl.invoke(DelegatingMethodAccessorImpl.java:43)
	at java.lang.reflect.Method.invoke(Method.java:497)
	at org.testng.internal.MethodInvocationHelper.invokeMethod(MethodInvocationHelper.java:86)
	at org.testng.internal.Invoker.invokeMethod(Invoker.java:643)
	at org.testng.internal.Invoker.invokeTestMethod(Invoker.java:820)
	at org.testng.internal.Invoker.invokeTestMethods(Invoker.java:1128)
	at org.testng.internal.TestMethodWorker.invokeTestMethods(TestMethodWorker.java:129)
	at org.testng.internal.TestMethodWorker.run(TestMethodWorker.java:112)
	at org.testng.TestRunner.privateRun(TestRunner.java:782)
	at org.testng.TestRunner.run(TestRunner.java:632)
	at org.testng.SuiteRunner.runTest(SuiteRunner.java:366)
	at org.testng.SuiteRunner.access$000(SuiteRunner.java:39)
	at org.testng.SuiteRunner$SuiteWorker.run(SuiteRunner.java:400)
	at org.testng.internal.thread.ThreadUtil$2.call(ThreadUtil.java:64)
	at java.util.concurrent.FutureTask.run(FutureTask.java:266)
	at java.util.concurrent.ThreadPoolExecutor.runWorker(ThreadPoolExecutor.java:1142)
	at java.util.concurrent.ThreadPoolExecutor$Worker.run(ThreadPoolExecutor.java:617)
	at java.lang.Thread.run(Thread.java:745)
</pre></div></td>
<td>0</td>
<td>com.test.automation.uiAutomation.AuthPageValidation.SignInValidation@4c6e276e</td></tr>
<tr>
<td title='com.test.automation.uiAutomation.AuthPageValidation.SignInValidation.verifyLoginWithValidCredentials()'><b>verifyLoginWithValidCredentials</b><br>Test class: com.test.automation.uiAutomation.AuthPageValidation.SignInValidation<br>Parameters: saurabhsharma81285@gmail.com, Pass123, Y<br/>
<a href="#Output-235251163" onClick='toggleBox("Output-235251163", this, "Show output", "Hide output");'>Show output</a>

<a href="#Output-235251163" onClick="toggleAllBoxes();">Show all outputs</a>
<div class='log' id="Output-235251163">
<a href='/Users/saurabhsharma/Automation_Workspace/UI_Automation/uiAutomation/src/main/java/com/test/automation/uiAutomation/screenshot/LoginWithValidCredentials_saurabhsharma81285@gmail.com_10_06_2018_07_55_47.png'> <img src='/Users/saurabhsharma/Automation_Workspace/UI_Automation/uiAutomation/src/main/java/com/test/automation/uiAutomation/screenshot/LoginWithValidCredentials_saurabhsharma81285@gmail.com_10_06_2018_07_55_47.png' height='100' width='100'/> </a><br/>
</div>
</td>
<td><div><pre>java.lang.AssertionError: expected [Authentication passed.] but found [Authentication failed.]
	at com.test.automation.uiAutomation.AuthPageValidation.SignInValidation.verifyLoginWithValidCredentials(SignInValidation.java:66)
	at java.util.concurrent.FutureTask.run(FutureTask.java:266)
	at java.util.concurrent.ThreadPoolExecutor.runWorker(ThreadPoolExecutor.java:1142)
	at java.util.concurrent.ThreadPoolExecutor$Worker.run(ThreadPoolExecutor.java:617)
	at java.lang.Thread.run(Thread.java:745)
... Removed 22 stack frames</pre></div><a href='#' onClick='toggleBox("stack-trace235251163", this, "Click to show all stack frames", "Click to hide stack frames")'>Click to show all stack frames</a>
<div class='stack-trace' id='stack-trace235251163'><pre>java.lang.AssertionError: expected [Authentication passed.] but found [Authentication failed.]
	at org.testng.Assert.fail(Assert.java:94)
	at org.testng.Assert.failNotEquals(Assert.java:513)
	at org.testng.Assert.assertEqualsImpl(Assert.java:135)
	at org.testng.Assert.assertEquals(Assert.java:116)
	at org.testng.Assert.assertEquals(Assert.java:190)
	at org.testng.Assert.assertEquals(Assert.java:200)
	at com.test.automation.uiAutomation.AuthPageValidation.SignInValidation.verifyLoginWithValidCredentials(SignInValidation.java:66)
	at sun.reflect.NativeMethodAccessorImpl.invoke0(Native Method)
	at sun.reflect.NativeMethodAccessorImpl.invoke(NativeMethodAccessorImpl.java:62)
	at sun.reflect.DelegatingMethodAccessorImpl.invoke(DelegatingMethodAccessorImpl.java:43)
	at java.lang.reflect.Method.invoke(Method.java:497)
	at org.testng.internal.MethodInvocationHelper.invokeMethod(MethodInvocationHelper.java:86)
	at org.testng.internal.Invoker.invokeMethod(Invoker.java:643)
	at org.testng.internal.Invoker.invokeTestMethod(Invoker.java:820)
	at org.testng.internal.Invoker.invokeTestMethods(Invoker.java:1128)
	at org.testng.internal.TestMethodWorker.invokeTestMethods(TestMethodWorker.java:129)
	at org.testng.internal.TestMethodWorker.run(TestMethodWorker.java:112)
	at org.testng.TestRunner.privateRun(TestRunner.java:782)
	at org.testng.TestRunner.run(TestRunner.java:632)
	at org.testng.SuiteRunner.runTest(SuiteRunner.java:366)
	at org.testng.SuiteRunner.access$000(SuiteRunner.java:39)
	at org.testng.SuiteRunner$SuiteWorker.run(SuiteRunner.java:400)
	at org.testng.internal.thread.ThreadUtil$2.call(ThreadUtil.java:64)
	at java.util.concurrent.FutureTask.run(FutureTask.java:266)
	at java.util.concurrent.ThreadPoolExecutor.runWorker(ThreadPoolExecutor.java:1142)
	at java.util.concurrent.ThreadPoolExecutor$Worker.run(ThreadPoolExecutor.java:617)
	at java.lang.Thread.run(Thread.java:745)
</pre></div></td>
<td>3</td>
<td>com.test.automation.uiAutomation.AuthPageValidation.SignInValidation@4c6e276e</td></tr>
<tr>
<td title='com.test.automation.uiAutomation.AuthPageValidation.SignInValidation.verifyLoginWithValidCredentials()'><b>verifyLoginWithValidCredentials</b><br>Test class: com.test.automation.uiAutomation.AuthPageValidation.SignInValidation<br>Parameters: saurabhsharma81285@gmail.com, Pass123, Y<br/>
<a href="#Output-1536943133" onClick='toggleBox("Output-1536943133", this, "Show output", "Hide output");'>Show output</a>

<a href="#Output-1536943133" onClick="toggleAllBoxes();">Show all outputs</a>
<div class='log' id="Output-1536943133">
<a href='/Users/saurabhsharma/Automation_Workspace/UI_Automation/uiAutomation/src/main/java/com/test/automation/uiAutomation/screenshot/LoginWithValidCredentials_saurabhsharma81285@gmail.com_10_06_2018_07_55_52.png'> <img src='/Users/saurabhsharma/Automation_Workspace/UI_Automation/uiAutomation/src/main/java/com/test/automation/uiAutomation/screenshot/LoginWithValidCredentials_saurabhsharma81285@gmail.com_10_06_2018_07_55_52.png' height='100' width='100'/> </a><br/>
</div>
</td>
<td><div><pre>java.lang.AssertionError: expected [Authentication passed.] but found [Authentication failed.]
	at com.test.automation.uiAutomation.AuthPageValidation.SignInValidation.verifyLoginWithValidCredentials(SignInValidation.java:66)
	at java.util.concurrent.FutureTask.run(FutureTask.java:266)
	at java.util.concurrent.ThreadPoolExecutor.runWorker(ThreadPoolExecutor.java:1142)
	at java.util.concurrent.ThreadPoolExecutor$Worker.run(ThreadPoolExecutor.java:617)
	at java.lang.Thread.run(Thread.java:745)
... Removed 22 stack frames</pre></div><a href='#' onClick='toggleBox("stack-trace1536943133", this, "Click to show all stack frames", "Click to hide stack frames")'>Click to show all stack frames</a>
<div class='stack-trace' id='stack-trace1536943133'><pre>java.lang.AssertionError: expected [Authentication passed.] but found [Authentication failed.]
	at org.testng.Assert.fail(Assert.java:94)
	at org.testng.Assert.failNotEquals(Assert.java:513)
	at org.testng.Assert.assertEqualsImpl(Assert.java:135)
	at org.testng.Assert.assertEquals(Assert.java:116)
	at org.testng.Assert.assertEquals(Assert.java:190)
	at org.testng.Assert.assertEquals(Assert.java:200)
	at com.test.automation.uiAutomation.AuthPageValidation.SignInValidation.verifyLoginWithValidCredentials(SignInValidation.java:66)
	at sun.reflect.NativeMethodAccessorImpl.invoke0(Native Method)
	at sun.reflect.NativeMethodAccessorImpl.invoke(NativeMethodAccessorImpl.java:62)
	at sun.reflect.DelegatingMethodAccessorImpl.invoke(DelegatingMethodAccessorImpl.java:43)
	at java.lang.reflect.Method.invoke(Method.java:497)
	at org.testng.internal.MethodInvocationHelper.invokeMethod(MethodInvocationHelper.java:86)
	at org.testng.internal.Invoker.invokeMethod(Invoker.java:643)
	at org.testng.internal.Invoker.retryFailed(Invoker.java:967)
	at org.testng.internal.Invoker.invokeTestMethods(Invoker.java:1146)
	at org.testng.internal.TestMethodWorker.invokeTestMethods(TestMethodWorker.java:129)
	at org.testng.internal.TestMethodWorker.run(TestMethodWorker.java:112)
	at org.testng.TestRunner.privateRun(TestRunner.java:782)
	at org.testng.TestRunner.run(TestRunner.java:632)
	at org.testng.SuiteRunner.runTest(SuiteRunner.java:366)
	at org.testng.SuiteRunner.access$000(SuiteRunner.java:39)
	at org.testng.SuiteRunner$SuiteWorker.run(SuiteRunner.java:400)
	at org.testng.internal.thread.ThreadUtil$2.call(ThreadUtil.java:64)
	at java.util.concurrent.FutureTask.run(FutureTask.java:266)
	at java.util.concurrent.ThreadPoolExecutor.runWorker(ThreadPoolExecutor.java:1142)
	at java.util.concurrent.ThreadPoolExecutor$Worker.run(ThreadPoolExecutor.java:617)
	at java.lang.Thread.run(Thread.java:745)
</pre></div></td>
<td>5</td>
<td>com.test.automation.uiAutomation.AuthPageValidation.SignInValidation@4c6e276e</td></tr>
<tr>
<td title='com.test.automation.uiAutomation.AuthPageValidation.SignInValidation.verifyLoginWithValidCredentials()'><b>verifyLoginWithValidCredentials</b><br>Test class: com.test.automation.uiAutomation.AuthPageValidation.SignInValidation<br>Parameters: Sau97601@gmail.com, Pass234, N</td>
<td><div><pre>org.testng.SkipException: User has marked this test as no run.
	at com.test.automation.uiAutomation.AuthPageValidation.SignInValidation.verifyLoginWithValidCredentials(SignInValidation.java:60)
	at java.util.concurrent.FutureTask.run(FutureTask.java:266)
	at java.util.concurrent.ThreadPoolExecutor.runWorker(ThreadPoolExecutor.java:1142)
	at java.util.concurrent.ThreadPoolExecutor$Worker.run(ThreadPoolExecutor.java:617)
	at java.lang.Thread.run(Thread.java:745)
... Removed 16 stack frames</pre></div><a href='#' onClick='toggleBox("stack-trace1156452183", this, "Click to show all stack frames", "Click to hide stack frames")'>Click to show all stack frames</a>
<div class='stack-trace' id='stack-trace1156452183'><pre>org.testng.SkipException: User has marked this test as no run.
	at com.test.automation.uiAutomation.AuthPageValidation.SignInValidation.verifyLoginWithValidCredentials(SignInValidation.java:60)
	at sun.reflect.NativeMethodAccessorImpl.invoke0(Native Method)
	at sun.reflect.NativeMethodAccessorImpl.invoke(NativeMethodAccessorImpl.java:62)
	at sun.reflect.DelegatingMethodAccessorImpl.invoke(DelegatingMethodAccessorImpl.java:43)
	at java.lang.reflect.Method.invoke(Method.java:497)
	at org.testng.internal.MethodInvocationHelper.invokeMethod(MethodInvocationHelper.java:86)
	at org.testng.internal.Invoker.invokeMethod(Invoker.java:643)
	at org.testng.internal.Invoker.invokeTestMethod(Invoker.java:820)
	at org.testng.internal.Invoker.invokeTestMethods(Invoker.java:1128)
	at org.testng.internal.TestMethodWorker.invokeTestMethods(TestMethodWorker.java:129)
	at org.testng.internal.TestMethodWorker.run(TestMethodWorker.java:112)
	at org.testng.TestRunner.privateRun(TestRunner.java:782)
	at org.testng.TestRunner.run(TestRunner.java:632)
	at org.testng.SuiteRunner.runTest(SuiteRunner.java:366)
	at org.testng.SuiteRunner.access$000(SuiteRunner.java:39)
	at org.testng.SuiteRunner$SuiteWorker.run(SuiteRunner.java:400)
	at org.testng.internal.thread.ThreadUtil$2.call(ThreadUtil.java:64)
	at java.util.concurrent.FutureTask.run(FutureTask.java:266)
	at java.util.concurrent.ThreadPoolExecutor.runWorker(ThreadPoolExecutor.java:1142)
	at java.util.concurrent.ThreadPoolExecutor$Worker.run(ThreadPoolExecutor.java:617)
	at java.lang.Thread.run(Thread.java:745)
</pre></div></td>
<td>0</td>
<td>com.test.automation.uiAutomation.AuthPageValidation.SignInValidation@4c6e276e</td></tr>
<tr>
<td title='com.test.automation.uiAutomation.AuthPageValidation.SignInValidation.verifyLoginWithValidCredentials()'><b>verifyLoginWithValidCredentials</b><br>Test class: com.test.automation.uiAutomation.AuthPageValidation.SignInValidation<br>Parameters: Sau97601@gmail.com, Pass234, N</td>
<td><div><pre>org.testng.SkipException: User has marked this test as no run.
	at com.test.automation.uiAutomation.AuthPageValidation.SignInValidation.verifyLoginWithValidCredentials(SignInValidation.java:60)
	at java.util.concurrent.FutureTask.run(FutureTask.java:266)
	at java.util.concurrent.ThreadPoolExecutor.runWorker(ThreadPoolExecutor.java:1142)
	at java.util.concurrent.ThreadPoolExecutor$Worker.run(ThreadPoolExecutor.java:617)
	at java.lang.Thread.run(Thread.java:745)
... Removed 16 stack frames</pre></div><a href='#' onClick='toggleBox("stack-trace1482957617", this, "Click to show all stack frames", "Click to hide stack frames")'>Click to show all stack frames</a>
<div class='stack-trace' id='stack-trace1482957617'><pre>org.testng.SkipException: User has marked this test as no run.
	at com.test.automation.uiAutomation.AuthPageValidation.SignInValidation.verifyLoginWithValidCredentials(SignInValidation.java:60)
	at sun.reflect.NativeMethodAccessorImpl.invoke0(Native Method)
	at sun.reflect.NativeMethodAccessorImpl.invoke(NativeMethodAccessorImpl.java:62)
	at sun.reflect.DelegatingMethodAccessorImpl.invoke(DelegatingMethodAccessorImpl.java:43)
	at java.lang.reflect.Method.invoke(Method.java:497)
	at org.testng.internal.MethodInvocationHelper.invokeMethod(MethodInvocationHelper.java:86)
	at org.testng.internal.Invoker.invokeMethod(Invoker.java:643)
	at org.testng.internal.Invoker.retryFailed(Invoker.java:967)
	at org.testng.internal.Invoker.invokeTestMethods(Invoker.java:1146)
	at org.testng.internal.TestMethodWorker.invokeTestMethods(TestMethodWorker.java:129)
	at org.testng.internal.TestMethodWorker.run(TestMethodWorker.java:112)
	at org.testng.TestRunner.privateRun(TestRunner.java:782)
	at org.testng.TestRunner.run(TestRunner.java:632)
	at org.testng.SuiteRunner.runTest(SuiteRunner.java:366)
	at org.testng.SuiteRunner.access$000(SuiteRunner.java:39)
	at org.testng.SuiteRunner$SuiteWorker.run(SuiteRunner.java:400)
	at org.testng.internal.thread.ThreadUtil$2.call(ThreadUtil.java:64)
	at java.util.concurrent.FutureTask.run(FutureTask.java:266)
	at java.util.concurrent.ThreadPoolExecutor.runWorker(ThreadPoolExecutor.java:1142)
	at java.util.concurrent.ThreadPoolExecutor$Worker.run(ThreadPoolExecutor.java:617)
	at java.lang.Thread.run(Thread.java:745)
</pre></div></td>
<td>0</td>
<td>com.test.automation.uiAutomation.AuthPageValidation.SignInValidation@4c6e276e</td></tr>
<tr>
<td title='com.test.automation.uiAutomation.AuthPageValidation.SignInValidation.verifyLoginWithValidCredentials()'><b>verifyLoginWithValidCredentials</b><br>Test class: com.test.automation.uiAutomation.AuthPageValidation.SignInValidation<br>Parameters: sa@gmail.com, Pass345, N</td>
<td><div><pre>org.testng.SkipException: User has marked this test as no run.
	at com.test.automation.uiAutomation.AuthPageValidation.SignInValidation.verifyLoginWithValidCredentials(SignInValidation.java:60)
	at java.util.concurrent.FutureTask.run(FutureTask.java:266)
	at java.util.concurrent.ThreadPoolExecutor.runWorker(ThreadPoolExecutor.java:1142)
	at java.util.concurrent.ThreadPoolExecutor$Worker.run(ThreadPoolExecutor.java:617)
	at java.lang.Thread.run(Thread.java:745)
... Removed 16 stack frames</pre></div><a href='#' onClick='toggleBox("stack-trace239477012", this, "Click to show all stack frames", "Click to hide stack frames")'>Click to show all stack frames</a>
<div class='stack-trace' id='stack-trace239477012'><pre>org.testng.SkipException: User has marked this test as no run.
	at com.test.automation.uiAutomation.AuthPageValidation.SignInValidation.verifyLoginWithValidCredentials(SignInValidation.java:60)
	at sun.reflect.NativeMethodAccessorImpl.invoke0(Native Method)
	at sun.reflect.NativeMethodAccessorImpl.invoke(NativeMethodAccessorImpl.java:62)
	at sun.reflect.DelegatingMethodAccessorImpl.invoke(DelegatingMethodAccessorImpl.java:43)
	at java.lang.reflect.Method.invoke(Method.java:497)
	at org.testng.internal.MethodInvocationHelper.invokeMethod(MethodInvocationHelper.java:86)
	at org.testng.internal.Invoker.invokeMethod(Invoker.java:643)
	at org.testng.internal.Invoker.invokeTestMethod(Invoker.java:820)
	at org.testng.internal.Invoker.invokeTestMethods(Invoker.java:1128)
	at org.testng.internal.TestMethodWorker.invokeTestMethods(TestMethodWorker.java:129)
	at org.testng.internal.TestMethodWorker.run(TestMethodWorker.java:112)
	at org.testng.TestRunner.privateRun(TestRunner.java:782)
	at org.testng.TestRunner.run(TestRunner.java:632)
	at org.testng.SuiteRunner.runTest(SuiteRunner.java:366)
	at org.testng.SuiteRunner.access$000(SuiteRunner.java:39)
	at org.testng.SuiteRunner$SuiteWorker.run(SuiteRunner.java:400)
	at org.testng.internal.thread.ThreadUtil$2.call(ThreadUtil.java:64)
	at java.util.concurrent.FutureTask.run(FutureTask.java:266)
	at java.util.concurrent.ThreadPoolExecutor.runWorker(ThreadPoolExecutor.java:1142)
	at java.util.concurrent.ThreadPoolExecutor$Worker.run(ThreadPoolExecutor.java:617)
	at java.lang.Thread.run(Thread.java:745)
</pre></div></td>
<td>0</td>
<td>com.test.automation.uiAutomation.AuthPageValidation.SignInValidation@4c6e276e</td></tr>
<tr>
<td title='com.test.automation.uiAutomation.AuthPageValidation.SignInValidation.verifyLoginWithValidCredentials()'><b>verifyLoginWithValidCredentials</b><br>Test class: com.test.automation.uiAutomation.AuthPageValidation.SignInValidation<br>Parameters: sa@gmail.com, Pass345, N</td>
<td><div><pre>org.testng.SkipException: User has marked this test as no run.
	at com.test.automation.uiAutomation.AuthPageValidation.SignInValidation.verifyLoginWithValidCredentials(SignInValidation.java:60)
	at java.util.concurrent.FutureTask.run(FutureTask.java:266)
	at java.util.concurrent.ThreadPoolExecutor.runWorker(ThreadPoolExecutor.java:1142)
	at java.util.concurrent.ThreadPoolExecutor$Worker.run(ThreadPoolExecutor.java:617)
	at java.lang.Thread.run(Thread.java:745)
... Removed 16 stack frames</pre></div><a href='#' onClick='toggleBox("stack-trace1608542336", this, "Click to show all stack frames", "Click to hide stack frames")'>Click to show all stack frames</a>
<div class='stack-trace' id='stack-trace1608542336'><pre>org.testng.SkipException: User has marked this test as no run.
	at com.test.automation.uiAutomation.AuthPageValidation.SignInValidation.verifyLoginWithValidCredentials(SignInValidation.java:60)
	at sun.reflect.NativeMethodAccessorImpl.invoke0(Native Method)
	at sun.reflect.NativeMethodAccessorImpl.invoke(NativeMethodAccessorImpl.java:62)
	at sun.reflect.DelegatingMethodAccessorImpl.invoke(DelegatingMethodAccessorImpl.java:43)
	at java.lang.reflect.Method.invoke(Method.java:497)
	at org.testng.internal.MethodInvocationHelper.invokeMethod(MethodInvocationHelper.java:86)
	at org.testng.internal.Invoker.invokeMethod(Invoker.java:643)
	at org.testng.internal.Invoker.retryFailed(Invoker.java:967)
	at org.testng.internal.Invoker.invokeTestMethods(Invoker.java:1146)
	at org.testng.internal.TestMethodWorker.invokeTestMethods(TestMethodWorker.java:129)
	at org.testng.internal.TestMethodWorker.run(TestMethodWorker.java:112)
	at org.testng.TestRunner.privateRun(TestRunner.java:782)
	at org.testng.TestRunner.run(TestRunner.java:632)
	at org.testng.SuiteRunner.runTest(SuiteRunner.java:366)
	at org.testng.SuiteRunner.access$000(SuiteRunner.java:39)
	at org.testng.SuiteRunner$SuiteWorker.run(SuiteRunner.java:400)
	at org.testng.internal.thread.ThreadUtil$2.call(ThreadUtil.java:64)
	at java.util.concurrent.FutureTask.run(FutureTask.java:266)
	at java.util.concurrent.ThreadPoolExecutor.runWorker(ThreadPoolExecutor.java:1142)
	at java.util.concurrent.ThreadPoolExecutor$Worker.run(ThreadPoolExecutor.java:617)
	at java.lang.Thread.run(Thread.java:745)
</pre></div></td>
<td>0</td>
<td>com.test.automation.uiAutomation.AuthPageValidation.SignInValidation@4c6e276e</td></tr>
<tr>
<td title='com.test.automation.uiAutomation.AuthPageValidation.SignInValidation.verifyLoginWithValidCredentials()'><b>verifyLoginWithValidCredentials</b><br>Test class: com.test.automation.uiAutomation.AuthPageValidation.SignInValidation<br>Parameters: test123@gmail.com, Pass456, N</td>
<td><div><pre>org.testng.SkipException: User has marked this test as no run.
	at com.test.automation.uiAutomation.AuthPageValidation.SignInValidation.verifyLoginWithValidCredentials(SignInValidation.java:60)
	at java.util.concurrent.FutureTask.run(FutureTask.java:266)
	at java.util.concurrent.ThreadPoolExecutor.runWorker(ThreadPoolExecutor.java:1142)
	at java.util.concurrent.ThreadPoolExecutor$Worker.run(ThreadPoolExecutor.java:617)
	at java.lang.Thread.run(Thread.java:745)
... Removed 16 stack frames</pre></div><a href='#' onClick='toggleBox("stack-trace935476070", this, "Click to show all stack frames", "Click to hide stack frames")'>Click to show all stack frames</a>
<div class='stack-trace' id='stack-trace935476070'><pre>org.testng.SkipException: User has marked this test as no run.
	at com.test.automation.uiAutomation.AuthPageValidation.SignInValidation.verifyLoginWithValidCredentials(SignInValidation.java:60)
	at sun.reflect.NativeMethodAccessorImpl.invoke0(Native Method)
	at sun.reflect.NativeMethodAccessorImpl.invoke(NativeMethodAccessorImpl.java:62)
	at sun.reflect.DelegatingMethodAccessorImpl.invoke(DelegatingMethodAccessorImpl.java:43)
	at java.lang.reflect.Method.invoke(Method.java:497)
	at org.testng.internal.MethodInvocationHelper.invokeMethod(MethodInvocationHelper.java:86)
	at org.testng.internal.Invoker.invokeMethod(Invoker.java:643)
	at org.testng.internal.Invoker.invokeTestMethod(Invoker.java:820)
	at org.testng.internal.Invoker.invokeTestMethods(Invoker.java:1128)
	at org.testng.internal.TestMethodWorker.invokeTestMethods(TestMethodWorker.java:129)
	at org.testng.internal.TestMethodWorker.run(TestMethodWorker.java:112)
	at org.testng.TestRunner.privateRun(TestRunner.java:782)
	at org.testng.TestRunner.run(TestRunner.java:632)
	at org.testng.SuiteRunner.runTest(SuiteRunner.java:366)
	at org.testng.SuiteRunner.access$000(SuiteRunner.java:39)
	at org.testng.SuiteRunner$SuiteWorker.run(SuiteRunner.java:400)
	at org.testng.internal.thread.ThreadUtil$2.call(ThreadUtil.java:64)
	at java.util.concurrent.FutureTask.run(FutureTask.java:266)
	at java.util.concurrent.ThreadPoolExecutor.runWorker(ThreadPoolExecutor.java:1142)
	at java.util.concurrent.ThreadPoolExecutor$Worker.run(ThreadPoolExecutor.java:617)
	at java.lang.Thread.run(Thread.java:745)
</pre></div></td>
<td>0</td>
<td>com.test.automation.uiAutomation.AuthPageValidation.SignInValidation@4c6e276e</td></tr>
<tr>
<td title='com.test.automation.uiAutomation.AuthPageValidation.SignInValidation.verifyLoginWithValidCredentials()'><b>verifyLoginWithValidCredentials</b><br>Test class: com.test.automation.uiAutomation.AuthPageValidation.SignInValidation<br>Parameters: test123@gmail.com, Pass456, N</td>
<td><div><pre>org.testng.SkipException: User has marked this test as no run.
	at com.test.automation.uiAutomation.AuthPageValidation.SignInValidation.verifyLoginWithValidCredentials(SignInValidation.java:60)
	at java.util.concurrent.FutureTask.run(FutureTask.java:266)
	at java.util.concurrent.ThreadPoolExecutor.runWorker(ThreadPoolExecutor.java:1142)
	at java.util.concurrent.ThreadPoolExecutor$Worker.run(ThreadPoolExecutor.java:617)
	at java.lang.Thread.run(Thread.java:745)
... Removed 16 stack frames</pre></div><a href='#' onClick='toggleBox("stack-trace697210007", this, "Click to show all stack frames", "Click to hide stack frames")'>Click to show all stack frames</a>
<div class='stack-trace' id='stack-trace697210007'><pre>org.testng.SkipException: User has marked this test as no run.
	at com.test.automation.uiAutomation.AuthPageValidation.SignInValidation.verifyLoginWithValidCredentials(SignInValidation.java:60)
	at sun.reflect.NativeMethodAccessorImpl.invoke0(Native Method)
	at sun.reflect.NativeMethodAccessorImpl.invoke(NativeMethodAccessorImpl.java:62)
	at sun.reflect.DelegatingMethodAccessorImpl.invoke(DelegatingMethodAccessorImpl.java:43)
	at java.lang.reflect.Method.invoke(Method.java:497)
	at org.testng.internal.MethodInvocationHelper.invokeMethod(MethodInvocationHelper.java:86)
	at org.testng.internal.Invoker.invokeMethod(Invoker.java:643)
	at org.testng.internal.Invoker.retryFailed(Invoker.java:967)
	at org.testng.internal.Invoker.invokeTestMethods(Invoker.java:1146)
	at org.testng.internal.TestMethodWorker.invokeTestMethods(TestMethodWorker.java:129)
	at org.testng.internal.TestMethodWorker.run(TestMethodWorker.java:112)
	at org.testng.TestRunner.privateRun(TestRunner.java:782)
	at org.testng.TestRunner.run(TestRunner.java:632)
	at org.testng.SuiteRunner.runTest(SuiteRunner.java:366)
	at org.testng.SuiteRunner.access$000(SuiteRunner.java:39)
	at org.testng.SuiteRunner$SuiteWorker.run(SuiteRunner.java:400)
	at org.testng.internal.thread.ThreadUtil$2.call(ThreadUtil.java:64)
	at java.util.concurrent.FutureTask.run(FutureTask.java:266)
	at java.util.concurrent.ThreadPoolExecutor.runWorker(ThreadPoolExecutor.java:1142)
	at java.util.concurrent.ThreadPoolExecutor$Worker.run(ThreadPoolExecutor.java:617)
	at java.lang.Thread.run(Thread.java:745)
</pre></div></td>
<td>0</td>
<td>com.test.automation.uiAutomation.AuthPageValidation.SignInValidation@4c6e276e</td></tr>
</table><p>
</body>
</html>