<!DOCTYPE html PUBLIC "-//W3C//DTD XHTML 1.1//EN" "http://www.w3.org/TR/xhtml11/DTD/xhtml11.dtd">
<html xmlns="http://www.w3.org/1999/xhtml"><head><title>TestNG Report</title><style type="text/css">table {margin-bottom:10px;border-collapse:collapse;empty-cells:show}th,td {border:1px solid #009;padding:.25em .5em}th {vertical-align:bottom}td {vertical-align:top}table a {font-weight:bold}.stripe td {background-color: #E6EBF9}.num {text-align:right}.passedodd td {background-color: #3F3}.passedeven td {background-color: #0A0}.skippedodd td {background-color: #DDD}.skippedeven td {background-color: #CCC}.failedodd td,.attn {background-color: #F33}.failedeven td,.stripe .attn {background-color: #D00}.stacktrace {white-space:pre;font-family:monospace}.totop {font-size:85%;text-align:center;border-bottom:2px solid #000}</style></head><body><table><tr><th>Test</th><th># Passed</th><th># Skipped</th><th># Failed</th><th>Time (ms)</th><th>Included Groups</th><th>Excluded Groups</th></tr><tr><th colspan="7">Suite</th></tr><tr><td><a href="#t0">AuthPageValidation</a></td><td class="num">6</td><td class="num attn">14</td><td class="num attn">1</td><td class="num">50,335</td><td></td><td></td></tr></table><table><thead><tr><th>Class</th><th>Method</th><th>Start</th><th>Time (ms)</th></tr></thead><tbody><tr><th colspan="4">Suite</th></tr></tbody><tbody id="t0"><tr><th colspan="4">AuthPageValidation &#8212; failed</th></tr><tr class="failedeven"><td rowspan="1">com.test.automation.uiAutomation.AuthPageValidation.SignInValidation</td><td><a href="#m0">verifyLoginWithValidCredentials</a></td><td rowspan="1">1528678553366</td><td rowspan="1">5649</td></tr><tr><th colspan="4">AuthPageValidation &#8212; skipped</th></tr><tr class="skippedeven"><td rowspan="11">com.test.automation.uiAutomation.AuthPageValidation.SignInValidation</td><td><a href="#m1">verifyLoginWithInvalidCredentials</a></td><td rowspan="3">1528678544997</td><td rowspan="3">0</td></tr><tr class="skippedeven"><td><a href="#m2">verifyLoginWithInvalidCredentials</a></td></tr><tr class="skippedeven"><td><a href="#m3">verifyLoginWithInvalidCredentials</a></td></tr><tr class="skippedeven"><td><a href="#m4">verifyLoginWithValidCredentials</a></td><td rowspan="8">1528678559387</td><td rowspan="8">0</td></tr><tr class="skippedeven"><td><a href="#m5">verifyLoginWithValidCredentials</a></td></tr><tr class="skippedeven"><td><a href="#m6">verifyLoginWithValidCredentials</a></td></tr><tr class="skippedeven"><td><a href="#m7">verifyLoginWithValidCredentials</a></td></tr><tr class="skippedeven"><td><a href="#m8">verifyLoginWithValidCredentials</a></td></tr><tr class="skippedeven"><td><a href="#m9">verifyLoginWithValidCredentials</a></td></tr><tr class="skippedeven"><td><a href="#m10">verifyLoginWithValidCredentials</a></td></tr><tr class="skippedeven"><td><a href="#m11">verifyLoginWithValidCredentials</a></td></tr><tr class="skippedodd"><td rowspan="3">com.test.automation.uiAutomation.AuthPageValidation.SignUpValidation</td><td><a href="#m12">verifyLandingOnNewAccountCreationInfoPage</a></td><td rowspan="3">1528678584270</td><td rowspan="3">1</td></tr><tr class="skippedodd"><td><a href="#m13">verifyLandingOnNewAccountCreationInfoPage</a></td></tr><tr class="skippedodd"><td><a href="#m14">verifyLandingOnNewAccountCreationInfoPage</a></td></tr><tr><th colspan="4">AuthPageValidation &#8212; passed</th></tr><tr class="passedeven"><td rowspan="5">com.test.automation.uiAutomation.AuthPageValidation.SignInValidation</td><td><a href="#m15">verifyLoginWithInvalidCredentials</a></td><td rowspan="1">1528678538092</td><td rowspan="1">6904</td></tr><tr class="passedeven"><td><a href="#m16">verifySuccessfulLandingOnAuthenticationPage</a></td><td rowspan="4">1528678559418</td><td rowspan="4">6953</td></tr><tr class="passedeven"><td><a href="#m17">verifySuccessfulLandingOnAuthenticationPage</a></td></tr><tr class="passedeven"><td><a href="#m18">verifySuccessfulLandingOnAuthenticationPage</a></td></tr><tr class="passedeven"><td><a href="#m19">verifySuccessfulLandingOnAuthenticationPage</a></td></tr><tr class="passedodd"><td rowspan="1">com.test.automation.uiAutomation.AuthPageValidation.SignUpValidation</td><td><a href="#m20">verifyLandingOnNewAccountCreationInfoPage</a></td><td rowspan="1">1528678577927</td><td rowspan="1">6339</td></tr></tbody></table><h2>AuthPageValidation</h2><h3 id="m0">com.test.automation.uiAutomation.AuthPageValidation.SignInValidation#verifyLoginWithValidCredentials</h3><table class="result"><tr class="param"><th>Parameter #1</th><th>Parameter #2</th><th>Parameter #3</th></tr><tr class="param stripe"><td>saurabhsharma81285@gmail.com</td><td>Pass123</td><td>Y</td></tr><tr><th colspan="3">Messages</th></tr><tr><td colspan="3"><div class="messages">&lt;a href=&apos;/Users/saurabhsharma/Automation_Workspace/UI_Automation/uiAutomation/src/main/java/com/test/automation/uiAutomation/screenshot/LoginWithValidCredentials_saurabhsharma81285@gmail.com_10_06_2018_07_55_58.png&apos;&gt; &lt;img src=&apos;/Users/saurabhsharma/Automation_Workspace/UI_Automation/uiAutomation/src/main/java/com/test/automation/uiAutomation/screenshot/LoginWithValidCredentials_saurabhsharma81285@gmail.com_10_06_2018_07_55_58.png&apos; height=&apos;100&apos; width=&apos;100&apos;/&gt; &lt;/a&gt;</div></td></tr><tr><th colspan="3">Exception</th></tr><tr><td colspan="3"><div class="stacktrace">java.lang.AssertionError: expected [Authentication passed.] but found [Authentication failed.]
	at com.test.automation.uiAutomation.AuthPageValidation.SignInValidation.verifyLoginWithValidCredentials(SignInValidation.java:66)
	at java.util.concurrent.FutureTask.run(FutureTask.java:266)
	at java.util.concurrent.ThreadPoolExecutor.runWorker(ThreadPoolExecutor.java:1142)
	at java.util.concurrent.ThreadPoolExecutor$Worker.run(ThreadPoolExecutor.java:617)
	at java.lang.Thread.run(Thread.java:745)
... Removed 22 stack frames</div></td></tr></table><p class="totop"><a href="#summary">back to summary</a></p><h3 id="m1">com.test.automation.uiAutomation.AuthPageValidation.SignInValidation#verifyLoginWithInvalidCredentials</h3><table class="result"><tr class="param"><th>Parameter #1</th><th>Parameter #2</th><th>Parameter #3</th></tr><tr class="param stripe"><td>Sau97601@gmail.com</td><td>Pass234</td><td>N</td></tr><tr><th colspan="3">Exception</th></tr><tr><td colspan="3"><div class="stacktrace">org.testng.SkipException: User has marked this test as no run.
	at com.test.automation.uiAutomation.AuthPageValidation.SignInValidation.verifyLoginWithInvalidCredentials(SignInValidation.java:44)
	at java.util.concurrent.FutureTask.run(FutureTask.java:266)
	at java.util.concurrent.ThreadPoolExecutor.runWorker(ThreadPoolExecutor.java:1142)
	at java.util.concurrent.ThreadPoolExecutor$Worker.run(ThreadPoolExecutor.java:617)
	at java.lang.Thread.run(Thread.java:745)
... Removed 16 stack frames</div></td></tr></table><p class="totop"><a href="#summary">back to summary</a></p><h3 id="m2">com.test.automation.uiAutomation.AuthPageValidation.SignInValidation#verifyLoginWithInvalidCredentials</h3><table class="result"><tr class="param"><th>Parameter #1</th><th>Parameter #2</th><th>Parameter #3</th></tr><tr class="param stripe"><td>test123@gmail.com</td><td>Pass456</td><td>N</td></tr><tr><th colspan="3">Exception</th></tr><tr><td colspan="3"><div class="stacktrace">org.testng.SkipException: User has marked this test as no run.
	at com.test.automation.uiAutomation.AuthPageValidation.SignInValidation.verifyLoginWithInvalidCredentials(SignInValidation.java:44)
	at java.util.concurrent.FutureTask.run(FutureTask.java:266)
	at java.util.concurrent.ThreadPoolExecutor.runWorker(ThreadPoolExecutor.java:1142)
	at java.util.concurrent.ThreadPoolExecutor$Worker.run(ThreadPoolExecutor.java:617)
	at java.lang.Thread.run(Thread.java:745)
... Removed 16 stack frames</div></td></tr></table><p class="totop"><a href="#summary">back to summary</a></p><h3 id="m3">com.test.automation.uiAutomation.AuthPageValidation.SignInValidation#verifyLoginWithInvalidCredentials</h3><table class="result"><tr class="param"><th>Parameter #1</th><th>Parameter #2</th><th>Parameter #3</th></tr><tr class="param stripe"><td>sa@gmail.com</td><td>Pass345</td><td>N</td></tr><tr><th colspan="3">Exception</th></tr><tr><td colspan="3"><div class="stacktrace">org.testng.SkipException: User has marked this test as no run.
	at com.test.automation.uiAutomation.AuthPageValidation.SignInValidation.verifyLoginWithInvalidCredentials(SignInValidation.java:44)
	at java.util.concurrent.FutureTask.run(FutureTask.java:266)
	at java.util.concurrent.ThreadPoolExecutor.runWorker(ThreadPoolExecutor.java:1142)
	at java.util.concurrent.ThreadPoolExecutor$Worker.run(ThreadPoolExecutor.java:617)
	at java.lang.Thread.run(Thread.java:745)
... Removed 16 stack frames</div></td></tr></table><p class="totop"><a href="#summary">back to summary</a></p><h3 id="m4">com.test.automation.uiAutomation.AuthPageValidation.SignInValidation#verifyLoginWithValidCredentials</h3><table class="result"><tr class="param"><th>Parameter #1</th><th>Parameter #2</th><th>Parameter #3</th></tr><tr class="param stripe"><td>sa@gmail.com</td><td>Pass345</td><td>N</td></tr><tr><th colspan="3">Exception</th></tr><tr><td colspan="3"><div class="stacktrace">org.testng.SkipException: User has marked this test as no run.
	at com.test.automation.uiAutomation.AuthPageValidation.SignInValidation.verifyLoginWithValidCredentials(SignInValidation.java:60)
	at java.util.concurrent.FutureTask.run(FutureTask.java:266)
	at java.util.concurrent.ThreadPoolExecutor.runWorker(ThreadPoolExecutor.java:1142)
	at java.util.concurrent.ThreadPoolExecutor$Worker.run(ThreadPoolExecutor.java:617)
	at java.lang.Thread.run(Thread.java:745)
... Removed 16 stack frames</div></td></tr></table><p class="totop"><a href="#summary">back to summary</a></p><h3 id="m5">com.test.automation.uiAutomation.AuthPageValidation.SignInValidation#verifyLoginWithValidCredentials</h3><table class="result"><tr class="param"><th>Parameter #1</th><th>Parameter #2</th><th>Parameter #3</th></tr><tr class="param stripe"><td>test123@gmail.com</td><td>Pass456</td><td>N</td></tr><tr><th colspan="3">Exception</th></tr><tr><td colspan="3"><div class="stacktrace">org.testng.SkipException: User has marked this test as no run.
	at com.test.automation.uiAutomation.AuthPageValidation.SignInValidation.verifyLoginWithValidCredentials(SignInValidation.java:60)
	at java.util.concurrent.FutureTask.run(FutureTask.java:266)
	at java.util.concurrent.ThreadPoolExecutor.runWorker(ThreadPoolExecutor.java:1142)
	at java.util.concurrent.ThreadPoolExecutor$Worker.run(ThreadPoolExecutor.java:617)
	at java.lang.Thread.run(Thread.java:745)
... Removed 16 stack frames</div></td></tr></table><p class="totop"><a href="#summary">back to summary</a></p><h3 id="m6">com.test.automation.uiAutomation.AuthPageValidation.SignInValidation#verifyLoginWithValidCredentials</h3><table class="result"><tr class="param"><th>Parameter #1</th><th>Parameter #2</th><th>Parameter #3</th></tr><tr class="param stripe"><td>saurabhsharma81285@gmail.com</td><td>Pass123</td><td>Y</td></tr><tr><th colspan="3">Messages</th></tr><tr><td colspan="3"><div class="messages">&lt;a href=&apos;/Users/saurabhsharma/Automation_Workspace/UI_Automation/uiAutomation/src/main/java/com/test/automation/uiAutomation/screenshot/LoginWithValidCredentials_saurabhsharma81285@gmail.com_10_06_2018_07_55_52.png&apos;&gt; &lt;img src=&apos;/Users/saurabhsharma/Automation_Workspace/UI_Automation/uiAutomation/src/main/java/com/test/automation/uiAutomation/screenshot/LoginWithValidCredentials_saurabhsharma81285@gmail.com_10_06_2018_07_55_52.png&apos; height=&apos;100&apos; width=&apos;100&apos;/&gt; &lt;/a&gt;</div></td></tr><tr><th colspan="3">Exception</th></tr><tr><td colspan="3"><div class="stacktrace">java.lang.AssertionError: expected [Authentication passed.] but found [Authentication failed.]
	at com.test.automation.uiAutomation.AuthPageValidation.SignInValidation.verifyLoginWithValidCredentials(SignInValidation.java:66)
	at java.util.concurrent.FutureTask.run(FutureTask.java:266)
	at java.util.concurrent.ThreadPoolExecutor.runWorker(ThreadPoolExecutor.java:1142)
	at java.util.concurrent.ThreadPoolExecutor$Worker.run(ThreadPoolExecutor.java:617)
	at java.lang.Thread.run(Thread.java:745)
... Removed 22 stack frames</div></td></tr></table><p class="totop"><a href="#summary">back to summary</a></p><h3 id="m7">com.test.automation.uiAutomation.AuthPageValidation.SignInValidation#verifyLoginWithValidCredentials</h3><table class="result"><tr class="param"><th>Parameter #1</th><th>Parameter #2</th><th>Parameter #3</th></tr><tr class="param stripe"><td>sa@gmail.com</td><td>Pass345</td><td>N</td></tr><tr><th colspan="3">Exception</th></tr><tr><td colspan="3"><div class="stacktrace">org.testng.SkipException: User has marked this test as no run.
	at com.test.automation.uiAutomation.AuthPageValidation.SignInValidation.verifyLoginWithValidCredentials(SignInValidation.java:60)
	at java.util.concurrent.FutureTask.run(FutureTask.java:266)
	at java.util.concurrent.ThreadPoolExecutor.runWorker(ThreadPoolExecutor.java:1142)
	at java.util.concurrent.ThreadPoolExecutor$Worker.run(ThreadPoolExecutor.java:617)
	at java.lang.Thread.run(Thread.java:745)
... Removed 16 stack frames</div></td></tr></table><p class="totop"><a href="#summary">back to summary</a></p><h3 id="m8">com.test.automation.uiAutomation.AuthPageValidation.SignInValidation#verifyLoginWithValidCredentials</h3><table class="result"><tr class="param"><th>Parameter #1</th><th>Parameter #2</th><th>Parameter #3</th></tr><tr class="param stripe"><td>Sau97601@gmail.com</td><td>Pass234</td><td>N</td></tr><tr><th colspan="3">Exception</th></tr><tr><td colspan="3"><div class="stacktrace">org.testng.SkipException: User has marked this test as no run.
	at com.test.automation.uiAutomation.AuthPageValidation.SignInValidation.verifyLoginWithValidCredentials(SignInValidation.java:60)
	at java.util.concurrent.FutureTask.run(FutureTask.java:266)
	at java.util.concurrent.ThreadPoolExecutor.runWorker(ThreadPoolExecutor.java:1142)
	at java.util.concurrent.ThreadPoolExecutor$Worker.run(ThreadPoolExecutor.java:617)
	at java.lang.Thread.run(Thread.java:745)
... Removed 16 stack frames</div></td></tr></table><p class="totop"><a href="#summary">back to summary</a></p><h3 id="m9">com.test.automation.uiAutomation.AuthPageValidation.SignInValidation#verifyLoginWithValidCredentials</h3><table class="result"><tr class="param"><th>Parameter #1</th><th>Parameter #2</th><th>Parameter #3</th></tr><tr class="param stripe"><td>Sau97601@gmail.com</td><td>Pass234</td><td>N</td></tr><tr><th colspan="3">Exception</th></tr><tr><td colspan="3"><div class="stacktrace">org.testng.SkipException: User has marked this test as no run.
	at com.test.automation.uiAutomation.AuthPageValidation.SignInValidation.verifyLoginWithValidCredentials(SignInValidation.java:60)
	at java.util.concurrent.FutureTask.run(FutureTask.java:266)
	at java.util.concurrent.ThreadPoolExecutor.runWorker(ThreadPoolExecutor.java:1142)
	at java.util.concurrent.ThreadPoolExecutor$Worker.run(ThreadPoolExecutor.java:617)
	at java.lang.Thread.run(Thread.java:745)
... Removed 16 stack frames</div></td></tr></table><p class="totop"><a href="#summary">back to summary</a></p><h3 id="m10">com.test.automation.uiAutomation.AuthPageValidation.SignInValidation#verifyLoginWithValidCredentials</h3><table class="result"><tr class="param"><th>Parameter #1</th><th>Parameter #2</th><th>Parameter #3</th></tr><tr class="param stripe"><td>test123@gmail.com</td><td>Pass456</td><td>N</td></tr><tr><th colspan="3">Exception</th></tr><tr><td colspan="3"><div class="stacktrace">org.testng.SkipException: User has marked this test as no run.
	at com.test.automation.uiAutomation.AuthPageValidation.SignInValidation.verifyLoginWithValidCredentials(SignInValidation.java:60)
	at java.util.concurrent.FutureTask.run(FutureTask.java:266)
	at java.util.concurrent.ThreadPoolExecutor.runWorker(ThreadPoolExecutor.java:1142)
	at java.util.concurrent.ThreadPoolExecutor$Worker.run(ThreadPoolExecutor.java:617)
	at java.lang.Thread.run(Thread.java:745)
... Removed 16 stack frames</div></td></tr></table><p class="totop"><a href="#summary">back to summary</a></p><h3 id="m11">com.test.automation.uiAutomation.AuthPageValidation.SignInValidation#verifyLoginWithValidCredentials</h3><table class="result"><tr class="param"><th>Parameter #1</th><th>Parameter #2</th><th>Parameter #3</th></tr><tr class="param stripe"><td>saurabhsharma81285@gmail.com</td><td>Pass123</td><td>Y</td></tr><tr><th colspan="3">Messages</th></tr><tr><td colspan="3"><div class="messages">&lt;a href=&apos;/Users/saurabhsharma/Automation_Workspace/UI_Automation/uiAutomation/src/main/java/com/test/automation/uiAutomation/screenshot/LoginWithValidCredentials_saurabhsharma81285@gmail.com_10_06_2018_07_55_47.png&apos;&gt; &lt;img src=&apos;/Users/saurabhsharma/Automation_Workspace/UI_Automation/uiAutomation/src/main/java/com/test/automation/uiAutomation/screenshot/LoginWithValidCredentials_saurabhsharma81285@gmail.com_10_06_2018_07_55_47.png&apos; height=&apos;100&apos; width=&apos;100&apos;/&gt; &lt;/a&gt;</div></td></tr><tr><th colspan="3">Exception</th></tr><tr><td colspan="3"><div class="stacktrace">java.lang.AssertionError: expected [Authentication passed.] but found [Authentication failed.]
	at com.test.automation.uiAutomation.AuthPageValidation.SignInValidation.verifyLoginWithValidCredentials(SignInValidation.java:66)
	at java.util.concurrent.FutureTask.run(FutureTask.java:266)
	at java.util.concurrent.ThreadPoolExecutor.runWorker(ThreadPoolExecutor.java:1142)
	at java.util.concurrent.ThreadPoolExecutor$Worker.run(ThreadPoolExecutor.java:617)
	at java.lang.Thread.run(Thread.java:745)
... Removed 22 stack frames</div></td></tr></table><p class="totop"><a href="#summary">back to summary</a></p><h3 id="m12">com.test.automation.uiAutomation.AuthPageValidation.SignUpValidation#verifyLandingOnNewAccountCreationInfoPage</h3><table class="result"><tr class="param"><th>Parameter #1</th><th>Parameter #2</th><th>Parameter #3</th></tr><tr class="param stripe"><td>test123@gmail.com</td><td>Pass456</td><td>N</td></tr><tr><th colspan="3">Exception</th></tr><tr><td colspan="3"><div class="stacktrace">org.testng.SkipException: User has marked this test as no run.
	at com.test.automation.uiAutomation.AuthPageValidation.SignUpValidation.verifyLandingOnNewAccountCreationInfoPage(SignUpValidation.java:32)
	at java.util.concurrent.FutureTask.run(FutureTask.java:266)
	at java.util.concurrent.ThreadPoolExecutor.runWorker(ThreadPoolExecutor.java:1142)
	at java.util.concurrent.ThreadPoolExecutor$Worker.run(ThreadPoolExecutor.java:617)
	at java.lang.Thread.run(Thread.java:745)
... Removed 16 stack frames</div></td></tr></table><p class="totop"><a href="#summary">back to summary</a></p><h3 id="m13">com.test.automation.uiAutomation.AuthPageValidation.SignUpValidation#verifyLandingOnNewAccountCreationInfoPage</h3><table class="result"><tr class="param"><th>Parameter #1</th><th>Parameter #2</th><th>Parameter #3</th></tr><tr class="param stripe"><td>Sau97601@gmail.com</td><td>Pass234</td><td>N</td></tr><tr><th colspan="3">Exception</th></tr><tr><td colspan="3"><div class="stacktrace">org.testng.SkipException: User has marked this test as no run.
	at com.test.automation.uiAutomation.AuthPageValidation.SignUpValidation.verifyLandingOnNewAccountCreationInfoPage(SignUpValidation.java:32)
	at java.util.concurrent.FutureTask.run(FutureTask.java:266)
	at java.util.concurrent.ThreadPoolExecutor.runWorker(ThreadPoolExecutor.java:1142)
	at java.util.concurrent.ThreadPoolExecutor$Worker.run(ThreadPoolExecutor.java:617)
	at java.lang.Thread.run(Thread.java:745)
... Removed 16 stack frames</div></td></tr></table><p class="totop"><a href="#summary">back to summary</a></p><h3 id="m14">com.test.automation.uiAutomation.AuthPageValidation.SignUpValidation#verifyLandingOnNewAccountCreationInfoPage</h3><table class="result"><tr class="param"><th>Parameter #1</th><th>Parameter #2</th><th>Parameter #3</th></tr><tr class="param stripe"><td>sa@gmail.com</td><td>Pass345</td><td>N</td></tr><tr><th colspan="3">Exception</th></tr><tr><td colspan="3"><div class="stacktrace">org.testng.SkipException: User has marked this test as no run.
	at com.test.automation.uiAutomation.AuthPageValidation.SignUpValidation.verifyLandingOnNewAccountCreationInfoPage(SignUpValidation.java:32)
	at java.util.concurrent.FutureTask.run(FutureTask.java:266)
	at java.util.concurrent.ThreadPoolExecutor.runWorker(ThreadPoolExecutor.java:1142)
	at java.util.concurrent.ThreadPoolExecutor$Worker.run(ThreadPoolExecutor.java:617)
	at java.lang.Thread.run(Thread.java:745)
... Removed 16 stack frames</div></td></tr></table><p class="totop"><a href="#summary">back to summary</a></p><h3 id="m15">com.test.automation.uiAutomation.AuthPageValidation.SignInValidation#verifyLoginWithInvalidCredentials</h3><table class="result"><tr class="param"><th>Parameter #1</th><th>Parameter #2</th><th>Parameter #3</th></tr><tr class="param stripe"><td>saurabhsharma81285@gmail.com</td><td>Pass123</td><td>Y</td></tr><tr><th colspan="3">Messages</th></tr><tr><td colspan="3"><div class="messages">&lt;a href=&apos;/Users/saurabhsharma/Automation_Workspace/UI_Automation/uiAutomation/src/main/java/com/test/automation/uiAutomation/screenshot/LoginWithValidCredentials_saurabhsharma81285@gmail.com_10_06_2018_07_55_44.png&apos;&gt; &lt;img src=&apos;/Users/saurabhsharma/Automation_Workspace/UI_Automation/uiAutomation/src/main/java/com/test/automation/uiAutomation/screenshot/LoginWithValidCredentials_saurabhsharma81285@gmail.com_10_06_2018_07_55_44.png&apos; height=&apos;100&apos; width=&apos;100&apos;/&gt; &lt;/a&gt;</div></td></tr></table><p class="totop"><a href="#summary">back to summary</a></p><h3 id="m16">com.test.automation.uiAutomation.AuthPageValidation.SignInValidation#verifySuccessfulLandingOnAuthenticationPage</h3><table class="result"><tr class="param"><th>Parameter #1</th><th>Parameter #2</th><th>Parameter #3</th></tr><tr class="param stripe"><td>saurabhsharma81285@gmail.com</td><td>Pass123</td><td>Y</td></tr><tr><th colspan="3">Messages</th></tr><tr><td colspan="3"><div class="messages">&lt;a href=&apos;/Users/saurabhsharma/Automation_Workspace/UI_Automation/uiAutomation/src/main/java/com/test/automation/uiAutomation/screenshot/LoginWithValidCredentials_saurabhsharma81285@gmail.com_10_06_2018_07_55_59.png&apos;&gt; &lt;img src=&apos;/Users/saurabhsharma/Automation_Workspace/UI_Automation/uiAutomation/src/main/java/com/test/automation/uiAutomation/screenshot/LoginWithValidCredentials_saurabhsharma81285@gmail.com_10_06_2018_07_55_59.png&apos; height=&apos;100&apos; width=&apos;100&apos;/&gt; &lt;/a&gt;</div></td></tr></table><p class="totop"><a href="#summary">back to summary</a></p><h3 id="m17">com.test.automation.uiAutomation.AuthPageValidation.SignInValidation#verifySuccessfulLandingOnAuthenticationPage</h3><table class="result"><tr class="param"><th>Parameter #1</th><th>Parameter #2</th><th>Parameter #3</th></tr><tr class="param stripe"><td>sa@gmail.com</td><td>Pass345</td><td>N</td></tr><tr><th colspan="3">Messages</th></tr><tr><td colspan="3"><div class="messages">&lt;a href=&apos;/Users/saurabhsharma/Automation_Workspace/UI_Automation/uiAutomation/src/main/java/com/test/automation/uiAutomation/screenshot/LoginWithValidCredentials_sa@gmail.com_10_06_2018_07_56_12.png&apos;&gt; &lt;img src=&apos;/Users/saurabhsharma/Automation_Workspace/UI_Automation/uiAutomation/src/main/java/com/test/automation/uiAutomation/screenshot/LoginWithValidCredentials_sa@gmail.com_10_06_2018_07_56_12.png&apos; height=&apos;100&apos; width=&apos;100&apos;/&gt; &lt;/a&gt;</div></td></tr></table><p class="totop"><a href="#summary">back to summary</a></p><h3 id="m18">com.test.automation.uiAutomation.AuthPageValidation.SignInValidation#verifySuccessfulLandingOnAuthenticationPage</h3><table class="result"><tr class="param"><th>Parameter #1</th><th>Parameter #2</th><th>Parameter #3</th></tr><tr class="param stripe"><td>Sau97601@gmail.com</td><td>Pass234</td><td>N</td></tr><tr><th colspan="3">Messages</th></tr><tr><td colspan="3"><div class="messages">&lt;a href=&apos;/Users/saurabhsharma/Automation_Workspace/UI_Automation/uiAutomation/src/main/java/com/test/automation/uiAutomation/screenshot/LoginWithValidCredentials_Sau97601@gmail.com_10_06_2018_07_56_06.png&apos;&gt; &lt;img src=&apos;/Users/saurabhsharma/Automation_Workspace/UI_Automation/uiAutomation/src/main/java/com/test/automation/uiAutomation/screenshot/LoginWithValidCredentials_Sau97601@gmail.com_10_06_2018_07_56_06.png&apos; height=&apos;100&apos; width=&apos;100&apos;/&gt; &lt;/a&gt;</div></td></tr></table><p class="totop"><a href="#summary">back to summary</a></p><h3 id="m19">com.test.automation.uiAutomation.AuthPageValidation.SignInValidation#verifySuccessfulLandingOnAuthenticationPage</h3><table class="result"><tr class="param"><th>Parameter #1</th><th>Parameter #2</th><th>Parameter #3</th></tr><tr class="param stripe"><td>test123@gmail.com</td><td>Pass456</td><td>N</td></tr><tr><th colspan="3">Messages</th></tr><tr><td colspan="3"><div class="messages">&lt;a href=&apos;/Users/saurabhsharma/Automation_Workspace/UI_Automation/uiAutomation/src/main/java/com/test/automation/uiAutomation/screenshot/LoginWithValidCredentials_test123@gmail.com_10_06_2018_07_56_13.png&apos;&gt; &lt;img src=&apos;/Users/saurabhsharma/Automation_Workspace/UI_Automation/uiAutomation/src/main/java/com/test/automation/uiAutomation/screenshot/LoginWithValidCredentials_test123@gmail.com_10_06_2018_07_56_13.png&apos; height=&apos;100&apos; width=&apos;100&apos;/&gt; &lt;/a&gt;</div></td></tr></table><p class="totop"><a href="#summary">back to summary</a></p><h3 id="m20">com.test.automation.uiAutomation.AuthPageValidation.SignUpValidation#verifyLandingOnNewAccountCreationInfoPage</h3><table class="result"><tr class="param"><th>Parameter #1</th><th>Parameter #2</th><th>Parameter #3</th></tr><tr class="param stripe"><td>saurabhsharma81285@gmail.com</td><td>Pass123</td><td>Y</td></tr><tr><th colspan="3">Messages</th></tr><tr><td colspan="3"><div class="messages">&lt;a href=&apos;/Users/saurabhsharma/Automation_Workspace/UI_Automation/uiAutomation/src/main/java/com/test/automation/uiAutomation/screenshot/LoginWithValidCredentials_saurabhsharma81285@gmail.com_10_06_2018_07_56_21.png&apos;&gt; &lt;img src=&apos;/Users/saurabhsharma/Automation_Workspace/UI_Automation/uiAutomation/src/main/java/com/test/automation/uiAutomation/screenshot/LoginWithValidCredentials_saurabhsharma81285@gmail.com_10_06_2018_07_56_21.png&apos; height=&apos;100&apos; width=&apos;100&apos;/&gt; &lt;/a&gt;</div></td></tr></table><p class="totop"><a href="#summary">back to summary</a></p></body></html>