<!DOCTYPE html>

<html>
  <head>
  <meta charset='utf-8'>
  <title>TestNG reports</title>

    <link type="text/css" href="testng-reports.css" rel="stylesheet" />  
    <script type="text/javascript" src="jquery-1.7.1.min.js"></script>
    <script type="text/javascript" src="testng-reports.js"></script>
    <script type="text/javascript" src="https://www.google.com/jsapi"></script>
    <script type='text/javascript'>
      google.load('visualization', '1', {packages:['table']});
      google.setOnLoadCallback(drawTable);
      var suiteTableInitFunctions = new Array();
      var suiteTableData = new Array();
    </script>
    <!--
      <script type="text/javascript" src="jquery-ui/js/jquery-ui-1.8.16.custom.min.js"></script>
     -->
  </head>

  <body>
    <div class="top-banner-root">
      <span class="top-banner-title-font">Test results</span>
      <br/>
      <span class="top-banner-font-1">1 suite, 1 failed test</span>
    </div> <!-- top-banner-root -->
    <div class="navigator-root">
      <div class="navigator-suite-header">
        <span>All suites</span>
        <a href="#" class="collapse-all-link" title="Collapse/expand all the suites">
          <img class="collapse-all-icon" src="collapseall.gif">
          </img> <!-- collapse-all-icon -->
        </a> <!-- collapse-all-link -->
      </div> <!-- navigator-suite-header -->
      <div class="suite">
        <div class="rounded-window">
          <div class="suite-header light-rounded-window-top">
            <a href="#" class="navigator-link" panel-name="suite-Suite">
              <span class="suite-name border-failed">Suite</span>
            </a> <!-- navigator-link -->
          </div> <!-- suite-header light-rounded-window-top -->
          <div class="navigator-suite-content">
            <div class="suite-section-title">
              <span>Info</span>
            </div> <!-- suite-section-title -->
            <div class="suite-section-content">
              <ul>
                <li>
                  <a href="#" class="navigator-link " panel-name="test-xml-Suite">
                    <span>testng.xml</span>
                  </a> <!-- navigator-link  -->
                </li>
                <li>
                  <a href="#" class="navigator-link " panel-name="testlist-Suite">
                    <span class="test-stats">2 tests</span>
                  </a> <!-- navigator-link  -->
                </li>
                <li>
                  <a href="#" class="navigator-link " panel-name="group-Suite">
                    <span>0 groups</span>
                  </a> <!-- navigator-link  -->
                </li>
                <li>
                  <a href="#" class="navigator-link " panel-name="times-Suite">
                    <span>Times</span>
                  </a> <!-- navigator-link  -->
                </li>
                <li>
                  <a href="#" class="navigator-link " panel-name="reporter-Suite">
                    <span>Reporter output</span>
                  </a> <!-- navigator-link  -->
                </li>
                <li>
                  <a href="#" class="navigator-link " panel-name="ignored-methods-Suite">
                    <span>Ignored methods</span>
                  </a> <!-- navigator-link  -->
                </li>
                <li>
                  <a href="#" class="navigator-link " panel-name="chronological-Suite">
                    <span>Chronological view</span>
                  </a> <!-- navigator-link  -->
                </li>
              </ul>
            </div> <!-- suite-section-content -->
            <div class="result-section">
              <div class="suite-section-title">
                <span>Results</span>
              </div> <!-- suite-section-title -->
              <div class="suite-section-content">
                <ul>
                  <li>
                    <span class="method-stats">21 methods, 1 failed,  14 skipped,  6 passed</span>
                  </li>
                  <li>
                    <span class="method-list-title failed">Failed methods</span>
                    <span class="show-or-hide-methods failed">
                      <a href="#" panel-name="suite-Suite" class="hide-methods failed suite-Suite"> (hide)</a> <!-- hide-methods failed suite-Suite -->
                      <a href="#" panel-name="suite-Suite" class="show-methods failed suite-Suite"> (show)</a> <!-- show-methods failed suite-Suite -->
                    </span>
                    <div class="method-list-content failed suite-Suite">
                      <span>
                        <img width="3%" src="failed.png"/>
                        <a href="#" class="method navigator-link" panel-name="suite-Suite" title="com.test.automation.uiAutomation.AuthPageValidation.SignInValidation" hash-for-method="verifyLoginWithValidCredentials(saurabhsharma81285@gmail.com, Pass123, Y)">verifyLoginWithValidCredentials(saurabhsharma81285@gmail.com, Pass123, Y)</a> <!-- method navigator-link -->
                      </span>
                      <br/>
                    </div> <!-- method-list-content failed suite-Suite -->
                  </li>
                  <li>
                    <span class="method-list-title skipped">Skipped methods</span>
                    <span class="show-or-hide-methods skipped">
                      <a href="#" panel-name="suite-Suite" class="hide-methods skipped suite-Suite"> (hide)</a> <!-- hide-methods skipped suite-Suite -->
                      <a href="#" panel-name="suite-Suite" class="show-methods skipped suite-Suite"> (show)</a> <!-- show-methods skipped suite-Suite -->
                    </span>
                    <div class="method-list-content skipped suite-Suite">
                      <span>
                        <img width="3%" src="skipped.png"/>
                        <a href="#" class="method navigator-link" panel-name="suite-Suite" title="com.test.automation.uiAutomation.AuthPageValidation.SignUpValidation" hash-for-method="verifyLandingOnNewAccountCreationInfoPage(test123@gmail.com, Pass456, N)">verifyLandingOnNewAccountCreationInfoPage(test123@gmail.com, Pass456, N)</a> <!-- method navigator-link -->
                      </span>
                      <br/>
                      <span>
                        <img width="3%" src="skipped.png"/>
                        <a href="#" class="method navigator-link" panel-name="suite-Suite" title="com.test.automation.uiAutomation.AuthPageValidation.SignUpValidation" hash-for-method="verifyLandingOnNewAccountCreationInfoPage(Sau97601@gmail.com, Pass234, N)">verifyLandingOnNewAccountCreationInfoPage(Sau97601@gmail.com, Pass234, N)</a> <!-- method navigator-link -->
                      </span>
                      <br/>
                      <span>
                        <img width="3%" src="skipped.png"/>
                        <a href="#" class="method navigator-link" panel-name="suite-Suite" title="com.test.automation.uiAutomation.AuthPageValidation.SignUpValidation" hash-for-method="verifyLandingOnNewAccountCreationInfoPage(sa@gmail.com, Pass345, N)">verifyLandingOnNewAccountCreationInfoPage(sa@gmail.com, Pass345, N)</a> <!-- method navigator-link -->
                      </span>
                      <br/>
                      <span>
                        <img width="3%" src="skipped.png"/>
                        <a href="#" class="method navigator-link" panel-name="suite-Suite" title="com.test.automation.uiAutomation.AuthPageValidation.SignInValidation" hash-for-method="verifyLoginWithInvalidCredentials(Sau97601@gmail.com, Pass234, N)">verifyLoginWithInvalidCredentials(Sau97601@gmail.com, Pass234, N)</a> <!-- method navigator-link -->
                      </span>
                      <br/>
                      <span>
                        <img width="3%" src="skipped.png"/>
                        <a href="#" class="method navigator-link" panel-name="suite-Suite" title="com.test.automation.uiAutomation.AuthPageValidation.SignInValidation" hash-for-method="verifyLoginWithInvalidCredentials(test123@gmail.com, Pass456, N)">verifyLoginWithInvalidCredentials(test123@gmail.com, Pass456, N)</a> <!-- method navigator-link -->
                      </span>
                      <br/>
                      <span>
                        <img width="3%" src="skipped.png"/>
                        <a href="#" class="method navigator-link" panel-name="suite-Suite" title="com.test.automation.uiAutomation.AuthPageValidation.SignInValidation" hash-for-method="verifyLoginWithInvalidCredentials(sa@gmail.com, Pass345, N)">verifyLoginWithInvalidCredentials(sa@gmail.com, Pass345, N)</a> <!-- method navigator-link -->
                      </span>
                      <br/>
                      <span>
                        <img width="3%" src="skipped.png"/>
                        <a href="#" class="method navigator-link" panel-name="suite-Suite" title="com.test.automation.uiAutomation.AuthPageValidation.SignInValidation" hash-for-method="verifyLoginWithValidCredentials(sa@gmail.com, Pass345, N)">verifyLoginWithValidCredentials(sa@gmail.com, Pass345, N)</a> <!-- method navigator-link -->
                      </span>
                      <br/>
                      <span>
                        <img width="3%" src="skipped.png"/>
                        <a href="#" class="method navigator-link" panel-name="suite-Suite" title="com.test.automation.uiAutomation.AuthPageValidation.SignInValidation" hash-for-method="verifyLoginWithValidCredentials(test123@gmail.com, Pass456, N)">verifyLoginWithValidCredentials(test123@gmail.com, Pass456, N)</a> <!-- method navigator-link -->
                      </span>
                      <br/>
                      <span>
                        <img width="3%" src="skipped.png"/>
                        <a href="#" class="method navigator-link" panel-name="suite-Suite" title="com.test.automation.uiAutomation.AuthPageValidation.SignInValidation" hash-for-method="verifyLoginWithValidCredentials(saurabhsharma81285@gmail.com, Pass123, Y)">verifyLoginWithValidCredentials(saurabhsharma81285@gmail.com, Pass123, Y)</a> <!-- method navigator-link -->
                      </span>
                      <br/>
                      <span>
                        <img width="3%" src="skipped.png"/>
                        <a href="#" class="method navigator-link" panel-name="suite-Suite" title="com.test.automation.uiAutomation.AuthPageValidation.SignInValidation" hash-for-method="verifyLoginWithValidCredentials(sa@gmail.com, Pass345, N)">verifyLoginWithValidCredentials(sa@gmail.com, Pass345, N)</a> <!-- method navigator-link -->
                      </span>
                      <br/>
                      <span>
                        <img width="3%" src="skipped.png"/>
                        <a href="#" class="method navigator-link" panel-name="suite-Suite" title="com.test.automation.uiAutomation.AuthPageValidation.SignInValidation" hash-for-method="verifyLoginWithValidCredentials(Sau97601@gmail.com, Pass234, N)">verifyLoginWithValidCredentials(Sau97601@gmail.com, Pass234, N)</a> <!-- method navigator-link -->
                      </span>
                      <br/>
                      <span>
                        <img width="3%" src="skipped.png"/>
                        <a href="#" class="method navigator-link" panel-name="suite-Suite" title="com.test.automation.uiAutomation.AuthPageValidation.SignInValidation" hash-for-method="verifyLoginWithValidCredentials(Sau97601@gmail.com, Pass234, N)">verifyLoginWithValidCredentials(Sau97601@gmail.com, Pass234, N)</a> <!-- method navigator-link -->
                      </span>
                      <br/>
                      <span>
                        <img width="3%" src="skipped.png"/>
                        <a href="#" class="method navigator-link" panel-name="suite-Suite" title="com.test.automation.uiAutomation.AuthPageValidation.SignInValidation" hash-for-method="verifyLoginWithValidCredentials(test123@gmail.com, Pass456, N)">verifyLoginWithValidCredentials(test123@gmail.com, Pass456, N)</a> <!-- method navigator-link -->
                      </span>
                      <br/>
                      <span>
                        <img width="3%" src="skipped.png"/>
                        <a href="#" class="method navigator-link" panel-name="suite-Suite" title="com.test.automation.uiAutomation.AuthPageValidation.SignInValidation" hash-for-method="verifyLoginWithValidCredentials(saurabhsharma81285@gmail.com, Pass123, Y)">verifyLoginWithValidCredentials(saurabhsharma81285@gmail.com, Pass123, Y)</a> <!-- method navigator-link -->
                      </span>
                      <br/>
                    </div> <!-- method-list-content skipped suite-Suite -->
                  </li>
                  <li>
                    <span class="method-list-title passed">Passed methods</span>
                    <span class="show-or-hide-methods passed">
                      <a href="#" panel-name="suite-Suite" class="hide-methods passed suite-Suite"> (hide)</a> <!-- hide-methods passed suite-Suite -->
                      <a href="#" panel-name="suite-Suite" class="show-methods passed suite-Suite"> (show)</a> <!-- show-methods passed suite-Suite -->
                    </span>
                    <div class="method-list-content passed suite-Suite">
                      <span>
                        <img width="3%" src="passed.png"/>
                        <a href="#" class="method navigator-link" panel-name="suite-Suite" title="com.test.automation.uiAutomation.AuthPageValidation.SignUpValidation" hash-for-method="verifyLandingOnNewAccountCreationInfoPage(saurabhsharma81285@gmail.com, Pass123, Y)">verifyLandingOnNewAccountCreationInfoPage(saurabhsharma81285@gmail.com, Pass123, Y)</a> <!-- method navigator-link -->
                      </span>
                      <br/>
                      <span>
                        <img width="3%" src="passed.png"/>
                        <a href="#" class="method navigator-link" panel-name="suite-Suite" title="com.test.automation.uiAutomation.AuthPageValidation.SignInValidation" hash-for-method="verifyLoginWithInvalidCredentials(saurabhsharma81285@gmail.com, Pass123, Y)">verifyLoginWithInvalidCredentials(saurabhsharma81285@gmail.com, Pass123, Y)</a> <!-- method navigator-link -->
                      </span>
                      <br/>
                      <span>
                        <img width="3%" src="passed.png"/>
                        <a href="#" class="method navigator-link" panel-name="suite-Suite" title="com.test.automation.uiAutomation.AuthPageValidation.SignInValidation" hash-for-method="verifySuccessfulLandingOnAuthenticationPage(saurabhsharma81285@gmail.com, Pass123, Y)">verifySuccessfulLandingOnAuthenticationPage(saurabhsharma81285@gmail.com, Pass123, Y)</a> <!-- method navigator-link -->
                      </span>
                      <br/>
                      <span>
                        <img width="3%" src="passed.png"/>
                        <a href="#" class="method navigator-link" panel-name="suite-Suite" title="com.test.automation.uiAutomation.AuthPageValidation.SignInValidation" hash-for-method="verifySuccessfulLandingOnAuthenticationPage(sa@gmail.com, Pass345, N)">verifySuccessfulLandingOnAuthenticationPage(sa@gmail.com, Pass345, N)</a> <!-- method navigator-link -->
                      </span>
                      <br/>
                      <span>
                        <img width="3%" src="passed.png"/>
                        <a href="#" class="method navigator-link" panel-name="suite-Suite" title="com.test.automation.uiAutomation.AuthPageValidation.SignInValidation" hash-for-method="verifySuccessfulLandingOnAuthenticationPage(Sau97601@gmail.com, Pass234, N)">verifySuccessfulLandingOnAuthenticationPage(Sau97601@gmail.com, Pass234, N)</a> <!-- method navigator-link -->
                      </span>
                      <br/>
                      <span>
                        <img width="3%" src="passed.png"/>
                        <a href="#" class="method navigator-link" panel-name="suite-Suite" title="com.test.automation.uiAutomation.AuthPageValidation.SignInValidation" hash-for-method="verifySuccessfulLandingOnAuthenticationPage(test123@gmail.com, Pass456, N)">verifySuccessfulLandingOnAuthenticationPage(test123@gmail.com, Pass456, N)</a> <!-- method navigator-link -->
                      </span>
                      <br/>
                    </div> <!-- method-list-content passed suite-Suite -->
                  </li>
                </ul>
              </div> <!-- suite-section-content -->
            </div> <!-- result-section -->
          </div> <!-- navigator-suite-content -->
        </div> <!-- rounded-window -->
      </div> <!-- suite -->
    </div> <!-- navigator-root -->
    <div class="wrapper">
      <div class="main-panel-root">
        <div panel-name="suite-Suite" class="panel Suite">
          <div class="suite-Suite-class-failed">
            <div class="main-panel-header rounded-window-top">
              <img src="failed.png"/>
              <span class="class-name">com.test.automation.uiAutomation.AuthPageValidation.SignInValidation</span>
            </div> <!-- main-panel-header rounded-window-top -->
            <div class="main-panel-content rounded-window-bottom">
              <div class="method">
                <div class="method-content">
                  <a name="verifyLoginWithValidCredentials(saurabhsharma81285@gmail.com, Pass123, Y)">
                  </a> <!-- verifyLoginWithValidCredentials(saurabhsharma81285@gmail.com, Pass123, Y) -->
                  <span class="method-name">verifyLoginWithValidCredentials</span>
                  <span class="parameters">(saurabhsharma81285@gmail.com, Pass123, Y)</span>
                  <div class="stack-trace">java.lang.AssertionError: expected [Authentication passed.] but found [Authentication failed.]
	at com.test.automation.uiAutomation.AuthPageValidation.SignInValidation.verifyLoginWithValidCredentials(SignInValidation.java:66)
	at java.util.concurrent.FutureTask.run(FutureTask.java:266)
	at java.util.concurrent.ThreadPoolExecutor.runWorker(ThreadPoolExecutor.java:1142)
	at java.util.concurrent.ThreadPoolExecutor$Worker.run(ThreadPoolExecutor.java:617)
	at java.lang.Thread.run(Thread.java:745)
... Removed 22 stack frames
</div> <!-- stack-trace -->
                </div> <!-- method-content -->
              </div> <!-- method -->
            </div> <!-- main-panel-content rounded-window-bottom -->
          </div> <!-- suite-Suite-class-failed -->
          <div class="suite-Suite-class-skipped">
            <div class="main-panel-header rounded-window-top">
              <img src="skipped.png"/>
              <span class="class-name">com.test.automation.uiAutomation.AuthPageValidation.SignInValidation</span>
            </div> <!-- main-panel-header rounded-window-top -->
            <div class="main-panel-content rounded-window-bottom">
              <div class="method">
                <div class="method-content">
                  <a name="verifyLoginWithInvalidCredentials(Sau97601@gmail.com, Pass234, N)">
                  </a> <!-- verifyLoginWithInvalidCredentials(Sau97601@gmail.com, Pass234, N) -->
                  <span class="method-name">verifyLoginWithInvalidCredentials</span>
                  <span class="parameters">(Sau97601@gmail.com, Pass234, N)</span>
                  <div class="stack-trace">org.testng.SkipException: User has marked this test as no run.
	at com.test.automation.uiAutomation.AuthPageValidation.SignInValidation.verifyLoginWithInvalidCredentials(SignInValidation.java:44)
	at java.util.concurrent.FutureTask.run(FutureTask.java:266)
	at java.util.concurrent.ThreadPoolExecutor.runWorker(ThreadPoolExecutor.java:1142)
	at java.util.concurrent.ThreadPoolExecutor$Worker.run(ThreadPoolExecutor.java:617)
	at java.lang.Thread.run(Thread.java:745)
... Removed 16 stack frames
</div> <!-- stack-trace -->
                </div> <!-- method-content -->
              </div> <!-- method -->
              <div class="method">
                <div class="method-content">
                  <a name="verifyLoginWithInvalidCredentials(test123@gmail.com, Pass456, N)">
                  </a> <!-- verifyLoginWithInvalidCredentials(test123@gmail.com, Pass456, N) -->
                  <span class="method-name">verifyLoginWithInvalidCredentials</span>
                  <span class="parameters">(test123@gmail.com, Pass456, N)</span>
                  <div class="stack-trace">org.testng.SkipException: User has marked this test as no run.
	at com.test.automation.uiAutomation.AuthPageValidation.SignInValidation.verifyLoginWithInvalidCredentials(SignInValidation.java:44)
	at java.util.concurrent.FutureTask.run(FutureTask.java:266)
	at java.util.concurrent.ThreadPoolExecutor.runWorker(ThreadPoolExecutor.java:1142)
	at java.util.concurrent.ThreadPoolExecutor$Worker.run(ThreadPoolExecutor.java:617)
	at java.lang.Thread.run(Thread.java:745)
... Removed 16 stack frames
</div> <!-- stack-trace -->
                </div> <!-- method-content -->
              </div> <!-- method -->
              <div class="method">
                <div class="method-content">
                  <a name="verifyLoginWithInvalidCredentials(sa@gmail.com, Pass345, N)">
                  </a> <!-- verifyLoginWithInvalidCredentials(sa@gmail.com, Pass345, N) -->
                  <span class="method-name">verifyLoginWithInvalidCredentials</span>
                  <span class="parameters">(sa@gmail.com, Pass345, N)</span>
                  <div class="stack-trace">org.testng.SkipException: User has marked this test as no run.
	at com.test.automation.uiAutomation.AuthPageValidation.SignInValidation.verifyLoginWithInvalidCredentials(SignInValidation.java:44)
	at java.util.concurrent.FutureTask.run(FutureTask.java:266)
	at java.util.concurrent.ThreadPoolExecutor.runWorker(ThreadPoolExecutor.java:1142)
	at java.util.concurrent.ThreadPoolExecutor$Worker.run(ThreadPoolExecutor.java:617)
	at java.lang.Thread.run(Thread.java:745)
... Removed 16 stack frames
</div> <!-- stack-trace -->
                </div> <!-- method-content -->
              </div> <!-- method -->
              <div class="method">
                <div class="method-content">
                  <a name="verifyLoginWithValidCredentials(sa@gmail.com, Pass345, N)">
                  </a> <!-- verifyLoginWithValidCredentials(sa@gmail.com, Pass345, N) -->
                  <span class="method-name">verifyLoginWithValidCredentials</span>
                  <span class="parameters">(sa@gmail.com, Pass345, N)</span>
                  <div class="stack-trace">org.testng.SkipException: User has marked this test as no run.
	at com.test.automation.uiAutomation.AuthPageValidation.SignInValidation.verifyLoginWithValidCredentials(SignInValidation.java:60)
	at java.util.concurrent.FutureTask.run(FutureTask.java:266)
	at java.util.concurrent.ThreadPoolExecutor.runWorker(ThreadPoolExecutor.java:1142)
	at java.util.concurrent.ThreadPoolExecutor$Worker.run(ThreadPoolExecutor.java:617)
	at java.lang.Thread.run(Thread.java:745)
... Removed 16 stack frames
</div> <!-- stack-trace -->
                </div> <!-- method-content -->
              </div> <!-- method -->
              <div class="method">
                <div class="method-content">
                  <a name="verifyLoginWithValidCredentials(test123@gmail.com, Pass456, N)">
                  </a> <!-- verifyLoginWithValidCredentials(test123@gmail.com, Pass456, N) -->
                  <span class="method-name">verifyLoginWithValidCredentials</span>
                  <span class="parameters">(test123@gmail.com, Pass456, N)</span>
                  <div class="stack-trace">org.testng.SkipException: User has marked this test as no run.
	at com.test.automation.uiAutomation.AuthPageValidation.SignInValidation.verifyLoginWithValidCredentials(SignInValidation.java:60)
	at java.util.concurrent.FutureTask.run(FutureTask.java:266)
	at java.util.concurrent.ThreadPoolExecutor.runWorker(ThreadPoolExecutor.java:1142)
	at java.util.concurrent.ThreadPoolExecutor$Worker.run(ThreadPoolExecutor.java:617)
	at java.lang.Thread.run(Thread.java:745)
... Removed 16 stack frames
</div> <!-- stack-trace -->
                </div> <!-- method-content -->
              </div> <!-- method -->
              <div class="method">
                <div class="method-content">
                  <a name="verifyLoginWithValidCredentials(saurabhsharma81285@gmail.com, Pass123, Y)">
                  </a> <!-- verifyLoginWithValidCredentials(saurabhsharma81285@gmail.com, Pass123, Y) -->
                  <span class="method-name">verifyLoginWithValidCredentials</span>
                  <span class="parameters">(saurabhsharma81285@gmail.com, Pass123, Y)</span>
                  <div class="stack-trace">java.lang.AssertionError: expected [Authentication passed.] but found [Authentication failed.]
	at com.test.automation.uiAutomation.AuthPageValidation.SignInValidation.verifyLoginWithValidCredentials(SignInValidation.java:66)
	at java.util.concurrent.FutureTask.run(FutureTask.java:266)
	at java.util.concurrent.ThreadPoolExecutor.runWorker(ThreadPoolExecutor.java:1142)
	at java.util.concurrent.ThreadPoolExecutor$Worker.run(ThreadPoolExecutor.java:617)
	at java.lang.Thread.run(Thread.java:745)
... Removed 22 stack frames
</div> <!-- stack-trace -->
                </div> <!-- method-content -->
              </div> <!-- method -->
              <div class="method">
                <div class="method-content">
                  <a name="verifyLoginWithValidCredentials(sa@gmail.com, Pass345, N)">
                  </a> <!-- verifyLoginWithValidCredentials(sa@gmail.com, Pass345, N) -->
                  <span class="method-name">verifyLoginWithValidCredentials</span>
                  <span class="parameters">(sa@gmail.com, Pass345, N)</span>
                  <div class="stack-trace">org.testng.SkipException: User has marked this test as no run.
	at com.test.automation.uiAutomation.AuthPageValidation.SignInValidation.verifyLoginWithValidCredentials(SignInValidation.java:60)
	at java.util.concurrent.FutureTask.run(FutureTask.java:266)
	at java.util.concurrent.ThreadPoolExecutor.runWorker(ThreadPoolExecutor.java:1142)
	at java.util.concurrent.ThreadPoolExecutor$Worker.run(ThreadPoolExecutor.java:617)
	at java.lang.Thread.run(Thread.java:745)
... Removed 16 stack frames
</div> <!-- stack-trace -->
                </div> <!-- method-content -->
              </div> <!-- method -->
              <div class="method">
                <div class="method-content">
                  <a name="verifyLoginWithValidCredentials(Sau97601@gmail.com, Pass234, N)">
                  </a> <!-- verifyLoginWithValidCredentials(Sau97601@gmail.com, Pass234, N) -->
                  <span class="method-name">verifyLoginWithValidCredentials</span>
                  <span class="parameters">(Sau97601@gmail.com, Pass234, N)</span>
                  <div class="stack-trace">org.testng.SkipException: User has marked this test as no run.
	at com.test.automation.uiAutomation.AuthPageValidation.SignInValidation.verifyLoginWithValidCredentials(SignInValidation.java:60)
	at java.util.concurrent.FutureTask.run(FutureTask.java:266)
	at java.util.concurrent.ThreadPoolExecutor.runWorker(ThreadPoolExecutor.java:1142)
	at java.util.concurrent.ThreadPoolExecutor$Worker.run(ThreadPoolExecutor.java:617)
	at java.lang.Thread.run(Thread.java:745)
... Removed 16 stack frames
</div> <!-- stack-trace -->
                </div> <!-- method-content -->
              </div> <!-- method -->
              <div class="method">
                <div class="method-content">
                  <a name="verifyLoginWithValidCredentials(Sau97601@gmail.com, Pass234, N)">
                  </a> <!-- verifyLoginWithValidCredentials(Sau97601@gmail.com, Pass234, N) -->
                  <span class="method-name">verifyLoginWithValidCredentials</span>
                  <span class="parameters">(Sau97601@gmail.com, Pass234, N)</span>
                  <div class="stack-trace">org.testng.SkipException: User has marked this test as no run.
	at com.test.automation.uiAutomation.AuthPageValidation.SignInValidation.verifyLoginWithValidCredentials(SignInValidation.java:60)
	at java.util.concurrent.FutureTask.run(FutureTask.java:266)
	at java.util.concurrent.ThreadPoolExecutor.runWorker(ThreadPoolExecutor.java:1142)
	at java.util.concurrent.ThreadPoolExecutor$Worker.run(ThreadPoolExecutor.java:617)
	at java.lang.Thread.run(Thread.java:745)
... Removed 16 stack frames
</div> <!-- stack-trace -->
                </div> <!-- method-content -->
              </div> <!-- method -->
              <div class="method">
                <div class="method-content">
                  <a name="verifyLoginWithValidCredentials(test123@gmail.com, Pass456, N)">
                  </a> <!-- verifyLoginWithValidCredentials(test123@gmail.com, Pass456, N) -->
                  <span class="method-name">verifyLoginWithValidCredentials</span>
                  <span class="parameters">(test123@gmail.com, Pass456, N)</span>
                  <div class="stack-trace">org.testng.SkipException: User has marked this test as no run.
	at com.test.automation.uiAutomation.AuthPageValidation.SignInValidation.verifyLoginWithValidCredentials(SignInValidation.java:60)
	at java.util.concurrent.FutureTask.run(FutureTask.java:266)
	at java.util.concurrent.ThreadPoolExecutor.runWorker(ThreadPoolExecutor.java:1142)
	at java.util.concurrent.ThreadPoolExecutor$Worker.run(ThreadPoolExecutor.java:617)
	at java.lang.Thread.run(Thread.java:745)
... Removed 16 stack frames
</div> <!-- stack-trace -->
                </div> <!-- method-content -->
              </div> <!-- method -->
              <div class="method">
                <div class="method-content">
                  <a name="verifyLoginWithValidCredentials(saurabhsharma81285@gmail.com, Pass123, Y)">
                  </a> <!-- verifyLoginWithValidCredentials(saurabhsharma81285@gmail.com, Pass123, Y) -->
                  <span class="method-name">verifyLoginWithValidCredentials</span>
                  <span class="parameters">(saurabhsharma81285@gmail.com, Pass123, Y)</span>
                  <div class="stack-trace">java.lang.AssertionError: expected [Authentication passed.] but found [Authentication failed.]
	at com.test.automation.uiAutomation.AuthPageValidation.SignInValidation.verifyLoginWithValidCredentials(SignInValidation.java:66)
	at java.util.concurrent.FutureTask.run(FutureTask.java:266)
	at java.util.concurrent.ThreadPoolExecutor.runWorker(ThreadPoolExecutor.java:1142)
	at java.util.concurrent.ThreadPoolExecutor$Worker.run(ThreadPoolExecutor.java:617)
	at java.lang.Thread.run(Thread.java:745)
... Removed 22 stack frames
</div> <!-- stack-trace -->
                </div> <!-- method-content -->
              </div> <!-- method -->
            </div> <!-- main-panel-content rounded-window-bottom -->
          </div> <!-- suite-Suite-class-skipped -->
          <div class="suite-Suite-class-skipped">
            <div class="main-panel-header rounded-window-top">
              <img src="skipped.png"/>
              <span class="class-name">com.test.automation.uiAutomation.AuthPageValidation.SignUpValidation</span>
            </div> <!-- main-panel-header rounded-window-top -->
            <div class="main-panel-content rounded-window-bottom">
              <div class="method">
                <div class="method-content">
                  <a name="verifyLandingOnNewAccountCreationInfoPage(test123@gmail.com, Pass456, N)">
                  </a> <!-- verifyLandingOnNewAccountCreationInfoPage(test123@gmail.com, Pass456, N) -->
                  <span class="method-name">verifyLandingOnNewAccountCreationInfoPage</span>
                  <span class="parameters">(test123@gmail.com, Pass456, N)</span>
                  <div class="stack-trace">org.testng.SkipException: User has marked this test as no run.
	at com.test.automation.uiAutomation.AuthPageValidation.SignUpValidation.verifyLandingOnNewAccountCreationInfoPage(SignUpValidation.java:32)
	at java.util.concurrent.FutureTask.run(FutureTask.java:266)
	at java.util.concurrent.ThreadPoolExecutor.runWorker(ThreadPoolExecutor.java:1142)
	at java.util.concurrent.ThreadPoolExecutor$Worker.run(ThreadPoolExecutor.java:617)
	at java.lang.Thread.run(Thread.java:745)
... Removed 16 stack frames
</div> <!-- stack-trace -->
                </div> <!-- method-content -->
              </div> <!-- method -->
              <div class="method">
                <div class="method-content">
                  <a name="verifyLandingOnNewAccountCreationInfoPage(Sau97601@gmail.com, Pass234, N)">
                  </a> <!-- verifyLandingOnNewAccountCreationInfoPage(Sau97601@gmail.com, Pass234, N) -->
                  <span class="method-name">verifyLandingOnNewAccountCreationInfoPage</span>
                  <span class="parameters">(Sau97601@gmail.com, Pass234, N)</span>
                  <div class="stack-trace">org.testng.SkipException: User has marked this test as no run.
	at com.test.automation.uiAutomation.AuthPageValidation.SignUpValidation.verifyLandingOnNewAccountCreationInfoPage(SignUpValidation.java:32)
	at java.util.concurrent.FutureTask.run(FutureTask.java:266)
	at java.util.concurrent.ThreadPoolExecutor.runWorker(ThreadPoolExecutor.java:1142)
	at java.util.concurrent.ThreadPoolExecutor$Worker.run(ThreadPoolExecutor.java:617)
	at java.lang.Thread.run(Thread.java:745)
... Removed 16 stack frames
</div> <!-- stack-trace -->
                </div> <!-- method-content -->
              </div> <!-- method -->
              <div class="method">
                <div class="method-content">
                  <a name="verifyLandingOnNewAccountCreationInfoPage(sa@gmail.com, Pass345, N)">
                  </a> <!-- verifyLandingOnNewAccountCreationInfoPage(sa@gmail.com, Pass345, N) -->
                  <span class="method-name">verifyLandingOnNewAccountCreationInfoPage</span>
                  <span class="parameters">(sa@gmail.com, Pass345, N)</span>
                  <div class="stack-trace">org.testng.SkipException: User has marked this test as no run.
	at com.test.automation.uiAutomation.AuthPageValidation.SignUpValidation.verifyLandingOnNewAccountCreationInfoPage(SignUpValidation.java:32)
	at java.util.concurrent.FutureTask.run(FutureTask.java:266)
	at java.util.concurrent.ThreadPoolExecutor.runWorker(ThreadPoolExecutor.java:1142)
	at java.util.concurrent.ThreadPoolExecutor$Worker.run(ThreadPoolExecutor.java:617)
	at java.lang.Thread.run(Thread.java:745)
... Removed 16 stack frames
</div> <!-- stack-trace -->
                </div> <!-- method-content -->
              </div> <!-- method -->
            </div> <!-- main-panel-content rounded-window-bottom -->
          </div> <!-- suite-Suite-class-skipped -->
          <div class="suite-Suite-class-passed">
            <div class="main-panel-header rounded-window-top">
              <img src="passed.png"/>
              <span class="class-name">com.test.automation.uiAutomation.AuthPageValidation.SignInValidation</span>
            </div> <!-- main-panel-header rounded-window-top -->
            <div class="main-panel-content rounded-window-bottom">
              <div class="method">
                <div class="method-content">
                  <a name="verifyLoginWithInvalidCredentials(saurabhsharma81285@gmail.com, Pass123, Y)">
                  </a> <!-- verifyLoginWithInvalidCredentials(saurabhsharma81285@gmail.com, Pass123, Y) -->
                  <span class="method-name">verifyLoginWithInvalidCredentials</span>
                  <span class="parameters">(saurabhsharma81285@gmail.com, Pass123, Y)</span>
                </div> <!-- method-content -->
              </div> <!-- method -->
              <div class="method">
                <div class="method-content">
                  <a name="verifySuccessfulLandingOnAuthenticationPage(saurabhsharma81285@gmail.com, Pass123, Y)">
                  </a> <!-- verifySuccessfulLandingOnAuthenticationPage(saurabhsharma81285@gmail.com, Pass123, Y) -->
                  <span class="method-name">verifySuccessfulLandingOnAuthenticationPage</span>
                  <span class="parameters">(saurabhsharma81285@gmail.com, Pass123, Y)</span>
                </div> <!-- method-content -->
              </div> <!-- method -->
              <div class="method">
                <div class="method-content">
                  <a name="verifySuccessfulLandingOnAuthenticationPage(sa@gmail.com, Pass345, N)">
                  </a> <!-- verifySuccessfulLandingOnAuthenticationPage(sa@gmail.com, Pass345, N) -->
                  <span class="method-name">verifySuccessfulLandingOnAuthenticationPage</span>
                  <span class="parameters">(sa@gmail.com, Pass345, N)</span>
                </div> <!-- method-content -->
              </div> <!-- method -->
              <div class="method">
                <div class="method-content">
                  <a name="verifySuccessfulLandingOnAuthenticationPage(Sau97601@gmail.com, Pass234, N)">
                  </a> <!-- verifySuccessfulLandingOnAuthenticationPage(Sau97601@gmail.com, Pass234, N) -->
                  <span class="method-name">verifySuccessfulLandingOnAuthenticationPage</span>
                  <span class="parameters">(Sau97601@gmail.com, Pass234, N)</span>
                </div> <!-- method-content -->
              </div> <!-- method -->
              <div class="method">
                <div class="method-content">
                  <a name="verifySuccessfulLandingOnAuthenticationPage(test123@gmail.com, Pass456, N)">
                  </a> <!-- verifySuccessfulLandingOnAuthenticationPage(test123@gmail.com, Pass456, N) -->
                  <span class="method-name">verifySuccessfulLandingOnAuthenticationPage</span>
                  <span class="parameters">(test123@gmail.com, Pass456, N)</span>
                </div> <!-- method-content -->
              </div> <!-- method -->
            </div> <!-- main-panel-content rounded-window-bottom -->
          </div> <!-- suite-Suite-class-passed -->
          <div class="suite-Suite-class-passed">
            <div class="main-panel-header rounded-window-top">
              <img src="passed.png"/>
              <span class="class-name">com.test.automation.uiAutomation.AuthPageValidation.SignUpValidation</span>
            </div> <!-- main-panel-header rounded-window-top -->
            <div class="main-panel-content rounded-window-bottom">
              <div class="method">
                <div class="method-content">
                  <a name="verifyLandingOnNewAccountCreationInfoPage(saurabhsharma81285@gmail.com, Pass123, Y)">
                  </a> <!-- verifyLandingOnNewAccountCreationInfoPage(saurabhsharma81285@gmail.com, Pass123, Y) -->
                  <span class="method-name">verifyLandingOnNewAccountCreationInfoPage</span>
                  <span class="parameters">(saurabhsharma81285@gmail.com, Pass123, Y)</span>
                </div> <!-- method-content -->
              </div> <!-- method -->
            </div> <!-- main-panel-content rounded-window-bottom -->
          </div> <!-- suite-Suite-class-passed -->
        </div> <!-- panel Suite -->
        <div panel-name="test-xml-Suite" class="panel">
          <div class="main-panel-header rounded-window-top">
            <span class="header-content">/Users/saurabhsharma/Automation_Workspace/UI_Automation/uiAutomation/testng.xml</span>
          </div> <!-- main-panel-header rounded-window-top -->
          <div class="main-panel-content rounded-window-bottom">
            <pre>
&lt;?xml version=&quot;1.0&quot; encoding=&quot;UTF-8&quot;?&gt;
&lt;!DOCTYPE suite SYSTEM &quot;http://testng.org/testng-1.0.dtd&quot;&gt;
&lt;suite thread-count=&quot;4&quot; guice-stage=&quot;DEVELOPMENT&quot; verbose=&quot;0&quot; name=&quot;Suite&quot; parallel=&quot;tests&quot;&gt;
  &lt;listeners&gt;
    &lt;listener class-name=&quot;org.uncommons.reportng.HTMLReporter&quot;/&gt;
    &lt;listener class-name=&quot;org.uncommons.reportng.JUnitXMLReporter&quot;/&gt;
    &lt;listener class-name=&quot;com.test.automation.uiAutomation.RetryFailedTests.Transformation&quot;/&gt;
  &lt;/listeners&gt;
  &lt;test name=&quot;AuthPageValidation&quot;&gt;
    &lt;classes&gt;
      &lt;class name=&quot;com.test.automation.uiAutomation.AuthPageValidation.SignInValidation&quot;/&gt;
      &lt;class name=&quot;com.test.automation.uiAutomation.AuthPageValidation.SignUpValidation&quot;/&gt;
    &lt;/classes&gt;
  &lt;/test&gt; &lt;!-- AuthPageValidation --&gt;
  &lt;test name=&quot;AuthPageValidation(failed)&quot; parallel=&quot;tests&quot;&gt;
    &lt;classes&gt;
      &lt;class name=&quot;com.test.automation.uiAutomation.AuthPageValidation.SignInValidation&quot;&gt;
        &lt;methods&gt;
          &lt;include name=&quot;beforeMethod&quot;/&gt;
          &lt;include name=&quot;setup&quot;/&gt;
          &lt;include name=&quot;endTest&quot;/&gt;
          &lt;include name=&quot;verifyLoginWithValidCredentials&quot; invocation-numbers=&quot;0 0 0 1 1 2 2 3 3&quot;/&gt;
          &lt;include name=&quot;verifyLoginWithInvalidCredentials&quot; invocation-numbers=&quot;1 2 3&quot;/&gt;
          &lt;include name=&quot;afterMethod&quot;/&gt;
        &lt;/methods&gt;
      &lt;/class&gt; &lt;!-- com.test.automation.uiAutomation.AuthPageValidation.SignInValidation --&gt;
      &lt;class name=&quot;com.test.automation.uiAutomation.AuthPageValidation.SignUpValidation&quot;&gt;
        &lt;methods&gt;
          &lt;include name=&quot;beforeMethod&quot;/&gt;
          &lt;include name=&quot;verifyLandingOnNewAccountCreationInfoPage&quot; invocation-numbers=&quot;1 2 3&quot;/&gt;
          &lt;include name=&quot;endTest&quot;/&gt;
          &lt;include name=&quot;setup&quot;/&gt;
          &lt;include name=&quot;afterMethod&quot;/&gt;
        &lt;/methods&gt;
      &lt;/class&gt; &lt;!-- com.test.automation.uiAutomation.AuthPageValidation.SignUpValidation --&gt;
    &lt;/classes&gt;
  &lt;/test&gt; &lt;!-- AuthPageValidation(failed) --&gt;
&lt;/suite&gt; &lt;!-- Suite --&gt;
            </pre>
          </div> <!-- main-panel-content rounded-window-bottom -->
        </div> <!-- panel -->
        <div panel-name="testlist-Suite" class="panel">
          <div class="main-panel-header rounded-window-top">
            <span class="header-content">Tests for Suite</span>
          </div> <!-- main-panel-header rounded-window-top -->
          <div class="main-panel-content rounded-window-bottom">
            <ul>
              <li>
                <span class="test-name">AuthPageValidation (2 classes)</span>
              </li>
              <li>
                <span class="test-name">AuthPageValidation(failed) (2 classes)</span>
              </li>
            </ul>
          </div> <!-- main-panel-content rounded-window-bottom -->
        </div> <!-- panel -->
        <div panel-name="group-Suite" class="panel">
          <div class="main-panel-header rounded-window-top">
            <span class="header-content">Groups for Suite</span>
          </div> <!-- main-panel-header rounded-window-top -->
          <div class="main-panel-content rounded-window-bottom">
          </div> <!-- main-panel-content rounded-window-bottom -->
        </div> <!-- panel -->
        <div panel-name="times-Suite" class="panel">
          <div class="main-panel-header rounded-window-top">
            <span class="header-content">Times for Suite</span>
          </div> <!-- main-panel-header rounded-window-top -->
          <div class="main-panel-content rounded-window-bottom">
            <div class="times-div">
              <script type="text/javascript">
suiteTableInitFunctions.push('tableData_Suite');
function tableData_Suite() {
var data = new google.visualization.DataTable();
data.addColumn('number', 'Number');
data.addColumn('string', 'Method');
data.addColumn('string', 'Class');
data.addColumn('number', 'Time (ms)');
data.addRows(21);
data.setCell(0, 0, 0)
data.setCell(0, 1, 'verifySuccessfulLandingOnAuthenticationPage')
data.setCell(0, 2, 'com.test.automation.uiAutomation.AuthPageValidation.SignInValidation')
data.setCell(0, 3, 6953);
data.setCell(1, 0, 1)
data.setCell(1, 1, 'verifyLoginWithInvalidCredentials')
data.setCell(1, 2, 'com.test.automation.uiAutomation.AuthPageValidation.SignInValidation')
data.setCell(1, 3, 6904);
data.setCell(2, 0, 2)
data.setCell(2, 1, 'verifyLandingOnNewAccountCreationInfoPage')
data.setCell(2, 2, 'com.test.automation.uiAutomation.AuthPageValidation.SignUpValidation')
data.setCell(2, 3, 6339);
data.setCell(3, 0, 3)
data.setCell(3, 1, 'verifySuccessfulLandingOnAuthenticationPage')
data.setCell(3, 2, 'com.test.automation.uiAutomation.AuthPageValidation.SignInValidation')
data.setCell(3, 3, 6150);
data.setCell(4, 0, 4)
data.setCell(4, 1, 'verifyLoginWithValidCredentials')
data.setCell(4, 2, 'com.test.automation.uiAutomation.AuthPageValidation.SignInValidation')
data.setCell(4, 3, 5649);
data.setCell(5, 0, 5)
data.setCell(5, 1, 'verifyLoginWithValidCredentials')
data.setCell(5, 2, 'com.test.automation.uiAutomation.AuthPageValidation.SignInValidation')
data.setCell(5, 3, 5106);
data.setCell(6, 0, 6)
data.setCell(6, 1, 'verifyLoginWithValidCredentials')
data.setCell(6, 2, 'com.test.automation.uiAutomation.AuthPageValidation.SignInValidation')
data.setCell(6, 3, 3173);
data.setCell(7, 0, 7)
data.setCell(7, 1, 'verifySuccessfulLandingOnAuthenticationPage')
data.setCell(7, 2, 'com.test.automation.uiAutomation.AuthPageValidation.SignInValidation')
data.setCell(7, 3, 1412);
data.setCell(8, 0, 8)
data.setCell(8, 1, 'verifySuccessfulLandingOnAuthenticationPage')
data.setCell(8, 2, 'com.test.automation.uiAutomation.AuthPageValidation.SignInValidation')
data.setCell(8, 3, 1403);
data.setCell(9, 0, 9)
data.setCell(9, 1, 'verifyLandingOnNewAccountCreationInfoPage')
data.setCell(9, 2, 'com.test.automation.uiAutomation.AuthPageValidation.SignUpValidation')
data.setCell(9, 3, 1);
data.setCell(10, 0, 10)
data.setCell(10, 1, 'verifyLandingOnNewAccountCreationInfoPage')
data.setCell(10, 2, 'com.test.automation.uiAutomation.AuthPageValidation.SignUpValidation')
data.setCell(10, 3, 1);
data.setCell(11, 0, 11)
data.setCell(11, 1, 'verifyLoginWithValidCredentials')
data.setCell(11, 2, 'com.test.automation.uiAutomation.AuthPageValidation.SignInValidation')
data.setCell(11, 3, 0);
data.setCell(12, 0, 12)
data.setCell(12, 1, 'verifyLoginWithValidCredentials')
data.setCell(12, 2, 'com.test.automation.uiAutomation.AuthPageValidation.SignInValidation')
data.setCell(12, 3, 0);
data.setCell(13, 0, 13)
data.setCell(13, 1, 'verifyLoginWithInvalidCredentials')
data.setCell(13, 2, 'com.test.automation.uiAutomation.AuthPageValidation.SignInValidation')
data.setCell(13, 3, 0);
data.setCell(14, 0, 14)
data.setCell(14, 1, 'verifyLoginWithInvalidCredentials')
data.setCell(14, 2, 'com.test.automation.uiAutomation.AuthPageValidation.SignInValidation')
data.setCell(14, 3, 0);
data.setCell(15, 0, 15)
data.setCell(15, 1, 'verifyLoginWithInvalidCredentials')
data.setCell(15, 2, 'com.test.automation.uiAutomation.AuthPageValidation.SignInValidation')
data.setCell(15, 3, 0);
data.setCell(16, 0, 16)
data.setCell(16, 1, 'verifyLoginWithValidCredentials')
data.setCell(16, 2, 'com.test.automation.uiAutomation.AuthPageValidation.SignInValidation')
data.setCell(16, 3, 0);
data.setCell(17, 0, 17)
data.setCell(17, 1, 'verifyLoginWithValidCredentials')
data.setCell(17, 2, 'com.test.automation.uiAutomation.AuthPageValidation.SignInValidation')
data.setCell(17, 3, 0);
data.setCell(18, 0, 18)
data.setCell(18, 1, 'verifyLoginWithValidCredentials')
data.setCell(18, 2, 'com.test.automation.uiAutomation.AuthPageValidation.SignInValidation')
data.setCell(18, 3, 0);
data.setCell(19, 0, 19)
data.setCell(19, 1, 'verifyLoginWithValidCredentials')
data.setCell(19, 2, 'com.test.automation.uiAutomation.AuthPageValidation.SignInValidation')
data.setCell(19, 3, 0);
data.setCell(20, 0, 20)
data.setCell(20, 1, 'verifyLandingOnNewAccountCreationInfoPage')
data.setCell(20, 2, 'com.test.automation.uiAutomation.AuthPageValidation.SignUpValidation')
data.setCell(20, 3, 0);
window.suiteTableData['Suite']= { tableData: data, tableDiv: 'times-div-Suite'}
return data;
}
              </script>
              <span class="suite-total-time">Total running time: 43 seconds</span>
              <div id="times-div-Suite">
              </div> <!-- times-div-Suite -->
            </div> <!-- times-div -->
          </div> <!-- main-panel-content rounded-window-bottom -->
        </div> <!-- panel -->
        <div panel-name="reporter-Suite" class="panel">
          <div class="main-panel-header rounded-window-top">
            <span class="header-content">Reporter output for Suite</span>
          </div> <!-- main-panel-header rounded-window-top -->
          <div class="main-panel-content rounded-window-bottom">
            <div class="reporter-method-div">
              <span class="reporter-method-name">verifyLoginWithInvalidCredentials(saurabhsharma81285@gmail.com, Pass123, Y)</span>
              <div class="reporter-method-output-div">
                <span class="reporter-method-output"><a href='/Users/saurabhsharma/Automation_Workspace/UI_Automation/uiAutomation/src/main/java/com/test/automation/uiAutomation/screenshot/LoginWithValidCredentials_saurabhsharma81285@gmail.com_10_06_2018_07_55_44.png'> <img src='/Users/saurabhsharma/Automation_Workspace/UI_Automation/uiAutomation/src/main/java/com/test/automation/uiAutomation/screenshot/LoginWithValidCredentials_saurabhsharma81285@gmail.com_10_06_2018_07_55_44.png' height='100' width='100'/> </a></span>
              </div> <!-- reporter-method-output-div -->
            </div> <!-- reporter-method-div -->
            <div class="reporter-method-div">
              <span class="reporter-method-name">verifySuccessfulLandingOnAuthenticationPage(saurabhsharma81285@gmail.com, Pass123, Y)</span>
              <div class="reporter-method-output-div">
                <span class="reporter-method-output"><a href='/Users/saurabhsharma/Automation_Workspace/UI_Automation/uiAutomation/src/main/java/com/test/automation/uiAutomation/screenshot/LoginWithValidCredentials_saurabhsharma81285@gmail.com_10_06_2018_07_55_59.png'> <img src='/Users/saurabhsharma/Automation_Workspace/UI_Automation/uiAutomation/src/main/java/com/test/automation/uiAutomation/screenshot/LoginWithValidCredentials_saurabhsharma81285@gmail.com_10_06_2018_07_55_59.png' height='100' width='100'/> </a></span>
              </div> <!-- reporter-method-output-div -->
            </div> <!-- reporter-method-div -->
            <div class="reporter-method-div">
              <span class="reporter-method-name">verifySuccessfulLandingOnAuthenticationPage(sa@gmail.com, Pass345, N)</span>
              <div class="reporter-method-output-div">
                <span class="reporter-method-output"><a href='/Users/saurabhsharma/Automation_Workspace/UI_Automation/uiAutomation/src/main/java/com/test/automation/uiAutomation/screenshot/LoginWithValidCredentials_sa@gmail.com_10_06_2018_07_56_12.png'> <img src='/Users/saurabhsharma/Automation_Workspace/UI_Automation/uiAutomation/src/main/java/com/test/automation/uiAutomation/screenshot/LoginWithValidCredentials_sa@gmail.com_10_06_2018_07_56_12.png' height='100' width='100'/> </a></span>
              </div> <!-- reporter-method-output-div -->
            </div> <!-- reporter-method-div -->
            <div class="reporter-method-div">
              <span class="reporter-method-name">verifyLandingOnNewAccountCreationInfoPage(saurabhsharma81285@gmail.com, Pass123, Y)</span>
              <div class="reporter-method-output-div">
                <span class="reporter-method-output"><a href='/Users/saurabhsharma/Automation_Workspace/UI_Automation/uiAutomation/src/main/java/com/test/automation/uiAutomation/screenshot/LoginWithValidCredentials_saurabhsharma81285@gmail.com_10_06_2018_07_56_21.png'> <img src='/Users/saurabhsharma/Automation_Workspace/UI_Automation/uiAutomation/src/main/java/com/test/automation/uiAutomation/screenshot/LoginWithValidCredentials_saurabhsharma81285@gmail.com_10_06_2018_07_56_21.png' height='100' width='100'/> </a></span>
              </div> <!-- reporter-method-output-div -->
            </div> <!-- reporter-method-div -->
            <div class="reporter-method-div">
              <span class="reporter-method-name">verifySuccessfulLandingOnAuthenticationPage(Sau97601@gmail.com, Pass234, N)</span>
              <div class="reporter-method-output-div">
                <span class="reporter-method-output"><a href='/Users/saurabhsharma/Automation_Workspace/UI_Automation/uiAutomation/src/main/java/com/test/automation/uiAutomation/screenshot/LoginWithValidCredentials_Sau97601@gmail.com_10_06_2018_07_56_06.png'> <img src='/Users/saurabhsharma/Automation_Workspace/UI_Automation/uiAutomation/src/main/java/com/test/automation/uiAutomation/screenshot/LoginWithValidCredentials_Sau97601@gmail.com_10_06_2018_07_56_06.png' height='100' width='100'/> </a></span>
              </div> <!-- reporter-method-output-div -->
            </div> <!-- reporter-method-div -->
            <div class="reporter-method-div">
              <span class="reporter-method-name">verifySuccessfulLandingOnAuthenticationPage(test123@gmail.com, Pass456, N)</span>
              <div class="reporter-method-output-div">
                <span class="reporter-method-output"><a href='/Users/saurabhsharma/Automation_Workspace/UI_Automation/uiAutomation/src/main/java/com/test/automation/uiAutomation/screenshot/LoginWithValidCredentials_test123@gmail.com_10_06_2018_07_56_13.png'> <img src='/Users/saurabhsharma/Automation_Workspace/UI_Automation/uiAutomation/src/main/java/com/test/automation/uiAutomation/screenshot/LoginWithValidCredentials_test123@gmail.com_10_06_2018_07_56_13.png' height='100' width='100'/> </a></span>
              </div> <!-- reporter-method-output-div -->
            </div> <!-- reporter-method-div -->
            <div class="reporter-method-div">
              <span class="reporter-method-name">verifyLoginWithValidCredentials(saurabhsharma81285@gmail.com, Pass123, Y)</span>
              <div class="reporter-method-output-div">
                <span class="reporter-method-output"><a href='/Users/saurabhsharma/Automation_Workspace/UI_Automation/uiAutomation/src/main/java/com/test/automation/uiAutomation/screenshot/LoginWithValidCredentials_saurabhsharma81285@gmail.com_10_06_2018_07_55_58.png'> <img src='/Users/saurabhsharma/Automation_Workspace/UI_Automation/uiAutomation/src/main/java/com/test/automation/uiAutomation/screenshot/LoginWithValidCredentials_saurabhsharma81285@gmail.com_10_06_2018_07_55_58.png' height='100' width='100'/> </a></span>
              </div> <!-- reporter-method-output-div -->
            </div> <!-- reporter-method-div -->
            <div class="reporter-method-div">
              <span class="reporter-method-name">verifyLoginWithValidCredentials(saurabhsharma81285@gmail.com, Pass123, Y)</span>
              <div class="reporter-method-output-div">
                <span class="reporter-method-output"><a href='/Users/saurabhsharma/Automation_Workspace/UI_Automation/uiAutomation/src/main/java/com/test/automation/uiAutomation/screenshot/LoginWithValidCredentials_saurabhsharma81285@gmail.com_10_06_2018_07_55_52.png'> <img src='/Users/saurabhsharma/Automation_Workspace/UI_Automation/uiAutomation/src/main/java/com/test/automation/uiAutomation/screenshot/LoginWithValidCredentials_saurabhsharma81285@gmail.com_10_06_2018_07_55_52.png' height='100' width='100'/> </a></span>
              </div> <!-- reporter-method-output-div -->
            </div> <!-- reporter-method-div -->
            <div class="reporter-method-div">
              <span class="reporter-method-name">verifyLoginWithValidCredentials(saurabhsharma81285@gmail.com, Pass123, Y)</span>
              <div class="reporter-method-output-div">
                <span class="reporter-method-output"><a href='/Users/saurabhsharma/Automation_Workspace/UI_Automation/uiAutomation/src/main/java/com/test/automation/uiAutomation/screenshot/LoginWithValidCredentials_saurabhsharma81285@gmail.com_10_06_2018_07_55_47.png'> <img src='/Users/saurabhsharma/Automation_Workspace/UI_Automation/uiAutomation/src/main/java/com/test/automation/uiAutomation/screenshot/LoginWithValidCredentials_saurabhsharma81285@gmail.com_10_06_2018_07_55_47.png' height='100' width='100'/> </a></span>
              </div> <!-- reporter-method-output-div -->
            </div> <!-- reporter-method-div -->
          </div> <!-- main-panel-content rounded-window-bottom -->
        </div> <!-- panel -->
        <div panel-name="ignored-methods-Suite" class="panel">
          <div class="main-panel-header rounded-window-top">
            <span class="header-content">0 ignored methods</span>
          </div> <!-- main-panel-header rounded-window-top -->
          <div class="main-panel-content rounded-window-bottom">
          </div> <!-- main-panel-content rounded-window-bottom -->
        </div> <!-- panel -->
        <div panel-name="chronological-Suite" class="panel">
          <div class="main-panel-header rounded-window-top">
            <span class="header-content">Methods in chronological order</span>
          </div> <!-- main-panel-header rounded-window-top -->
          <div class="main-panel-content rounded-window-bottom">
            <div class="chronological-class">
              <div class="chronological-class-name">com.test.automation.uiAutomation.AuthPageValidation.SignInValidation</div> <!-- chronological-class-name -->
              <div class="configuration-class before">
                <span class="method-name">setup</span>
                <span class="method-start">0 ms</span>
              </div> <!-- configuration-class before -->
              <div class="configuration-method before">
                <span class="method-name">beforeMethod(public void com.test.automation.uiAutomation.AuthPageValidation.SignInValidation.verifyLoginWithInva...)</span>
                <span class="method-start">4030 ms</span>
              </div> <!-- configuration-method before -->
              <div class="test-method">
                <span class="method-name">verifyLoginWithInvalidCredentials(saurabhsharma81285@gmail.com, Pass123, Y)</span>
                <span class="method-start">4035 ms</span>
              </div> <!-- test-method -->
              <div class="configuration-method after">
                <span class="method-name">afterMethod([TestResult name=verifyLoginWithInvalidCredentials status=SUCCESS method=SignInValidation.verifyLogi...)</span>
                <span class="method-start">10939 ms</span>
              </div> <!-- configuration-method after -->
              <div class="configuration-method after">
                <span class="method-name">afterMethod([TestResult name=verifyLoginWithInvalidCredentials status=SKIP method=SignInValidation.verifyLoginWi...)</span>
                <span class="method-start">10940 ms</span>
              </div> <!-- configuration-method after -->
              <div class="configuration-method before">
                <span class="method-name">beforeMethod(public void com.test.automation.uiAutomation.AuthPageValidation.SignInValidation.verifyLoginWithInva...)</span>
                <span class="method-start">10940 ms</span>
              </div> <!-- configuration-method before -->
              <div class="test-method">
                <span class="method-name">verifyLoginWithInvalidCredentials(Sau97601@gmail.com, Pass234, N)</span>
                <span class="method-start">10940 ms</span>
              </div> <!-- test-method -->
              <div class="configuration-method after">
                <span class="method-name">afterMethod([TestResult name=verifyLoginWithInvalidCredentials status=SKIP method=SignInValidation.verifyLoginWi...)</span>
                <span class="method-start">10941 ms</span>
              </div> <!-- configuration-method after -->
              <div class="configuration-method before">
                <span class="method-name">beforeMethod(public void com.test.automation.uiAutomation.AuthPageValidation.SignInValidation.verifyLoginWithInva...)</span>
                <span class="method-start">10941 ms</span>
              </div> <!-- configuration-method before -->
              <div class="configuration-method before">
                <span class="method-name">beforeMethod(public void com.test.automation.uiAutomation.AuthPageValidation.SignInValidation.verifyLoginWithInva...)</span>
                <span class="method-start">10941 ms</span>
              </div> <!-- configuration-method before -->
              <div class="test-method">
                <span class="method-name">verifyLoginWithInvalidCredentials(sa@gmail.com, Pass345, N)</span>
                <span class="method-start">10941 ms</span>
              </div> <!-- test-method -->
              <div class="configuration-method after">
                <span class="method-name">afterMethod([TestResult name=verifyLoginWithInvalidCredentials status=SKIP method=SignInValidation.verifyLoginWi...)</span>
                <span class="method-start">10942 ms</span>
              </div> <!-- configuration-method after -->
              <div class="test-method">
                <span class="method-name">verifyLoginWithInvalidCredentials(test123@gmail.com, Pass456, N)</span>
                <span class="method-start">10942 ms</span>
              </div> <!-- test-method -->
              <div class="configuration-method before">
                <span class="method-name">beforeMethod(public void com.test.automation.uiAutomation.AuthPageValidation.SignInValidation.verifyLoginWithVali...)</span>
                <span class="method-start">10978 ms</span>
              </div> <!-- configuration-method before -->
              <div class="test-method">
                <span class="method-name">verifyLoginWithValidCredentials(saurabhsharma81285@gmail.com, Pass123, Y)</span>
                <span class="method-start">10978 ms</span>
              </div> <!-- test-method -->
              <div class="configuration-method after">
                <span class="method-name">afterMethod([TestResult name=verifyLoginWithValidCredentials status=SKIP method=SignInValidation.verifyLoginWith...)</span>
                <span class="method-start">14151 ms</span>
              </div> <!-- configuration-method after -->
              <div class="configuration-method before">
                <span class="method-name">beforeMethod(public void com.test.automation.uiAutomation.AuthPageValidation.SignInValidation.verifyLoginWithVali...)</span>
                <span class="method-start">14175 ms</span>
              </div> <!-- configuration-method before -->
              <div class="test-method">
                <span class="method-name">verifyLoginWithValidCredentials(saurabhsharma81285@gmail.com, Pass123, Y)</span>
                <span class="method-start">14176 ms</span>
              </div> <!-- test-method -->
              <div class="configuration-method after">
                <span class="method-name">afterMethod([TestResult name=verifyLoginWithValidCredentials status=SKIP method=SignInValidation.verifyLoginWith...)</span>
                <span class="method-start">19282 ms</span>
              </div> <!-- configuration-method after -->
              <div class="configuration-method before">
                <span class="method-name">beforeMethod(public void com.test.automation.uiAutomation.AuthPageValidation.SignInValidation.verifyLoginWithVali...)</span>
                <span class="method-start">19309 ms</span>
              </div> <!-- configuration-method before -->
              <div class="test-method">
                <img src="failed.png">
                </img>
                <span class="method-name">verifyLoginWithValidCredentials(saurabhsharma81285@gmail.com, Pass123, Y)</span>
                <span class="method-start">19309 ms</span>
              </div> <!-- test-method -->
              <div class="configuration-method after">
                <span class="method-name">afterMethod([TestResult name=verifyLoginWithValidCredentials status=FAILURE method=SignInValidation.verifyLoginW...)</span>
                <span class="method-start">24965 ms</span>
              </div> <!-- configuration-method after -->
              <div class="configuration-method after">
                <span class="method-name">afterMethod([TestResult name=verifyLoginWithValidCredentials status=SKIP method=SignInValidation.verifyLoginWith...)</span>
                <span class="method-start">25296 ms</span>
              </div> <!-- configuration-method after -->
              <div class="configuration-method before">
                <span class="method-name">beforeMethod(public void com.test.automation.uiAutomation.AuthPageValidation.SignInValidation.verifyLoginWithVali...)</span>
                <span class="method-start">25296 ms</span>
              </div> <!-- configuration-method before -->
              <div class="test-method">
                <span class="method-name">verifyLoginWithValidCredentials(Sau97601@gmail.com, Pass234, N)</span>
                <span class="method-start">25296 ms</span>
              </div> <!-- test-method -->
              <div class="configuration-method before">
                <span class="method-name">beforeMethod(public void com.test.automation.uiAutomation.AuthPageValidation.SignInValidation.verifyLoginWithVali...)</span>
                <span class="method-start">25312 ms</span>
              </div> <!-- configuration-method before -->
              <div class="test-method">
                <span class="method-name">verifyLoginWithValidCredentials(Sau97601@gmail.com, Pass234, N)</span>
                <span class="method-start">25312 ms</span>
              </div> <!-- test-method -->
              <div class="configuration-method after">
                <span class="method-name">afterMethod([TestResult name=verifyLoginWithValidCredentials status=SKIP method=SignInValidation.verifyLoginWith...)</span>
                <span class="method-start">25313 ms</span>
              </div> <!-- configuration-method after -->
              <div class="configuration-method after">
                <span class="method-name">afterMethod([TestResult name=verifyLoginWithValidCredentials status=SKIP method=SignInValidation.verifyLoginWith...)</span>
                <span class="method-start">25313 ms</span>
              </div> <!-- configuration-method after -->
              <div class="configuration-method before">
                <span class="method-name">beforeMethod(public void com.test.automation.uiAutomation.AuthPageValidation.SignInValidation.verifyLoginWithVali...)</span>
                <span class="method-start">25313 ms</span>
              </div> <!-- configuration-method before -->
              <div class="test-method">
                <span class="method-name">verifyLoginWithValidCredentials(sa@gmail.com, Pass345, N)</span>
                <span class="method-start">25313 ms</span>
              </div> <!-- test-method -->
              <div class="configuration-method after">
                <span class="method-name">afterMethod([TestResult name=verifyLoginWithValidCredentials status=SKIP method=SignInValidation.verifyLoginWith...)</span>
                <span class="method-start">25330 ms</span>
              </div> <!-- configuration-method after -->
              <div class="configuration-method before">
                <span class="method-name">beforeMethod(public void com.test.automation.uiAutomation.AuthPageValidation.SignInValidation.verifyLoginWithVali...)</span>
                <span class="method-start">25330 ms</span>
              </div> <!-- configuration-method before -->
              <div class="test-method">
                <span class="method-name">verifyLoginWithValidCredentials(sa@gmail.com, Pass345, N)</span>
                <span class="method-start">25330 ms</span>
              </div> <!-- test-method -->
              <div class="configuration-method after">
                <span class="method-name">afterMethod([TestResult name=verifyLoginWithValidCredentials status=SKIP method=SignInValidation.verifyLoginWith...)</span>
                <span class="method-start">25331 ms</span>
              </div> <!-- configuration-method after -->
              <div class="configuration-method before">
                <span class="method-name">beforeMethod(public void com.test.automation.uiAutomation.AuthPageValidation.SignInValidation.verifyLoginWithVali...)</span>
                <span class="method-start">25331 ms</span>
              </div> <!-- configuration-method before -->
              <div class="test-method">
                <span class="method-name">verifyLoginWithValidCredentials(test123@gmail.com, Pass456, N)</span>
                <span class="method-start">25331 ms</span>
              </div> <!-- test-method -->
              <div class="configuration-method after">
                <span class="method-name">afterMethod([TestResult name=verifyLoginWithValidCredentials status=SKIP method=SignInValidation.verifyLoginWith...)</span>
                <span class="method-start">25346 ms</span>
              </div> <!-- configuration-method after -->
              <div class="configuration-method before">
                <span class="method-name">beforeMethod(public void com.test.automation.uiAutomation.AuthPageValidation.SignInValidation.verifyLoginWithVali...)</span>
                <span class="method-start">25346 ms</span>
              </div> <!-- configuration-method before -->
              <div class="test-method">
                <span class="method-name">verifyLoginWithValidCredentials(test123@gmail.com, Pass456, N)</span>
                <span class="method-start">25346 ms</span>
              </div> <!-- test-method -->
              <div class="configuration-method before">
                <span class="method-name">beforeMethod(public void com.test.automation.uiAutomation.AuthPageValidation.SignInValidation.verifySuccessfulLan...)</span>
                <span class="method-start">25361 ms</span>
              </div> <!-- configuration-method before -->
              <div class="test-method">
                <span class="method-name">verifySuccessfulLandingOnAuthenticationPage(saurabhsharma81285@gmail.com, Pass123, Y)</span>
                <span class="method-start">25361 ms</span>
              </div> <!-- test-method -->
              <div class="configuration-method after">
                <span class="method-name">afterMethod([TestResult name=verifySuccessfulLandingOnAuthenticationPage status=SUCCESS method=SignInValidation....)</span>
                <span class="method-start">32314 ms</span>
              </div> <!-- configuration-method after -->
              <div class="configuration-method before">
                <span class="method-name">beforeMethod(public void com.test.automation.uiAutomation.AuthPageValidation.SignInValidation.verifySuccessfulLan...)</span>
                <span class="method-start">32314 ms</span>
              </div> <!-- configuration-method before -->
              <div class="test-method">
                <span class="method-name">verifySuccessfulLandingOnAuthenticationPage(Sau97601@gmail.com, Pass234, N)</span>
                <span class="method-start">32314 ms</span>
              </div> <!-- test-method -->
              <div class="configuration-method after">
                <span class="method-name">afterMethod([TestResult name=verifySuccessfulLandingOnAuthenticationPage status=SUCCESS method=SignInValidation....)</span>
                <span class="method-start">38465 ms</span>
              </div> <!-- configuration-method after -->
              <div class="configuration-method before">
                <span class="method-name">beforeMethod(public void com.test.automation.uiAutomation.AuthPageValidation.SignInValidation.verifySuccessfulLan...)</span>
                <span class="method-start">38465 ms</span>
              </div> <!-- configuration-method before -->
              <div class="test-method">
                <span class="method-name">verifySuccessfulLandingOnAuthenticationPage(sa@gmail.com, Pass345, N)</span>
                <span class="method-start">38465 ms</span>
              </div> <!-- test-method -->
              <div class="configuration-method after">
                <span class="method-name">afterMethod([TestResult name=verifySuccessfulLandingOnAuthenticationPage status=SUCCESS method=SignInValidation....)</span>
                <span class="method-start">39868 ms</span>
              </div> <!-- configuration-method after -->
              <div class="configuration-method before">
                <span class="method-name">beforeMethod(public void com.test.automation.uiAutomation.AuthPageValidation.SignInValidation.verifySuccessfulLan...)</span>
                <span class="method-start">39869 ms</span>
              </div> <!-- configuration-method before -->
              <div class="test-method">
                <span class="method-name">verifySuccessfulLandingOnAuthenticationPage(test123@gmail.com, Pass456, N)</span>
                <span class="method-start">39869 ms</span>
              </div> <!-- test-method -->
              <div class="configuration-method after">
                <span class="method-name">afterMethod([TestResult name=verifySuccessfulLandingOnAuthenticationPage status=SUCCESS method=SignInValidation....)</span>
                <span class="method-start">41281 ms</span>
              </div> <!-- configuration-method after -->
              <div class="configuration-class after">
                <span class="method-name">endTest</span>
                <span class="method-start">41281 ms</span>
              </div> <!-- configuration-class after -->
            </div> <!-- chronological-class -->
            <div class="chronological-class">
              <div class="chronological-class-name">com.test.automation.uiAutomation.AuthPageValidation.SignUpValidation</div> <!-- chronological-class-name -->
              <div class="configuration-class before">
                <span class="method-name">setup</span>
                <span class="method-start">41575 ms</span>
              </div> <!-- configuration-class before -->
              <div class="configuration-method before">
                <span class="method-name">beforeMethod(public void com.test.automation.uiAutomation.AuthPageValidation.SignUpValidation.verifyLandingOnNewA...)</span>
                <span class="method-start">43870 ms</span>
              </div> <!-- configuration-method before -->
              <div class="test-method">
                <span class="method-name">verifyLandingOnNewAccountCreationInfoPage(saurabhsharma81285@gmail.com, Pass123, Y)</span>
                <span class="method-start">43870 ms</span>
              </div> <!-- test-method -->
              <div class="configuration-method after">
                <span class="method-name">afterMethod([TestResult name=verifyLandingOnNewAccountCreationInfoPage status=SUCCESS method=SignUpValidation.ve...)</span>
                <span class="method-start">50209 ms</span>
              </div> <!-- configuration-method after -->
              <div class="configuration-method before">
                <span class="method-name">beforeMethod(public void com.test.automation.uiAutomation.AuthPageValidation.SignUpValidation.verifyLandingOnNewA...)</span>
                <span class="method-start">50209 ms</span>
              </div> <!-- configuration-method before -->
              <div class="test-method">
                <span class="method-name">verifyLandingOnNewAccountCreationInfoPage(Sau97601@gmail.com, Pass234, N)</span>
                <span class="method-start">50210 ms</span>
              </div> <!-- test-method -->
              <div class="configuration-method after">
                <span class="method-name">afterMethod([TestResult name=verifyLandingOnNewAccountCreationInfoPage status=SKIP method=SignUpValidation.verif...)</span>
                <span class="method-start">50211 ms</span>
              </div> <!-- configuration-method after -->
              <div class="configuration-method before">
                <span class="method-name">beforeMethod(public void com.test.automation.uiAutomation.AuthPageValidation.SignUpValidation.verifyLandingOnNewA...)</span>
                <span class="method-start">50211 ms</span>
              </div> <!-- configuration-method before -->
              <div class="configuration-method after">
                <span class="method-name">afterMethod([TestResult name=verifyLandingOnNewAccountCreationInfoPage status=SKIP method=SignUpValidation.verif...)</span>
                <span class="method-start">50212 ms</span>
              </div> <!-- configuration-method after -->
              <div class="test-method">
                <span class="method-name">verifyLandingOnNewAccountCreationInfoPage(sa@gmail.com, Pass345, N)</span>
                <span class="method-start">50212 ms</span>
              </div> <!-- test-method -->
              <div class="configuration-method before">
                <span class="method-name">beforeMethod(public void com.test.automation.uiAutomation.AuthPageValidation.SignUpValidation.verifyLandingOnNewA...)</span>
                <span class="method-start">50213 ms</span>
              </div> <!-- configuration-method before -->
              <div class="test-method">
                <span class="method-name">verifyLandingOnNewAccountCreationInfoPage(test123@gmail.com, Pass456, N)</span>
                <span class="method-start">50213 ms</span>
              </div> <!-- test-method -->
              <div class="configuration-method after">
                <span class="method-name">afterMethod([TestResult name=verifyLandingOnNewAccountCreationInfoPage status=SKIP method=SignUpValidation.verif...)</span>
                <span class="method-start">50214 ms</span>
              </div> <!-- configuration-method after -->
              <div class="configuration-class after">
                <span class="method-name">endTest</span>
                <span class="method-start">50214 ms</span>
              </div> <!-- configuration-class after -->
          </div> <!-- main-panel-content rounded-window-bottom -->
        </div> <!-- panel -->
      </div> <!-- main-panel-root -->
    </div> <!-- wrapper -->
  </body>
</html>
