<?xml version="1.0" encoding="UTF-8"?>
<testng-results skipped="14" failed="1" total="21" passed="6">
  <reporter-output>
    <line>
      <![CDATA[<a href='/Users/saurabhsharma/Automation_Workspace/UI_Automation/uiAutomation/src/main/java/com/test/automation/uiAutomation/screenshot/LoginWithValidCredentials_saurabhsharma81285@gmail.com_10_06_2018_07_55_44.png'> <img src='/Users/saurabhsharma/Automation_Workspace/UI_Automation/uiAutomation/src/main/java/com/test/automation/uiAutomation/screenshot/LoginWithValidCredentials_saurabhsharma81285@gmail.com_10_06_2018_07_55_44.png' height='100' width='100'/> </a>]]>
    </line>
    <line>
      <![CDATA[<a href='/Users/saurabhsharma/Automation_Workspace/UI_Automation/uiAutomation/src/main/java/com/test/automation/uiAutomation/screenshot/LoginWithValidCredentials_saurabhsharma81285@gmail.com_10_06_2018_07_55_47.png'> <img src='/Users/saurabhsharma/Automation_Workspace/UI_Automation/uiAutomation/src/main/java/com/test/automation/uiAutomation/screenshot/LoginWithValidCredentials_saurabhsharma81285@gmail.com_10_06_2018_07_55_47.png' height='100' width='100'/> </a>]]>
    </line>
    <line>
      <![CDATA[<a href='/Users/saurabhsharma/Automation_Workspace/UI_Automation/uiAutomation/src/main/java/com/test/automation/uiAutomation/screenshot/LoginWithValidCredentials_saurabhsharma81285@gmail.com_10_06_2018_07_55_52.png'> <img src='/Users/saurabhsharma/Automation_Workspace/UI_Automation/uiAutomation/src/main/java/com/test/automation/uiAutomation/screenshot/LoginWithValidCredentials_saurabhsharma81285@gmail.com_10_06_2018_07_55_52.png' height='100' width='100'/> </a>]]>
    </line>
    <line>
      <![CDATA[<a href='/Users/saurabhsharma/Automation_Workspace/UI_Automation/uiAutomation/src/main/java/com/test/automation/uiAutomation/screenshot/LoginWithValidCredentials_saurabhsharma81285@gmail.com_10_06_2018_07_55_58.png'> <img src='/Users/saurabhsharma/Automation_Workspace/UI_Automation/uiAutomation/src/main/java/com/test/automation/uiAutomation/screenshot/LoginWithValidCredentials_saurabhsharma81285@gmail.com_10_06_2018_07_55_58.png' height='100' width='100'/> </a>]]>
    </line>
    <line>
      <![CDATA[<a href='/Users/saurabhsharma/Automation_Workspace/UI_Automation/uiAutomation/src/main/java/com/test/automation/uiAutomation/screenshot/blank_10_06_2018_07_55_59.png'> <img src='/Users/saurabhsharma/Automation_Workspace/UI_Automation/uiAutomation/src/main/java/com/test/automation/uiAutomation/screenshot/blank_10_06_2018_07_55_59.png' height='100' width='100'/> </a>]]>
    </line>
    <line>
      <![CDATA[<a href='/Users/saurabhsharma/Automation_Workspace/UI_Automation/uiAutomation/src/main/java/com/test/automation/uiAutomation/screenshot/LoginWithValidCredentials_saurabhsharma81285@gmail.com_10_06_2018_07_55_59.png'> <img src='/Users/saurabhsharma/Automation_Workspace/UI_Automation/uiAutomation/src/main/java/com/test/automation/uiAutomation/screenshot/LoginWithValidCredentials_saurabhsharma81285@gmail.com_10_06_2018_07_55_59.png' height='100' width='100'/> </a>]]>
    </line>
    <line>
      <![CDATA[<a href='/Users/saurabhsharma/Automation_Workspace/UI_Automation/uiAutomation/src/main/java/com/test/automation/uiAutomation/screenshot/LoginWithValidCredentials_Sau97601@gmail.com_10_06_2018_07_56_06.png'> <img src='/Users/saurabhsharma/Automation_Workspace/UI_Automation/uiAutomation/src/main/java/com/test/automation/uiAutomation/screenshot/LoginWithValidCredentials_Sau97601@gmail.com_10_06_2018_07_56_06.png' height='100' width='100'/> </a>]]>
    </line>
    <line>
      <![CDATA[<a href='/Users/saurabhsharma/Automation_Workspace/UI_Automation/uiAutomation/src/main/java/com/test/automation/uiAutomation/screenshot/LoginWithValidCredentials_sa@gmail.com_10_06_2018_07_56_12.png'> <img src='/Users/saurabhsharma/Automation_Workspace/UI_Automation/uiAutomation/src/main/java/com/test/automation/uiAutomation/screenshot/LoginWithValidCredentials_sa@gmail.com_10_06_2018_07_56_12.png' height='100' width='100'/> </a>]]>
    </line>
    <line>
      <![CDATA[<a href='/Users/saurabhsharma/Automation_Workspace/UI_Automation/uiAutomation/src/main/java/com/test/automation/uiAutomation/screenshot/LoginWithValidCredentials_test123@gmail.com_10_06_2018_07_56_13.png'> <img src='/Users/saurabhsharma/Automation_Workspace/UI_Automation/uiAutomation/src/main/java/com/test/automation/uiAutomation/screenshot/LoginWithValidCredentials_test123@gmail.com_10_06_2018_07_56_13.png' height='100' width='100'/> </a>]]>
    </line>
    <line>
      <![CDATA[<a href='/Users/saurabhsharma/Automation_Workspace/UI_Automation/uiAutomation/src/main/java/com/test/automation/uiAutomation/screenshot/LoginWithValidCredentials_saurabhsharma81285@gmail.com_10_06_2018_07_56_21.png'> <img src='/Users/saurabhsharma/Automation_Workspace/UI_Automation/uiAutomation/src/main/java/com/test/automation/uiAutomation/screenshot/LoginWithValidCredentials_saurabhsharma81285@gmail.com_10_06_2018_07_56_21.png' height='100' width='100'/> </a>]]>
    </line>
  </reporter-output>
  <suite name="Suite" duration-ms="50335" started-at="2018-06-11T00:55:34Z" finished-at="2018-06-11T00:56:24Z">
    <groups>
    </groups>
    <test name="AuthPageValidation" duration-ms="50335" started-at="2018-06-11T00:55:34Z" finished-at="2018-06-11T00:56:24Z">
      <class name="com.test.automation.uiAutomation.AuthPageValidation.SignUpValidation">
        <test-method status="PASS" signature="setup()[pri:0, instance:com.test.automation.uiAutomation.AuthPageValidation.SignUpValidation@534df152]" name="setup" is-config="true" duration-ms="2265" started-at="2018-06-10T19:56:15Z" finished-at="2018-06-10T19:56:17Z">
          <reporter-output>
          </reporter-output>
        </test-method> <!-- setup -->
        <test-method status="PASS" signature="verifyLandingOnNewAccountCreationInfoPage(java.lang.String, java.lang.String, java.lang.String)[pri:0, instance:com.test.automation.uiAutomation.AuthPageValidation.SignUpValidation@534df152]" name="verifyLandingOnNewAccountCreationInfoPage" duration-ms="6339" started-at="2018-06-10T19:56:17Z" data-provider="SignUpData" finished-at="2018-06-10T19:56:24Z">
          <params>
            <param index="0">
              <value>
                <![CDATA[saurabhsharma81285@gmail.com]]>
              </value>
            </param>
            <param index="1">
              <value>
                <![CDATA[Pass123]]>
              </value>
            </param>
            <param index="2">
              <value>
                <![CDATA[Y]]>
              </value>
            </param>
          </params>
          <reporter-output>
            <line>
              <![CDATA[<a href='/Users/saurabhsharma/Automation_Workspace/UI_Automation/uiAutomation/src/main/java/com/test/automation/uiAutomation/screenshot/LoginWithValidCredentials_saurabhsharma81285@gmail.com_10_06_2018_07_56_21.png'> <img src='/Users/saurabhsharma/Automation_Workspace/UI_Automation/uiAutomation/src/main/java/com/test/automation/uiAutomation/screenshot/LoginWithValidCredentials_saurabhsharma81285@gmail.com_10_06_2018_07_56_21.png' height='100' width='100'/> </a>]]>
            </line>
          </reporter-output>
        </test-method> <!-- verifyLandingOnNewAccountCreationInfoPage -->
        <test-method status="PASS" signature="beforeMethod(java.lang.reflect.Method)[pri:0, instance:com.test.automation.uiAutomation.AuthPageValidation.SignUpValidation@534df152]" name="beforeMethod" is-config="true" duration-ms="0" started-at="2018-06-10T19:56:17Z" finished-at="2018-06-10T19:56:17Z">
          <params>
            <param index="0">
              <value>
                <![CDATA[public void com.test.automation.uiAutomation.AuthPageValidation.SignUpValidation.verifyLandingOnNewAccountCreationInfoPage(java.lang.String,java.lang.String,java.lang.String)]]>
              </value>
            </param>
          </params>
          <reporter-output>
          </reporter-output>
        </test-method> <!-- beforeMethod -->
        <test-method status="PASS" signature="afterMethod(org.testng.ITestResult)[pri:0, instance:com.test.automation.uiAutomation.AuthPageValidation.SignUpValidation@534df152]" name="afterMethod" is-config="true" duration-ms="0" started-at="2018-06-10T19:56:24Z" finished-at="2018-06-10T19:56:24Z">
          <params>
            <param index="0">
              <value>
                <![CDATA[[TestResult name=verifyLandingOnNewAccountCreationInfoPage status=SUCCESS method=SignUpValidation.verifyLandingOnNewAccountCreationInfoPage(java.lang.String, java.lang.String, java.lang.String)[pri:0, instance:com.test.automation.uiAutomation.AuthPageValidation.SignUpValidation@534df152] output=<a href='/Users/saurabhsharma/Automation_Workspace/UI_Automation/uiAutomation/src/main/java/com/test/automation/uiAutomation/screenshot/LoginWithValidCredentials_saurabhsharma81285@gmail.com_10_06_2018_07_56_21.png'> <img src='/Users/saurabhsharma/Automation_Workspace/UI_Automation/uiAutomation/src/main/java/com/test/automation/uiAutomation/screenshot/LoginWithValidCredentials_saurabhsharma81285@gmail.com_10_06_2018_07_56_21.png' height='100' width='100'/> </a>]]]>
              </value>
            </param>
          </params>
          <reporter-output>
          </reporter-output>
        </test-method> <!-- afterMethod -->
        <test-method status="PASS" signature="beforeMethod(java.lang.reflect.Method)[pri:0, instance:com.test.automation.uiAutomation.AuthPageValidation.SignUpValidation@534df152]" name="beforeMethod" is-config="true" duration-ms="1" started-at="2018-06-10T19:56:24Z" finished-at="2018-06-10T19:56:24Z">
          <params>
            <param index="0">
              <value>
                <![CDATA[public void com.test.automation.uiAutomation.AuthPageValidation.SignUpValidation.verifyLandingOnNewAccountCreationInfoPage(java.lang.String,java.lang.String,java.lang.String)]]>
              </value>
            </param>
          </params>
          <reporter-output>
          </reporter-output>
        </test-method> <!-- beforeMethod -->
        <test-method status="SKIP" signature="verifyLandingOnNewAccountCreationInfoPage(java.lang.String, java.lang.String, java.lang.String)[pri:0, instance:com.test.automation.uiAutomation.AuthPageValidation.SignUpValidation@534df152]" name="verifyLandingOnNewAccountCreationInfoPage" duration-ms="1" started-at="2018-06-10T19:56:24Z" data-provider="SignUpData" finished-at="2018-06-10T19:56:24Z">
          <params>
            <param index="0">
              <value>
                <![CDATA[Sau97601@gmail.com]]>
              </value>
            </param>
            <param index="1">
              <value>
                <![CDATA[Pass234]]>
              </value>
            </param>
            <param index="2">
              <value>
                <![CDATA[N]]>
              </value>
            </param>
          </params>
          <exception class="org.testng.SkipException">
            <message>
              <![CDATA[User has marked this test as no run.]]>
            </message>
            <full-stacktrace>
              <![CDATA[org.testng.SkipException: User has marked this test as no run.
	at com.test.automation.uiAutomation.AuthPageValidation.SignUpValidation.verifyLandingOnNewAccountCreationInfoPage(SignUpValidation.java:32)
	at sun.reflect.NativeMethodAccessorImpl.invoke0(Native Method)
	at sun.reflect.NativeMethodAccessorImpl.invoke(NativeMethodAccessorImpl.java:62)
	at sun.reflect.DelegatingMethodAccessorImpl.invoke(DelegatingMethodAccessorImpl.java:43)
	at java.lang.reflect.Method.invoke(Method.java:497)
	at org.testng.internal.MethodInvocationHelper.invokeMethod(MethodInvocationHelper.java:86)
	at org.testng.internal.Invoker.invokeMethod(Invoker.java:643)
	at org.testng.internal.Invoker.invokeTestMethod(Invoker.java:820)
	at org.testng.internal.Invoker.invokeTestMethods(Invoker.java:1128)
	at org.testng.internal.TestMethodWorker.invokeTestMethods(TestMethodWorker.java:129)
	at org.testng.internal.TestMethodWorker.run(TestMethodWorker.java:112)
	at org.testng.TestRunner.privateRun(TestRunner.java:782)
	at org.testng.TestRunner.run(TestRunner.java:632)
	at org.testng.SuiteRunner.runTest(SuiteRunner.java:366)
	at org.testng.SuiteRunner.access$000(SuiteRunner.java:39)
	at org.testng.SuiteRunner$SuiteWorker.run(SuiteRunner.java:400)
	at org.testng.internal.thread.ThreadUtil$2.call(ThreadUtil.java:64)
	at java.util.concurrent.FutureTask.run(FutureTask.java:266)
	at java.util.concurrent.ThreadPoolExecutor.runWorker(ThreadPoolExecutor.java:1142)
	at java.util.concurrent.ThreadPoolExecutor$Worker.run(ThreadPoolExecutor.java:617)
	at java.lang.Thread.run(Thread.java:745)
]]>
            </full-stacktrace>
          </exception> <!-- org.testng.SkipException -->
          <reporter-output>
          </reporter-output>
        </test-method> <!-- verifyLandingOnNewAccountCreationInfoPage -->
        <test-method status="PASS" signature="afterMethod(org.testng.ITestResult)[pri:0, instance:com.test.automation.uiAutomation.AuthPageValidation.SignUpValidation@534df152]" name="afterMethod" is-config="true" duration-ms="0" started-at="2018-06-10T19:56:24Z" finished-at="2018-06-10T19:56:24Z">
          <params>
            <param index="0">
              <value>
                <![CDATA[[TestResult name=verifyLandingOnNewAccountCreationInfoPage status=SKIP method=SignUpValidation.verifyLandingOnNewAccountCreationInfoPage(java.lang.String, java.lang.String, java.lang.String)[pri:0, instance:com.test.automation.uiAutomation.AuthPageValidation.SignUpValidation@534df152] output={null}]]]>
              </value>
            </param>
          </params>
          <reporter-output>
          </reporter-output>
        </test-method> <!-- afterMethod -->
        <test-method status="PASS" signature="beforeMethod(java.lang.reflect.Method)[pri:0, instance:com.test.automation.uiAutomation.AuthPageValidation.SignUpValidation@534df152]" name="beforeMethod" is-config="true" duration-ms="1" started-at="2018-06-10T19:56:24Z" finished-at="2018-06-10T19:56:24Z">
          <params>
            <param index="0">
              <value>
                <![CDATA[public void com.test.automation.uiAutomation.AuthPageValidation.SignUpValidation.verifyLandingOnNewAccountCreationInfoPage(java.lang.String,java.lang.String,java.lang.String)]]>
              </value>
            </param>
          </params>
          <reporter-output>
          </reporter-output>
        </test-method> <!-- beforeMethod -->
        <test-method status="SKIP" signature="verifyLandingOnNewAccountCreationInfoPage(java.lang.String, java.lang.String, java.lang.String)[pri:0, instance:com.test.automation.uiAutomation.AuthPageValidation.SignUpValidation@534df152]" name="verifyLandingOnNewAccountCreationInfoPage" duration-ms="0" started-at="2018-06-10T19:56:24Z" data-provider="SignUpData" finished-at="2018-06-10T19:56:24Z">
          <params>
            <param index="0">
              <value>
                <![CDATA[sa@gmail.com]]>
              </value>
            </param>
            <param index="1">
              <value>
                <![CDATA[Pass345]]>
              </value>
            </param>
            <param index="2">
              <value>
                <![CDATA[N]]>
              </value>
            </param>
          </params>
          <exception class="org.testng.SkipException">
            <message>
              <![CDATA[User has marked this test as no run.]]>
            </message>
            <full-stacktrace>
              <![CDATA[org.testng.SkipException: User has marked this test as no run.
	at com.test.automation.uiAutomation.AuthPageValidation.SignUpValidation.verifyLandingOnNewAccountCreationInfoPage(SignUpValidation.java:32)
	at sun.reflect.NativeMethodAccessorImpl.invoke0(Native Method)
	at sun.reflect.NativeMethodAccessorImpl.invoke(NativeMethodAccessorImpl.java:62)
	at sun.reflect.DelegatingMethodAccessorImpl.invoke(DelegatingMethodAccessorImpl.java:43)
	at java.lang.reflect.Method.invoke(Method.java:497)
	at org.testng.internal.MethodInvocationHelper.invokeMethod(MethodInvocationHelper.java:86)
	at org.testng.internal.Invoker.invokeMethod(Invoker.java:643)
	at org.testng.internal.Invoker.invokeTestMethod(Invoker.java:820)
	at org.testng.internal.Invoker.invokeTestMethods(Invoker.java:1128)
	at org.testng.internal.TestMethodWorker.invokeTestMethods(TestMethodWorker.java:129)
	at org.testng.internal.TestMethodWorker.run(TestMethodWorker.java:112)
	at org.testng.TestRunner.privateRun(TestRunner.java:782)
	at org.testng.TestRunner.run(TestRunner.java:632)
	at org.testng.SuiteRunner.runTest(SuiteRunner.java:366)
	at org.testng.SuiteRunner.access$000(SuiteRunner.java:39)
	at org.testng.SuiteRunner$SuiteWorker.run(SuiteRunner.java:400)
	at org.testng.internal.thread.ThreadUtil$2.call(ThreadUtil.java:64)
	at java.util.concurrent.FutureTask.run(FutureTask.java:266)
	at java.util.concurrent.ThreadPoolExecutor.runWorker(ThreadPoolExecutor.java:1142)
	at java.util.concurrent.ThreadPoolExecutor$Worker.run(ThreadPoolExecutor.java:617)
	at java.lang.Thread.run(Thread.java:745)
]]>
            </full-stacktrace>
          </exception> <!-- org.testng.SkipException -->
          <reporter-output>
          </reporter-output>
        </test-method> <!-- verifyLandingOnNewAccountCreationInfoPage -->
        <test-method status="PASS" signature="afterMethod(org.testng.ITestResult)[pri:0, instance:com.test.automation.uiAutomation.AuthPageValidation.SignUpValidation@534df152]" name="afterMethod" is-config="true" duration-ms="1" started-at="2018-06-10T19:56:24Z" finished-at="2018-06-10T19:56:24Z">
          <params>
            <param index="0">
              <value>
                <![CDATA[[TestResult name=verifyLandingOnNewAccountCreationInfoPage status=SKIP method=SignUpValidation.verifyLandingOnNewAccountCreationInfoPage(java.lang.String, java.lang.String, java.lang.String)[pri:0, instance:com.test.automation.uiAutomation.AuthPageValidation.SignUpValidation@534df152] output={null}]]]>
              </value>
            </param>
          </params>
          <reporter-output>
          </reporter-output>
        </test-method> <!-- afterMethod -->
        <test-method status="SKIP" signature="verifyLandingOnNewAccountCreationInfoPage(java.lang.String, java.lang.String, java.lang.String)[pri:0, instance:com.test.automation.uiAutomation.AuthPageValidation.SignUpValidation@534df152]" name="verifyLandingOnNewAccountCreationInfoPage" duration-ms="1" started-at="2018-06-10T19:56:24Z" data-provider="SignUpData" finished-at="2018-06-10T19:56:24Z">
          <params>
            <param index="0">
              <value>
                <![CDATA[test123@gmail.com]]>
              </value>
            </param>
            <param index="1">
              <value>
                <![CDATA[Pass456]]>
              </value>
            </param>
            <param index="2">
              <value>
                <![CDATA[N]]>
              </value>
            </param>
          </params>
          <exception class="org.testng.SkipException">
            <message>
              <![CDATA[User has marked this test as no run.]]>
            </message>
            <full-stacktrace>
              <![CDATA[org.testng.SkipException: User has marked this test as no run.
	at com.test.automation.uiAutomation.AuthPageValidation.SignUpValidation.verifyLandingOnNewAccountCreationInfoPage(SignUpValidation.java:32)
	at sun.reflect.NativeMethodAccessorImpl.invoke0(Native Method)
	at sun.reflect.NativeMethodAccessorImpl.invoke(NativeMethodAccessorImpl.java:62)
	at sun.reflect.DelegatingMethodAccessorImpl.invoke(DelegatingMethodAccessorImpl.java:43)
	at java.lang.reflect.Method.invoke(Method.java:497)
	at org.testng.internal.MethodInvocationHelper.invokeMethod(MethodInvocationHelper.java:86)
	at org.testng.internal.Invoker.invokeMethod(Invoker.java:643)
	at org.testng.internal.Invoker.invokeTestMethod(Invoker.java:820)
	at org.testng.internal.Invoker.invokeTestMethods(Invoker.java:1128)
	at org.testng.internal.TestMethodWorker.invokeTestMethods(TestMethodWorker.java:129)
	at org.testng.internal.TestMethodWorker.run(TestMethodWorker.java:112)
	at org.testng.TestRunner.privateRun(TestRunner.java:782)
	at org.testng.TestRunner.run(TestRunner.java:632)
	at org.testng.SuiteRunner.runTest(SuiteRunner.java:366)
	at org.testng.SuiteRunner.access$000(SuiteRunner.java:39)
	at org.testng.SuiteRunner$SuiteWorker.run(SuiteRunner.java:400)
	at org.testng.internal.thread.ThreadUtil$2.call(ThreadUtil.java:64)
	at java.util.concurrent.FutureTask.run(FutureTask.java:266)
	at java.util.concurrent.ThreadPoolExecutor.runWorker(ThreadPoolExecutor.java:1142)
	at java.util.concurrent.ThreadPoolExecutor$Worker.run(ThreadPoolExecutor.java:617)
	at java.lang.Thread.run(Thread.java:745)
]]>
            </full-stacktrace>
          </exception> <!-- org.testng.SkipException -->
          <reporter-output>
          </reporter-output>
        </test-method> <!-- verifyLandingOnNewAccountCreationInfoPage -->
        <test-method status="PASS" signature="beforeMethod(java.lang.reflect.Method)[pri:0, instance:com.test.automation.uiAutomation.AuthPageValidation.SignUpValidation@534df152]" name="beforeMethod" is-config="true" duration-ms="0" started-at="2018-06-10T19:56:24Z" finished-at="2018-06-10T19:56:24Z">
          <params>
            <param index="0">
              <value>
                <![CDATA[public void com.test.automation.uiAutomation.AuthPageValidation.SignUpValidation.verifyLandingOnNewAccountCreationInfoPage(java.lang.String,java.lang.String,java.lang.String)]]>
              </value>
            </param>
          </params>
          <reporter-output>
          </reporter-output>
        </test-method> <!-- beforeMethod -->
        <test-method status="PASS" signature="endTest()[pri:0, instance:com.test.automation.uiAutomation.AuthPageValidation.SignUpValidation@534df152]" name="endTest" is-config="true" duration-ms="115" started-at="2018-06-10T19:56:24Z" finished-at="2018-06-10T19:56:24Z">
          <reporter-output>
          </reporter-output>
        </test-method> <!-- endTest -->
        <test-method status="PASS" signature="afterMethod(org.testng.ITestResult)[pri:0, instance:com.test.automation.uiAutomation.AuthPageValidation.SignUpValidation@534df152]" name="afterMethod" is-config="true" duration-ms="0" started-at="2018-06-10T19:56:24Z" finished-at="2018-06-10T19:56:24Z">
          <params>
            <param index="0">
              <value>
                <![CDATA[[TestResult name=verifyLandingOnNewAccountCreationInfoPage status=SKIP method=SignUpValidation.verifyLandingOnNewAccountCreationInfoPage(java.lang.String, java.lang.String, java.lang.String)[pri:0, instance:com.test.automation.uiAutomation.AuthPageValidation.SignUpValidation@534df152] output={null}]]]>
              </value>
            </param>
          </params>
          <reporter-output>
          </reporter-output>
        </test-method> <!-- afterMethod -->
      </class> <!-- com.test.automation.uiAutomation.AuthPageValidation.SignUpValidation -->
      <class name="com.test.automation.uiAutomation.AuthPageValidation.SignInValidation">
        <test-method status="PASS" signature="setup()[pri:0, instance:com.test.automation.uiAutomation.AuthPageValidation.SignInValidation@4c6e276e]" name="setup" is-config="true" duration-ms="3645" started-at="2018-06-10T19:55:34Z" finished-at="2018-06-10T19:55:37Z">
          <reporter-output>
          </reporter-output>
        </test-method> <!-- setup -->
        <test-method status="PASS" signature="beforeMethod(java.lang.reflect.Method)[pri:0, instance:com.test.automation.uiAutomation.AuthPageValidation.SignInValidation@4c6e276e]" name="beforeMethod" is-config="true" duration-ms="5" started-at="2018-06-10T19:55:38Z" finished-at="2018-06-10T19:55:38Z">
          <params>
            <param index="0">
              <value>
                <![CDATA[public void com.test.automation.uiAutomation.AuthPageValidation.SignInValidation.verifyLoginWithInvalidCredentials(java.lang.String,java.lang.String,java.lang.String)]]>
              </value>
            </param>
          </params>
          <reporter-output>
          </reporter-output>
        </test-method> <!-- beforeMethod -->
        <test-method status="PASS" signature="verifyLoginWithInvalidCredentials(java.lang.String, java.lang.String, java.lang.String)[pri:0, instance:com.test.automation.uiAutomation.AuthPageValidation.SignInValidation@4c6e276e]" name="verifyLoginWithInvalidCredentials" duration-ms="6904" started-at="2018-06-10T19:55:38Z" data-provider="LoginData" finished-at="2018-06-10T19:55:44Z">
          <params>
            <param index="0">
              <value>
                <![CDATA[saurabhsharma81285@gmail.com]]>
              </value>
            </param>
            <param index="1">
              <value>
                <![CDATA[Pass123]]>
              </value>
            </param>
            <param index="2">
              <value>
                <![CDATA[Y]]>
              </value>
            </param>
          </params>
          <reporter-output>
            <line>
              <![CDATA[<a href='/Users/saurabhsharma/Automation_Workspace/UI_Automation/uiAutomation/src/main/java/com/test/automation/uiAutomation/screenshot/LoginWithValidCredentials_saurabhsharma81285@gmail.com_10_06_2018_07_55_44.png'> <img src='/Users/saurabhsharma/Automation_Workspace/UI_Automation/uiAutomation/src/main/java/com/test/automation/uiAutomation/screenshot/LoginWithValidCredentials_saurabhsharma81285@gmail.com_10_06_2018_07_55_44.png' height='100' width='100'/> </a>]]>
            </line>
          </reporter-output>
        </test-method> <!-- verifyLoginWithInvalidCredentials -->
        <test-method status="PASS" signature="afterMethod(org.testng.ITestResult)[pri:0, instance:com.test.automation.uiAutomation.AuthPageValidation.SignInValidation@4c6e276e]" name="afterMethod" is-config="true" duration-ms="1" started-at="2018-06-10T19:55:44Z" finished-at="2018-06-10T19:55:44Z">
          <params>
            <param index="0">
              <value>
                <![CDATA[[TestResult name=verifyLoginWithInvalidCredentials status=SUCCESS method=SignInValidation.verifyLoginWithInvalidCredentials(java.lang.String, java.lang.String, java.lang.String)[pri:0, instance:com.test.automation.uiAutomation.AuthPageValidation.SignInValidation@4c6e276e] output=<a href='/Users/saurabhsharma/Automation_Workspace/UI_Automation/uiAutomation/src/main/java/com/test/automation/uiAutomation/screenshot/LoginWithValidCredentials_saurabhsharma81285@gmail.com_10_06_2018_07_55_44.png'> <img src='/Users/saurabhsharma/Automation_Workspace/UI_Automation/uiAutomation/src/main/java/com/test/automation/uiAutomation/screenshot/LoginWithValidCredentials_saurabhsharma81285@gmail.com_10_06_2018_07_55_44.png' height='100' width='100'/> </a>]]]>
              </value>
            </param>
          </params>
          <reporter-output>
          </reporter-output>
        </test-method> <!-- afterMethod -->
        <test-method status="PASS" signature="afterMethod(org.testng.ITestResult)[pri:0, instance:com.test.automation.uiAutomation.AuthPageValidation.SignInValidation@4c6e276e]" name="afterMethod" is-config="true" duration-ms="1" started-at="2018-06-10T19:55:44Z" finished-at="2018-06-10T19:55:44Z">
          <params>
            <param index="0">
              <value>
                <![CDATA[[TestResult name=verifyLoginWithInvalidCredentials status=SKIP method=SignInValidation.verifyLoginWithInvalidCredentials(java.lang.String, java.lang.String, java.lang.String)[pri:0, instance:com.test.automation.uiAutomation.AuthPageValidation.SignInValidation@4c6e276e] output={null}]]]>
              </value>
            </param>
          </params>
          <reporter-output>
          </reporter-output>
        </test-method> <!-- afterMethod -->
        <test-method status="SKIP" signature="verifyLoginWithInvalidCredentials(java.lang.String, java.lang.String, java.lang.String)[pri:0, instance:com.test.automation.uiAutomation.AuthPageValidation.SignInValidation@4c6e276e]" name="verifyLoginWithInvalidCredentials" duration-ms="0" started-at="2018-06-10T19:55:44Z" data-provider="LoginData" finished-at="2018-06-10T19:55:44Z">
          <params>
            <param index="0">
              <value>
                <![CDATA[Sau97601@gmail.com]]>
              </value>
            </param>
            <param index="1">
              <value>
                <![CDATA[Pass234]]>
              </value>
            </param>
            <param index="2">
              <value>
                <![CDATA[N]]>
              </value>
            </param>
          </params>
          <exception class="org.testng.SkipException">
            <message>
              <![CDATA[User has marked this test as no run.]]>
            </message>
            <full-stacktrace>
              <![CDATA[org.testng.SkipException: User has marked this test as no run.
	at com.test.automation.uiAutomation.AuthPageValidation.SignInValidation.verifyLoginWithInvalidCredentials(SignInValidation.java:44)
	at sun.reflect.NativeMethodAccessorImpl.invoke0(Native Method)
	at sun.reflect.NativeMethodAccessorImpl.invoke(NativeMethodAccessorImpl.java:62)
	at sun.reflect.DelegatingMethodAccessorImpl.invoke(DelegatingMethodAccessorImpl.java:43)
	at java.lang.reflect.Method.invoke(Method.java:497)
	at org.testng.internal.MethodInvocationHelper.invokeMethod(MethodInvocationHelper.java:86)
	at org.testng.internal.Invoker.invokeMethod(Invoker.java:643)
	at org.testng.internal.Invoker.invokeTestMethod(Invoker.java:820)
	at org.testng.internal.Invoker.invokeTestMethods(Invoker.java:1128)
	at org.testng.internal.TestMethodWorker.invokeTestMethods(TestMethodWorker.java:129)
	at org.testng.internal.TestMethodWorker.run(TestMethodWorker.java:112)
	at org.testng.TestRunner.privateRun(TestRunner.java:782)
	at org.testng.TestRunner.run(TestRunner.java:632)
	at org.testng.SuiteRunner.runTest(SuiteRunner.java:366)
	at org.testng.SuiteRunner.access$000(SuiteRunner.java:39)
	at org.testng.SuiteRunner$SuiteWorker.run(SuiteRunner.java:400)
	at org.testng.internal.thread.ThreadUtil$2.call(ThreadUtil.java:64)
	at java.util.concurrent.FutureTask.run(FutureTask.java:266)
	at java.util.concurrent.ThreadPoolExecutor.runWorker(ThreadPoolExecutor.java:1142)
	at java.util.concurrent.ThreadPoolExecutor$Worker.run(ThreadPoolExecutor.java:617)
	at java.lang.Thread.run(Thread.java:745)
]]>
            </full-stacktrace>
          </exception> <!-- org.testng.SkipException -->
          <reporter-output>
          </reporter-output>
        </test-method> <!-- verifyLoginWithInvalidCredentials -->
        <test-method status="PASS" signature="beforeMethod(java.lang.reflect.Method)[pri:0, instance:com.test.automation.uiAutomation.AuthPageValidation.SignInValidation@4c6e276e]" name="beforeMethod" is-config="true" duration-ms="0" started-at="2018-06-10T19:55:44Z" finished-at="2018-06-10T19:55:44Z">
          <params>
            <param index="0">
              <value>
                <![CDATA[public void com.test.automation.uiAutomation.AuthPageValidation.SignInValidation.verifyLoginWithInvalidCredentials(java.lang.String,java.lang.String,java.lang.String)]]>
              </value>
            </param>
          </params>
          <reporter-output>
          </reporter-output>
        </test-method> <!-- beforeMethod -->
        <test-method status="PASS" signature="beforeMethod(java.lang.reflect.Method)[pri:0, instance:com.test.automation.uiAutomation.AuthPageValidation.SignInValidation@4c6e276e]" name="beforeMethod" is-config="true" duration-ms="1" started-at="2018-06-10T19:55:44Z" finished-at="2018-06-10T19:55:44Z">
          <params>
            <param index="0">
              <value>
                <![CDATA[public void com.test.automation.uiAutomation.AuthPageValidation.SignInValidation.verifyLoginWithInvalidCredentials(java.lang.String,java.lang.String,java.lang.String)]]>
              </value>
            </param>
          </params>
          <reporter-output>
          </reporter-output>
        </test-method> <!-- beforeMethod -->
        <test-method status="PASS" signature="beforeMethod(java.lang.reflect.Method)[pri:0, instance:com.test.automation.uiAutomation.AuthPageValidation.SignInValidation@4c6e276e]" name="beforeMethod" is-config="true" duration-ms="0" started-at="2018-06-10T19:55:44Z" finished-at="2018-06-10T19:55:44Z">
          <params>
            <param index="0">
              <value>
                <![CDATA[public void com.test.automation.uiAutomation.AuthPageValidation.SignInValidation.verifyLoginWithInvalidCredentials(java.lang.String,java.lang.String,java.lang.String)]]>
              </value>
            </param>
          </params>
          <reporter-output>
          </reporter-output>
        </test-method> <!-- beforeMethod -->
        <test-method status="SKIP" signature="verifyLoginWithInvalidCredentials(java.lang.String, java.lang.String, java.lang.String)[pri:0, instance:com.test.automation.uiAutomation.AuthPageValidation.SignInValidation@4c6e276e]" name="verifyLoginWithInvalidCredentials" duration-ms="0" started-at="2018-06-10T19:55:44Z" data-provider="LoginData" finished-at="2018-06-10T19:55:44Z">
          <params>
            <param index="0">
              <value>
                <![CDATA[sa@gmail.com]]>
              </value>
            </param>
            <param index="1">
              <value>
                <![CDATA[Pass345]]>
              </value>
            </param>
            <param index="2">
              <value>
                <![CDATA[N]]>
              </value>
            </param>
          </params>
          <exception class="org.testng.SkipException">
            <message>
              <![CDATA[User has marked this test as no run.]]>
            </message>
            <full-stacktrace>
              <![CDATA[org.testng.SkipException: User has marked this test as no run.
	at com.test.automation.uiAutomation.AuthPageValidation.SignInValidation.verifyLoginWithInvalidCredentials(SignInValidation.java:44)
	at sun.reflect.NativeMethodAccessorImpl.invoke0(Native Method)
	at sun.reflect.NativeMethodAccessorImpl.invoke(NativeMethodAccessorImpl.java:62)
	at sun.reflect.DelegatingMethodAccessorImpl.invoke(DelegatingMethodAccessorImpl.java:43)
	at java.lang.reflect.Method.invoke(Method.java:497)
	at org.testng.internal.MethodInvocationHelper.invokeMethod(MethodInvocationHelper.java:86)
	at org.testng.internal.Invoker.invokeMethod(Invoker.java:643)
	at org.testng.internal.Invoker.invokeTestMethod(Invoker.java:820)
	at org.testng.internal.Invoker.invokeTestMethods(Invoker.java:1128)
	at org.testng.internal.TestMethodWorker.invokeTestMethods(TestMethodWorker.java:129)
	at org.testng.internal.TestMethodWorker.run(TestMethodWorker.java:112)
	at org.testng.TestRunner.privateRun(TestRunner.java:782)
	at org.testng.TestRunner.run(TestRunner.java:632)
	at org.testng.SuiteRunner.runTest(SuiteRunner.java:366)
	at org.testng.SuiteRunner.access$000(SuiteRunner.java:39)
	at org.testng.SuiteRunner$SuiteWorker.run(SuiteRunner.java:400)
	at org.testng.internal.thread.ThreadUtil$2.call(ThreadUtil.java:64)
	at java.util.concurrent.FutureTask.run(FutureTask.java:266)
	at java.util.concurrent.ThreadPoolExecutor.runWorker(ThreadPoolExecutor.java:1142)
	at java.util.concurrent.ThreadPoolExecutor$Worker.run(ThreadPoolExecutor.java:617)
	at java.lang.Thread.run(Thread.java:745)
]]>
            </full-stacktrace>
          </exception> <!-- org.testng.SkipException -->
          <reporter-output>
          </reporter-output>
        </test-method> <!-- verifyLoginWithInvalidCredentials -->
        <test-method status="PASS" signature="afterMethod(org.testng.ITestResult)[pri:0, instance:com.test.automation.uiAutomation.AuthPageValidation.SignInValidation@4c6e276e]" name="afterMethod" is-config="true" duration-ms="0" started-at="2018-06-10T19:55:44Z" finished-at="2018-06-10T19:55:44Z">
          <params>
            <param index="0">
              <value>
                <![CDATA[[TestResult name=verifyLoginWithInvalidCredentials status=SKIP method=SignInValidation.verifyLoginWithInvalidCredentials(java.lang.String, java.lang.String, java.lang.String)[pri:0, instance:com.test.automation.uiAutomation.AuthPageValidation.SignInValidation@4c6e276e] output={null}]]]>
              </value>
            </param>
          </params>
          <reporter-output>
          </reporter-output>
        </test-method> <!-- afterMethod -->
        <test-method status="PASS" signature="afterMethod(org.testng.ITestResult)[pri:0, instance:com.test.automation.uiAutomation.AuthPageValidation.SignInValidation@4c6e276e]" name="afterMethod" is-config="true" duration-ms="0" started-at="2018-06-10T19:55:44Z" finished-at="2018-06-10T19:55:44Z">
          <params>
            <param index="0">
              <value>
                <![CDATA[[TestResult name=verifyLoginWithInvalidCredentials status=SKIP method=SignInValidation.verifyLoginWithInvalidCredentials(java.lang.String, java.lang.String, java.lang.String)[pri:0, instance:com.test.automation.uiAutomation.AuthPageValidation.SignInValidation@4c6e276e] output={null}]]]>
              </value>
            </param>
          </params>
          <reporter-output>
          </reporter-output>
        </test-method> <!-- afterMethod -->
        <test-method status="SKIP" signature="verifyLoginWithInvalidCredentials(java.lang.String, java.lang.String, java.lang.String)[pri:0, instance:com.test.automation.uiAutomation.AuthPageValidation.SignInValidation@4c6e276e]" name="verifyLoginWithInvalidCredentials" duration-ms="0" started-at="2018-06-10T19:55:44Z" data-provider="LoginData" finished-at="2018-06-10T19:55:44Z">
          <params>
            <param index="0">
              <value>
                <![CDATA[test123@gmail.com]]>
              </value>
            </param>
            <param index="1">
              <value>
                <![CDATA[Pass456]]>
              </value>
            </param>
            <param index="2">
              <value>
                <![CDATA[N]]>
              </value>
            </param>
          </params>
          <exception class="org.testng.SkipException">
            <message>
              <![CDATA[User has marked this test as no run.]]>
            </message>
            <full-stacktrace>
              <![CDATA[org.testng.SkipException: User has marked this test as no run.
	at com.test.automation.uiAutomation.AuthPageValidation.SignInValidation.verifyLoginWithInvalidCredentials(SignInValidation.java:44)
	at sun.reflect.NativeMethodAccessorImpl.invoke0(Native Method)
	at sun.reflect.NativeMethodAccessorImpl.invoke(NativeMethodAccessorImpl.java:62)
	at sun.reflect.DelegatingMethodAccessorImpl.invoke(DelegatingMethodAccessorImpl.java:43)
	at java.lang.reflect.Method.invoke(Method.java:497)
	at org.testng.internal.MethodInvocationHelper.invokeMethod(MethodInvocationHelper.java:86)
	at org.testng.internal.Invoker.invokeMethod(Invoker.java:643)
	at org.testng.internal.Invoker.invokeTestMethod(Invoker.java:820)
	at org.testng.internal.Invoker.invokeTestMethods(Invoker.java:1128)
	at org.testng.internal.TestMethodWorker.invokeTestMethods(TestMethodWorker.java:129)
	at org.testng.internal.TestMethodWorker.run(TestMethodWorker.java:112)
	at org.testng.TestRunner.privateRun(TestRunner.java:782)
	at org.testng.TestRunner.run(TestRunner.java:632)
	at org.testng.SuiteRunner.runTest(SuiteRunner.java:366)
	at org.testng.SuiteRunner.access$000(SuiteRunner.java:39)
	at org.testng.SuiteRunner$SuiteWorker.run(SuiteRunner.java:400)
	at org.testng.internal.thread.ThreadUtil$2.call(ThreadUtil.java:64)
	at java.util.concurrent.FutureTask.run(FutureTask.java:266)
	at java.util.concurrent.ThreadPoolExecutor.runWorker(ThreadPoolExecutor.java:1142)
	at java.util.concurrent.ThreadPoolExecutor$Worker.run(ThreadPoolExecutor.java:617)
	at java.lang.Thread.run(Thread.java:745)
]]>
            </full-stacktrace>
          </exception> <!-- org.testng.SkipException -->
          <reporter-output>
          </reporter-output>
        </test-method> <!-- verifyLoginWithInvalidCredentials -->
        <test-method status="PASS" signature="beforeMethod(java.lang.reflect.Method)[pri:0, instance:com.test.automation.uiAutomation.AuthPageValidation.SignInValidation@4c6e276e]" name="beforeMethod" is-config="true" duration-ms="0" started-at="2018-06-10T19:55:45Z" finished-at="2018-06-10T19:55:45Z">
          <params>
            <param index="0">
              <value>
                <![CDATA[public void com.test.automation.uiAutomation.AuthPageValidation.SignInValidation.verifyLoginWithValidCredentials(java.lang.String,java.lang.String,java.lang.String)]]>
              </value>
            </param>
          </params>
          <reporter-output>
          </reporter-output>
        </test-method> <!-- beforeMethod -->
        <test-method status="SKIP" signature="verifyLoginWithValidCredentials(java.lang.String, java.lang.String, java.lang.String)[pri:0, instance:com.test.automation.uiAutomation.AuthPageValidation.SignInValidation@4c6e276e]" name="verifyLoginWithValidCredentials" duration-ms="3173" started-at="2018-06-10T19:55:45Z" data-provider="LoginData" finished-at="2018-06-10T19:55:48Z">
          <params>
            <param index="0">
              <value>
                <![CDATA[saurabhsharma81285@gmail.com]]>
              </value>
            </param>
            <param index="1">
              <value>
                <![CDATA[Pass123]]>
              </value>
            </param>
            <param index="2">
              <value>
                <![CDATA[Y]]>
              </value>
            </param>
          </params>
          <exception class="java.lang.AssertionError">
            <message>
              <![CDATA[expected [Authentication passed.] but found [Authentication failed.]]]>
            </message>
            <full-stacktrace>
              <![CDATA[java.lang.AssertionError: expected [Authentication passed.] but found [Authentication failed.]
	at org.testng.Assert.fail(Assert.java:94)
	at org.testng.Assert.failNotEquals(Assert.java:513)
	at org.testng.Assert.assertEqualsImpl(Assert.java:135)
	at org.testng.Assert.assertEquals(Assert.java:116)
	at org.testng.Assert.assertEquals(Assert.java:190)
	at org.testng.Assert.assertEquals(Assert.java:200)
	at com.test.automation.uiAutomation.AuthPageValidation.SignInValidation.verifyLoginWithValidCredentials(SignInValidation.java:66)
	at sun.reflect.NativeMethodAccessorImpl.invoke0(Native Method)
	at sun.reflect.NativeMethodAccessorImpl.invoke(NativeMethodAccessorImpl.java:62)
	at sun.reflect.DelegatingMethodAccessorImpl.invoke(DelegatingMethodAccessorImpl.java:43)
	at java.lang.reflect.Method.invoke(Method.java:497)
	at org.testng.internal.MethodInvocationHelper.invokeMethod(MethodInvocationHelper.java:86)
	at org.testng.internal.Invoker.invokeMethod(Invoker.java:643)
	at org.testng.internal.Invoker.invokeTestMethod(Invoker.java:820)
	at org.testng.internal.Invoker.invokeTestMethods(Invoker.java:1128)
	at org.testng.internal.TestMethodWorker.invokeTestMethods(TestMethodWorker.java:129)
	at org.testng.internal.TestMethodWorker.run(TestMethodWorker.java:112)
	at org.testng.TestRunner.privateRun(TestRunner.java:782)
	at org.testng.TestRunner.run(TestRunner.java:632)
	at org.testng.SuiteRunner.runTest(SuiteRunner.java:366)
	at org.testng.SuiteRunner.access$000(SuiteRunner.java:39)
	at org.testng.SuiteRunner$SuiteWorker.run(SuiteRunner.java:400)
	at org.testng.internal.thread.ThreadUtil$2.call(ThreadUtil.java:64)
	at java.util.concurrent.FutureTask.run(FutureTask.java:266)
	at java.util.concurrent.ThreadPoolExecutor.runWorker(ThreadPoolExecutor.java:1142)
	at java.util.concurrent.ThreadPoolExecutor$Worker.run(ThreadPoolExecutor.java:617)
	at java.lang.Thread.run(Thread.java:745)
]]>
            </full-stacktrace>
          </exception> <!-- java.lang.AssertionError -->
          <reporter-output>
            <line>
              <![CDATA[<a href='/Users/saurabhsharma/Automation_Workspace/UI_Automation/uiAutomation/src/main/java/com/test/automation/uiAutomation/screenshot/LoginWithValidCredentials_saurabhsharma81285@gmail.com_10_06_2018_07_55_47.png'> <img src='/Users/saurabhsharma/Automation_Workspace/UI_Automation/uiAutomation/src/main/java/com/test/automation/uiAutomation/screenshot/LoginWithValidCredentials_saurabhsharma81285@gmail.com_10_06_2018_07_55_47.png' height='100' width='100'/> </a>]]>
            </line>
          </reporter-output>
        </test-method> <!-- verifyLoginWithValidCredentials -->
        <test-method status="PASS" signature="afterMethod(org.testng.ITestResult)[pri:0, instance:com.test.automation.uiAutomation.AuthPageValidation.SignInValidation@4c6e276e]" name="afterMethod" is-config="true" duration-ms="0" started-at="2018-06-10T19:55:48Z" finished-at="2018-06-10T19:55:48Z">
          <params>
            <param index="0">
              <value>
                <![CDATA[[TestResult name=verifyLoginWithValidCredentials status=SKIP method=SignInValidation.verifyLoginWithValidCredentials(java.lang.String, java.lang.String, java.lang.String)[pri:0, instance:com.test.automation.uiAutomation.AuthPageValidation.SignInValidation@4c6e276e] output=<a href='/Users/saurabhsharma/Automation_Workspace/UI_Automation/uiAutomation/src/main/java/com/test/automation/uiAutomation/screenshot/LoginWithValidCredentials_saurabhsharma81285@gmail.com_10_06_2018_07_55_47.png'> <img src='/Users/saurabhsharma/Automation_Workspace/UI_Automation/uiAutomation/src/main/java/com/test/automation/uiAutomation/screenshot/LoginWithValidCredentials_saurabhsharma81285@gmail.com_10_06_2018_07_55_47.png' height='100' width='100'/> </a>]]]>
              </value>
            </param>
          </params>
          <reporter-output>
          </reporter-output>
        </test-method> <!-- afterMethod -->
        <test-method status="PASS" signature="beforeMethod(java.lang.reflect.Method)[pri:0, instance:com.test.automation.uiAutomation.AuthPageValidation.SignInValidation@4c6e276e]" name="beforeMethod" is-config="true" duration-ms="1" started-at="2018-06-10T19:55:48Z" finished-at="2018-06-10T19:55:48Z">
          <params>
            <param index="0">
              <value>
                <![CDATA[public void com.test.automation.uiAutomation.AuthPageValidation.SignInValidation.verifyLoginWithValidCredentials(java.lang.String,java.lang.String,java.lang.String)]]>
              </value>
            </param>
          </params>
          <reporter-output>
          </reporter-output>
        </test-method> <!-- beforeMethod -->
        <test-method status="SKIP" signature="verifyLoginWithValidCredentials(java.lang.String, java.lang.String, java.lang.String)[pri:0, instance:com.test.automation.uiAutomation.AuthPageValidation.SignInValidation@4c6e276e]" name="verifyLoginWithValidCredentials" duration-ms="5106" started-at="2018-06-10T19:55:48Z" data-provider="LoginData" finished-at="2018-06-10T19:55:53Z">
          <params>
            <param index="0">
              <value>
                <![CDATA[saurabhsharma81285@gmail.com]]>
              </value>
            </param>
            <param index="1">
              <value>
                <![CDATA[Pass123]]>
              </value>
            </param>
            <param index="2">
              <value>
                <![CDATA[Y]]>
              </value>
            </param>
          </params>
          <exception class="java.lang.AssertionError">
            <message>
              <![CDATA[expected [Authentication passed.] but found [Authentication failed.]]]>
            </message>
            <full-stacktrace>
              <![CDATA[java.lang.AssertionError: expected [Authentication passed.] but found [Authentication failed.]
	at org.testng.Assert.fail(Assert.java:94)
	at org.testng.Assert.failNotEquals(Assert.java:513)
	at org.testng.Assert.assertEqualsImpl(Assert.java:135)
	at org.testng.Assert.assertEquals(Assert.java:116)
	at org.testng.Assert.assertEquals(Assert.java:190)
	at org.testng.Assert.assertEquals(Assert.java:200)
	at com.test.automation.uiAutomation.AuthPageValidation.SignInValidation.verifyLoginWithValidCredentials(SignInValidation.java:66)
	at sun.reflect.NativeMethodAccessorImpl.invoke0(Native Method)
	at sun.reflect.NativeMethodAccessorImpl.invoke(NativeMethodAccessorImpl.java:62)
	at sun.reflect.DelegatingMethodAccessorImpl.invoke(DelegatingMethodAccessorImpl.java:43)
	at java.lang.reflect.Method.invoke(Method.java:497)
	at org.testng.internal.MethodInvocationHelper.invokeMethod(MethodInvocationHelper.java:86)
	at org.testng.internal.Invoker.invokeMethod(Invoker.java:643)
	at org.testng.internal.Invoker.retryFailed(Invoker.java:967)
	at org.testng.internal.Invoker.invokeTestMethods(Invoker.java:1146)
	at org.testng.internal.TestMethodWorker.invokeTestMethods(TestMethodWorker.java:129)
	at org.testng.internal.TestMethodWorker.run(TestMethodWorker.java:112)
	at org.testng.TestRunner.privateRun(TestRunner.java:782)
	at org.testng.TestRunner.run(TestRunner.java:632)
	at org.testng.SuiteRunner.runTest(SuiteRunner.java:366)
	at org.testng.SuiteRunner.access$000(SuiteRunner.java:39)
	at org.testng.SuiteRunner$SuiteWorker.run(SuiteRunner.java:400)
	at org.testng.internal.thread.ThreadUtil$2.call(ThreadUtil.java:64)
	at java.util.concurrent.FutureTask.run(FutureTask.java:266)
	at java.util.concurrent.ThreadPoolExecutor.runWorker(ThreadPoolExecutor.java:1142)
	at java.util.concurrent.ThreadPoolExecutor$Worker.run(ThreadPoolExecutor.java:617)
	at java.lang.Thread.run(Thread.java:745)
]]>
            </full-stacktrace>
          </exception> <!-- java.lang.AssertionError -->
          <reporter-output>
            <line>
              <![CDATA[<a href='/Users/saurabhsharma/Automation_Workspace/UI_Automation/uiAutomation/src/main/java/com/test/automation/uiAutomation/screenshot/LoginWithValidCredentials_saurabhsharma81285@gmail.com_10_06_2018_07_55_52.png'> <img src='/Users/saurabhsharma/Automation_Workspace/UI_Automation/uiAutomation/src/main/java/com/test/automation/uiAutomation/screenshot/LoginWithValidCredentials_saurabhsharma81285@gmail.com_10_06_2018_07_55_52.png' height='100' width='100'/> </a>]]>
            </line>
          </reporter-output>
        </test-method> <!-- verifyLoginWithValidCredentials -->
        <test-method status="PASS" signature="afterMethod(org.testng.ITestResult)[pri:0, instance:com.test.automation.uiAutomation.AuthPageValidation.SignInValidation@4c6e276e]" name="afterMethod" is-config="true" duration-ms="0" started-at="2018-06-10T19:55:53Z" finished-at="2018-06-10T19:55:53Z">
          <params>
            <param index="0">
              <value>
                <![CDATA[[TestResult name=verifyLoginWithValidCredentials status=SKIP method=SignInValidation.verifyLoginWithValidCredentials(java.lang.String, java.lang.String, java.lang.String)[pri:0, instance:com.test.automation.uiAutomation.AuthPageValidation.SignInValidation@4c6e276e] output=<a href='/Users/saurabhsharma/Automation_Workspace/UI_Automation/uiAutomation/src/main/java/com/test/automation/uiAutomation/screenshot/LoginWithValidCredentials_saurabhsharma81285@gmail.com_10_06_2018_07_55_52.png'> <img src='/Users/saurabhsharma/Automation_Workspace/UI_Automation/uiAutomation/src/main/java/com/test/automation/uiAutomation/screenshot/LoginWithValidCredentials_saurabhsharma81285@gmail.com_10_06_2018_07_55_52.png' height='100' width='100'/> </a>]]]>
              </value>
            </param>
          </params>
          <reporter-output>
          </reporter-output>
        </test-method> <!-- afterMethod -->
        <test-method status="FAIL" signature="verifyLoginWithValidCredentials(java.lang.String, java.lang.String, java.lang.String)[pri:0, instance:com.test.automation.uiAutomation.AuthPageValidation.SignInValidation@4c6e276e]" name="verifyLoginWithValidCredentials" duration-ms="5649" started-at="2018-06-10T19:55:53Z" data-provider="LoginData" finished-at="2018-06-10T19:55:59Z">
          <params>
            <param index="0">
              <value>
                <![CDATA[saurabhsharma81285@gmail.com]]>
              </value>
            </param>
            <param index="1">
              <value>
                <![CDATA[Pass123]]>
              </value>
            </param>
            <param index="2">
              <value>
                <![CDATA[Y]]>
              </value>
            </param>
          </params>
          <exception class="java.lang.AssertionError">
            <message>
              <![CDATA[expected [Authentication passed.] but found [Authentication failed.]]]>
            </message>
            <full-stacktrace>
              <![CDATA[java.lang.AssertionError: expected [Authentication passed.] but found [Authentication failed.]
	at org.testng.Assert.fail(Assert.java:94)
	at org.testng.Assert.failNotEquals(Assert.java:513)
	at org.testng.Assert.assertEqualsImpl(Assert.java:135)
	at org.testng.Assert.assertEquals(Assert.java:116)
	at org.testng.Assert.assertEquals(Assert.java:190)
	at org.testng.Assert.assertEquals(Assert.java:200)
	at com.test.automation.uiAutomation.AuthPageValidation.SignInValidation.verifyLoginWithValidCredentials(SignInValidation.java:66)
	at sun.reflect.NativeMethodAccessorImpl.invoke0(Native Method)
	at sun.reflect.NativeMethodAccessorImpl.invoke(NativeMethodAccessorImpl.java:62)
	at sun.reflect.DelegatingMethodAccessorImpl.invoke(DelegatingMethodAccessorImpl.java:43)
	at java.lang.reflect.Method.invoke(Method.java:497)
	at org.testng.internal.MethodInvocationHelper.invokeMethod(MethodInvocationHelper.java:86)
	at org.testng.internal.Invoker.invokeMethod(Invoker.java:643)
	at org.testng.internal.Invoker.retryFailed(Invoker.java:967)
	at org.testng.internal.Invoker.invokeTestMethods(Invoker.java:1146)
	at org.testng.internal.TestMethodWorker.invokeTestMethods(TestMethodWorker.java:129)
	at org.testng.internal.TestMethodWorker.run(TestMethodWorker.java:112)
	at org.testng.TestRunner.privateRun(TestRunner.java:782)
	at org.testng.TestRunner.run(TestRunner.java:632)
	at org.testng.SuiteRunner.runTest(SuiteRunner.java:366)
	at org.testng.SuiteRunner.access$000(SuiteRunner.java:39)
	at org.testng.SuiteRunner$SuiteWorker.run(SuiteRunner.java:400)
	at org.testng.internal.thread.ThreadUtil$2.call(ThreadUtil.java:64)
	at java.util.concurrent.FutureTask.run(FutureTask.java:266)
	at java.util.concurrent.ThreadPoolExecutor.runWorker(ThreadPoolExecutor.java:1142)
	at java.util.concurrent.ThreadPoolExecutor$Worker.run(ThreadPoolExecutor.java:617)
	at java.lang.Thread.run(Thread.java:745)
]]>
            </full-stacktrace>
          </exception> <!-- java.lang.AssertionError -->
          <reporter-output>
            <line>
              <![CDATA[<a href='/Users/saurabhsharma/Automation_Workspace/UI_Automation/uiAutomation/src/main/java/com/test/automation/uiAutomation/screenshot/LoginWithValidCredentials_saurabhsharma81285@gmail.com_10_06_2018_07_55_58.png'> <img src='/Users/saurabhsharma/Automation_Workspace/UI_Automation/uiAutomation/src/main/java/com/test/automation/uiAutomation/screenshot/LoginWithValidCredentials_saurabhsharma81285@gmail.com_10_06_2018_07_55_58.png' height='100' width='100'/> </a>]]>
            </line>
          </reporter-output>
        </test-method> <!-- verifyLoginWithValidCredentials -->
        <test-method status="PASS" signature="beforeMethod(java.lang.reflect.Method)[pri:0, instance:com.test.automation.uiAutomation.AuthPageValidation.SignInValidation@4c6e276e]" name="beforeMethod" is-config="true" duration-ms="0" started-at="2018-06-10T19:55:53Z" finished-at="2018-06-10T19:55:53Z">
          <params>
            <param index="0">
              <value>
                <![CDATA[public void com.test.automation.uiAutomation.AuthPageValidation.SignInValidation.verifyLoginWithValidCredentials(java.lang.String,java.lang.String,java.lang.String)]]>
              </value>
            </param>
          </params>
          <reporter-output>
          </reporter-output>
        </test-method> <!-- beforeMethod -->
        <test-method status="PASS" signature="afterMethod(org.testng.ITestResult)[pri:0, instance:com.test.automation.uiAutomation.AuthPageValidation.SignInValidation@4c6e276e]" name="afterMethod" is-config="true" duration-ms="331" started-at="2018-06-10T19:55:59Z" finished-at="2018-06-10T19:55:59Z">
          <params>
            <param index="0">
              <value>
                <![CDATA[[TestResult name=verifyLoginWithValidCredentials status=FAILURE method=SignInValidation.verifyLoginWithValidCredentials(java.lang.String, java.lang.String, java.lang.String)[pri:0, instance:com.test.automation.uiAutomation.AuthPageValidation.SignInValidation@4c6e276e] output=<a href='/Users/saurabhsharma/Automation_Workspace/UI_Automation/uiAutomation/src/main/java/com/test/automation/uiAutomation/screenshot/LoginWithValidCredentials_saurabhsharma81285@gmail.com_10_06_2018_07_55_58.png'> <img src='/Users/saurabhsharma/Automation_Workspace/UI_Automation/uiAutomation/src/main/java/com/test/automation/uiAutomation/screenshot/LoginWithValidCredentials_saurabhsharma81285@gmail.com_10_06_2018_07_55_58.png' height='100' width='100'/> </a>]]]>
              </value>
            </param>
          </params>
          <reporter-output>
            <line>
              <![CDATA[<a href='/Users/saurabhsharma/Automation_Workspace/UI_Automation/uiAutomation/src/main/java/com/test/automation/uiAutomation/screenshot/blank_10_06_2018_07_55_59.png'> <img src='/Users/saurabhsharma/Automation_Workspace/UI_Automation/uiAutomation/src/main/java/com/test/automation/uiAutomation/screenshot/blank_10_06_2018_07_55_59.png' height='100' width='100'/> </a>]]>
            </line>
          </reporter-output>
        </test-method> <!-- afterMethod -->
        <test-method status="PASS" signature="afterMethod(org.testng.ITestResult)[pri:0, instance:com.test.automation.uiAutomation.AuthPageValidation.SignInValidation@4c6e276e]" name="afterMethod" is-config="true" duration-ms="0" started-at="2018-06-10T19:55:59Z" finished-at="2018-06-10T19:55:59Z">
          <params>
            <param index="0">
              <value>
                <![CDATA[[TestResult name=verifyLoginWithValidCredentials status=SKIP method=SignInValidation.verifyLoginWithValidCredentials(java.lang.String, java.lang.String, java.lang.String)[pri:0, instance:com.test.automation.uiAutomation.AuthPageValidation.SignInValidation@4c6e276e] output={null}]]]>
              </value>
            </param>
          </params>
          <reporter-output>
          </reporter-output>
        </test-method> <!-- afterMethod -->
        <test-method status="PASS" signature="beforeMethod(java.lang.reflect.Method)[pri:0, instance:com.test.automation.uiAutomation.AuthPageValidation.SignInValidation@4c6e276e]" name="beforeMethod" is-config="true" duration-ms="0" started-at="2018-06-10T19:55:59Z" finished-at="2018-06-10T19:55:59Z">
          <params>
            <param index="0">
              <value>
                <![CDATA[public void com.test.automation.uiAutomation.AuthPageValidation.SignInValidation.verifyLoginWithValidCredentials(java.lang.String,java.lang.String,java.lang.String)]]>
              </value>
            </param>
          </params>
          <reporter-output>
          </reporter-output>
        </test-method> <!-- beforeMethod -->
        <test-method status="SKIP" signature="verifyLoginWithValidCredentials(java.lang.String, java.lang.String, java.lang.String)[pri:0, instance:com.test.automation.uiAutomation.AuthPageValidation.SignInValidation@4c6e276e]" name="verifyLoginWithValidCredentials" duration-ms="0" started-at="2018-06-10T19:55:59Z" data-provider="LoginData" finished-at="2018-06-10T19:55:59Z">
          <params>
            <param index="0">
              <value>
                <![CDATA[Sau97601@gmail.com]]>
              </value>
            </param>
            <param index="1">
              <value>
                <![CDATA[Pass234]]>
              </value>
            </param>
            <param index="2">
              <value>
                <![CDATA[N]]>
              </value>
            </param>
          </params>
          <exception class="org.testng.SkipException">
            <message>
              <![CDATA[User has marked this test as no run.]]>
            </message>
            <full-stacktrace>
              <![CDATA[org.testng.SkipException: User has marked this test as no run.
	at com.test.automation.uiAutomation.AuthPageValidation.SignInValidation.verifyLoginWithValidCredentials(SignInValidation.java:60)
	at sun.reflect.NativeMethodAccessorImpl.invoke0(Native Method)
	at sun.reflect.NativeMethodAccessorImpl.invoke(NativeMethodAccessorImpl.java:62)
	at sun.reflect.DelegatingMethodAccessorImpl.invoke(DelegatingMethodAccessorImpl.java:43)
	at java.lang.reflect.Method.invoke(Method.java:497)
	at org.testng.internal.MethodInvocationHelper.invokeMethod(MethodInvocationHelper.java:86)
	at org.testng.internal.Invoker.invokeMethod(Invoker.java:643)
	at org.testng.internal.Invoker.invokeTestMethod(Invoker.java:820)
	at org.testng.internal.Invoker.invokeTestMethods(Invoker.java:1128)
	at org.testng.internal.TestMethodWorker.invokeTestMethods(TestMethodWorker.java:129)
	at org.testng.internal.TestMethodWorker.run(TestMethodWorker.java:112)
	at org.testng.TestRunner.privateRun(TestRunner.java:782)
	at org.testng.TestRunner.run(TestRunner.java:632)
	at org.testng.SuiteRunner.runTest(SuiteRunner.java:366)
	at org.testng.SuiteRunner.access$000(SuiteRunner.java:39)
	at org.testng.SuiteRunner$SuiteWorker.run(SuiteRunner.java:400)
	at org.testng.internal.thread.ThreadUtil$2.call(ThreadUtil.java:64)
	at java.util.concurrent.FutureTask.run(FutureTask.java:266)
	at java.util.concurrent.ThreadPoolExecutor.runWorker(ThreadPoolExecutor.java:1142)
	at java.util.concurrent.ThreadPoolExecutor$Worker.run(ThreadPoolExecutor.java:617)
	at java.lang.Thread.run(Thread.java:745)
]]>
            </full-stacktrace>
          </exception> <!-- org.testng.SkipException -->
          <reporter-output>
          </reporter-output>
        </test-method> <!-- verifyLoginWithValidCredentials -->
        <test-method status="PASS" signature="beforeMethod(java.lang.reflect.Method)[pri:0, instance:com.test.automation.uiAutomation.AuthPageValidation.SignInValidation@4c6e276e]" name="beforeMethod" is-config="true" duration-ms="0" started-at="2018-06-10T19:55:59Z" finished-at="2018-06-10T19:55:59Z">
          <params>
            <param index="0">
              <value>
                <![CDATA[public void com.test.automation.uiAutomation.AuthPageValidation.SignInValidation.verifyLoginWithValidCredentials(java.lang.String,java.lang.String,java.lang.String)]]>
              </value>
            </param>
          </params>
          <reporter-output>
          </reporter-output>
        </test-method> <!-- beforeMethod -->
        <test-method status="SKIP" signature="verifyLoginWithValidCredentials(java.lang.String, java.lang.String, java.lang.String)[pri:0, instance:com.test.automation.uiAutomation.AuthPageValidation.SignInValidation@4c6e276e]" name="verifyLoginWithValidCredentials" duration-ms="0" started-at="2018-06-10T19:55:59Z" data-provider="LoginData" finished-at="2018-06-10T19:55:59Z">
          <params>
            <param index="0">
              <value>
                <![CDATA[Sau97601@gmail.com]]>
              </value>
            </param>
            <param index="1">
              <value>
                <![CDATA[Pass234]]>
              </value>
            </param>
            <param index="2">
              <value>
                <![CDATA[N]]>
              </value>
            </param>
          </params>
          <exception class="org.testng.SkipException">
            <message>
              <![CDATA[User has marked this test as no run.]]>
            </message>
            <full-stacktrace>
              <![CDATA[org.testng.SkipException: User has marked this test as no run.
	at com.test.automation.uiAutomation.AuthPageValidation.SignInValidation.verifyLoginWithValidCredentials(SignInValidation.java:60)
	at sun.reflect.NativeMethodAccessorImpl.invoke0(Native Method)
	at sun.reflect.NativeMethodAccessorImpl.invoke(NativeMethodAccessorImpl.java:62)
	at sun.reflect.DelegatingMethodAccessorImpl.invoke(DelegatingMethodAccessorImpl.java:43)
	at java.lang.reflect.Method.invoke(Method.java:497)
	at org.testng.internal.MethodInvocationHelper.invokeMethod(MethodInvocationHelper.java:86)
	at org.testng.internal.Invoker.invokeMethod(Invoker.java:643)
	at org.testng.internal.Invoker.retryFailed(Invoker.java:967)
	at org.testng.internal.Invoker.invokeTestMethods(Invoker.java:1146)
	at org.testng.internal.TestMethodWorker.invokeTestMethods(TestMethodWorker.java:129)
	at org.testng.internal.TestMethodWorker.run(TestMethodWorker.java:112)
	at org.testng.TestRunner.privateRun(TestRunner.java:782)
	at org.testng.TestRunner.run(TestRunner.java:632)
	at org.testng.SuiteRunner.runTest(SuiteRunner.java:366)
	at org.testng.SuiteRunner.access$000(SuiteRunner.java:39)
	at org.testng.SuiteRunner$SuiteWorker.run(SuiteRunner.java:400)
	at org.testng.internal.thread.ThreadUtil$2.call(ThreadUtil.java:64)
	at java.util.concurrent.FutureTask.run(FutureTask.java:266)
	at java.util.concurrent.ThreadPoolExecutor.runWorker(ThreadPoolExecutor.java:1142)
	at java.util.concurrent.ThreadPoolExecutor$Worker.run(ThreadPoolExecutor.java:617)
	at java.lang.Thread.run(Thread.java:745)
]]>
            </full-stacktrace>
          </exception> <!-- org.testng.SkipException -->
          <reporter-output>
          </reporter-output>
        </test-method> <!-- verifyLoginWithValidCredentials -->
        <test-method status="PASS" signature="afterMethod(org.testng.ITestResult)[pri:0, instance:com.test.automation.uiAutomation.AuthPageValidation.SignInValidation@4c6e276e]" name="afterMethod" is-config="true" duration-ms="0" started-at="2018-06-10T19:55:59Z" finished-at="2018-06-10T19:55:59Z">
          <params>
            <param index="0">
              <value>
                <![CDATA[[TestResult name=verifyLoginWithValidCredentials status=SKIP method=SignInValidation.verifyLoginWithValidCredentials(java.lang.String, java.lang.String, java.lang.String)[pri:0, instance:com.test.automation.uiAutomation.AuthPageValidation.SignInValidation@4c6e276e] output={null}]]]>
              </value>
            </param>
          </params>
          <reporter-output>
          </reporter-output>
        </test-method> <!-- afterMethod -->
        <test-method status="PASS" signature="beforeMethod(java.lang.reflect.Method)[pri:0, instance:com.test.automation.uiAutomation.AuthPageValidation.SignInValidation@4c6e276e]" name="beforeMethod" is-config="true" duration-ms="0" started-at="2018-06-10T19:55:59Z" finished-at="2018-06-10T19:55:59Z">
          <params>
            <param index="0">
              <value>
                <![CDATA[public void com.test.automation.uiAutomation.AuthPageValidation.SignInValidation.verifyLoginWithValidCredentials(java.lang.String,java.lang.String,java.lang.String)]]>
              </value>
            </param>
          </params>
          <reporter-output>
          </reporter-output>
        </test-method> <!-- beforeMethod -->
        <test-method status="SKIP" signature="verifyLoginWithValidCredentials(java.lang.String, java.lang.String, java.lang.String)[pri:0, instance:com.test.automation.uiAutomation.AuthPageValidation.SignInValidation@4c6e276e]" name="verifyLoginWithValidCredentials" duration-ms="0" started-at="2018-06-10T19:55:59Z" data-provider="LoginData" finished-at="2018-06-10T19:55:59Z">
          <params>
            <param index="0">
              <value>
                <![CDATA[sa@gmail.com]]>
              </value>
            </param>
            <param index="1">
              <value>
                <![CDATA[Pass345]]>
              </value>
            </param>
            <param index="2">
              <value>
                <![CDATA[N]]>
              </value>
            </param>
          </params>
          <exception class="org.testng.SkipException">
            <message>
              <![CDATA[User has marked this test as no run.]]>
            </message>
            <full-stacktrace>
              <![CDATA[org.testng.SkipException: User has marked this test as no run.
	at com.test.automation.uiAutomation.AuthPageValidation.SignInValidation.verifyLoginWithValidCredentials(SignInValidation.java:60)
	at sun.reflect.NativeMethodAccessorImpl.invoke0(Native Method)
	at sun.reflect.NativeMethodAccessorImpl.invoke(NativeMethodAccessorImpl.java:62)
	at sun.reflect.DelegatingMethodAccessorImpl.invoke(DelegatingMethodAccessorImpl.java:43)
	at java.lang.reflect.Method.invoke(Method.java:497)
	at org.testng.internal.MethodInvocationHelper.invokeMethod(MethodInvocationHelper.java:86)
	at org.testng.internal.Invoker.invokeMethod(Invoker.java:643)
	at org.testng.internal.Invoker.invokeTestMethod(Invoker.java:820)
	at org.testng.internal.Invoker.invokeTestMethods(Invoker.java:1128)
	at org.testng.internal.TestMethodWorker.invokeTestMethods(TestMethodWorker.java:129)
	at org.testng.internal.TestMethodWorker.run(TestMethodWorker.java:112)
	at org.testng.TestRunner.privateRun(TestRunner.java:782)
	at org.testng.TestRunner.run(TestRunner.java:632)
	at org.testng.SuiteRunner.runTest(SuiteRunner.java:366)
	at org.testng.SuiteRunner.access$000(SuiteRunner.java:39)
	at org.testng.SuiteRunner$SuiteWorker.run(SuiteRunner.java:400)
	at org.testng.internal.thread.ThreadUtil$2.call(ThreadUtil.java:64)
	at java.util.concurrent.FutureTask.run(FutureTask.java:266)
	at java.util.concurrent.ThreadPoolExecutor.runWorker(ThreadPoolExecutor.java:1142)
	at java.util.concurrent.ThreadPoolExecutor$Worker.run(ThreadPoolExecutor.java:617)
	at java.lang.Thread.run(Thread.java:745)
]]>
            </full-stacktrace>
          </exception> <!-- org.testng.SkipException -->
          <reporter-output>
          </reporter-output>
        </test-method> <!-- verifyLoginWithValidCredentials -->
        <test-method status="PASS" signature="afterMethod(org.testng.ITestResult)[pri:0, instance:com.test.automation.uiAutomation.AuthPageValidation.SignInValidation@4c6e276e]" name="afterMethod" is-config="true" duration-ms="0" started-at="2018-06-10T19:55:59Z" finished-at="2018-06-10T19:55:59Z">
          <params>
            <param index="0">
              <value>
                <![CDATA[[TestResult name=verifyLoginWithValidCredentials status=SKIP method=SignInValidation.verifyLoginWithValidCredentials(java.lang.String, java.lang.String, java.lang.String)[pri:0, instance:com.test.automation.uiAutomation.AuthPageValidation.SignInValidation@4c6e276e] output={null}]]]>
              </value>
            </param>
          </params>
          <reporter-output>
          </reporter-output>
        </test-method> <!-- afterMethod -->
        <test-method status="PASS" signature="beforeMethod(java.lang.reflect.Method)[pri:0, instance:com.test.automation.uiAutomation.AuthPageValidation.SignInValidation@4c6e276e]" name="beforeMethod" is-config="true" duration-ms="0" started-at="2018-06-10T19:55:59Z" finished-at="2018-06-10T19:55:59Z">
          <params>
            <param index="0">
              <value>
                <![CDATA[public void com.test.automation.uiAutomation.AuthPageValidation.SignInValidation.verifyLoginWithValidCredentials(java.lang.String,java.lang.String,java.lang.String)]]>
              </value>
            </param>
          </params>
          <reporter-output>
          </reporter-output>
        </test-method> <!-- beforeMethod -->
        <test-method status="SKIP" signature="verifyLoginWithValidCredentials(java.lang.String, java.lang.String, java.lang.String)[pri:0, instance:com.test.automation.uiAutomation.AuthPageValidation.SignInValidation@4c6e276e]" name="verifyLoginWithValidCredentials" duration-ms="0" started-at="2018-06-10T19:55:59Z" data-provider="LoginData" finished-at="2018-06-10T19:55:59Z">
          <params>
            <param index="0">
              <value>
                <![CDATA[sa@gmail.com]]>
              </value>
            </param>
            <param index="1">
              <value>
                <![CDATA[Pass345]]>
              </value>
            </param>
            <param index="2">
              <value>
                <![CDATA[N]]>
              </value>
            </param>
          </params>
          <exception class="org.testng.SkipException">
            <message>
              <![CDATA[User has marked this test as no run.]]>
            </message>
            <full-stacktrace>
              <![CDATA[org.testng.SkipException: User has marked this test as no run.
	at com.test.automation.uiAutomation.AuthPageValidation.SignInValidation.verifyLoginWithValidCredentials(SignInValidation.java:60)
	at sun.reflect.NativeMethodAccessorImpl.invoke0(Native Method)
	at sun.reflect.NativeMethodAccessorImpl.invoke(NativeMethodAccessorImpl.java:62)
	at sun.reflect.DelegatingMethodAccessorImpl.invoke(DelegatingMethodAccessorImpl.java:43)
	at java.lang.reflect.Method.invoke(Method.java:497)
	at org.testng.internal.MethodInvocationHelper.invokeMethod(MethodInvocationHelper.java:86)
	at org.testng.internal.Invoker.invokeMethod(Invoker.java:643)
	at org.testng.internal.Invoker.retryFailed(Invoker.java:967)
	at org.testng.internal.Invoker.invokeTestMethods(Invoker.java:1146)
	at org.testng.internal.TestMethodWorker.invokeTestMethods(TestMethodWorker.java:129)
	at org.testng.internal.TestMethodWorker.run(TestMethodWorker.java:112)
	at org.testng.TestRunner.privateRun(TestRunner.java:782)
	at org.testng.TestRunner.run(TestRunner.java:632)
	at org.testng.SuiteRunner.runTest(SuiteRunner.java:366)
	at org.testng.SuiteRunner.access$000(SuiteRunner.java:39)
	at org.testng.SuiteRunner$SuiteWorker.run(SuiteRunner.java:400)
	at org.testng.internal.thread.ThreadUtil$2.call(ThreadUtil.java:64)
	at java.util.concurrent.FutureTask.run(FutureTask.java:266)
	at java.util.concurrent.ThreadPoolExecutor.runWorker(ThreadPoolExecutor.java:1142)
	at java.util.concurrent.ThreadPoolExecutor$Worker.run(ThreadPoolExecutor.java:617)
	at java.lang.Thread.run(Thread.java:745)
]]>
            </full-stacktrace>
          </exception> <!-- org.testng.SkipException -->
          <reporter-output>
          </reporter-output>
        </test-method> <!-- verifyLoginWithValidCredentials -->
        <test-method status="PASS" signature="afterMethod(org.testng.ITestResult)[pri:0, instance:com.test.automation.uiAutomation.AuthPageValidation.SignInValidation@4c6e276e]" name="afterMethod" is-config="true" duration-ms="1" started-at="2018-06-10T19:55:59Z" finished-at="2018-06-10T19:55:59Z">
          <params>
            <param index="0">
              <value>
                <![CDATA[[TestResult name=verifyLoginWithValidCredentials status=SKIP method=SignInValidation.verifyLoginWithValidCredentials(java.lang.String, java.lang.String, java.lang.String)[pri:0, instance:com.test.automation.uiAutomation.AuthPageValidation.SignInValidation@4c6e276e] output={null}]]]>
              </value>
            </param>
          </params>
          <reporter-output>
          </reporter-output>
        </test-method> <!-- afterMethod -->
        <test-method status="SKIP" signature="verifyLoginWithValidCredentials(java.lang.String, java.lang.String, java.lang.String)[pri:0, instance:com.test.automation.uiAutomation.AuthPageValidation.SignInValidation@4c6e276e]" name="verifyLoginWithValidCredentials" duration-ms="0" started-at="2018-06-10T19:55:59Z" data-provider="LoginData" finished-at="2018-06-10T19:55:59Z">
          <params>
            <param index="0">
              <value>
                <![CDATA[test123@gmail.com]]>
              </value>
            </param>
            <param index="1">
              <value>
                <![CDATA[Pass456]]>
              </value>
            </param>
            <param index="2">
              <value>
                <![CDATA[N]]>
              </value>
            </param>
          </params>
          <exception class="org.testng.SkipException">
            <message>
              <![CDATA[User has marked this test as no run.]]>
            </message>
            <full-stacktrace>
              <![CDATA[org.testng.SkipException: User has marked this test as no run.
	at com.test.automation.uiAutomation.AuthPageValidation.SignInValidation.verifyLoginWithValidCredentials(SignInValidation.java:60)
	at sun.reflect.NativeMethodAccessorImpl.invoke0(Native Method)
	at sun.reflect.NativeMethodAccessorImpl.invoke(NativeMethodAccessorImpl.java:62)
	at sun.reflect.DelegatingMethodAccessorImpl.invoke(DelegatingMethodAccessorImpl.java:43)
	at java.lang.reflect.Method.invoke(Method.java:497)
	at org.testng.internal.MethodInvocationHelper.invokeMethod(MethodInvocationHelper.java:86)
	at org.testng.internal.Invoker.invokeMethod(Invoker.java:643)
	at org.testng.internal.Invoker.invokeTestMethod(Invoker.java:820)
	at org.testng.internal.Invoker.invokeTestMethods(Invoker.java:1128)
	at org.testng.internal.TestMethodWorker.invokeTestMethods(TestMethodWorker.java:129)
	at org.testng.internal.TestMethodWorker.run(TestMethodWorker.java:112)
	at org.testng.TestRunner.privateRun(TestRunner.java:782)
	at org.testng.TestRunner.run(TestRunner.java:632)
	at org.testng.SuiteRunner.runTest(SuiteRunner.java:366)
	at org.testng.SuiteRunner.access$000(SuiteRunner.java:39)
	at org.testng.SuiteRunner$SuiteWorker.run(SuiteRunner.java:400)
	at org.testng.internal.thread.ThreadUtil$2.call(ThreadUtil.java:64)
	at java.util.concurrent.FutureTask.run(FutureTask.java:266)
	at java.util.concurrent.ThreadPoolExecutor.runWorker(ThreadPoolExecutor.java:1142)
	at java.util.concurrent.ThreadPoolExecutor$Worker.run(ThreadPoolExecutor.java:617)
	at java.lang.Thread.run(Thread.java:745)
]]>
            </full-stacktrace>
          </exception> <!-- org.testng.SkipException -->
          <reporter-output>
          </reporter-output>
        </test-method> <!-- verifyLoginWithValidCredentials -->
        <test-method status="PASS" signature="afterMethod(org.testng.ITestResult)[pri:0, instance:com.test.automation.uiAutomation.AuthPageValidation.SignInValidation@4c6e276e]" name="afterMethod" is-config="true" duration-ms="0" started-at="2018-06-10T19:55:59Z" finished-at="2018-06-10T19:55:59Z">
          <params>
            <param index="0">
              <value>
                <![CDATA[[TestResult name=verifyLoginWithValidCredentials status=SKIP method=SignInValidation.verifyLoginWithValidCredentials(java.lang.String, java.lang.String, java.lang.String)[pri:0, instance:com.test.automation.uiAutomation.AuthPageValidation.SignInValidation@4c6e276e] output={null}]]]>
              </value>
            </param>
          </params>
          <reporter-output>
          </reporter-output>
        </test-method> <!-- afterMethod -->
        <test-method status="PASS" signature="beforeMethod(java.lang.reflect.Method)[pri:0, instance:com.test.automation.uiAutomation.AuthPageValidation.SignInValidation@4c6e276e]" name="beforeMethod" is-config="true" duration-ms="0" started-at="2018-06-10T19:55:59Z" finished-at="2018-06-10T19:55:59Z">
          <params>
            <param index="0">
              <value>
                <![CDATA[public void com.test.automation.uiAutomation.AuthPageValidation.SignInValidation.verifyLoginWithValidCredentials(java.lang.String,java.lang.String,java.lang.String)]]>
              </value>
            </param>
          </params>
          <reporter-output>
          </reporter-output>
        </test-method> <!-- beforeMethod -->
        <test-method status="SKIP" signature="verifyLoginWithValidCredentials(java.lang.String, java.lang.String, java.lang.String)[pri:0, instance:com.test.automation.uiAutomation.AuthPageValidation.SignInValidation@4c6e276e]" name="verifyLoginWithValidCredentials" duration-ms="0" started-at="2018-06-10T19:55:59Z" data-provider="LoginData" finished-at="2018-06-10T19:55:59Z">
          <params>
            <param index="0">
              <value>
                <![CDATA[test123@gmail.com]]>
              </value>
            </param>
            <param index="1">
              <value>
                <![CDATA[Pass456]]>
              </value>
            </param>
            <param index="2">
              <value>
                <![CDATA[N]]>
              </value>
            </param>
          </params>
          <exception class="org.testng.SkipException">
            <message>
              <![CDATA[User has marked this test as no run.]]>
            </message>
            <full-stacktrace>
              <![CDATA[org.testng.SkipException: User has marked this test as no run.
	at com.test.automation.uiAutomation.AuthPageValidation.SignInValidation.verifyLoginWithValidCredentials(SignInValidation.java:60)
	at sun.reflect.NativeMethodAccessorImpl.invoke0(Native Method)
	at sun.reflect.NativeMethodAccessorImpl.invoke(NativeMethodAccessorImpl.java:62)
	at sun.reflect.DelegatingMethodAccessorImpl.invoke(DelegatingMethodAccessorImpl.java:43)
	at java.lang.reflect.Method.invoke(Method.java:497)
	at org.testng.internal.MethodInvocationHelper.invokeMethod(MethodInvocationHelper.java:86)
	at org.testng.internal.Invoker.invokeMethod(Invoker.java:643)
	at org.testng.internal.Invoker.retryFailed(Invoker.java:967)
	at org.testng.internal.Invoker.invokeTestMethods(Invoker.java:1146)
	at org.testng.internal.TestMethodWorker.invokeTestMethods(TestMethodWorker.java:129)
	at org.testng.internal.TestMethodWorker.run(TestMethodWorker.java:112)
	at org.testng.TestRunner.privateRun(TestRunner.java:782)
	at org.testng.TestRunner.run(TestRunner.java:632)
	at org.testng.SuiteRunner.runTest(SuiteRunner.java:366)
	at org.testng.SuiteRunner.access$000(SuiteRunner.java:39)
	at org.testng.SuiteRunner$SuiteWorker.run(SuiteRunner.java:400)
	at org.testng.internal.thread.ThreadUtil$2.call(ThreadUtil.java:64)
	at java.util.concurrent.FutureTask.run(FutureTask.java:266)
	at java.util.concurrent.ThreadPoolExecutor.runWorker(ThreadPoolExecutor.java:1142)
	at java.util.concurrent.ThreadPoolExecutor$Worker.run(ThreadPoolExecutor.java:617)
	at java.lang.Thread.run(Thread.java:745)
]]>
            </full-stacktrace>
          </exception> <!-- org.testng.SkipException -->
          <reporter-output>
          </reporter-output>
        </test-method> <!-- verifyLoginWithValidCredentials -->
        <test-method status="PASS" signature="afterMethod(org.testng.ITestResult)[pri:0, instance:com.test.automation.uiAutomation.AuthPageValidation.SignInValidation@4c6e276e]" name="afterMethod" is-config="true" duration-ms="0" started-at="2018-06-10T19:55:59Z" finished-at="2018-06-10T19:55:59Z">
          <params>
            <param index="0">
              <value>
                <![CDATA[[TestResult name=verifyLoginWithValidCredentials status=SKIP method=SignInValidation.verifyLoginWithValidCredentials(java.lang.String, java.lang.String, java.lang.String)[pri:0, instance:com.test.automation.uiAutomation.AuthPageValidation.SignInValidation@4c6e276e] output={null}]]]>
              </value>
            </param>
          </params>
          <reporter-output>
          </reporter-output>
        </test-method> <!-- afterMethod -->
        <test-method status="PASS" signature="beforeMethod(java.lang.reflect.Method)[pri:0, instance:com.test.automation.uiAutomation.AuthPageValidation.SignInValidation@4c6e276e]" name="beforeMethod" is-config="true" duration-ms="0" started-at="2018-06-10T19:55:59Z" finished-at="2018-06-10T19:55:59Z">
          <params>
            <param index="0">
              <value>
                <![CDATA[public void com.test.automation.uiAutomation.AuthPageValidation.SignInValidation.verifyLoginWithValidCredentials(java.lang.String,java.lang.String,java.lang.String)]]>
              </value>
            </param>
          </params>
          <reporter-output>
          </reporter-output>
        </test-method> <!-- beforeMethod -->
        <test-method status="PASS" signature="verifySuccessfulLandingOnAuthenticationPage(java.lang.String, java.lang.String, java.lang.String)[pri:0, instance:com.test.automation.uiAutomation.AuthPageValidation.SignInValidation@4c6e276e]" name="verifySuccessfulLandingOnAuthenticationPage" duration-ms="6953" started-at="2018-06-10T19:55:59Z" data-provider="LoginData" finished-at="2018-06-10T19:56:06Z">
          <params>
            <param index="0">
              <value>
                <![CDATA[saurabhsharma81285@gmail.com]]>
              </value>
            </param>
            <param index="1">
              <value>
                <![CDATA[Pass123]]>
              </value>
            </param>
            <param index="2">
              <value>
                <![CDATA[Y]]>
              </value>
            </param>
          </params>
          <reporter-output>
            <line>
              <![CDATA[<a href='/Users/saurabhsharma/Automation_Workspace/UI_Automation/uiAutomation/src/main/java/com/test/automation/uiAutomation/screenshot/LoginWithValidCredentials_saurabhsharma81285@gmail.com_10_06_2018_07_55_59.png'> <img src='/Users/saurabhsharma/Automation_Workspace/UI_Automation/uiAutomation/src/main/java/com/test/automation/uiAutomation/screenshot/LoginWithValidCredentials_saurabhsharma81285@gmail.com_10_06_2018_07_55_59.png' height='100' width='100'/> </a>]]>
            </line>
          </reporter-output>
        </test-method> <!-- verifySuccessfulLandingOnAuthenticationPage -->
        <test-method status="PASS" signature="beforeMethod(java.lang.reflect.Method)[pri:0, instance:com.test.automation.uiAutomation.AuthPageValidation.SignInValidation@4c6e276e]" name="beforeMethod" is-config="true" duration-ms="0" started-at="2018-06-10T19:55:59Z" finished-at="2018-06-10T19:55:59Z">
          <params>
            <param index="0">
              <value>
                <![CDATA[public void com.test.automation.uiAutomation.AuthPageValidation.SignInValidation.verifySuccessfulLandingOnAuthenticationPage(java.lang.String,java.lang.String,java.lang.String)]]>
              </value>
            </param>
          </params>
          <reporter-output>
          </reporter-output>
        </test-method> <!-- beforeMethod -->
        <test-method status="PASS" signature="beforeMethod(java.lang.reflect.Method)[pri:0, instance:com.test.automation.uiAutomation.AuthPageValidation.SignInValidation@4c6e276e]" name="beforeMethod" is-config="true" duration-ms="0" started-at="2018-06-10T19:56:06Z" finished-at="2018-06-10T19:56:06Z">
          <params>
            <param index="0">
              <value>
                <![CDATA[public void com.test.automation.uiAutomation.AuthPageValidation.SignInValidation.verifySuccessfulLandingOnAuthenticationPage(java.lang.String,java.lang.String,java.lang.String)]]>
              </value>
            </param>
          </params>
          <reporter-output>
          </reporter-output>
        </test-method> <!-- beforeMethod -->
        <test-method status="PASS" signature="verifySuccessfulLandingOnAuthenticationPage(java.lang.String, java.lang.String, java.lang.String)[pri:0, instance:com.test.automation.uiAutomation.AuthPageValidation.SignInValidation@4c6e276e]" name="verifySuccessfulLandingOnAuthenticationPage" duration-ms="6150" started-at="2018-06-10T19:56:06Z" data-provider="LoginData" finished-at="2018-06-10T19:56:12Z">
          <params>
            <param index="0">
              <value>
                <![CDATA[Sau97601@gmail.com]]>
              </value>
            </param>
            <param index="1">
              <value>
                <![CDATA[Pass234]]>
              </value>
            </param>
            <param index="2">
              <value>
                <![CDATA[N]]>
              </value>
            </param>
          </params>
          <reporter-output>
            <line>
              <![CDATA[<a href='/Users/saurabhsharma/Automation_Workspace/UI_Automation/uiAutomation/src/main/java/com/test/automation/uiAutomation/screenshot/LoginWithValidCredentials_Sau97601@gmail.com_10_06_2018_07_56_06.png'> <img src='/Users/saurabhsharma/Automation_Workspace/UI_Automation/uiAutomation/src/main/java/com/test/automation/uiAutomation/screenshot/LoginWithValidCredentials_Sau97601@gmail.com_10_06_2018_07_56_06.png' height='100' width='100'/> </a>]]>
            </line>
          </reporter-output>
        </test-method> <!-- verifySuccessfulLandingOnAuthenticationPage -->
        <test-method status="PASS" signature="afterMethod(org.testng.ITestResult)[pri:0, instance:com.test.automation.uiAutomation.AuthPageValidation.SignInValidation@4c6e276e]" name="afterMethod" is-config="true" duration-ms="0" started-at="2018-06-10T19:56:06Z" finished-at="2018-06-10T19:56:06Z">
          <params>
            <param index="0">
              <value>
                <![CDATA[[TestResult name=verifySuccessfulLandingOnAuthenticationPage status=SUCCESS method=SignInValidation.verifySuccessfulLandingOnAuthenticationPage(java.lang.String, java.lang.String, java.lang.String)[pri:0, instance:com.test.automation.uiAutomation.AuthPageValidation.SignInValidation@4c6e276e] output=<a href='/Users/saurabhsharma/Automation_Workspace/UI_Automation/uiAutomation/src/main/java/com/test/automation/uiAutomation/screenshot/LoginWithValidCredentials_saurabhsharma81285@gmail.com_10_06_2018_07_55_59.png'> <img src='/Users/saurabhsharma/Automation_Workspace/UI_Automation/uiAutomation/src/main/java/com/test/automation/uiAutomation/screenshot/LoginWithValidCredentials_saurabhsharma81285@gmail.com_10_06_2018_07_55_59.png' height='100' width='100'/> </a>]]]>
              </value>
            </param>
          </params>
          <reporter-output>
          </reporter-output>
        </test-method> <!-- afterMethod -->
        <test-method status="PASS" signature="beforeMethod(java.lang.reflect.Method)[pri:0, instance:com.test.automation.uiAutomation.AuthPageValidation.SignInValidation@4c6e276e]" name="beforeMethod" is-config="true" duration-ms="0" started-at="2018-06-10T19:56:12Z" finished-at="2018-06-10T19:56:12Z">
          <params>
            <param index="0">
              <value>
                <![CDATA[public void com.test.automation.uiAutomation.AuthPageValidation.SignInValidation.verifySuccessfulLandingOnAuthenticationPage(java.lang.String,java.lang.String,java.lang.String)]]>
              </value>
            </param>
          </params>
          <reporter-output>
          </reporter-output>
        </test-method> <!-- beforeMethod -->
        <test-method status="PASS" signature="afterMethod(org.testng.ITestResult)[pri:0, instance:com.test.automation.uiAutomation.AuthPageValidation.SignInValidation@4c6e276e]" name="afterMethod" is-config="true" duration-ms="0" started-at="2018-06-10T19:56:12Z" finished-at="2018-06-10T19:56:12Z">
          <params>
            <param index="0">
              <value>
                <![CDATA[[TestResult name=verifySuccessfulLandingOnAuthenticationPage status=SUCCESS method=SignInValidation.verifySuccessfulLandingOnAuthenticationPage(java.lang.String, java.lang.String, java.lang.String)[pri:0, instance:com.test.automation.uiAutomation.AuthPageValidation.SignInValidation@4c6e276e] output=<a href='/Users/saurabhsharma/Automation_Workspace/UI_Automation/uiAutomation/src/main/java/com/test/automation/uiAutomation/screenshot/LoginWithValidCredentials_Sau97601@gmail.com_10_06_2018_07_56_06.png'> <img src='/Users/saurabhsharma/Automation_Workspace/UI_Automation/uiAutomation/src/main/java/com/test/automation/uiAutomation/screenshot/LoginWithValidCredentials_Sau97601@gmail.com_10_06_2018_07_56_06.png' height='100' width='100'/> </a>]]]>
              </value>
            </param>
          </params>
          <reporter-output>
          </reporter-output>
        </test-method> <!-- afterMethod -->
        <test-method status="PASS" signature="verifySuccessfulLandingOnAuthenticationPage(java.lang.String, java.lang.String, java.lang.String)[pri:0, instance:com.test.automation.uiAutomation.AuthPageValidation.SignInValidation@4c6e276e]" name="verifySuccessfulLandingOnAuthenticationPage" duration-ms="1403" started-at="2018-06-10T19:56:12Z" data-provider="LoginData" finished-at="2018-06-10T19:56:13Z">
          <params>
            <param index="0">
              <value>
                <![CDATA[sa@gmail.com]]>
              </value>
            </param>
            <param index="1">
              <value>
                <![CDATA[Pass345]]>
              </value>
            </param>
            <param index="2">
              <value>
                <![CDATA[N]]>
              </value>
            </param>
          </params>
          <reporter-output>
            <line>
              <![CDATA[<a href='/Users/saurabhsharma/Automation_Workspace/UI_Automation/uiAutomation/src/main/java/com/test/automation/uiAutomation/screenshot/LoginWithValidCredentials_sa@gmail.com_10_06_2018_07_56_12.png'> <img src='/Users/saurabhsharma/Automation_Workspace/UI_Automation/uiAutomation/src/main/java/com/test/automation/uiAutomation/screenshot/LoginWithValidCredentials_sa@gmail.com_10_06_2018_07_56_12.png' height='100' width='100'/> </a>]]>
            </line>
          </reporter-output>
        </test-method> <!-- verifySuccessfulLandingOnAuthenticationPage -->
        <test-method status="PASS" signature="afterMethod(org.testng.ITestResult)[pri:0, instance:com.test.automation.uiAutomation.AuthPageValidation.SignInValidation@4c6e276e]" name="afterMethod" is-config="true" duration-ms="1" started-at="2018-06-10T19:56:13Z" finished-at="2018-06-10T19:56:13Z">
          <params>
            <param index="0">
              <value>
                <![CDATA[[TestResult name=verifySuccessfulLandingOnAuthenticationPage status=SUCCESS method=SignInValidation.verifySuccessfulLandingOnAuthenticationPage(java.lang.String, java.lang.String, java.lang.String)[pri:0, instance:com.test.automation.uiAutomation.AuthPageValidation.SignInValidation@4c6e276e] output=<a href='/Users/saurabhsharma/Automation_Workspace/UI_Automation/uiAutomation/src/main/java/com/test/automation/uiAutomation/screenshot/LoginWithValidCredentials_sa@gmail.com_10_06_2018_07_56_12.png'> <img src='/Users/saurabhsharma/Automation_Workspace/UI_Automation/uiAutomation/src/main/java/com/test/automation/uiAutomation/screenshot/LoginWithValidCredentials_sa@gmail.com_10_06_2018_07_56_12.png' height='100' width='100'/> </a>]]]>
              </value>
            </param>
          </params>
          <reporter-output>
          </reporter-output>
        </test-method> <!-- afterMethod -->
        <test-method status="PASS" signature="verifySuccessfulLandingOnAuthenticationPage(java.lang.String, java.lang.String, java.lang.String)[pri:0, instance:com.test.automation.uiAutomation.AuthPageValidation.SignInValidation@4c6e276e]" name="verifySuccessfulLandingOnAuthenticationPage" duration-ms="1412" started-at="2018-06-10T19:56:13Z" data-provider="LoginData" finished-at="2018-06-10T19:56:15Z">
          <params>
            <param index="0">
              <value>
                <![CDATA[test123@gmail.com]]>
              </value>
            </param>
            <param index="1">
              <value>
                <![CDATA[Pass456]]>
              </value>
            </param>
            <param index="2">
              <value>
                <![CDATA[N]]>
              </value>
            </param>
          </params>
          <reporter-output>
            <line>
              <![CDATA[<a href='/Users/saurabhsharma/Automation_Workspace/UI_Automation/uiAutomation/src/main/java/com/test/automation/uiAutomation/screenshot/LoginWithValidCredentials_test123@gmail.com_10_06_2018_07_56_13.png'> <img src='/Users/saurabhsharma/Automation_Workspace/UI_Automation/uiAutomation/src/main/java/com/test/automation/uiAutomation/screenshot/LoginWithValidCredentials_test123@gmail.com_10_06_2018_07_56_13.png' height='100' width='100'/> </a>]]>
            </line>
          </reporter-output>
        </test-method> <!-- verifySuccessfulLandingOnAuthenticationPage -->
        <test-method status="PASS" signature="beforeMethod(java.lang.reflect.Method)[pri:0, instance:com.test.automation.uiAutomation.AuthPageValidation.SignInValidation@4c6e276e]" name="beforeMethod" is-config="true" duration-ms="0" started-at="2018-06-10T19:56:13Z" finished-at="2018-06-10T19:56:13Z">
          <params>
            <param index="0">
              <value>
                <![CDATA[public void com.test.automation.uiAutomation.AuthPageValidation.SignInValidation.verifySuccessfulLandingOnAuthenticationPage(java.lang.String,java.lang.String,java.lang.String)]]>
              </value>
            </param>
          </params>
          <reporter-output>
          </reporter-output>
        </test-method> <!-- beforeMethod -->
        <test-method status="PASS" signature="afterMethod(org.testng.ITestResult)[pri:0, instance:com.test.automation.uiAutomation.AuthPageValidation.SignInValidation@4c6e276e]" name="afterMethod" is-config="true" duration-ms="0" started-at="2018-06-10T19:56:15Z" finished-at="2018-06-10T19:56:15Z">
          <params>
            <param index="0">
              <value>
                <![CDATA[[TestResult name=verifySuccessfulLandingOnAuthenticationPage status=SUCCESS method=SignInValidation.verifySuccessfulLandingOnAuthenticationPage(java.lang.String, java.lang.String, java.lang.String)[pri:0, instance:com.test.automation.uiAutomation.AuthPageValidation.SignInValidation@4c6e276e] output=<a href='/Users/saurabhsharma/Automation_Workspace/UI_Automation/uiAutomation/src/main/java/com/test/automation/uiAutomation/screenshot/LoginWithValidCredentials_test123@gmail.com_10_06_2018_07_56_13.png'> <img src='/Users/saurabhsharma/Automation_Workspace/UI_Automation/uiAutomation/src/main/java/com/test/automation/uiAutomation/screenshot/LoginWithValidCredentials_test123@gmail.com_10_06_2018_07_56_13.png' height='100' width='100'/> </a>]]]>
              </value>
            </param>
          </params>
          <reporter-output>
          </reporter-output>
        </test-method> <!-- afterMethod -->
        <test-method status="PASS" signature="endTest()[pri:0, instance:com.test.automation.uiAutomation.AuthPageValidation.SignInValidation@4c6e276e]" name="endTest" is-config="true" duration-ms="294" started-at="2018-06-10T19:56:15Z" finished-at="2018-06-10T19:56:15Z">
          <reporter-output>
          </reporter-output>
        </test-method> <!-- endTest -->
      </class> <!-- com.test.automation.uiAutomation.AuthPageValidation.SignInValidation -->
    </test> <!-- AuthPageValidation -->
  </suite> <!-- Suite -->
</testng-results>
