<?xml version="1.0" encoding="UTF-8"?>
<testsuite name="AuthPageValidation"
           tests="17"
           failures="1"
           errors="0"
           skipped="11"
           time="36.262">
  <properties />
            <testcase name="verifyLoginWithValidCredentials" time="9.114" classname="com.test.automation.uiAutomation.AuthPageValidation.SignInValidation">
                <failure type="java.lang.AssertionError"
                  message="expected [Authentication passed.] but found [Authentication failed.]"
              >
<![CDATA[java.lang.AssertionError: expected [Authentication passed.] but found [Authentication failed.]
  org.testng.Assert.fail(Assert.java:94)
  org.testng.Assert.failNotEquals(Assert.java:513)
  org.testng.Assert.assertEqualsImpl(Assert.java:135)
  org.testng.Assert.assertEquals(Assert.java:116)
  org.testng.Assert.assertEquals(Assert.java:190)
  org.testng.Assert.assertEquals(Assert.java:200)
  com.test.automation.uiAutomation.AuthPageValidation.SignInValidation.verifyLoginWithValidCredentials(SignInValidation.java:66)
  sun.reflect.NativeMethodAccessorImpl.invoke0(Native Method)
  sun.reflect.NativeMethodAccessorImpl.invoke(NativeMethodAccessorImpl.java:62)
  sun.reflect.DelegatingMethodAccessorImpl.invoke(DelegatingMethodAccessorImpl.java:43)
  java.lang.reflect.Method.invoke(Method.java:497)
  org.testng.internal.MethodInvocationHelper.invokeMethod(MethodInvocationHelper.java:86)
  org.testng.internal.Invoker.invokeMethod(Invoker.java:643)
  org.testng.internal.Invoker.retryFailed(Invoker.java:967)
  org.testng.internal.Invoker.invokeTestMethods(Invoker.java:1146)
  org.testng.internal.TestMethodWorker.invokeTestMethods(TestMethodWorker.java:129)
  org.testng.internal.TestMethodWorker.run(TestMethodWorker.java:112)
  org.testng.TestRunner.privateRun(TestRunner.java:782)
  org.testng.TestRunner.run(TestRunner.java:632)
  org.testng.SuiteRunner.runTest(SuiteRunner.java:366)
  org.testng.SuiteRunner.access$000(SuiteRunner.java:39)
  org.testng.SuiteRunner$SuiteWorker.run(SuiteRunner.java:400)
  org.testng.internal.thread.ThreadUtil$2.call(ThreadUtil.java:64)
  java.util.concurrent.FutureTask.run(FutureTask.java:266)
  java.util.concurrent.ThreadPoolExecutor.runWorker(ThreadPoolExecutor.java:1142)
  java.util.concurrent.ThreadPoolExecutor$Worker.run(ThreadPoolExecutor.java:617)
  java.lang.Thread.run(Thread.java:745)
]]>
      </failure>

          </testcase>
  
            <testcase name="verifyLoginWithValidCredentials" time="0.0" classname="com.test.automation.uiAutomation.AuthPageValidation.SignInValidation">
          <skipped />
    </testcase>
            <testcase name="verifyLoginWithValidCredentials" time="0.0" classname="com.test.automation.uiAutomation.AuthPageValidation.SignInValidation">
          <skipped />
    </testcase>
            <testcase name="verifyLoginWithInvalidCredentials" time="0.0" classname="com.test.automation.uiAutomation.AuthPageValidation.SignInValidation">
          <skipped />
    </testcase>
            <testcase name="verifyLoginWithInvalidCredentials" time="0.0" classname="com.test.automation.uiAutomation.AuthPageValidation.SignInValidation">
          <skipped />
    </testcase>
            <testcase name="verifyLoginWithInvalidCredentials" time="0.0" classname="com.test.automation.uiAutomation.AuthPageValidation.SignInValidation">
          <skipped />
    </testcase>
            <testcase name="verifyLoginWithValidCredentials" time="0.0" classname="com.test.automation.uiAutomation.AuthPageValidation.SignInValidation">
          <skipped />
    </testcase>
            <testcase name="verifyLoginWithValidCredentials" time="0.0" classname="com.test.automation.uiAutomation.AuthPageValidation.SignInValidation">
          <skipped />
    </testcase>
            <testcase name="verifyLoginWithValidCredentials" time="0.0" classname="com.test.automation.uiAutomation.AuthPageValidation.SignInValidation">
          <skipped />
    </testcase>
            <testcase name="verifyLoginWithValidCredentials" time="0.0" classname="com.test.automation.uiAutomation.AuthPageValidation.SignInValidation">
          <skipped />
    </testcase>
            <testcase name="verifyLoginWithValidCredentials" time="0.0" classname="com.test.automation.uiAutomation.AuthPageValidation.SignInValidation">
          <skipped />
    </testcase>
            <testcase name="verifyLoginWithValidCredentials" time="0.0" classname="com.test.automation.uiAutomation.AuthPageValidation.SignInValidation">
          <skipped />
    </testcase>
  
            <testcase name="verifySuccessfulLandingOnAuthenticationPage" time="3.067" classname="com.test.automation.uiAutomation.AuthPageValidation.SignInValidation" />
                <testcase name="verifySuccessfulLandingOnAuthenticationPage" time="2.486" classname="com.test.automation.uiAutomation.AuthPageValidation.SignInValidation" />
                <testcase name="verifySuccessfulLandingOnAuthenticationPage" time="2.314" classname="com.test.automation.uiAutomation.AuthPageValidation.SignInValidation" />
                <testcase name="verifyLoginWithInvalidCredentials" time="6.771" classname="com.test.automation.uiAutomation.AuthPageValidation.SignInValidation" />
                <testcase name="verifySuccessfulLandingOnAuthenticationPage" time="4.773" classname="com.test.automation.uiAutomation.AuthPageValidation.SignInValidation" />
      
</testsuite>
