<?xml version="1.0" encoding="UTF-8"?>
<testsuite name="AuthPageValidation"
           tests="28"
           failures="2"
           errors="0"
           skipped="26"
           time="39.851">
  <properties />
            <testcase name="afterMethod" time="0.000" classname="com.test.automation.uiAutomation.AuthPageValidation.accountCreateionValidation">
                <failure type="org.openqa.selenium.NoSuchWindowException"
                  message="no such window: target window already closed
from unknown error: web view not found
  (Session info: chrome=67.0.3396.87)
  (Driver info: chromedriver=2.39.562713 (dd642283e958a93ebf6891600db055f1f1b4f3b2),platform=Mac OS X 10.13.4 x86_64) (WARNING: The server did not provide any stacktrace information)
Command duration or timeout: 0 milliseconds
Build info: version: &apos;3.12.0&apos;, revision: &apos;7c6e0b3&apos;, time: &apos;2018-05-08T14:04:26.12Z&apos;
System info: host: &apos;Saurabhs-MacBook-Pro.local&apos;, ip: &apos;fd5f:fd73:3d08:0:d992:157e:c4e5:974c&apos;, os.name: &apos;Mac OS X&apos;, os.arch: &apos;x86_64&apos;, os.version: &apos;10.13.4&apos;, java.version: &apos;1.8.0_65&apos;
Driver info: org.openqa.selenium.chrome.ChromeDriver
Capabilities {acceptInsecureCerts: false, acceptSslCerts: false, applicationCacheEnabled: false, browserConnectionEnabled: false, browserName: chrome, chrome: {chromedriverVersion: 2.39.562713 (dd642283e958a9..., userDataDir: /var/folders/4b/k0kz1pqs2b1...}, cssSelectorsEnabled: true, databaseEnabled: false, handlesAlerts: true, hasTouchScreen: false, javascriptEnabled: true, locationContextEnabled: true, mobileEmulationEnabled: false, nativeEvents: true, networkConnectionEnabled: false, pageLoadStrategy: normal, platform: MAC, platformName: MAC, rotatable: false, setWindowRect: true, takesHeapSnapshot: true, takesScreenshot: true, unexpectedAlertBehaviour: , unhandledPromptBehavior: , version: 67.0.3396.87, webStorageEnabled: true}
Session ID: 9073791836c3579ac71f8209ce895c46"
              >
<![CDATA[org.openqa.selenium.NoSuchWindowException: no such window: target window already closed
from unknown error: web view not found
  (Session info: chrome=67.0.3396.87)
  (Driver info: chromedriver=2.39.562713 (dd642283e958a93ebf6891600db055f1f1b4f3b2),platform=Mac OS X 10.13.4 x86_64) (WARNING: The server did not provide any stacktrace information)
Command duration or timeout: 0 milliseconds
Build info: version: '3.12.0', revision: '7c6e0b3', time: '2018-05-08T14:04:26.12Z'
System info: host: 'Saurabhs-MacBook-Pro.local', ip: 'fd5f:fd73:3d08:0:d992:157e:c4e5:974c', os.name: 'Mac OS X', os.arch: 'x86_64', os.version: '10.13.4', java.version: '1.8.0_65'
Driver info: org.openqa.selenium.chrome.ChromeDriver
Capabilities {acceptInsecureCerts: false, acceptSslCerts: false, applicationCacheEnabled: false, browserConnectionEnabled: false, browserName: chrome, chrome: {chromedriverVersion: 2.39.562713 (dd642283e958a9..., userDataDir: /var/folders/4b/k0kz1pqs2b1...}, cssSelectorsEnabled: true, databaseEnabled: false, handlesAlerts: true, hasTouchScreen: false, javascriptEnabled: true, locationContextEnabled: true, mobileEmulationEnabled: false, nativeEvents: true, networkConnectionEnabled: false, pageLoadStrategy: normal, platform: MAC, platformName: MAC, rotatable: false, setWindowRect: true, takesHeapSnapshot: true, takesScreenshot: true, unexpectedAlertBehaviour: , unhandledPromptBehavior: , version: 67.0.3396.87, webStorageEnabled: true}
Session ID: 9073791836c3579ac71f8209ce895c46
  sun.reflect.NativeConstructorAccessorImpl.newInstance0(Native Method)
  sun.reflect.NativeConstructorAccessorImpl.newInstance(NativeConstructorAccessorImpl.java:62)
  sun.reflect.DelegatingConstructorAccessorImpl.newInstance(DelegatingConstructorAccessorImpl.java:45)
  java.lang.reflect.Constructor.newInstance(Constructor.java:422)
  org.openqa.selenium.remote.ErrorHandler.createThrowable(ErrorHandler.java:214)
  org.openqa.selenium.remote.ErrorHandler.throwIfResponseFailed(ErrorHandler.java:166)
  org.openqa.selenium.remote.http.JsonHttpResponseCodec.reconstructValue(JsonHttpResponseCodec.java:40)
  org.openqa.selenium.remote.http.AbstractHttpResponseCodec.decode(AbstractHttpResponseCodec.java:80)
  org.openqa.selenium.remote.http.AbstractHttpResponseCodec.decode(AbstractHttpResponseCodec.java:44)
  org.openqa.selenium.remote.HttpCommandExecutor.execute(HttpCommandExecutor.java:158)
  org.openqa.selenium.remote.service.DriverCommandExecutor.execute(DriverCommandExecutor.java:83)
  org.openqa.selenium.remote.RemoteWebDriver.execute(RemoteWebDriver.java:543)
  org.openqa.selenium.remote.RemoteWebDriver.execute(RemoteWebDriver.java:600)
  org.openqa.selenium.remote.RemoteWebDriver.getScreenshotAs(RemoteWebDriver.java:289)
  com.test.automation.uiAutomation.testBase.TestBase.captureScreen(TestBase.java:220)
  com.test.automation.uiAutomation.testBase.TestBase.getResult(TestBase.java:248)
  com.test.automation.uiAutomation.testBase.TestBase.afterMethod(TestBase.java:256)
  sun.reflect.NativeMethodAccessorImpl.invoke0(Native Method)
  sun.reflect.NativeMethodAccessorImpl.invoke(NativeMethodAccessorImpl.java:62)
  sun.reflect.DelegatingMethodAccessorImpl.invoke(DelegatingMethodAccessorImpl.java:43)
  java.lang.reflect.Method.invoke(Method.java:497)
  org.testng.internal.MethodInvocationHelper.invokeMethod(MethodInvocationHelper.java:86)
  org.testng.internal.Invoker.invokeConfigurationMethod(Invoker.java:514)
  org.testng.internal.Invoker.invokeConfigurations(Invoker.java:215)
  org.testng.internal.Invoker.invokeMethod(Invoker.java:707)
  org.testng.internal.Invoker.retryFailed(Invoker.java:967)
  org.testng.internal.Invoker.invokeTestMethods(Invoker.java:1146)
  org.testng.internal.TestMethodWorker.invokeTestMethods(TestMethodWorker.java:129)
  org.testng.internal.TestMethodWorker.run(TestMethodWorker.java:112)
  org.testng.TestRunner.privateRun(TestRunner.java:782)
  org.testng.TestRunner.run(TestRunner.java:632)
  org.testng.SuiteRunner.runTest(SuiteRunner.java:366)
  org.testng.SuiteRunner.access$000(SuiteRunner.java:39)
  org.testng.SuiteRunner$SuiteWorker.run(SuiteRunner.java:400)
  org.testng.internal.thread.ThreadUtil$2.call(ThreadUtil.java:64)
  java.util.concurrent.FutureTask.run(FutureTask.java:266)
  java.util.concurrent.ThreadPoolExecutor.runWorker(ThreadPoolExecutor.java:1142)
  java.util.concurrent.ThreadPoolExecutor$Worker.run(ThreadPoolExecutor.java:617)
  java.lang.Thread.run(Thread.java:745)
]]>
      </failure>

          </testcase>
            <testcase name="successfullAccountCreationValidation" time="0.007" classname="com.test.automation.uiAutomation.AuthPageValidation.accountCreateionValidation">
                <failure type="org.openqa.selenium.NoSuchWindowException"
                  message="no such window: target window already closed
from unknown error: web view not found
  (Session info: chrome=67.0.3396.87)
  (Driver info: chromedriver=2.39.562713 (dd642283e958a93ebf6891600db055f1f1b4f3b2),platform=Mac OS X 10.13.4 x86_64) (WARNING: The server did not provide any stacktrace information)
Command duration or timeout: 0 milliseconds
Build info: version: &apos;3.12.0&apos;, revision: &apos;7c6e0b3&apos;, time: &apos;2018-05-08T14:04:26.12Z&apos;
System info: host: &apos;Saurabhs-MacBook-Pro.local&apos;, ip: &apos;fd5f:fd73:3d08:0:d992:157e:c4e5:974c&apos;, os.name: &apos;Mac OS X&apos;, os.arch: &apos;x86_64&apos;, os.version: &apos;10.13.4&apos;, java.version: &apos;1.8.0_65&apos;
Driver info: org.openqa.selenium.chrome.ChromeDriver
Capabilities {acceptInsecureCerts: false, acceptSslCerts: false, applicationCacheEnabled: false, browserConnectionEnabled: false, browserName: chrome, chrome: {chromedriverVersion: 2.39.562713 (dd642283e958a9..., userDataDir: /var/folders/4b/k0kz1pqs2b1...}, cssSelectorsEnabled: true, databaseEnabled: false, handlesAlerts: true, hasTouchScreen: false, javascriptEnabled: true, locationContextEnabled: true, mobileEmulationEnabled: false, nativeEvents: true, networkConnectionEnabled: false, pageLoadStrategy: normal, platform: MAC, platformName: MAC, rotatable: false, setWindowRect: true, takesHeapSnapshot: true, takesScreenshot: true, unexpectedAlertBehaviour: , unhandledPromptBehavior: , version: 67.0.3396.87, webStorageEnabled: true}
Session ID: 9073791836c3579ac71f8209ce895c46
*** Element info: {Using=xpath, value=//a[@class=&apos;login&apos;]}"
              >
<![CDATA[org.openqa.selenium.NoSuchWindowException: no such window: target window already closed
from unknown error: web view not found
  (Session info: chrome=67.0.3396.87)
  (Driver info: chromedriver=2.39.562713 (dd642283e958a93ebf6891600db055f1f1b4f3b2),platform=Mac OS X 10.13.4 x86_64) (WARNING: The server did not provide any stacktrace information)
Command duration or timeout: 0 milliseconds
Build info: version: '3.12.0', revision: '7c6e0b3', time: '2018-05-08T14:04:26.12Z'
System info: host: 'Saurabhs-MacBook-Pro.local', ip: 'fd5f:fd73:3d08:0:d992:157e:c4e5:974c', os.name: 'Mac OS X', os.arch: 'x86_64', os.version: '10.13.4', java.version: '1.8.0_65'
Driver info: org.openqa.selenium.chrome.ChromeDriver
Capabilities {acceptInsecureCerts: false, acceptSslCerts: false, applicationCacheEnabled: false, browserConnectionEnabled: false, browserName: chrome, chrome: {chromedriverVersion: 2.39.562713 (dd642283e958a9..., userDataDir: /var/folders/4b/k0kz1pqs2b1...}, cssSelectorsEnabled: true, databaseEnabled: false, handlesAlerts: true, hasTouchScreen: false, javascriptEnabled: true, locationContextEnabled: true, mobileEmulationEnabled: false, nativeEvents: true, networkConnectionEnabled: false, pageLoadStrategy: normal, platform: MAC, platformName: MAC, rotatable: false, setWindowRect: true, takesHeapSnapshot: true, takesScreenshot: true, unexpectedAlertBehaviour: , unhandledPromptBehavior: , version: 67.0.3396.87, webStorageEnabled: true}
Session ID: 9073791836c3579ac71f8209ce895c46
*** Element info: {Using=xpath, value=//a[@class='login']}
  sun.reflect.NativeConstructorAccessorImpl.newInstance0(Native Method)
  sun.reflect.NativeConstructorAccessorImpl.newInstance(NativeConstructorAccessorImpl.java:62)
  sun.reflect.DelegatingConstructorAccessorImpl.newInstance(DelegatingConstructorAccessorImpl.java:45)
  java.lang.reflect.Constructor.newInstance(Constructor.java:422)
  org.openqa.selenium.remote.ErrorHandler.createThrowable(ErrorHandler.java:214)
  org.openqa.selenium.remote.ErrorHandler.throwIfResponseFailed(ErrorHandler.java:166)
  org.openqa.selenium.remote.http.JsonHttpResponseCodec.reconstructValue(JsonHttpResponseCodec.java:40)
  org.openqa.selenium.remote.http.AbstractHttpResponseCodec.decode(AbstractHttpResponseCodec.java:80)
  org.openqa.selenium.remote.http.AbstractHttpResponseCodec.decode(AbstractHttpResponseCodec.java:44)
  org.openqa.selenium.remote.HttpCommandExecutor.execute(HttpCommandExecutor.java:158)
  org.openqa.selenium.remote.service.DriverCommandExecutor.execute(DriverCommandExecutor.java:83)
  org.openqa.selenium.remote.RemoteWebDriver.execute(RemoteWebDriver.java:543)
  org.openqa.selenium.remote.RemoteWebDriver.findElement(RemoteWebDriver.java:317)
  org.openqa.selenium.remote.RemoteWebDriver.findElementByXPath(RemoteWebDriver.java:419)
  org.openqa.selenium.By$ByXPath.findElement(By.java:353)
  org.openqa.selenium.remote.RemoteWebDriver.findElement(RemoteWebDriver.java:309)
  org.openqa.selenium.support.pagefactory.DefaultElementLocator.findElement(DefaultElementLocator.java:69)
  org.openqa.selenium.support.pagefactory.internal.LocatingElementHandler.invoke(LocatingElementHandler.java:38)
  com.sun.proxy.$Proxy12.click(Unknown Source)
  com.test.automation.uiAutomation.uiActions.AuthenticationPage.clickOnSignin(AuthenticationPage.java:48)
  com.test.automation.uiAutomation.uiActions.AuthenticationPage.signUpToApp(AuthenticationPage.java:76)
  com.test.automation.uiAutomation.AuthPageValidation.accountCreateionValidation.successfullAccountCreationValidation(accountCreateionValidation.java:41)
  sun.reflect.NativeMethodAccessorImpl.invoke0(Native Method)
  sun.reflect.NativeMethodAccessorImpl.invoke(NativeMethodAccessorImpl.java:62)
  sun.reflect.DelegatingMethodAccessorImpl.invoke(DelegatingMethodAccessorImpl.java:43)
  java.lang.reflect.Method.invoke(Method.java:497)
  org.testng.internal.MethodInvocationHelper.invokeMethod(MethodInvocationHelper.java:86)
  org.testng.internal.Invoker.invokeMethod(Invoker.java:643)
  org.testng.internal.Invoker.retryFailed(Invoker.java:967)
  org.testng.internal.Invoker.invokeTestMethods(Invoker.java:1146)
  org.testng.internal.TestMethodWorker.invokeTestMethods(TestMethodWorker.java:129)
  org.testng.internal.TestMethodWorker.run(TestMethodWorker.java:112)
  org.testng.TestRunner.privateRun(TestRunner.java:782)
  org.testng.TestRunner.run(TestRunner.java:632)
  org.testng.SuiteRunner.runTest(SuiteRunner.java:366)
  org.testng.SuiteRunner.access$000(SuiteRunner.java:39)
  org.testng.SuiteRunner$SuiteWorker.run(SuiteRunner.java:400)
  org.testng.internal.thread.ThreadUtil$2.call(ThreadUtil.java:64)
  java.util.concurrent.FutureTask.run(FutureTask.java:266)
  java.util.concurrent.ThreadPoolExecutor.runWorker(ThreadPoolExecutor.java:1142)
  java.util.concurrent.ThreadPoolExecutor$Worker.run(ThreadPoolExecutor.java:617)
  java.lang.Thread.run(Thread.java:745)
]]>
      </failure>

          </testcase>
  
            <testcase name="beforeMethod" time="0.0" classname="com.test.automation.uiAutomation.AuthPageValidation.accountCreateionValidation">
          <skipped />
    </testcase>
            <testcase name="afterMethod" time="0.0" classname="com.test.automation.uiAutomation.AuthPageValidation.accountCreateionValidation">
          <skipped />
    </testcase>
            <testcase name="afterMethod" time="0.0" classname="com.test.automation.uiAutomation.AuthPageValidation.accountCreateionValidation">
          <skipped />
    </testcase>
            <testcase name="beforeMethod" time="0.0" classname="com.test.automation.uiAutomation.AuthPageValidation.accountCreateionValidation">
          <skipped />
    </testcase>
            <testcase name="beforeMethod" time="0.0" classname="com.test.automation.uiAutomation.AuthPageValidation.accountCreateionValidation">
          <skipped />
    </testcase>
            <testcase name="afterMethod" time="0.0" classname="com.test.automation.uiAutomation.AuthPageValidation.accountCreateionValidation">
          <skipped />
    </testcase>
            <testcase name="beforeMethod" time="0.0" classname="com.test.automation.uiAutomation.AuthPageValidation.accountCreateionValidation">
          <skipped />
    </testcase>
            <testcase name="afterMethod" time="0.0" classname="com.test.automation.uiAutomation.AuthPageValidation.accountCreateionValidation">
          <skipped />
    </testcase>
            <testcase name="beforeMethod" time="0.0" classname="com.test.automation.uiAutomation.AuthPageValidation.accountCreateionValidation">
          <skipped />
    </testcase>
            <testcase name="afterMethod" time="0.0" classname="com.test.automation.uiAutomation.AuthPageValidation.accountCreateionValidation">
          <skipped />
    </testcase>
            <testcase name="beforeMethod" time="0.0" classname="com.test.automation.uiAutomation.AuthPageValidation.accountCreateionValidation">
          <skipped />
    </testcase>
            <testcase name="afterMethod" time="0.0" classname="com.test.automation.uiAutomation.AuthPageValidation.accountCreateionValidation">
          <skipped />
    </testcase>
            <testcase name="beforeMethod" time="0.0" classname="com.test.automation.uiAutomation.AuthPageValidation.accountCreateionValidation">
          <skipped />
    </testcase>
            <testcase name="afterMethod" time="0.0" classname="com.test.automation.uiAutomation.AuthPageValidation.accountCreateionValidation">
          <skipped />
    </testcase>
            <testcase name="afterMethod" time="0.0" classname="com.test.automation.uiAutomation.AuthPageValidation.accountCreateionValidation">
          <skipped />
    </testcase>
            <testcase name="beforeMethod" time="0.0" classname="com.test.automation.uiAutomation.AuthPageValidation.accountCreateionValidation">
          <skipped />
    </testcase>
            <testcase name="successfullAccountCreationValidation" time="0.0" classname="com.test.automation.uiAutomation.AuthPageValidation.accountCreateionValidation">
          <skipped />
    </testcase>
            <testcase name="successfullAccountCreationValidation" time="0.0" classname="com.test.automation.uiAutomation.AuthPageValidation.accountCreateionValidation">
          <skipped />
    </testcase>
            <testcase name="successfullAccountCreationValidation" time="0.0" classname="com.test.automation.uiAutomation.AuthPageValidation.accountCreateionValidation">
          <skipped />
    </testcase>
            <testcase name="successfullAccountCreationValidation" time="0.0" classname="com.test.automation.uiAutomation.AuthPageValidation.accountCreateionValidation">
          <skipped />
    </testcase>
            <testcase name="successfullAccountCreationValidation" time="0.0" classname="com.test.automation.uiAutomation.AuthPageValidation.accountCreateionValidation">
          <skipped />
    </testcase>
            <testcase name="successfullAccountCreationValidation" time="0.0" classname="com.test.automation.uiAutomation.AuthPageValidation.accountCreateionValidation">
          <skipped />
    </testcase>
            <testcase name="successfullAccountCreationValidation" time="0.0" classname="com.test.automation.uiAutomation.AuthPageValidation.accountCreateionValidation">
          <skipped />
    </testcase>
            <testcase name="successfullAccountCreationValidation" time="0.0" classname="com.test.automation.uiAutomation.AuthPageValidation.accountCreateionValidation">
          <skipped />
    </testcase>
            <testcase name="successfullAccountCreationValidation" time="0.0" classname="com.test.automation.uiAutomation.AuthPageValidation.accountCreateionValidation">
          <skipped />
    </testcase>
            <testcase name="successfullAccountCreationValidation" time="0.0" classname="com.test.automation.uiAutomation.AuthPageValidation.accountCreateionValidation">
          <skipped />
    </testcase>
  
  
</testsuite>
