<!DOCTYPE html PUBLIC "-//W3C//DTD XHTML 1.1//EN" "http://www.w3.org/TR/xhtml11/DTD/xhtml11.dtd">
<html xmlns="http://www.w3.org/1999/xhtml"><head><title>TestNG Report</title><style type="text/css">table {margin-bottom:10px;border-collapse:collapse;empty-cells:show}th,td {border:1px solid #009;padding:.25em .5em}th {vertical-align:bottom}td {vertical-align:top}table a {font-weight:bold}.stripe td {background-color: #E6EBF9}.num {text-align:right}.passedodd td {background-color: #3F3}.passedeven td {background-color: #0A0}.skippedodd td {background-color: #DDD}.skippedeven td {background-color: #CCC}.failedodd td,.attn {background-color: #F33}.failedeven td,.stripe .attn {background-color: #D00}.stacktrace {white-space:pre;font-family:monospace}.totop {font-size:85%;text-align:center;border-bottom:2px solid #000}</style></head><body><table><tr><th>Test</th><th># Passed</th><th># Skipped</th><th># Failed</th><th>Time (ms)</th><th>Included Groups</th><th>Excluded Groups</th></tr><tr><th colspan="7">Suite</th></tr><tr><td><a href="#t0">AuthPageValidation</a></td><td class="num">0</td><td class="num attn">10</td><td class="num attn">1</td><td class="num">45,959</td><td></td><td></td></tr></table><table><thead><tr><th>Class</th><th>Method</th><th>Start</th><th>Time (ms)</th></tr></thead><tbody><tr><th colspan="4">Suite</th></tr></tbody><tbody id="t0"><tr><th colspan="4">AuthPageValidation &#8212; failed (configuration methods)</th></tr><tr class="failedeven"><td rowspan="1">com.test.automation.uiAutomation.AuthPageValidation.accountCreateionValidation</td><td><a href="#m0">afterMethod</a></td><td rowspan="1">1529872635639</td><td rowspan="1">0</td></tr><tr><th colspan="4">AuthPageValidation &#8212; failed</th></tr><tr class="failedeven"><td rowspan="1">com.test.automation.uiAutomation.AuthPageValidation.accountCreateionValidation</td><td><a href="#m1">successfullAccountCreationValidation</a></td><td rowspan="1">1529872635627</td><td rowspan="1">7</td></tr><tr><th colspan="4">AuthPageValidation &#8212; skipped (configuration methods)</th></tr><tr class="skippedeven"><td rowspan="16">com.test.automation.uiAutomation.AuthPageValidation.accountCreateionValidation</td><td><a href="#m2">afterMethod</a></td><td rowspan="8">1529872635739</td><td rowspan="8">0</td></tr><tr class="skippedeven"><td><a href="#m3">afterMethod</a></td></tr><tr class="skippedeven"><td><a href="#m4">afterMethod</a></td></tr><tr class="skippedeven"><td><a href="#m5">afterMethod</a></td></tr><tr class="skippedeven"><td><a href="#m6">afterMethod</a></td></tr><tr class="skippedeven"><td><a href="#m7">afterMethod</a></td></tr><tr class="skippedeven"><td><a href="#m8">afterMethod</a></td></tr><tr class="skippedeven"><td><a href="#m9">afterMethod</a></td></tr><tr class="skippedeven"><td><a href="#m10">beforeMethod</a></td><td rowspan="8">1529872635857</td><td rowspan="8">0</td></tr><tr class="skippedeven"><td><a href="#m11">beforeMethod</a></td></tr><tr class="skippedeven"><td><a href="#m12">beforeMethod</a></td></tr><tr class="skippedeven"><td><a href="#m13">beforeMethod</a></td></tr><tr class="skippedeven"><td><a href="#m14">beforeMethod</a></td></tr><tr class="skippedeven"><td><a href="#m15">beforeMethod</a></td></tr><tr class="skippedeven"><td><a href="#m16">beforeMethod</a></td></tr><tr class="skippedeven"><td><a href="#m17">beforeMethod</a></td></tr><tr><th colspan="4">AuthPageValidation &#8212; skipped</th></tr><tr class="skippedeven"><td rowspan="10">com.test.automation.uiAutomation.AuthPageValidation.accountCreateionValidation</td><td><a href="#m18">successfullAccountCreationValidation</a></td><td rowspan="10">1529872635563</td><td rowspan="10">30</td></tr><tr class="skippedeven"><td><a href="#m19">successfullAccountCreationValidation</a></td></tr><tr class="skippedeven"><td><a href="#m20">successfullAccountCreationValidation</a></td></tr><tr class="skippedeven"><td><a href="#m21">successfullAccountCreationValidation</a></td></tr><tr class="skippedeven"><td><a href="#m22">successfullAccountCreationValidation</a></td></tr><tr class="skippedeven"><td><a href="#m23">successfullAccountCreationValidation</a></td></tr><tr class="skippedeven"><td><a href="#m24">successfullAccountCreationValidation</a></td></tr><tr class="skippedeven"><td><a href="#m25">successfullAccountCreationValidation</a></td></tr><tr class="skippedeven"><td><a href="#m26">successfullAccountCreationValidation</a></td></tr><tr class="skippedeven"><td><a href="#m27">successfullAccountCreationValidation</a></td></tr></tbody></table><h2>AuthPageValidation</h2><h3 id="m0">com.test.automation.uiAutomation.AuthPageValidation.accountCreateionValidation#afterMethod</h3><table class="result"><tr class="param"><th>Parameter #1</th></tr><tr class="param stripe"><td>[TestResult name=successfullAccountCreationValidation status=FAILURE method=accountCreateionValidation.successfullAccountCreationValidation(java.lang.String, java.lang.String, java.lang.String, java.lang.String, java.lang.String, java.lang.String, java.lang.String, java.lang.String, java.lang.String, java.lang.String, java.lang.String, java.lang.String, java.lang.String, java.lang.String, java.lang.String, java.lang.String)[pri:0, instance:com.test.automation.uiAutomation.AuthPageValidation.accountCreateionValidation@27ae2fd0] output={null}]</td></tr><tr><th>Exception</th></tr><tr><td><div class="stacktrace">org.openqa.selenium.NoSuchWindowException: no such window: target window already closed
from unknown error: web view not found
  (Session info: chrome=67.0.3396.87)
  (Driver info: chromedriver=2.39.562713 (dd642283e958a93ebf6891600db055f1f1b4f3b2),platform=Mac OS X 10.13.4 x86_64) (WARNING: The server did not provide any stacktrace information)
Command duration or timeout: 0 milliseconds
Build info: version: &apos;3.12.0&apos;, revision: &apos;7c6e0b3&apos;, time: &apos;2018-05-08T14:04:26.12Z&apos;
System info: host: &apos;Saurabhs-MacBook-Pro.local&apos;, ip: &apos;fd5f:fd73:3d08:0:d992:157e:c4e5:974c&apos;, os.name: &apos;Mac OS X&apos;, os.arch: &apos;x86_64&apos;, os.version: &apos;10.13.4&apos;, java.version: &apos;1.8.0_65&apos;
Driver info: org.openqa.selenium.chrome.ChromeDriver
Capabilities {acceptInsecureCerts: false, acceptSslCerts: false, applicationCacheEnabled: false, browserConnectionEnabled: false, browserName: chrome, chrome: {chromedriverVersion: 2.39.562713 (dd642283e958a9..., userDataDir: /var/folders/4b/k0kz1pqs2b1...}, cssSelectorsEnabled: true, databaseEnabled: false, handlesAlerts: true, hasTouchScreen: false, javascriptEnabled: true, locationContextEnabled: true, mobileEmulationEnabled: false, nativeEvents: true, networkConnectionEnabled: false, pageLoadStrategy: normal, platform: MAC, platformName: MAC, rotatable: false, setWindowRect: true, takesHeapSnapshot: true, takesScreenshot: true, unexpectedAlertBehaviour: , unhandledPromptBehavior: , version: 67.0.3396.87, webStorageEnabled: true}
Session ID: 9073791836c3579ac71f8209ce895c46
	at org.openqa.selenium.remote.ErrorHandler.createThrowable(ErrorHandler.java:214)
	at org.openqa.selenium.remote.ErrorHandler.throwIfResponseFailed(ErrorHandler.java:166)
	at org.openqa.selenium.remote.http.JsonHttpResponseCodec.reconstructValue(JsonHttpResponseCodec.java:40)
	at org.openqa.selenium.remote.http.AbstractHttpResponseCodec.decode(AbstractHttpResponseCodec.java:80)
	at org.openqa.selenium.remote.http.AbstractHttpResponseCodec.decode(AbstractHttpResponseCodec.java:44)
	at org.openqa.selenium.remote.HttpCommandExecutor.execute(HttpCommandExecutor.java:158)
	at org.openqa.selenium.remote.service.DriverCommandExecutor.execute(DriverCommandExecutor.java:83)
	at org.openqa.selenium.remote.RemoteWebDriver.execute(RemoteWebDriver.java:543)
	at org.openqa.selenium.remote.RemoteWebDriver.execute(RemoteWebDriver.java:600)
	at org.openqa.selenium.remote.RemoteWebDriver.getScreenshotAs(RemoteWebDriver.java:289)
	at com.test.automation.uiAutomation.testBase.TestBase.captureScreen(TestBase.java:220)
	at com.test.automation.uiAutomation.testBase.TestBase.getResult(TestBase.java:248)
	at com.test.automation.uiAutomation.testBase.TestBase.afterMethod(TestBase.java:256)
	at java.util.concurrent.FutureTask.run(FutureTask.java:266)
	at java.util.concurrent.ThreadPoolExecutor.runWorker(ThreadPoolExecutor.java:1142)
	at java.util.concurrent.ThreadPoolExecutor$Worker.run(ThreadPoolExecutor.java:617)
	at java.lang.Thread.run(Thread.java:745)
... Removed 22 stack frames</div></td></tr></table><p class="totop"><a href="#summary">back to summary</a></p><h3 id="m1">com.test.automation.uiAutomation.AuthPageValidation.accountCreateionValidation#successfullAccountCreationValidation</h3><table class="result"><tr class="param"><th>Parameter #1</th><th>Parameter #2</th><th>Parameter #3</th><th>Parameter #4</th><th>Parameter #5</th><th>Parameter #6</th><th>Parameter #7</th><th>Parameter #8</th><th>Parameter #9</th><th>Parameter #10</th><th>Parameter #11</th><th>Parameter #12</th><th>Parameter #13</th><th>Parameter #14</th><th>Parameter #15</th><th>Parameter #16</th></tr><tr class="param stripe"><td>saurabhsharma81285@gmail.com</td><td>Male</td><td>Saurabh</td><td>Sharma</td><td>Shriya1@2015</td><td>&quot;22&quot;</td><td>December</td><td>&quot;1985&quot;</td><td>5630 N Sheridan</td><td>Chicago</td><td>&quot;60661&quot;</td><td>Illinois</td><td>United States</td><td>&quot;1112223334&quot;</td><td>Home</td><td>Y</td></tr><tr><th colspan="16">Exception</th></tr><tr><td colspan="16"><div class="stacktrace">org.openqa.selenium.NoSuchWindowException: no such window: target window already closed
from unknown error: web view not found
  (Session info: chrome=67.0.3396.87)
  (Driver info: chromedriver=2.39.562713 (dd642283e958a93ebf6891600db055f1f1b4f3b2),platform=Mac OS X 10.13.4 x86_64) (WARNING: The server did not provide any stacktrace information)
Command duration or timeout: 0 milliseconds
Build info: version: &apos;3.12.0&apos;, revision: &apos;7c6e0b3&apos;, time: &apos;2018-05-08T14:04:26.12Z&apos;
System info: host: &apos;Saurabhs-MacBook-Pro.local&apos;, ip: &apos;fd5f:fd73:3d08:0:d992:157e:c4e5:974c&apos;, os.name: &apos;Mac OS X&apos;, os.arch: &apos;x86_64&apos;, os.version: &apos;10.13.4&apos;, java.version: &apos;1.8.0_65&apos;
Driver info: org.openqa.selenium.chrome.ChromeDriver
Capabilities {acceptInsecureCerts: false, acceptSslCerts: false, applicationCacheEnabled: false, browserConnectionEnabled: false, browserName: chrome, chrome: {chromedriverVersion: 2.39.562713 (dd642283e958a9..., userDataDir: /var/folders/4b/k0kz1pqs2b1...}, cssSelectorsEnabled: true, databaseEnabled: false, handlesAlerts: true, hasTouchScreen: false, javascriptEnabled: true, locationContextEnabled: true, mobileEmulationEnabled: false, nativeEvents: true, networkConnectionEnabled: false, pageLoadStrategy: normal, platform: MAC, platformName: MAC, rotatable: false, setWindowRect: true, takesHeapSnapshot: true, takesScreenshot: true, unexpectedAlertBehaviour: , unhandledPromptBehavior: , version: 67.0.3396.87, webStorageEnabled: true}
Session ID: 9073791836c3579ac71f8209ce895c46
*** Element info: {Using=xpath, value=//a[@class=&apos;login&apos;]}
	at org.openqa.selenium.remote.ErrorHandler.createThrowable(ErrorHandler.java:214)
	at org.openqa.selenium.remote.ErrorHandler.throwIfResponseFailed(ErrorHandler.java:166)
	at org.openqa.selenium.remote.http.JsonHttpResponseCodec.reconstructValue(JsonHttpResponseCodec.java:40)
	at org.openqa.selenium.remote.http.AbstractHttpResponseCodec.decode(AbstractHttpResponseCodec.java:80)
	at org.openqa.selenium.remote.http.AbstractHttpResponseCodec.decode(AbstractHttpResponseCodec.java:44)
	at org.openqa.selenium.remote.HttpCommandExecutor.execute(HttpCommandExecutor.java:158)
	at org.openqa.selenium.remote.service.DriverCommandExecutor.execute(DriverCommandExecutor.java:83)
	at org.openqa.selenium.remote.RemoteWebDriver.execute(RemoteWebDriver.java:543)
	at org.openqa.selenium.remote.RemoteWebDriver.findElement(RemoteWebDriver.java:317)
	at org.openqa.selenium.remote.RemoteWebDriver.findElementByXPath(RemoteWebDriver.java:419)
	at org.openqa.selenium.By$ByXPath.findElement(By.java:353)
	at org.openqa.selenium.remote.RemoteWebDriver.findElement(RemoteWebDriver.java:309)
	at org.openqa.selenium.support.pagefactory.DefaultElementLocator.findElement(DefaultElementLocator.java:69)
	at org.openqa.selenium.support.pagefactory.internal.LocatingElementHandler.invoke(LocatingElementHandler.java:38)
	at com.sun.proxy.$Proxy12.click(Unknown Source)
	at com.test.automation.uiAutomation.uiActions.AuthenticationPage.clickOnSignin(AuthenticationPage.java:48)
	at com.test.automation.uiAutomation.uiActions.AuthenticationPage.signUpToApp(AuthenticationPage.java:76)
	at com.test.automation.uiAutomation.AuthPageValidation.accountCreateionValidation.successfullAccountCreationValidation(accountCreateionValidation.java:41)
	at java.util.concurrent.FutureTask.run(FutureTask.java:266)
	at java.util.concurrent.ThreadPoolExecutor.runWorker(ThreadPoolExecutor.java:1142)
	at java.util.concurrent.ThreadPoolExecutor$Worker.run(ThreadPoolExecutor.java:617)
	at java.lang.Thread.run(Thread.java:745)
... Removed 20 stack frames</div></td></tr></table><p class="totop"><a href="#summary">back to summary</a></p><h3 id="m2">com.test.automation.uiAutomation.AuthPageValidation.accountCreateionValidation#afterMethod</h3><table class="result"></table><p class="totop"><a href="#summary">back to summary</a></p><h3 id="m3">com.test.automation.uiAutomation.AuthPageValidation.accountCreateionValidation#afterMethod</h3><table class="result"></table><p class="totop"><a href="#summary">back to summary</a></p><h3 id="m4">com.test.automation.uiAutomation.AuthPageValidation.accountCreateionValidation#afterMethod</h3><table class="result"></table><p class="totop"><a href="#summary">back to summary</a></p><h3 id="m5">com.test.automation.uiAutomation.AuthPageValidation.accountCreateionValidation#afterMethod</h3><table class="result"></table><p class="totop"><a href="#summary">back to summary</a></p><h3 id="m6">com.test.automation.uiAutomation.AuthPageValidation.accountCreateionValidation#afterMethod</h3><table class="result"></table><p class="totop"><a href="#summary">back to summary</a></p><h3 id="m7">com.test.automation.uiAutomation.AuthPageValidation.accountCreateionValidation#afterMethod</h3><table class="result"></table><p class="totop"><a href="#summary">back to summary</a></p><h3 id="m8">com.test.automation.uiAutomation.AuthPageValidation.accountCreateionValidation#afterMethod</h3><table class="result"></table><p class="totop"><a href="#summary">back to summary</a></p><h3 id="m9">com.test.automation.uiAutomation.AuthPageValidation.accountCreateionValidation#afterMethod</h3><table class="result"></table><p class="totop"><a href="#summary">back to summary</a></p><h3 id="m10">com.test.automation.uiAutomation.AuthPageValidation.accountCreateionValidation#beforeMethod</h3><table class="result"></table><p class="totop"><a href="#summary">back to summary</a></p><h3 id="m11">com.test.automation.uiAutomation.AuthPageValidation.accountCreateionValidation#beforeMethod</h3><table class="result"></table><p class="totop"><a href="#summary">back to summary</a></p><h3 id="m12">com.test.automation.uiAutomation.AuthPageValidation.accountCreateionValidation#beforeMethod</h3><table class="result"></table><p class="totop"><a href="#summary">back to summary</a></p><h3 id="m13">com.test.automation.uiAutomation.AuthPageValidation.accountCreateionValidation#beforeMethod</h3><table class="result"></table><p class="totop"><a href="#summary">back to summary</a></p><h3 id="m14">com.test.automation.uiAutomation.AuthPageValidation.accountCreateionValidation#beforeMethod</h3><table class="result"></table><p class="totop"><a href="#summary">back to summary</a></p><h3 id="m15">com.test.automation.uiAutomation.AuthPageValidation.accountCreateionValidation#beforeMethod</h3><table class="result"></table><p class="totop"><a href="#summary">back to summary</a></p><h3 id="m16">com.test.automation.uiAutomation.AuthPageValidation.accountCreateionValidation#beforeMethod</h3><table class="result"></table><p class="totop"><a href="#summary">back to summary</a></p><h3 id="m17">com.test.automation.uiAutomation.AuthPageValidation.accountCreateionValidation#beforeMethod</h3><table class="result"></table><p class="totop"><a href="#summary">back to summary</a></p><h3 id="m18">com.test.automation.uiAutomation.AuthPageValidation.accountCreateionValidation#successfullAccountCreationValidation</h3><table class="result"><tr class="param"><th>Parameter #1</th><th>Parameter #2</th><th>Parameter #3</th><th>Parameter #4</th><th>Parameter #5</th><th>Parameter #6</th><th>Parameter #7</th><th>Parameter #8</th><th>Parameter #9</th><th>Parameter #10</th><th>Parameter #11</th><th>Parameter #12</th><th>Parameter #13</th><th>Parameter #14</th><th>Parameter #15</th><th>Parameter #16</th></tr><tr class="param stripe"><td>saurabhsharma81285@gmail.com</td><td>Male</td><td>Saurabh</td><td>Sharma</td><td>Shriya1@2015</td><td>&quot;22&quot;</td><td>December</td><td>&quot;1985&quot;</td><td>5630 N Sheridan</td><td>Chicago</td><td>&quot;60661&quot;</td><td>Illinois</td><td>United States</td><td>&quot;1112223334&quot;</td><td>Home</td><td>Y</td></tr><tr><th colspan="16">Exception</th></tr><tr><td colspan="16"><div class="stacktrace">org.openqa.selenium.NoSuchWindowException: no such window: target window already closed
from unknown error: web view not found
  (Session info: chrome=67.0.3396.87)
  (Driver info: chromedriver=2.39.562713 (dd642283e958a93ebf6891600db055f1f1b4f3b2),platform=Mac OS X 10.13.4 x86_64) (WARNING: The server did not provide any stacktrace information)
Command duration or timeout: 0 milliseconds
Build info: version: &apos;3.12.0&apos;, revision: &apos;7c6e0b3&apos;, time: &apos;2018-05-08T14:04:26.12Z&apos;
System info: host: &apos;Saurabhs-MacBook-Pro.local&apos;, ip: &apos;fd5f:fd73:3d08:0:d992:157e:c4e5:974c&apos;, os.name: &apos;Mac OS X&apos;, os.arch: &apos;x86_64&apos;, os.version: &apos;10.13.4&apos;, java.version: &apos;1.8.0_65&apos;
Driver info: org.openqa.selenium.chrome.ChromeDriver
Capabilities {acceptInsecureCerts: false, acceptSslCerts: false, applicationCacheEnabled: false, browserConnectionEnabled: false, browserName: chrome, chrome: {chromedriverVersion: 2.39.562713 (dd642283e958a9..., userDataDir: /var/folders/4b/k0kz1pqs2b1...}, cssSelectorsEnabled: true, databaseEnabled: false, handlesAlerts: true, hasTouchScreen: false, javascriptEnabled: true, locationContextEnabled: true, mobileEmulationEnabled: false, nativeEvents: true, networkConnectionEnabled: false, pageLoadStrategy: normal, platform: MAC, platformName: MAC, rotatable: false, setWindowRect: true, takesHeapSnapshot: true, takesScreenshot: true, unexpectedAlertBehaviour: , unhandledPromptBehavior: , version: 67.0.3396.87, webStorageEnabled: true}
Session ID: 9073791836c3579ac71f8209ce895c46
*** Element info: {Using=xpath, value=//a[@class=&apos;login&apos;]}
	at org.openqa.selenium.remote.ErrorHandler.createThrowable(ErrorHandler.java:214)
	at org.openqa.selenium.remote.ErrorHandler.throwIfResponseFailed(ErrorHandler.java:166)
	at org.openqa.selenium.remote.http.JsonHttpResponseCodec.reconstructValue(JsonHttpResponseCodec.java:40)
	at org.openqa.selenium.remote.http.AbstractHttpResponseCodec.decode(AbstractHttpResponseCodec.java:80)
	at org.openqa.selenium.remote.http.AbstractHttpResponseCodec.decode(AbstractHttpResponseCodec.java:44)
	at org.openqa.selenium.remote.HttpCommandExecutor.execute(HttpCommandExecutor.java:158)
	at org.openqa.selenium.remote.service.DriverCommandExecutor.execute(DriverCommandExecutor.java:83)
	at org.openqa.selenium.remote.RemoteWebDriver.execute(RemoteWebDriver.java:543)
	at org.openqa.selenium.remote.RemoteWebDriver.findElement(RemoteWebDriver.java:317)
	at org.openqa.selenium.remote.RemoteWebDriver.findElementByXPath(RemoteWebDriver.java:419)
	at org.openqa.selenium.By$ByXPath.findElement(By.java:353)
	at org.openqa.selenium.remote.RemoteWebDriver.findElement(RemoteWebDriver.java:309)
	at org.openqa.selenium.support.pagefactory.DefaultElementLocator.findElement(DefaultElementLocator.java:69)
	at org.openqa.selenium.support.pagefactory.internal.LocatingElementHandler.invoke(LocatingElementHandler.java:38)
	at com.sun.proxy.$Proxy12.click(Unknown Source)
	at com.test.automation.uiAutomation.uiActions.AuthenticationPage.clickOnSignin(AuthenticationPage.java:48)
	at com.test.automation.uiAutomation.uiActions.AuthenticationPage.signUpToApp(AuthenticationPage.java:76)
	at com.test.automation.uiAutomation.AuthPageValidation.accountCreateionValidation.successfullAccountCreationValidation(accountCreateionValidation.java:41)
	at java.util.concurrent.FutureTask.run(FutureTask.java:266)
	at java.util.concurrent.ThreadPoolExecutor.runWorker(ThreadPoolExecutor.java:1142)
	at java.util.concurrent.ThreadPoolExecutor$Worker.run(ThreadPoolExecutor.java:617)
	at java.lang.Thread.run(Thread.java:745)
... Removed 20 stack frames</div></td></tr></table><p class="totop"><a href="#summary">back to summary</a></p><h3 id="m19">com.test.automation.uiAutomation.AuthPageValidation.accountCreateionValidation#successfullAccountCreationValidation</h3><table class="result"><tr class="param"><th>Parameter #1</th><th>Parameter #2</th><th>Parameter #3</th><th>Parameter #4</th><th>Parameter #5</th><th>Parameter #6</th><th>Parameter #7</th><th>Parameter #8</th><th>Parameter #9</th><th>Parameter #10</th><th>Parameter #11</th><th>Parameter #12</th><th>Parameter #13</th><th>Parameter #14</th><th>Parameter #15</th><th>Parameter #16</th></tr><tr class="param stripe"><td>test124@gmail.com</td><td>male</td><td>Vabhav</td><td>Sharma</td><td>Shriya1@2015</td><td>&quot;6&quot;</td><td>March</td><td>&quot;1985&quot;</td><td>5630 N Sheridan</td><td>Chicago</td><td>&quot;60661&quot;</td><td>Illinois</td><td>United States</td><td>&quot;1112223334&quot;</td><td>Home</td><td>N</td></tr></table><p class="totop"><a href="#summary">back to summary</a></p><h3 id="m20">com.test.automation.uiAutomation.AuthPageValidation.accountCreateionValidation#successfullAccountCreationValidation</h3><table class="result"><tr class="param"><th>Parameter #1</th><th>Parameter #2</th><th>Parameter #3</th><th>Parameter #4</th><th>Parameter #5</th><th>Parameter #6</th><th>Parameter #7</th><th>Parameter #8</th><th>Parameter #9</th><th>Parameter #10</th><th>Parameter #11</th><th>Parameter #12</th><th>Parameter #13</th><th>Parameter #14</th><th>Parameter #15</th><th>Parameter #16</th></tr><tr class="param stripe"><td>sa@gmail.com</td><td>Female</td><td>Shriya</td><td>Sharma</td><td>Shriya1@2015</td><td>&quot;28&quot;</td><td>August</td><td>&quot;2015&quot;</td><td>5630 N Sheridan</td><td>Chicago</td><td>&quot;60661&quot;</td><td>Illinois</td><td>United States</td><td>&quot;1112223334&quot;</td><td>Home</td><td>N</td></tr></table><p class="totop"><a href="#summary">back to summary</a></p><h3 id="m21">com.test.automation.uiAutomation.AuthPageValidation.accountCreateionValidation#successfullAccountCreationValidation</h3><table class="result"><tr class="param"><th>Parameter #1</th><th>Parameter #2</th><th>Parameter #3</th><th>Parameter #4</th><th>Parameter #5</th><th>Parameter #6</th><th>Parameter #7</th><th>Parameter #8</th><th>Parameter #9</th><th>Parameter #10</th><th>Parameter #11</th><th>Parameter #12</th><th>Parameter #13</th><th>Parameter #14</th><th>Parameter #15</th><th>Parameter #16</th></tr><tr class="param stripe"><td>test123@gmail.com</td><td>male</td><td>Gaurav</td><td>Sharma</td><td>Shriya1@2015</td><td>&quot;22&quot;</td><td>July</td><td>&quot;1985&quot;</td><td>5630 N Sheridan</td><td>Chicago</td><td>&quot;60661&quot;</td><td>Illinois</td><td>United States</td><td>&quot;1112223334&quot;</td><td>Home</td><td>N</td></tr></table><p class="totop"><a href="#summary">back to summary</a></p><h3 id="m22">com.test.automation.uiAutomation.AuthPageValidation.accountCreateionValidation#successfullAccountCreationValidation</h3><table class="result"><tr class="param"><th>Parameter #1</th><th>Parameter #2</th><th>Parameter #3</th><th>Parameter #4</th><th>Parameter #5</th><th>Parameter #6</th><th>Parameter #7</th><th>Parameter #8</th><th>Parameter #9</th><th>Parameter #10</th><th>Parameter #11</th><th>Parameter #12</th><th>Parameter #13</th><th>Parameter #14</th><th>Parameter #15</th><th>Parameter #16</th></tr><tr class="param stripe"><td>Sau97601@gmail.com</td><td>Female</td><td>FNU</td><td>Bharathi</td><td>Shriya1@2015</td><td>&quot;8&quot;</td><td>June</td><td>&quot;1986&quot;</td><td>5630 N Sheridan</td><td>Chicago</td><td>&quot;60661&quot;</td><td>Illinois</td><td>United States</td><td>&quot;1112223334&quot;</td><td>Home</td><td>N</td></tr></table><p class="totop"><a href="#summary">back to summary</a></p><h3 id="m23">com.test.automation.uiAutomation.AuthPageValidation.accountCreateionValidation#successfullAccountCreationValidation</h3><table class="result"><tr class="param"><th>Parameter #1</th><th>Parameter #2</th><th>Parameter #3</th><th>Parameter #4</th><th>Parameter #5</th><th>Parameter #6</th><th>Parameter #7</th><th>Parameter #8</th><th>Parameter #9</th><th>Parameter #10</th><th>Parameter #11</th><th>Parameter #12</th><th>Parameter #13</th><th>Parameter #14</th><th>Parameter #15</th><th>Parameter #16</th></tr><tr class="param stripe"><td>sa@gmail.com</td><td>Female</td><td>Shriya</td><td>Sharma</td><td>Shriya1@2015</td><td>&quot;28&quot;</td><td>August</td><td>&quot;2015&quot;</td><td>5630 N Sheridan</td><td>Chicago</td><td>&quot;60661&quot;</td><td>Illinois</td><td>United States</td><td>&quot;1112223334&quot;</td><td>Home</td><td>N</td></tr></table><p class="totop"><a href="#summary">back to summary</a></p><h3 id="m24">com.test.automation.uiAutomation.AuthPageValidation.accountCreateionValidation#successfullAccountCreationValidation</h3><table class="result"><tr class="param"><th>Parameter #1</th><th>Parameter #2</th><th>Parameter #3</th><th>Parameter #4</th><th>Parameter #5</th><th>Parameter #6</th><th>Parameter #7</th><th>Parameter #8</th><th>Parameter #9</th><th>Parameter #10</th><th>Parameter #11</th><th>Parameter #12</th><th>Parameter #13</th><th>Parameter #14</th><th>Parameter #15</th><th>Parameter #16</th></tr><tr class="param stripe"><td>test123@gmail.com</td><td>male</td><td>Gaurav</td><td>Sharma</td><td>Shriya1@2015</td><td>&quot;22&quot;</td><td>July</td><td>&quot;1985&quot;</td><td>5630 N Sheridan</td><td>Chicago</td><td>&quot;60661&quot;</td><td>Illinois</td><td>United States</td><td>&quot;1112223334&quot;</td><td>Home</td><td>N</td></tr></table><p class="totop"><a href="#summary">back to summary</a></p><h3 id="m25">com.test.automation.uiAutomation.AuthPageValidation.accountCreateionValidation#successfullAccountCreationValidation</h3><table class="result"><tr class="param"><th>Parameter #1</th><th>Parameter #2</th><th>Parameter #3</th><th>Parameter #4</th><th>Parameter #5</th><th>Parameter #6</th><th>Parameter #7</th><th>Parameter #8</th><th>Parameter #9</th><th>Parameter #10</th><th>Parameter #11</th><th>Parameter #12</th><th>Parameter #13</th><th>Parameter #14</th><th>Parameter #15</th><th>Parameter #16</th></tr><tr class="param stripe"><td>test124@gmail.com</td><td>male</td><td>Vabhav</td><td>Sharma</td><td>Shriya1@2015</td><td>&quot;6&quot;</td><td>March</td><td>&quot;1985&quot;</td><td>5630 N Sheridan</td><td>Chicago</td><td>&quot;60661&quot;</td><td>Illinois</td><td>United States</td><td>&quot;1112223334&quot;</td><td>Home</td><td>N</td></tr></table><p class="totop"><a href="#summary">back to summary</a></p><h3 id="m26">com.test.automation.uiAutomation.AuthPageValidation.accountCreateionValidation#successfullAccountCreationValidation</h3><table class="result"><tr class="param"><th>Parameter #1</th><th>Parameter #2</th><th>Parameter #3</th><th>Parameter #4</th><th>Parameter #5</th><th>Parameter #6</th><th>Parameter #7</th><th>Parameter #8</th><th>Parameter #9</th><th>Parameter #10</th><th>Parameter #11</th><th>Parameter #12</th><th>Parameter #13</th><th>Parameter #14</th><th>Parameter #15</th><th>Parameter #16</th></tr><tr class="param stripe"><td>saurabhsharma81285@gmail.com</td><td>Male</td><td>Saurabh</td><td>Sharma</td><td>Shriya1@2015</td><td>&quot;22&quot;</td><td>December</td><td>&quot;1985&quot;</td><td>5630 N Sheridan</td><td>Chicago</td><td>&quot;60661&quot;</td><td>Illinois</td><td>United States</td><td>&quot;1112223334&quot;</td><td>Home</td><td>Y</td></tr><tr><th colspan="16">Exception</th></tr><tr><td colspan="16"><div class="stacktrace">java.lang.NullPointerException
	at org.openqa.selenium.support.pagefactory.internal.LocatingElementHandler.invoke(LocatingElementHandler.java:51)
	at com.sun.proxy.$Proxy12.getTagName(Unknown Source)
	at org.openqa.selenium.support.ui.Select.&lt;init&gt;(Select.java:44)
	at com.test.automation.uiAutomation.uiActions.CreateAnAccountPage.yourPersonalInfo(CreateAnAccountPage.java:92)
	at com.test.automation.uiAutomation.AuthPageValidation.accountCreateionValidation.successfullAccountCreationValidation(accountCreateionValidation.java:43)
	at java.util.concurrent.FutureTask.run(FutureTask.java:266)
	at java.util.concurrent.ThreadPoolExecutor.runWorker(ThreadPoolExecutor.java:1142)
	at java.util.concurrent.ThreadPoolExecutor$Worker.run(ThreadPoolExecutor.java:617)
	at java.lang.Thread.run(Thread.java:745)
... Removed 20 stack frames</div></td></tr></table><p class="totop"><a href="#summary">back to summary</a></p><h3 id="m27">com.test.automation.uiAutomation.AuthPageValidation.accountCreateionValidation#successfullAccountCreationValidation</h3><table class="result"><tr class="param"><th>Parameter #1</th><th>Parameter #2</th><th>Parameter #3</th><th>Parameter #4</th><th>Parameter #5</th><th>Parameter #6</th><th>Parameter #7</th><th>Parameter #8</th><th>Parameter #9</th><th>Parameter #10</th><th>Parameter #11</th><th>Parameter #12</th><th>Parameter #13</th><th>Parameter #14</th><th>Parameter #15</th><th>Parameter #16</th></tr><tr class="param stripe"><td>Sau97601@gmail.com</td><td>Female</td><td>FNU</td><td>Bharathi</td><td>Shriya1@2015</td><td>&quot;8&quot;</td><td>June</td><td>&quot;1986&quot;</td><td>5630 N Sheridan</td><td>Chicago</td><td>&quot;60661&quot;</td><td>Illinois</td><td>United States</td><td>&quot;1112223334&quot;</td><td>Home</td><td>N</td></tr></table><p class="totop"><a href="#summary">back to summary</a></p></body></html>