<?xml version="1.0" encoding="UTF-8"?>
<testng-results skipped="10" failed="1" total="11" passed="0">
  <reporter-output>
  </reporter-output>
  <suite name="Suite" duration-ms="45959" started-at="2018-06-24T20:36:30Z" finished-at="2018-06-24T20:37:16Z">
    <groups>
    </groups>
    <test name="AuthPageValidation" duration-ms="45959" started-at="2018-06-24T20:36:30Z" finished-at="2018-06-24T20:37:16Z">
      <class name="com.test.automation.uiAutomation.AuthPageValidation.accountCreateionValidation">
        <test-method status="PASS" signature="setup()[pri:0, instance:com.test.automation.uiAutomation.AuthPageValidation.accountCreateionValidation@27ae2fd0]" name="setup" is-config="true" duration-ms="4658" started-at="2018-06-24T15:36:30Z" finished-at="2018-06-24T15:36:35Z">
          <reporter-output>
          </reporter-output>
        </test-method> <!-- setup -->
        <test-method status="PASS" signature="beforeMethod(java.lang.reflect.Method)[pri:0, instance:com.test.automation.uiAutomation.AuthPageValidation.accountCreateionValidation@27ae2fd0]" name="beforeMethod" is-config="true" duration-ms="3" started-at="2018-06-24T15:36:35Z" finished-at="2018-06-24T15:36:35Z">
          <params>
            <param index="0">
              <value>
                <![CDATA[public void com.test.automation.uiAutomation.AuthPageValidation.accountCreateionValidation.successfullAccountCreationValidation(java.lang.String,java.lang.String,java.lang.String,java.lang.String,java.lang.String,java.lang.String,java.lang.String,java.lang.String,java.lang.String,java.lang.String,java.lang.String,java.lang.String,java.lang.String,java.lang.String,java.lang.String,java.lang.String)]]>
              </value>
            </param>
          </params>
          <reporter-output>
          </reporter-output>
        </test-method> <!-- beforeMethod -->
        <test-method status="SKIP" signature="successfullAccountCreationValidation(java.lang.String, java.lang.String, java.lang.String, java.lang.String, java.lang.String, java.lang.String, java.lang.String, java.lang.String, java.lang.String, java.lang.String, java.lang.String, java.lang.String, java.lang.String, java.lang.String, java.lang.String, java.lang.String)[pri:0, instance:com.test.automation.uiAutomation.AuthPageValidation.accountCreateionValidation@27ae2fd0]" name="successfullAccountCreationValidation" duration-ms="39806" started-at="2018-06-24T15:36:35Z" data-provider="AccountCreationData" finished-at="2018-06-24T15:37:15Z">
          <params>
            <param index="0">
              <value>
                <![CDATA[saurabhsharma81285@gmail.com]]>
              </value>
            </param>
            <param index="1">
              <value>
                <![CDATA[Male]]>
              </value>
            </param>
            <param index="2">
              <value>
                <![CDATA[Saurabh]]>
              </value>
            </param>
            <param index="3">
              <value>
                <![CDATA[Sharma]]>
              </value>
            </param>
            <param index="4">
              <value>
                <![CDATA[Shriya1@2015]]>
              </value>
            </param>
            <param index="5">
              <value>
                <![CDATA["22"]]>
              </value>
            </param>
            <param index="6">
              <value>
                <![CDATA[December]]>
              </value>
            </param>
            <param index="7">
              <value>
                <![CDATA["1985"]]>
              </value>
            </param>
            <param index="8">
              <value>
                <![CDATA[5630 N Sheridan]]>
              </value>
            </param>
            <param index="9">
              <value>
                <![CDATA[Chicago]]>
              </value>
            </param>
            <param index="10">
              <value>
                <![CDATA["60661"]]>
              </value>
            </param>
            <param index="11">
              <value>
                <![CDATA[Illinois]]>
              </value>
            </param>
            <param index="12">
              <value>
                <![CDATA[United States]]>
              </value>
            </param>
            <param index="13">
              <value>
                <![CDATA["1112223334"]]>
              </value>
            </param>
            <param index="14">
              <value>
                <![CDATA[Home]]>
              </value>
            </param>
            <param index="15">
              <value>
                <![CDATA[Y]]>
              </value>
            </param>
          </params>
          <exception class="java.lang.NullPointerException">
            <full-stacktrace>
              <![CDATA[java.lang.NullPointerException
	at sun.reflect.NativeMethodAccessorImpl.invoke0(Native Method)
	at sun.reflect.NativeMethodAccessorImpl.invoke(NativeMethodAccessorImpl.java:62)
	at sun.reflect.DelegatingMethodAccessorImpl.invoke(DelegatingMethodAccessorImpl.java:43)
	at java.lang.reflect.Method.invoke(Method.java:497)
	at org.openqa.selenium.support.pagefactory.internal.LocatingElementHandler.invoke(LocatingElementHandler.java:51)
	at com.sun.proxy.$Proxy12.getTagName(Unknown Source)
	at org.openqa.selenium.support.ui.Select.<init>(Select.java:44)
	at com.test.automation.uiAutomation.uiActions.CreateAnAccountPage.yourPersonalInfo(CreateAnAccountPage.java:92)
	at com.test.automation.uiAutomation.AuthPageValidation.accountCreateionValidation.successfullAccountCreationValidation(accountCreateionValidation.java:43)
	at sun.reflect.NativeMethodAccessorImpl.invoke0(Native Method)
	at sun.reflect.NativeMethodAccessorImpl.invoke(NativeMethodAccessorImpl.java:62)
	at sun.reflect.DelegatingMethodAccessorImpl.invoke(DelegatingMethodAccessorImpl.java:43)
	at java.lang.reflect.Method.invoke(Method.java:497)
	at org.testng.internal.MethodInvocationHelper.invokeMethod(MethodInvocationHelper.java:86)
	at org.testng.internal.Invoker.invokeMethod(Invoker.java:643)
	at org.testng.internal.Invoker.invokeTestMethod(Invoker.java:820)
	at org.testng.internal.Invoker.invokeTestMethods(Invoker.java:1128)
	at org.testng.internal.TestMethodWorker.invokeTestMethods(TestMethodWorker.java:129)
	at org.testng.internal.TestMethodWorker.run(TestMethodWorker.java:112)
	at org.testng.TestRunner.privateRun(TestRunner.java:782)
	at org.testng.TestRunner.run(TestRunner.java:632)
	at org.testng.SuiteRunner.runTest(SuiteRunner.java:366)
	at org.testng.SuiteRunner.access$000(SuiteRunner.java:39)
	at org.testng.SuiteRunner$SuiteWorker.run(SuiteRunner.java:400)
	at org.testng.internal.thread.ThreadUtil$2.call(ThreadUtil.java:64)
	at java.util.concurrent.FutureTask.run(FutureTask.java:266)
	at java.util.concurrent.ThreadPoolExecutor.runWorker(ThreadPoolExecutor.java:1142)
	at java.util.concurrent.ThreadPoolExecutor$Worker.run(ThreadPoolExecutor.java:617)
	at java.lang.Thread.run(Thread.java:745)
]]>
            </full-stacktrace>
          </exception> <!-- java.lang.NullPointerException -->
          <reporter-output>
          </reporter-output>
        </test-method> <!-- successfullAccountCreationValidation -->
        <test-method status="PASS" signature="afterMethod(org.testng.ITestResult)[pri:0, instance:com.test.automation.uiAutomation.AuthPageValidation.accountCreateionValidation@27ae2fd0]" name="afterMethod" is-config="true" duration-ms="1" started-at="2018-06-24T15:37:15Z" finished-at="2018-06-24T15:37:15Z">
          <params>
            <param index="0">
              <value>
                <![CDATA[[TestResult name=successfullAccountCreationValidation status=SKIP method=accountCreateionValidation.successfullAccountCreationValidation(java.lang.String, java.lang.String, java.lang.String, java.lang.String, java.lang.String, java.lang.String, java.lang.String, java.lang.String, java.lang.String, java.lang.String, java.lang.String, java.lang.String, java.lang.String, java.lang.String, java.lang.String, java.lang.String)[pri:0, instance:com.test.automation.uiAutomation.AuthPageValidation.accountCreateionValidation@27ae2fd0] output={null}]]]>
              </value>
            </param>
          </params>
          <reporter-output>
          </reporter-output>
        </test-method> <!-- afterMethod -->
        <test-method status="SKIP" signature="successfullAccountCreationValidation(java.lang.String, java.lang.String, java.lang.String, java.lang.String, java.lang.String, java.lang.String, java.lang.String, java.lang.String, java.lang.String, java.lang.String, java.lang.String, java.lang.String, java.lang.String, java.lang.String, java.lang.String, java.lang.String)[pri:0, instance:com.test.automation.uiAutomation.AuthPageValidation.accountCreateionValidation@27ae2fd0]" name="successfullAccountCreationValidation" duration-ms="30" started-at="2018-06-24T15:37:15Z" data-provider="AccountCreationData" finished-at="2018-06-24T15:37:15Z">
          <params>
            <param index="0">
              <value>
                <![CDATA[saurabhsharma81285@gmail.com]]>
              </value>
            </param>
            <param index="1">
              <value>
                <![CDATA[Male]]>
              </value>
            </param>
            <param index="2">
              <value>
                <![CDATA[Saurabh]]>
              </value>
            </param>
            <param index="3">
              <value>
                <![CDATA[Sharma]]>
              </value>
            </param>
            <param index="4">
              <value>
                <![CDATA[Shriya1@2015]]>
              </value>
            </param>
            <param index="5">
              <value>
                <![CDATA["22"]]>
              </value>
            </param>
            <param index="6">
              <value>
                <![CDATA[December]]>
              </value>
            </param>
            <param index="7">
              <value>
                <![CDATA["1985"]]>
              </value>
            </param>
            <param index="8">
              <value>
                <![CDATA[5630 N Sheridan]]>
              </value>
            </param>
            <param index="9">
              <value>
                <![CDATA[Chicago]]>
              </value>
            </param>
            <param index="10">
              <value>
                <![CDATA["60661"]]>
              </value>
            </param>
            <param index="11">
              <value>
                <![CDATA[Illinois]]>
              </value>
            </param>
            <param index="12">
              <value>
                <![CDATA[United States]]>
              </value>
            </param>
            <param index="13">
              <value>
                <![CDATA["1112223334"]]>
              </value>
            </param>
            <param index="14">
              <value>
                <![CDATA[Home]]>
              </value>
            </param>
            <param index="15">
              <value>
                <![CDATA[Y]]>
              </value>
            </param>
          </params>
          <exception class="org.openqa.selenium.NoSuchWindowException">
            <message>
              <![CDATA[no such window: target window already closed
from unknown error: web view not found
  (Session info: chrome=67.0.3396.87)
  (Driver info: chromedriver=2.39.562713 (dd642283e958a93ebf6891600db055f1f1b4f3b2),platform=Mac OS X 10.13.4 x86_64) (WARNING: The server did not provide any stacktrace information)
Command duration or timeout: 0 milliseconds
Build info: version: '3.12.0', revision: '7c6e0b3', time: '2018-05-08T14:04:26.12Z'
System info: host: 'Saurabhs-MacBook-Pro.local', ip: 'fd5f:fd73:3d08:0:d992:157e:c4e5:974c', os.name: 'Mac OS X', os.arch: 'x86_64', os.version: '10.13.4', java.version: '1.8.0_65'
Driver info: org.openqa.selenium.chrome.ChromeDriver
Capabilities {acceptInsecureCerts: false, acceptSslCerts: false, applicationCacheEnabled: false, browserConnectionEnabled: false, browserName: chrome, chrome: {chromedriverVersion: 2.39.562713 (dd642283e958a9..., userDataDir: /var/folders/4b/k0kz1pqs2b1...}, cssSelectorsEnabled: true, databaseEnabled: false, handlesAlerts: true, hasTouchScreen: false, javascriptEnabled: true, locationContextEnabled: true, mobileEmulationEnabled: false, nativeEvents: true, networkConnectionEnabled: false, pageLoadStrategy: normal, platform: MAC, platformName: MAC, rotatable: false, setWindowRect: true, takesHeapSnapshot: true, takesScreenshot: true, unexpectedAlertBehaviour: , unhandledPromptBehavior: , version: 67.0.3396.87, webStorageEnabled: true}
Session ID: 9073791836c3579ac71f8209ce895c46
*** Element info: {Using=xpath, value=//a[@class='login']}]]>
            </message>
            <full-stacktrace>
              <![CDATA[org.openqa.selenium.NoSuchWindowException: no such window: target window already closed
from unknown error: web view not found
  (Session info: chrome=67.0.3396.87)
  (Driver info: chromedriver=2.39.562713 (dd642283e958a93ebf6891600db055f1f1b4f3b2),platform=Mac OS X 10.13.4 x86_64) (WARNING: The server did not provide any stacktrace information)
Command duration or timeout: 0 milliseconds
Build info: version: '3.12.0', revision: '7c6e0b3', time: '2018-05-08T14:04:26.12Z'
System info: host: 'Saurabhs-MacBook-Pro.local', ip: 'fd5f:fd73:3d08:0:d992:157e:c4e5:974c', os.name: 'Mac OS X', os.arch: 'x86_64', os.version: '10.13.4', java.version: '1.8.0_65'
Driver info: org.openqa.selenium.chrome.ChromeDriver
Capabilities {acceptInsecureCerts: false, acceptSslCerts: false, applicationCacheEnabled: false, browserConnectionEnabled: false, browserName: chrome, chrome: {chromedriverVersion: 2.39.562713 (dd642283e958a9..., userDataDir: /var/folders/4b/k0kz1pqs2b1...}, cssSelectorsEnabled: true, databaseEnabled: false, handlesAlerts: true, hasTouchScreen: false, javascriptEnabled: true, locationContextEnabled: true, mobileEmulationEnabled: false, nativeEvents: true, networkConnectionEnabled: false, pageLoadStrategy: normal, platform: MAC, platformName: MAC, rotatable: false, setWindowRect: true, takesHeapSnapshot: true, takesScreenshot: true, unexpectedAlertBehaviour: , unhandledPromptBehavior: , version: 67.0.3396.87, webStorageEnabled: true}
Session ID: 9073791836c3579ac71f8209ce895c46
*** Element info: {Using=xpath, value=//a[@class='login']}
	at sun.reflect.NativeConstructorAccessorImpl.newInstance0(Native Method)
	at sun.reflect.NativeConstructorAccessorImpl.newInstance(NativeConstructorAccessorImpl.java:62)
	at sun.reflect.DelegatingConstructorAccessorImpl.newInstance(DelegatingConstructorAccessorImpl.java:45)
	at java.lang.reflect.Constructor.newInstance(Constructor.java:422)
	at org.openqa.selenium.remote.ErrorHandler.createThrowable(ErrorHandler.java:214)
	at org.openqa.selenium.remote.ErrorHandler.throwIfResponseFailed(ErrorHandler.java:166)
	at org.openqa.selenium.remote.http.JsonHttpResponseCodec.reconstructValue(JsonHttpResponseCodec.java:40)
	at org.openqa.selenium.remote.http.AbstractHttpResponseCodec.decode(AbstractHttpResponseCodec.java:80)
	at org.openqa.selenium.remote.http.AbstractHttpResponseCodec.decode(AbstractHttpResponseCodec.java:44)
	at org.openqa.selenium.remote.HttpCommandExecutor.execute(HttpCommandExecutor.java:158)
	at org.openqa.selenium.remote.service.DriverCommandExecutor.execute(DriverCommandExecutor.java:83)
	at org.openqa.selenium.remote.RemoteWebDriver.execute(RemoteWebDriver.java:543)
	at org.openqa.selenium.remote.RemoteWebDriver.findElement(RemoteWebDriver.java:317)
	at org.openqa.selenium.remote.RemoteWebDriver.findElementByXPath(RemoteWebDriver.java:419)
	at org.openqa.selenium.By$ByXPath.findElement(By.java:353)
	at org.openqa.selenium.remote.RemoteWebDriver.findElement(RemoteWebDriver.java:309)
	at org.openqa.selenium.support.pagefactory.DefaultElementLocator.findElement(DefaultElementLocator.java:69)
	at org.openqa.selenium.support.pagefactory.internal.LocatingElementHandler.invoke(LocatingElementHandler.java:38)
	at com.sun.proxy.$Proxy12.click(Unknown Source)
	at com.test.automation.uiAutomation.uiActions.AuthenticationPage.clickOnSignin(AuthenticationPage.java:48)
	at com.test.automation.uiAutomation.uiActions.AuthenticationPage.signUpToApp(AuthenticationPage.java:76)
	at com.test.automation.uiAutomation.AuthPageValidation.accountCreateionValidation.successfullAccountCreationValidation(accountCreateionValidation.java:41)
	at sun.reflect.NativeMethodAccessorImpl.invoke0(Native Method)
	at sun.reflect.NativeMethodAccessorImpl.invoke(NativeMethodAccessorImpl.java:62)
	at sun.reflect.DelegatingMethodAccessorImpl.invoke(DelegatingMethodAccessorImpl.java:43)
	at java.lang.reflect.Method.invoke(Method.java:497)
	at org.testng.internal.MethodInvocationHelper.invokeMethod(MethodInvocationHelper.java:86)
	at org.testng.internal.Invoker.invokeMethod(Invoker.java:643)
	at org.testng.internal.Invoker.retryFailed(Invoker.java:967)
	at org.testng.internal.Invoker.invokeTestMethods(Invoker.java:1146)
	at org.testng.internal.TestMethodWorker.invokeTestMethods(TestMethodWorker.java:129)
	at org.testng.internal.TestMethodWorker.run(TestMethodWorker.java:112)
	at org.testng.TestRunner.privateRun(TestRunner.java:782)
	at org.testng.TestRunner.run(TestRunner.java:632)
	at org.testng.SuiteRunner.runTest(SuiteRunner.java:366)
	at org.testng.SuiteRunner.access$000(SuiteRunner.java:39)
	at org.testng.SuiteRunner$SuiteWorker.run(SuiteRunner.java:400)
	at org.testng.internal.thread.ThreadUtil$2.call(ThreadUtil.java:64)
	at java.util.concurrent.FutureTask.run(FutureTask.java:266)
	at java.util.concurrent.ThreadPoolExecutor.runWorker(ThreadPoolExecutor.java:1142)
	at java.util.concurrent.ThreadPoolExecutor$Worker.run(ThreadPoolExecutor.java:617)
	at java.lang.Thread.run(Thread.java:745)
]]>
            </full-stacktrace>
          </exception> <!-- org.openqa.selenium.NoSuchWindowException -->
          <reporter-output>
          </reporter-output>
        </test-method> <!-- successfullAccountCreationValidation -->
        <test-method status="PASS" signature="beforeMethod(java.lang.reflect.Method)[pri:0, instance:com.test.automation.uiAutomation.AuthPageValidation.accountCreateionValidation@27ae2fd0]" name="beforeMethod" is-config="true" duration-ms="0" started-at="2018-06-24T15:37:15Z" finished-at="2018-06-24T15:37:15Z">
          <params>
            <param index="0">
              <value>
                <![CDATA[public void com.test.automation.uiAutomation.AuthPageValidation.accountCreateionValidation.successfullAccountCreationValidation(java.lang.String,java.lang.String,java.lang.String,java.lang.String,java.lang.String,java.lang.String,java.lang.String,java.lang.String,java.lang.String,java.lang.String,java.lang.String,java.lang.String,java.lang.String,java.lang.String,java.lang.String,java.lang.String)]]>
              </value>
            </param>
          </params>
          <reporter-output>
          </reporter-output>
        </test-method> <!-- beforeMethod -->
        <test-method status="PASS" signature="afterMethod(org.testng.ITestResult)[pri:0, instance:com.test.automation.uiAutomation.AuthPageValidation.accountCreateionValidation@27ae2fd0]" name="afterMethod" is-config="true" duration-ms="0" started-at="2018-06-24T15:37:15Z" finished-at="2018-06-24T15:37:15Z">
          <params>
            <param index="0">
              <value>
                <![CDATA[[TestResult name=successfullAccountCreationValidation status=SKIP method=accountCreateionValidation.successfullAccountCreationValidation(java.lang.String, java.lang.String, java.lang.String, java.lang.String, java.lang.String, java.lang.String, java.lang.String, java.lang.String, java.lang.String, java.lang.String, java.lang.String, java.lang.String, java.lang.String, java.lang.String, java.lang.String, java.lang.String)[pri:0, instance:com.test.automation.uiAutomation.AuthPageValidation.accountCreateionValidation@27ae2fd0] output={null}]]]>
              </value>
            </param>
          </params>
          <reporter-output>
          </reporter-output>
        </test-method> <!-- afterMethod -->
        <test-method status="PASS" signature="beforeMethod(java.lang.reflect.Method)[pri:0, instance:com.test.automation.uiAutomation.AuthPageValidation.accountCreateionValidation@27ae2fd0]" name="beforeMethod" is-config="true" duration-ms="0" started-at="2018-06-24T15:37:15Z" finished-at="2018-06-24T15:37:15Z">
          <params>
            <param index="0">
              <value>
                <![CDATA[public void com.test.automation.uiAutomation.AuthPageValidation.accountCreateionValidation.successfullAccountCreationValidation(java.lang.String,java.lang.String,java.lang.String,java.lang.String,java.lang.String,java.lang.String,java.lang.String,java.lang.String,java.lang.String,java.lang.String,java.lang.String,java.lang.String,java.lang.String,java.lang.String,java.lang.String,java.lang.String)]]>
              </value>
            </param>
          </params>
          <reporter-output>
          </reporter-output>
        </test-method> <!-- beforeMethod -->
        <test-method status="FAIL" signature="successfullAccountCreationValidation(java.lang.String, java.lang.String, java.lang.String, java.lang.String, java.lang.String, java.lang.String, java.lang.String, java.lang.String, java.lang.String, java.lang.String, java.lang.String, java.lang.String, java.lang.String, java.lang.String, java.lang.String, java.lang.String)[pri:0, instance:com.test.automation.uiAutomation.AuthPageValidation.accountCreateionValidation@27ae2fd0]" name="successfullAccountCreationValidation" duration-ms="7" started-at="2018-06-24T15:37:15Z" data-provider="AccountCreationData" finished-at="2018-06-24T15:37:15Z">
          <params>
            <param index="0">
              <value>
                <![CDATA[saurabhsharma81285@gmail.com]]>
              </value>
            </param>
            <param index="1">
              <value>
                <![CDATA[Male]]>
              </value>
            </param>
            <param index="2">
              <value>
                <![CDATA[Saurabh]]>
              </value>
            </param>
            <param index="3">
              <value>
                <![CDATA[Sharma]]>
              </value>
            </param>
            <param index="4">
              <value>
                <![CDATA[Shriya1@2015]]>
              </value>
            </param>
            <param index="5">
              <value>
                <![CDATA["22"]]>
              </value>
            </param>
            <param index="6">
              <value>
                <![CDATA[December]]>
              </value>
            </param>
            <param index="7">
              <value>
                <![CDATA["1985"]]>
              </value>
            </param>
            <param index="8">
              <value>
                <![CDATA[5630 N Sheridan]]>
              </value>
            </param>
            <param index="9">
              <value>
                <![CDATA[Chicago]]>
              </value>
            </param>
            <param index="10">
              <value>
                <![CDATA["60661"]]>
              </value>
            </param>
            <param index="11">
              <value>
                <![CDATA[Illinois]]>
              </value>
            </param>
            <param index="12">
              <value>
                <![CDATA[United States]]>
              </value>
            </param>
            <param index="13">
              <value>
                <![CDATA["1112223334"]]>
              </value>
            </param>
            <param index="14">
              <value>
                <![CDATA[Home]]>
              </value>
            </param>
            <param index="15">
              <value>
                <![CDATA[Y]]>
              </value>
            </param>
          </params>
          <exception class="org.openqa.selenium.NoSuchWindowException">
            <message>
              <![CDATA[no such window: target window already closed
from unknown error: web view not found
  (Session info: chrome=67.0.3396.87)
  (Driver info: chromedriver=2.39.562713 (dd642283e958a93ebf6891600db055f1f1b4f3b2),platform=Mac OS X 10.13.4 x86_64) (WARNING: The server did not provide any stacktrace information)
Command duration or timeout: 0 milliseconds
Build info: version: '3.12.0', revision: '7c6e0b3', time: '2018-05-08T14:04:26.12Z'
System info: host: 'Saurabhs-MacBook-Pro.local', ip: 'fd5f:fd73:3d08:0:d992:157e:c4e5:974c', os.name: 'Mac OS X', os.arch: 'x86_64', os.version: '10.13.4', java.version: '1.8.0_65'
Driver info: org.openqa.selenium.chrome.ChromeDriver
Capabilities {acceptInsecureCerts: false, acceptSslCerts: false, applicationCacheEnabled: false, browserConnectionEnabled: false, browserName: chrome, chrome: {chromedriverVersion: 2.39.562713 (dd642283e958a9..., userDataDir: /var/folders/4b/k0kz1pqs2b1...}, cssSelectorsEnabled: true, databaseEnabled: false, handlesAlerts: true, hasTouchScreen: false, javascriptEnabled: true, locationContextEnabled: true, mobileEmulationEnabled: false, nativeEvents: true, networkConnectionEnabled: false, pageLoadStrategy: normal, platform: MAC, platformName: MAC, rotatable: false, setWindowRect: true, takesHeapSnapshot: true, takesScreenshot: true, unexpectedAlertBehaviour: , unhandledPromptBehavior: , version: 67.0.3396.87, webStorageEnabled: true}
Session ID: 9073791836c3579ac71f8209ce895c46
*** Element info: {Using=xpath, value=//a[@class='login']}]]>
            </message>
            <full-stacktrace>
              <![CDATA[org.openqa.selenium.NoSuchWindowException: no such window: target window already closed
from unknown error: web view not found
  (Session info: chrome=67.0.3396.87)
  (Driver info: chromedriver=2.39.562713 (dd642283e958a93ebf6891600db055f1f1b4f3b2),platform=Mac OS X 10.13.4 x86_64) (WARNING: The server did not provide any stacktrace information)
Command duration or timeout: 0 milliseconds
Build info: version: '3.12.0', revision: '7c6e0b3', time: '2018-05-08T14:04:26.12Z'
System info: host: 'Saurabhs-MacBook-Pro.local', ip: 'fd5f:fd73:3d08:0:d992:157e:c4e5:974c', os.name: 'Mac OS X', os.arch: 'x86_64', os.version: '10.13.4', java.version: '1.8.0_65'
Driver info: org.openqa.selenium.chrome.ChromeDriver
Capabilities {acceptInsecureCerts: false, acceptSslCerts: false, applicationCacheEnabled: false, browserConnectionEnabled: false, browserName: chrome, chrome: {chromedriverVersion: 2.39.562713 (dd642283e958a9..., userDataDir: /var/folders/4b/k0kz1pqs2b1...}, cssSelectorsEnabled: true, databaseEnabled: false, handlesAlerts: true, hasTouchScreen: false, javascriptEnabled: true, locationContextEnabled: true, mobileEmulationEnabled: false, nativeEvents: true, networkConnectionEnabled: false, pageLoadStrategy: normal, platform: MAC, platformName: MAC, rotatable: false, setWindowRect: true, takesHeapSnapshot: true, takesScreenshot: true, unexpectedAlertBehaviour: , unhandledPromptBehavior: , version: 67.0.3396.87, webStorageEnabled: true}
Session ID: 9073791836c3579ac71f8209ce895c46
*** Element info: {Using=xpath, value=//a[@class='login']}
	at sun.reflect.NativeConstructorAccessorImpl.newInstance0(Native Method)
	at sun.reflect.NativeConstructorAccessorImpl.newInstance(NativeConstructorAccessorImpl.java:62)
	at sun.reflect.DelegatingConstructorAccessorImpl.newInstance(DelegatingConstructorAccessorImpl.java:45)
	at java.lang.reflect.Constructor.newInstance(Constructor.java:422)
	at org.openqa.selenium.remote.ErrorHandler.createThrowable(ErrorHandler.java:214)
	at org.openqa.selenium.remote.ErrorHandler.throwIfResponseFailed(ErrorHandler.java:166)
	at org.openqa.selenium.remote.http.JsonHttpResponseCodec.reconstructValue(JsonHttpResponseCodec.java:40)
	at org.openqa.selenium.remote.http.AbstractHttpResponseCodec.decode(AbstractHttpResponseCodec.java:80)
	at org.openqa.selenium.remote.http.AbstractHttpResponseCodec.decode(AbstractHttpResponseCodec.java:44)
	at org.openqa.selenium.remote.HttpCommandExecutor.execute(HttpCommandExecutor.java:158)
	at org.openqa.selenium.remote.service.DriverCommandExecutor.execute(DriverCommandExecutor.java:83)
	at org.openqa.selenium.remote.RemoteWebDriver.execute(RemoteWebDriver.java:543)
	at org.openqa.selenium.remote.RemoteWebDriver.findElement(RemoteWebDriver.java:317)
	at org.openqa.selenium.remote.RemoteWebDriver.findElementByXPath(RemoteWebDriver.java:419)
	at org.openqa.selenium.By$ByXPath.findElement(By.java:353)
	at org.openqa.selenium.remote.RemoteWebDriver.findElement(RemoteWebDriver.java:309)
	at org.openqa.selenium.support.pagefactory.DefaultElementLocator.findElement(DefaultElementLocator.java:69)
	at org.openqa.selenium.support.pagefactory.internal.LocatingElementHandler.invoke(LocatingElementHandler.java:38)
	at com.sun.proxy.$Proxy12.click(Unknown Source)
	at com.test.automation.uiAutomation.uiActions.AuthenticationPage.clickOnSignin(AuthenticationPage.java:48)
	at com.test.automation.uiAutomation.uiActions.AuthenticationPage.signUpToApp(AuthenticationPage.java:76)
	at com.test.automation.uiAutomation.AuthPageValidation.accountCreateionValidation.successfullAccountCreationValidation(accountCreateionValidation.java:41)
	at sun.reflect.NativeMethodAccessorImpl.invoke0(Native Method)
	at sun.reflect.NativeMethodAccessorImpl.invoke(NativeMethodAccessorImpl.java:62)
	at sun.reflect.DelegatingMethodAccessorImpl.invoke(DelegatingMethodAccessorImpl.java:43)
	at java.lang.reflect.Method.invoke(Method.java:497)
	at org.testng.internal.MethodInvocationHelper.invokeMethod(MethodInvocationHelper.java:86)
	at org.testng.internal.Invoker.invokeMethod(Invoker.java:643)
	at org.testng.internal.Invoker.retryFailed(Invoker.java:967)
	at org.testng.internal.Invoker.invokeTestMethods(Invoker.java:1146)
	at org.testng.internal.TestMethodWorker.invokeTestMethods(TestMethodWorker.java:129)
	at org.testng.internal.TestMethodWorker.run(TestMethodWorker.java:112)
	at org.testng.TestRunner.privateRun(TestRunner.java:782)
	at org.testng.TestRunner.run(TestRunner.java:632)
	at org.testng.SuiteRunner.runTest(SuiteRunner.java:366)
	at org.testng.SuiteRunner.access$000(SuiteRunner.java:39)
	at org.testng.SuiteRunner$SuiteWorker.run(SuiteRunner.java:400)
	at org.testng.internal.thread.ThreadUtil$2.call(ThreadUtil.java:64)
	at java.util.concurrent.FutureTask.run(FutureTask.java:266)
	at java.util.concurrent.ThreadPoolExecutor.runWorker(ThreadPoolExecutor.java:1142)
	at java.util.concurrent.ThreadPoolExecutor$Worker.run(ThreadPoolExecutor.java:617)
	at java.lang.Thread.run(Thread.java:745)
]]>
            </full-stacktrace>
          </exception> <!-- org.openqa.selenium.NoSuchWindowException -->
          <reporter-output>
          </reporter-output>
        </test-method> <!-- successfullAccountCreationValidation -->
        <test-method status="FAIL" signature="afterMethod(org.testng.ITestResult)[pri:0, instance:com.test.automation.uiAutomation.AuthPageValidation.accountCreateionValidation@27ae2fd0]" name="afterMethod" is-config="true" duration-ms="0" started-at="2018-06-24T15:37:15Z" finished-at="2018-06-24T15:37:15Z">
          <params>
            <param index="0">
              <value>
                <![CDATA[[TestResult name=successfullAccountCreationValidation status=FAILURE method=accountCreateionValidation.successfullAccountCreationValidation(java.lang.String, java.lang.String, java.lang.String, java.lang.String, java.lang.String, java.lang.String, java.lang.String, java.lang.String, java.lang.String, java.lang.String, java.lang.String, java.lang.String, java.lang.String, java.lang.String, java.lang.String, java.lang.String)[pri:0, instance:com.test.automation.uiAutomation.AuthPageValidation.accountCreateionValidation@27ae2fd0] output={null}]]]>
              </value>
            </param>
          </params>
          <exception class="org.openqa.selenium.NoSuchWindowException">
            <message>
              <![CDATA[no such window: target window already closed
from unknown error: web view not found
  (Session info: chrome=67.0.3396.87)
  (Driver info: chromedriver=2.39.562713 (dd642283e958a93ebf6891600db055f1f1b4f3b2),platform=Mac OS X 10.13.4 x86_64) (WARNING: The server did not provide any stacktrace information)
Command duration or timeout: 0 milliseconds
Build info: version: '3.12.0', revision: '7c6e0b3', time: '2018-05-08T14:04:26.12Z'
System info: host: 'Saurabhs-MacBook-Pro.local', ip: 'fd5f:fd73:3d08:0:d992:157e:c4e5:974c', os.name: 'Mac OS X', os.arch: 'x86_64', os.version: '10.13.4', java.version: '1.8.0_65'
Driver info: org.openqa.selenium.chrome.ChromeDriver
Capabilities {acceptInsecureCerts: false, acceptSslCerts: false, applicationCacheEnabled: false, browserConnectionEnabled: false, browserName: chrome, chrome: {chromedriverVersion: 2.39.562713 (dd642283e958a9..., userDataDir: /var/folders/4b/k0kz1pqs2b1...}, cssSelectorsEnabled: true, databaseEnabled: false, handlesAlerts: true, hasTouchScreen: false, javascriptEnabled: true, locationContextEnabled: true, mobileEmulationEnabled: false, nativeEvents: true, networkConnectionEnabled: false, pageLoadStrategy: normal, platform: MAC, platformName: MAC, rotatable: false, setWindowRect: true, takesHeapSnapshot: true, takesScreenshot: true, unexpectedAlertBehaviour: , unhandledPromptBehavior: , version: 67.0.3396.87, webStorageEnabled: true}
Session ID: 9073791836c3579ac71f8209ce895c46]]>
            </message>
            <full-stacktrace>
              <![CDATA[org.openqa.selenium.NoSuchWindowException: no such window: target window already closed
from unknown error: web view not found
  (Session info: chrome=67.0.3396.87)
  (Driver info: chromedriver=2.39.562713 (dd642283e958a93ebf6891600db055f1f1b4f3b2),platform=Mac OS X 10.13.4 x86_64) (WARNING: The server did not provide any stacktrace information)
Command duration or timeout: 0 milliseconds
Build info: version: '3.12.0', revision: '7c6e0b3', time: '2018-05-08T14:04:26.12Z'
System info: host: 'Saurabhs-MacBook-Pro.local', ip: 'fd5f:fd73:3d08:0:d992:157e:c4e5:974c', os.name: 'Mac OS X', os.arch: 'x86_64', os.version: '10.13.4', java.version: '1.8.0_65'
Driver info: org.openqa.selenium.chrome.ChromeDriver
Capabilities {acceptInsecureCerts: false, acceptSslCerts: false, applicationCacheEnabled: false, browserConnectionEnabled: false, browserName: chrome, chrome: {chromedriverVersion: 2.39.562713 (dd642283e958a9..., userDataDir: /var/folders/4b/k0kz1pqs2b1...}, cssSelectorsEnabled: true, databaseEnabled: false, handlesAlerts: true, hasTouchScreen: false, javascriptEnabled: true, locationContextEnabled: true, mobileEmulationEnabled: false, nativeEvents: true, networkConnectionEnabled: false, pageLoadStrategy: normal, platform: MAC, platformName: MAC, rotatable: false, setWindowRect: true, takesHeapSnapshot: true, takesScreenshot: true, unexpectedAlertBehaviour: , unhandledPromptBehavior: , version: 67.0.3396.87, webStorageEnabled: true}
Session ID: 9073791836c3579ac71f8209ce895c46
	at sun.reflect.NativeConstructorAccessorImpl.newInstance0(Native Method)
	at sun.reflect.NativeConstructorAccessorImpl.newInstance(NativeConstructorAccessorImpl.java:62)
	at sun.reflect.DelegatingConstructorAccessorImpl.newInstance(DelegatingConstructorAccessorImpl.java:45)
	at java.lang.reflect.Constructor.newInstance(Constructor.java:422)
	at org.openqa.selenium.remote.ErrorHandler.createThrowable(ErrorHandler.java:214)
	at org.openqa.selenium.remote.ErrorHandler.throwIfResponseFailed(ErrorHandler.java:166)
	at org.openqa.selenium.remote.http.JsonHttpResponseCodec.reconstructValue(JsonHttpResponseCodec.java:40)
	at org.openqa.selenium.remote.http.AbstractHttpResponseCodec.decode(AbstractHttpResponseCodec.java:80)
	at org.openqa.selenium.remote.http.AbstractHttpResponseCodec.decode(AbstractHttpResponseCodec.java:44)
	at org.openqa.selenium.remote.HttpCommandExecutor.execute(HttpCommandExecutor.java:158)
	at org.openqa.selenium.remote.service.DriverCommandExecutor.execute(DriverCommandExecutor.java:83)
	at org.openqa.selenium.remote.RemoteWebDriver.execute(RemoteWebDriver.java:543)
	at org.openqa.selenium.remote.RemoteWebDriver.execute(RemoteWebDriver.java:600)
	at org.openqa.selenium.remote.RemoteWebDriver.getScreenshotAs(RemoteWebDriver.java:289)
	at com.test.automation.uiAutomation.testBase.TestBase.captureScreen(TestBase.java:220)
	at com.test.automation.uiAutomation.testBase.TestBase.getResult(TestBase.java:248)
	at com.test.automation.uiAutomation.testBase.TestBase.afterMethod(TestBase.java:256)
	at sun.reflect.NativeMethodAccessorImpl.invoke0(Native Method)
	at sun.reflect.NativeMethodAccessorImpl.invoke(NativeMethodAccessorImpl.java:62)
	at sun.reflect.DelegatingMethodAccessorImpl.invoke(DelegatingMethodAccessorImpl.java:43)
	at java.lang.reflect.Method.invoke(Method.java:497)
	at org.testng.internal.MethodInvocationHelper.invokeMethod(MethodInvocationHelper.java:86)
	at org.testng.internal.Invoker.invokeConfigurationMethod(Invoker.java:514)
	at org.testng.internal.Invoker.invokeConfigurations(Invoker.java:215)
	at org.testng.internal.Invoker.invokeMethod(Invoker.java:707)
	at org.testng.internal.Invoker.retryFailed(Invoker.java:967)
	at org.testng.internal.Invoker.invokeTestMethods(Invoker.java:1146)
	at org.testng.internal.TestMethodWorker.invokeTestMethods(TestMethodWorker.java:129)
	at org.testng.internal.TestMethodWorker.run(TestMethodWorker.java:112)
	at org.testng.TestRunner.privateRun(TestRunner.java:782)
	at org.testng.TestRunner.run(TestRunner.java:632)
	at org.testng.SuiteRunner.runTest(SuiteRunner.java:366)
	at org.testng.SuiteRunner.access$000(SuiteRunner.java:39)
	at org.testng.SuiteRunner$SuiteWorker.run(SuiteRunner.java:400)
	at org.testng.internal.thread.ThreadUtil$2.call(ThreadUtil.java:64)
	at java.util.concurrent.FutureTask.run(FutureTask.java:266)
	at java.util.concurrent.ThreadPoolExecutor.runWorker(ThreadPoolExecutor.java:1142)
	at java.util.concurrent.ThreadPoolExecutor$Worker.run(ThreadPoolExecutor.java:617)
	at java.lang.Thread.run(Thread.java:745)
]]>
            </full-stacktrace>
          </exception> <!-- org.openqa.selenium.NoSuchWindowException -->
          <reporter-output>
          </reporter-output>
        </test-method> <!-- afterMethod -->
        <test-method status="SKIP" signature="beforeMethod(java.lang.reflect.Method)[pri:0, instance:com.test.automation.uiAutomation.AuthPageValidation.accountCreateionValidation@27ae2fd0]" name="beforeMethod" is-config="true" duration-ms="0" started-at="2018-06-24T15:37:15Z" finished-at="2018-06-24T15:37:15Z">
          <reporter-output>
          </reporter-output>
        </test-method> <!-- beforeMethod -->
        <test-method status="SKIP" signature="successfullAccountCreationValidation(java.lang.String, java.lang.String, java.lang.String, java.lang.String, java.lang.String, java.lang.String, java.lang.String, java.lang.String, java.lang.String, java.lang.String, java.lang.String, java.lang.String, java.lang.String, java.lang.String, java.lang.String, java.lang.String)[pri:0, instance:com.test.automation.uiAutomation.AuthPageValidation.accountCreateionValidation@27ae2fd0]" name="successfullAccountCreationValidation" duration-ms="1" started-at="2018-06-24T15:37:15Z" data-provider="AccountCreationData" finished-at="2018-06-24T15:37:15Z">
          <params>
            <param index="0">
              <value>
                <![CDATA[Sau97601@gmail.com]]>
              </value>
            </param>
            <param index="1">
              <value>
                <![CDATA[Female]]>
              </value>
            </param>
            <param index="2">
              <value>
                <![CDATA[FNU]]>
              </value>
            </param>
            <param index="3">
              <value>
                <![CDATA[Bharathi]]>
              </value>
            </param>
            <param index="4">
              <value>
                <![CDATA[Shriya1@2015]]>
              </value>
            </param>
            <param index="5">
              <value>
                <![CDATA["8"]]>
              </value>
            </param>
            <param index="6">
              <value>
                <![CDATA[June]]>
              </value>
            </param>
            <param index="7">
              <value>
                <![CDATA["1986"]]>
              </value>
            </param>
            <param index="8">
              <value>
                <![CDATA[5630 N Sheridan]]>
              </value>
            </param>
            <param index="9">
              <value>
                <![CDATA[Chicago]]>
              </value>
            </param>
            <param index="10">
              <value>
                <![CDATA["60661"]]>
              </value>
            </param>
            <param index="11">
              <value>
                <![CDATA[Illinois]]>
              </value>
            </param>
            <param index="12">
              <value>
                <![CDATA[United States]]>
              </value>
            </param>
            <param index="13">
              <value>
                <![CDATA["1112223334"]]>
              </value>
            </param>
            <param index="14">
              <value>
                <![CDATA[Home]]>
              </value>
            </param>
            <param index="15">
              <value>
                <![CDATA[N]]>
              </value>
            </param>
          </params>
          <reporter-output>
          </reporter-output>
        </test-method> <!-- successfullAccountCreationValidation -->
        <test-method status="SKIP" signature="afterMethod(org.testng.ITestResult)[pri:0, instance:com.test.automation.uiAutomation.AuthPageValidation.accountCreateionValidation@27ae2fd0]" name="afterMethod" is-config="true" duration-ms="0" started-at="2018-06-24T15:37:15Z" finished-at="2018-06-24T15:37:15Z">
          <reporter-output>
          </reporter-output>
        </test-method> <!-- afterMethod -->
        <test-method status="SKIP" signature="beforeMethod(java.lang.reflect.Method)[pri:0, instance:com.test.automation.uiAutomation.AuthPageValidation.accountCreateionValidation@27ae2fd0]" name="beforeMethod" is-config="true" duration-ms="0" started-at="2018-06-24T15:37:15Z" finished-at="2018-06-24T15:37:15Z">
          <reporter-output>
          </reporter-output>
        </test-method> <!-- beforeMethod -->
        <test-method status="SKIP" signature="successfullAccountCreationValidation(java.lang.String, java.lang.String, java.lang.String, java.lang.String, java.lang.String, java.lang.String, java.lang.String, java.lang.String, java.lang.String, java.lang.String, java.lang.String, java.lang.String, java.lang.String, java.lang.String, java.lang.String, java.lang.String)[pri:0, instance:com.test.automation.uiAutomation.AuthPageValidation.accountCreateionValidation@27ae2fd0]" name="successfullAccountCreationValidation" duration-ms="0" started-at="2018-06-24T15:37:15Z" data-provider="AccountCreationData" finished-at="2018-06-24T15:37:15Z">
          <params>
            <param index="0">
              <value>
                <![CDATA[Sau97601@gmail.com]]>
              </value>
            </param>
            <param index="1">
              <value>
                <![CDATA[Female]]>
              </value>
            </param>
            <param index="2">
              <value>
                <![CDATA[FNU]]>
              </value>
            </param>
            <param index="3">
              <value>
                <![CDATA[Bharathi]]>
              </value>
            </param>
            <param index="4">
              <value>
                <![CDATA[Shriya1@2015]]>
              </value>
            </param>
            <param index="5">
              <value>
                <![CDATA["8"]]>
              </value>
            </param>
            <param index="6">
              <value>
                <![CDATA[June]]>
              </value>
            </param>
            <param index="7">
              <value>
                <![CDATA["1986"]]>
              </value>
            </param>
            <param index="8">
              <value>
                <![CDATA[5630 N Sheridan]]>
              </value>
            </param>
            <param index="9">
              <value>
                <![CDATA[Chicago]]>
              </value>
            </param>
            <param index="10">
              <value>
                <![CDATA["60661"]]>
              </value>
            </param>
            <param index="11">
              <value>
                <![CDATA[Illinois]]>
              </value>
            </param>
            <param index="12">
              <value>
                <![CDATA[United States]]>
              </value>
            </param>
            <param index="13">
              <value>
                <![CDATA["1112223334"]]>
              </value>
            </param>
            <param index="14">
              <value>
                <![CDATA[Home]]>
              </value>
            </param>
            <param index="15">
              <value>
                <![CDATA[N]]>
              </value>
            </param>
          </params>
          <reporter-output>
          </reporter-output>
        </test-method> <!-- successfullAccountCreationValidation -->
        <test-method status="SKIP" signature="afterMethod(org.testng.ITestResult)[pri:0, instance:com.test.automation.uiAutomation.AuthPageValidation.accountCreateionValidation@27ae2fd0]" name="afterMethod" is-config="true" duration-ms="0" started-at="2018-06-24T15:37:15Z" finished-at="2018-06-24T15:37:15Z">
          <reporter-output>
          </reporter-output>
        </test-method> <!-- afterMethod -->
        <test-method status="SKIP" signature="beforeMethod(java.lang.reflect.Method)[pri:0, instance:com.test.automation.uiAutomation.AuthPageValidation.accountCreateionValidation@27ae2fd0]" name="beforeMethod" is-config="true" duration-ms="0" started-at="2018-06-24T15:37:15Z" finished-at="2018-06-24T15:37:15Z">
          <reporter-output>
          </reporter-output>
        </test-method> <!-- beforeMethod -->
        <test-method status="SKIP" signature="successfullAccountCreationValidation(java.lang.String, java.lang.String, java.lang.String, java.lang.String, java.lang.String, java.lang.String, java.lang.String, java.lang.String, java.lang.String, java.lang.String, java.lang.String, java.lang.String, java.lang.String, java.lang.String, java.lang.String, java.lang.String)[pri:0, instance:com.test.automation.uiAutomation.AuthPageValidation.accountCreateionValidation@27ae2fd0]" name="successfullAccountCreationValidation" duration-ms="1" started-at="2018-06-24T15:37:15Z" data-provider="AccountCreationData" finished-at="2018-06-24T15:37:15Z">
          <params>
            <param index="0">
              <value>
                <![CDATA[sa@gmail.com]]>
              </value>
            </param>
            <param index="1">
              <value>
                <![CDATA[Female]]>
              </value>
            </param>
            <param index="2">
              <value>
                <![CDATA[Shriya]]>
              </value>
            </param>
            <param index="3">
              <value>
                <![CDATA[Sharma]]>
              </value>
            </param>
            <param index="4">
              <value>
                <![CDATA[Shriya1@2015]]>
              </value>
            </param>
            <param index="5">
              <value>
                <![CDATA["28"]]>
              </value>
            </param>
            <param index="6">
              <value>
                <![CDATA[August]]>
              </value>
            </param>
            <param index="7">
              <value>
                <![CDATA["2015"]]>
              </value>
            </param>
            <param index="8">
              <value>
                <![CDATA[5630 N Sheridan]]>
              </value>
            </param>
            <param index="9">
              <value>
                <![CDATA[Chicago]]>
              </value>
            </param>
            <param index="10">
              <value>
                <![CDATA["60661"]]>
              </value>
            </param>
            <param index="11">
              <value>
                <![CDATA[Illinois]]>
              </value>
            </param>
            <param index="12">
              <value>
                <![CDATA[United States]]>
              </value>
            </param>
            <param index="13">
              <value>
                <![CDATA["1112223334"]]>
              </value>
            </param>
            <param index="14">
              <value>
                <![CDATA[Home]]>
              </value>
            </param>
            <param index="15">
              <value>
                <![CDATA[N]]>
              </value>
            </param>
          </params>
          <reporter-output>
          </reporter-output>
        </test-method> <!-- successfullAccountCreationValidation -->
        <test-method status="SKIP" signature="afterMethod(org.testng.ITestResult)[pri:0, instance:com.test.automation.uiAutomation.AuthPageValidation.accountCreateionValidation@27ae2fd0]" name="afterMethod" is-config="true" duration-ms="0" started-at="2018-06-24T15:37:15Z" finished-at="2018-06-24T15:37:15Z">
          <reporter-output>
          </reporter-output>
        </test-method> <!-- afterMethod -->
        <test-method status="SKIP" signature="beforeMethod(java.lang.reflect.Method)[pri:0, instance:com.test.automation.uiAutomation.AuthPageValidation.accountCreateionValidation@27ae2fd0]" name="beforeMethod" is-config="true" duration-ms="0" started-at="2018-06-24T15:37:15Z" finished-at="2018-06-24T15:37:15Z">
          <reporter-output>
          </reporter-output>
        </test-method> <!-- beforeMethod -->
        <test-method status="SKIP" signature="successfullAccountCreationValidation(java.lang.String, java.lang.String, java.lang.String, java.lang.String, java.lang.String, java.lang.String, java.lang.String, java.lang.String, java.lang.String, java.lang.String, java.lang.String, java.lang.String, java.lang.String, java.lang.String, java.lang.String, java.lang.String)[pri:0, instance:com.test.automation.uiAutomation.AuthPageValidation.accountCreateionValidation@27ae2fd0]" name="successfullAccountCreationValidation" duration-ms="1" started-at="2018-06-24T15:37:15Z" data-provider="AccountCreationData" finished-at="2018-06-24T15:37:15Z">
          <params>
            <param index="0">
              <value>
                <![CDATA[sa@gmail.com]]>
              </value>
            </param>
            <param index="1">
              <value>
                <![CDATA[Female]]>
              </value>
            </param>
            <param index="2">
              <value>
                <![CDATA[Shriya]]>
              </value>
            </param>
            <param index="3">
              <value>
                <![CDATA[Sharma]]>
              </value>
            </param>
            <param index="4">
              <value>
                <![CDATA[Shriya1@2015]]>
              </value>
            </param>
            <param index="5">
              <value>
                <![CDATA["28"]]>
              </value>
            </param>
            <param index="6">
              <value>
                <![CDATA[August]]>
              </value>
            </param>
            <param index="7">
              <value>
                <![CDATA["2015"]]>
              </value>
            </param>
            <param index="8">
              <value>
                <![CDATA[5630 N Sheridan]]>
              </value>
            </param>
            <param index="9">
              <value>
                <![CDATA[Chicago]]>
              </value>
            </param>
            <param index="10">
              <value>
                <![CDATA["60661"]]>
              </value>
            </param>
            <param index="11">
              <value>
                <![CDATA[Illinois]]>
              </value>
            </param>
            <param index="12">
              <value>
                <![CDATA[United States]]>
              </value>
            </param>
            <param index="13">
              <value>
                <![CDATA["1112223334"]]>
              </value>
            </param>
            <param index="14">
              <value>
                <![CDATA[Home]]>
              </value>
            </param>
            <param index="15">
              <value>
                <![CDATA[N]]>
              </value>
            </param>
          </params>
          <reporter-output>
          </reporter-output>
        </test-method> <!-- successfullAccountCreationValidation -->
        <test-method status="SKIP" signature="afterMethod(org.testng.ITestResult)[pri:0, instance:com.test.automation.uiAutomation.AuthPageValidation.accountCreateionValidation@27ae2fd0]" name="afterMethod" is-config="true" duration-ms="0" started-at="2018-06-24T15:37:15Z" finished-at="2018-06-24T15:37:15Z">
          <reporter-output>
          </reporter-output>
        </test-method> <!-- afterMethod -->
        <test-method status="SKIP" signature="beforeMethod(java.lang.reflect.Method)[pri:0, instance:com.test.automation.uiAutomation.AuthPageValidation.accountCreateionValidation@27ae2fd0]" name="beforeMethod" is-config="true" duration-ms="0" started-at="2018-06-24T15:37:15Z" finished-at="2018-06-24T15:37:15Z">
          <reporter-output>
          </reporter-output>
        </test-method> <!-- beforeMethod -->
        <test-method status="SKIP" signature="successfullAccountCreationValidation(java.lang.String, java.lang.String, java.lang.String, java.lang.String, java.lang.String, java.lang.String, java.lang.String, java.lang.String, java.lang.String, java.lang.String, java.lang.String, java.lang.String, java.lang.String, java.lang.String, java.lang.String, java.lang.String)[pri:0, instance:com.test.automation.uiAutomation.AuthPageValidation.accountCreateionValidation@27ae2fd0]" name="successfullAccountCreationValidation" duration-ms="2" started-at="2018-06-24T15:37:15Z" data-provider="AccountCreationData" finished-at="2018-06-24T15:37:15Z">
          <params>
            <param index="0">
              <value>
                <![CDATA[test123@gmail.com]]>
              </value>
            </param>
            <param index="1">
              <value>
                <![CDATA[male]]>
              </value>
            </param>
            <param index="2">
              <value>
                <![CDATA[Gaurav]]>
              </value>
            </param>
            <param index="3">
              <value>
                <![CDATA[Sharma]]>
              </value>
            </param>
            <param index="4">
              <value>
                <![CDATA[Shriya1@2015]]>
              </value>
            </param>
            <param index="5">
              <value>
                <![CDATA["22"]]>
              </value>
            </param>
            <param index="6">
              <value>
                <![CDATA[July]]>
              </value>
            </param>
            <param index="7">
              <value>
                <![CDATA["1985"]]>
              </value>
            </param>
            <param index="8">
              <value>
                <![CDATA[5630 N Sheridan]]>
              </value>
            </param>
            <param index="9">
              <value>
                <![CDATA[Chicago]]>
              </value>
            </param>
            <param index="10">
              <value>
                <![CDATA["60661"]]>
              </value>
            </param>
            <param index="11">
              <value>
                <![CDATA[Illinois]]>
              </value>
            </param>
            <param index="12">
              <value>
                <![CDATA[United States]]>
              </value>
            </param>
            <param index="13">
              <value>
                <![CDATA["1112223334"]]>
              </value>
            </param>
            <param index="14">
              <value>
                <![CDATA[Home]]>
              </value>
            </param>
            <param index="15">
              <value>
                <![CDATA[N]]>
              </value>
            </param>
          </params>
          <reporter-output>
          </reporter-output>
        </test-method> <!-- successfullAccountCreationValidation -->
        <test-method status="SKIP" signature="afterMethod(org.testng.ITestResult)[pri:0, instance:com.test.automation.uiAutomation.AuthPageValidation.accountCreateionValidation@27ae2fd0]" name="afterMethod" is-config="true" duration-ms="0" started-at="2018-06-24T15:37:15Z" finished-at="2018-06-24T15:37:15Z">
          <reporter-output>
          </reporter-output>
        </test-method> <!-- afterMethod -->
        <test-method status="SKIP" signature="beforeMethod(java.lang.reflect.Method)[pri:0, instance:com.test.automation.uiAutomation.AuthPageValidation.accountCreateionValidation@27ae2fd0]" name="beforeMethod" is-config="true" duration-ms="0" started-at="2018-06-24T15:37:15Z" finished-at="2018-06-24T15:37:15Z">
          <reporter-output>
          </reporter-output>
        </test-method> <!-- beforeMethod -->
        <test-method status="SKIP" signature="successfullAccountCreationValidation(java.lang.String, java.lang.String, java.lang.String, java.lang.String, java.lang.String, java.lang.String, java.lang.String, java.lang.String, java.lang.String, java.lang.String, java.lang.String, java.lang.String, java.lang.String, java.lang.String, java.lang.String, java.lang.String)[pri:0, instance:com.test.automation.uiAutomation.AuthPageValidation.accountCreateionValidation@27ae2fd0]" name="successfullAccountCreationValidation" duration-ms="1" started-at="2018-06-24T15:37:15Z" data-provider="AccountCreationData" finished-at="2018-06-24T15:37:15Z">
          <params>
            <param index="0">
              <value>
                <![CDATA[test123@gmail.com]]>
              </value>
            </param>
            <param index="1">
              <value>
                <![CDATA[male]]>
              </value>
            </param>
            <param index="2">
              <value>
                <![CDATA[Gaurav]]>
              </value>
            </param>
            <param index="3">
              <value>
                <![CDATA[Sharma]]>
              </value>
            </param>
            <param index="4">
              <value>
                <![CDATA[Shriya1@2015]]>
              </value>
            </param>
            <param index="5">
              <value>
                <![CDATA["22"]]>
              </value>
            </param>
            <param index="6">
              <value>
                <![CDATA[July]]>
              </value>
            </param>
            <param index="7">
              <value>
                <![CDATA["1985"]]>
              </value>
            </param>
            <param index="8">
              <value>
                <![CDATA[5630 N Sheridan]]>
              </value>
            </param>
            <param index="9">
              <value>
                <![CDATA[Chicago]]>
              </value>
            </param>
            <param index="10">
              <value>
                <![CDATA["60661"]]>
              </value>
            </param>
            <param index="11">
              <value>
                <![CDATA[Illinois]]>
              </value>
            </param>
            <param index="12">
              <value>
                <![CDATA[United States]]>
              </value>
            </param>
            <param index="13">
              <value>
                <![CDATA["1112223334"]]>
              </value>
            </param>
            <param index="14">
              <value>
                <![CDATA[Home]]>
              </value>
            </param>
            <param index="15">
              <value>
                <![CDATA[N]]>
              </value>
            </param>
          </params>
          <reporter-output>
          </reporter-output>
        </test-method> <!-- successfullAccountCreationValidation -->
        <test-method status="SKIP" signature="afterMethod(org.testng.ITestResult)[pri:0, instance:com.test.automation.uiAutomation.AuthPageValidation.accountCreateionValidation@27ae2fd0]" name="afterMethod" is-config="true" duration-ms="0" started-at="2018-06-24T15:37:15Z" finished-at="2018-06-24T15:37:15Z">
          <reporter-output>
          </reporter-output>
        </test-method> <!-- afterMethod -->
        <test-method status="SKIP" signature="successfullAccountCreationValidation(java.lang.String, java.lang.String, java.lang.String, java.lang.String, java.lang.String, java.lang.String, java.lang.String, java.lang.String, java.lang.String, java.lang.String, java.lang.String, java.lang.String, java.lang.String, java.lang.String, java.lang.String, java.lang.String)[pri:0, instance:com.test.automation.uiAutomation.AuthPageValidation.accountCreateionValidation@27ae2fd0]" name="successfullAccountCreationValidation" duration-ms="1" started-at="2018-06-24T15:37:15Z" data-provider="AccountCreationData" finished-at="2018-06-24T15:37:15Z">
          <params>
            <param index="0">
              <value>
                <![CDATA[test124@gmail.com]]>
              </value>
            </param>
            <param index="1">
              <value>
                <![CDATA[male]]>
              </value>
            </param>
            <param index="2">
              <value>
                <![CDATA[Vabhav]]>
              </value>
            </param>
            <param index="3">
              <value>
                <![CDATA[Sharma]]>
              </value>
            </param>
            <param index="4">
              <value>
                <![CDATA[Shriya1@2015]]>
              </value>
            </param>
            <param index="5">
              <value>
                <![CDATA["6"]]>
              </value>
            </param>
            <param index="6">
              <value>
                <![CDATA[March]]>
              </value>
            </param>
            <param index="7">
              <value>
                <![CDATA["1985"]]>
              </value>
            </param>
            <param index="8">
              <value>
                <![CDATA[5630 N Sheridan]]>
              </value>
            </param>
            <param index="9">
              <value>
                <![CDATA[Chicago]]>
              </value>
            </param>
            <param index="10">
              <value>
                <![CDATA["60661"]]>
              </value>
            </param>
            <param index="11">
              <value>
                <![CDATA[Illinois]]>
              </value>
            </param>
            <param index="12">
              <value>
                <![CDATA[United States]]>
              </value>
            </param>
            <param index="13">
              <value>
                <![CDATA["1112223334"]]>
              </value>
            </param>
            <param index="14">
              <value>
                <![CDATA[Home]]>
              </value>
            </param>
            <param index="15">
              <value>
                <![CDATA[N]]>
              </value>
            </param>
          </params>
          <reporter-output>
          </reporter-output>
        </test-method> <!-- successfullAccountCreationValidation -->
        <test-method status="SKIP" signature="beforeMethod(java.lang.reflect.Method)[pri:0, instance:com.test.automation.uiAutomation.AuthPageValidation.accountCreateionValidation@27ae2fd0]" name="beforeMethod" is-config="true" duration-ms="0" started-at="2018-06-24T15:37:15Z" finished-at="2018-06-24T15:37:15Z">
          <reporter-output>
          </reporter-output>
        </test-method> <!-- beforeMethod -->
        <test-method status="SKIP" signature="afterMethod(org.testng.ITestResult)[pri:0, instance:com.test.automation.uiAutomation.AuthPageValidation.accountCreateionValidation@27ae2fd0]" name="afterMethod" is-config="true" duration-ms="0" started-at="2018-06-24T15:37:15Z" finished-at="2018-06-24T15:37:15Z">
          <reporter-output>
          </reporter-output>
        </test-method> <!-- afterMethod -->
        <test-method status="SKIP" signature="beforeMethod(java.lang.reflect.Method)[pri:0, instance:com.test.automation.uiAutomation.AuthPageValidation.accountCreateionValidation@27ae2fd0]" name="beforeMethod" is-config="true" duration-ms="0" started-at="2018-06-24T15:37:15Z" finished-at="2018-06-24T15:37:15Z">
          <reporter-output>
          </reporter-output>
        </test-method> <!-- beforeMethod -->
        <test-method status="SKIP" signature="successfullAccountCreationValidation(java.lang.String, java.lang.String, java.lang.String, java.lang.String, java.lang.String, java.lang.String, java.lang.String, java.lang.String, java.lang.String, java.lang.String, java.lang.String, java.lang.String, java.lang.String, java.lang.String, java.lang.String, java.lang.String)[pri:0, instance:com.test.automation.uiAutomation.AuthPageValidation.accountCreateionValidation@27ae2fd0]" name="successfullAccountCreationValidation" duration-ms="1" started-at="2018-06-24T15:37:15Z" data-provider="AccountCreationData" finished-at="2018-06-24T15:37:15Z">
          <params>
            <param index="0">
              <value>
                <![CDATA[test124@gmail.com]]>
              </value>
            </param>
            <param index="1">
              <value>
                <![CDATA[male]]>
              </value>
            </param>
            <param index="2">
              <value>
                <![CDATA[Vabhav]]>
              </value>
            </param>
            <param index="3">
              <value>
                <![CDATA[Sharma]]>
              </value>
            </param>
            <param index="4">
              <value>
                <![CDATA[Shriya1@2015]]>
              </value>
            </param>
            <param index="5">
              <value>
                <![CDATA["6"]]>
              </value>
            </param>
            <param index="6">
              <value>
                <![CDATA[March]]>
              </value>
            </param>
            <param index="7">
              <value>
                <![CDATA["1985"]]>
              </value>
            </param>
            <param index="8">
              <value>
                <![CDATA[5630 N Sheridan]]>
              </value>
            </param>
            <param index="9">
              <value>
                <![CDATA[Chicago]]>
              </value>
            </param>
            <param index="10">
              <value>
                <![CDATA["60661"]]>
              </value>
            </param>
            <param index="11">
              <value>
                <![CDATA[Illinois]]>
              </value>
            </param>
            <param index="12">
              <value>
                <![CDATA[United States]]>
              </value>
            </param>
            <param index="13">
              <value>
                <![CDATA["1112223334"]]>
              </value>
            </param>
            <param index="14">
              <value>
                <![CDATA[Home]]>
              </value>
            </param>
            <param index="15">
              <value>
                <![CDATA[N]]>
              </value>
            </param>
          </params>
          <reporter-output>
          </reporter-output>
        </test-method> <!-- successfullAccountCreationValidation -->
        <test-method status="SKIP" signature="afterMethod(org.testng.ITestResult)[pri:0, instance:com.test.automation.uiAutomation.AuthPageValidation.accountCreateionValidation@27ae2fd0]" name="afterMethod" is-config="true" duration-ms="0" started-at="2018-06-24T15:37:15Z" finished-at="2018-06-24T15:37:15Z">
          <reporter-output>
          </reporter-output>
        </test-method> <!-- afterMethod -->
        <test-method status="PASS" signature="endTest()[pri:0, instance:com.test.automation.uiAutomation.AuthPageValidation.accountCreateionValidation@27ae2fd0]" name="endTest" is-config="true" duration-ms="435" started-at="2018-06-24T15:37:15Z" finished-at="2018-06-24T15:37:16Z">
          <reporter-output>
          </reporter-output>
        </test-method> <!-- endTest -->
      </class> <!-- com.test.automation.uiAutomation.AuthPageValidation.accountCreateionValidation -->
    </test> <!-- AuthPageValidation -->
  </suite> <!-- Suite -->
</testng-results>
